[ 2014-09-24T22:36:19+08:00 ] 0.0.0.0 /Tp_group/
INFO: [ app_begin ] --START--
INFO: ReadHtmlCache Behavior ::run [ RunTime:0.003000s ]
INFO: [ app_begin ] --END-- [ RunTime:0.042002s ]
SQL: SHOW COLUMNS FROM `think_news` [ RunTime:0.083005s ]
SQL: SELECT * FROM `think_news`  [ RunTime:0.001000s ]
INFO: [ view_parse ] --START--
INFO: ParseTemplate Behavior ::run [ RunTime:0.086005s ]
INFO: [ view_parse ] --END-- [ RunTime:0.086005s ]
INFO: [ view_filter ] --START--
INFO: ContentReplace Behavior ::run [ RunTime:0.002000s ]
INFO: TokenBuild Behavior ::run [ RunTime:0.002001s ]
INFO: WriteHtmlCache Behavior ::run [ RunTime:0.001000s ]
INFO: ShowRuntime Behavior ::run [ RunTime:0.003000s ]
INFO: [ view_filter ] --END-- [ RunTime:0.010001s ]
INFO: [ view_end ] --START--
INFO: ShowPageTrace Behavior ::run [ RunTime:0.003000s ]
INFO: [ view_end ] --END-- [ RunTime:0.004000s ]

[ 2014-09-24T22:36:26+08:00 ] 0.0.0.0 /Tp_group/index.php/Admin/
INFO: [ route_check ] --START--
INFO: CheckRoute Behavior ::run [ RunTime:0.003000s ]
INFO: [ route_check ] --END-- [ RunTime:0.004000s ]

[ 2014-09-24T22:36:26+08:00 ] 0.0.0.0 /Tp_group/index.php/Admin/Login/index
INFO: [ route_check ] --START--
INFO: CheckRoute Behavior ::run [ RunTime:0.002000s ]
INFO: [ route_check ] --END-- [ RunTime:0.002000s ]

[ 2014-09-24T22:36:26+08:00 ] 0.0.0.0 /Tp_group/index.php/Admin/Login/imagecode
INFO: [ route_check ] --START--
INFO: CheckRoute Behavior ::run [ RunTime:0.003000s ]
INFO: [ route_check ] --END-- [ RunTime:0.005000s ]

[ 2014-09-24T22:37:03+08:00 ] 0.0.0.0 /Tp_group/index.php/Admin/Login/index
INFO: [ route_check ] --START--
INFO: CheckRoute Behavior ::run [ RunTime:0.002000s ]
INFO: [ route_check ] --END-- [ RunTime:0.002000s ]

[ 2014-09-24T22:37:03+08:00 ] 0.0.0.0 /Tp_group/index.php/Admin/Login/imagecode
INFO: [ route_check ] --START--
INFO: CheckRoute Behavior ::run [ RunTime:0.002000s ]
INFO: [ route_check ] --END-- [ RunTime:0.003000s ]

[ 2014-09-24T22:37:20+08:00 ] 0.0.0.0 /Tp_group/index.php/Admin/Login/imagecode/0.30749752442352474
INFO: [ route_check ] --START--
INFO: CheckRoute Behavior ::run [ RunTime:0.002001s ]
INFO: [ route_check ] --END-- [ RunTime:0.002001s ]

[ 2014-09-24T22:37:21+08:00 ] 0.0.0.0 /Tp_group/index.php/Admin/Login/imagecode/0.06111853686161339
INFO: [ route_check ] --START--
INFO: CheckRoute Behavior ::run [ RunTime:0.002000s ]
INFO: [ route_check ] --END-- [ RunTime:0.002000s ]

[ 2014-09-24T22:37:22+08:00 ] 0.0.0.0 /Tp_group/index.php/Admin/Login/imagecode/0.7752787296194583
INFO: [ route_check ] --START--
INFO: CheckRoute Behavior ::run [ RunTime:0.002000s ]
INFO: [ route_check ] --END-- [ RunTime:0.002000s ]

[ 2014-09-24T22:37:22+08:00 ] 0.0.0.0 /Tp_group/index.php/Admin/Login/imagecode/0.49933000234887004
INFO: [ route_check ] --START--
INFO: CheckRoute Behavior ::run [ RunTime:0.002000s ]
INFO: [ route_check ] --END-- [ RunTime:0.003000s ]

[ 2014-09-24T22:38:06+08:00 ] 0.0.0.0 /Tp_group/index.php/Admin/Login/index
INFO: [ route_check ] --START--
INFO: CheckRoute Behavior ::run [ RunTime:0.002000s ]
INFO: [ route_check ] --END-- [ RunTime:0.002000s ]

[ 2014-09-24T22:38:06+08:00 ] 0.0.0.0 /Tp_group/index.php/Admin/Login/imagecode
INFO: [ route_check ] --START--
INFO: CheckRoute Behavior ::run [ RunTime:0.002000s ]
INFO: [ route_check ] --END-- [ RunTime:0.003000s ]

[ 2014-09-24T22:38:20+08:00 ] 0.0.0.0 /Tp_group/index.php/Admin/Login/index
INFO: [ route_check ] --START--
INFO: CheckRoute Behavior ::run [ RunTime:0.002000s ]
INFO: [ route_check ] --END-- [ RunTime:0.003000s ]

[ 2014-09-24T22:38:20+08:00 ] 0.0.0.0 /Tp_group/index.php/Admin/Login/imagecode
INFO: [ route_check ] --START--
INFO: CheckRoute Behavior ::run [ RunTime:0.001000s ]
INFO: [ route_check ] --END-- [ RunTime:0.003000s ]

[ 2014-09-24T22:40:42+08:00 ] 0.0.0.0 /Tp_group/index.php/Admin/Login/index
INFO: [ route_check ] --START--
INFO: CheckRoute Behavior ::run [ RunTime:0.002000s ]
INFO: [ route_check ] --END-- [ RunTime:0.003000s ]

[ 2014-09-24T22:40:42+08:00 ] 0.0.0.0 /Tp_group/index.php/Admin/Login/imagecode
INFO: [ route_check ] --START--
INFO: CheckRoute Behavior ::run [ RunTime:0.002000s ]
INFO: [ route_check ] --END-- [ RunTime:0.002000s ]

[ 2014-09-24T22:43:26+08:00 ] 0.0.0.0 /Tp_group/index.php/Admin/Login/index
INFO: [ route_check ] --START--
INFO: CheckRoute Behavior ::run [ RunTime:0.002000s ]
INFO: [ route_check ] --END-- [ RunTime:0.003000s ]

[ 2014-09-24T22:43:27+08:00 ] 0.0.0.0 /Tp_group/index.php/Admin/Login/imagecode
INFO: [ route_check ] --START--
INFO: CheckRoute Behavior ::run [ RunTime:0.002000s ]
INFO: [ route_check ] --END-- [ RunTime:0.003000s ]

[ 2014-09-24T22:43:28+08:00 ] 0.0.0.0 /Tp_group/index.php/Admin/Login/index
INFO: [ route_check ] --START--
INFO: CheckRoute Behavior ::run [ RunTime:0.003000s ]
INFO: [ route_check ] --END-- [ RunTime:0.003000s ]

[ 2014-09-24T22:43:28+08:00 ] 0.0.0.0 /Tp_group/index.php/Admin/Login/imagecode
INFO: [ route_check ] --START--
INFO: CheckRoute Behavior ::run [ RunTime:0.003000s ]
INFO: [ route_check ] --END-- [ RunTime:0.003000s ]

[ 2014-09-24T22:43:38+08:00 ] 0.0.0.0 /Tp_group/index.php/Admin/Login/imagecode/0.7145285031292588
INFO: [ route_check ] --START--
INFO: CheckRoute Behavior ::run [ RunTime:0.002000s ]
INFO: [ route_check ] --END-- [ RunTime:0.002000s ]

[ 2014-09-24T22:43:38+08:00 ] 0.0.0.0 /Tp_group/index.php/Admin/Login/imagecode/0.5316611183807254
INFO: [ route_check ] --START--
INFO: CheckRoute Behavior ::run [ RunTime:0.002000s ]
INFO: [ route_check ] --END-- [ RunTime:0.002000s ]

[ 2014-09-24T22:45:37+08:00 ] 0.0.0.0 /Tp_group/index.php/Admin/Login/imagecode/0.9799036020413041
INFO: [ route_check ] --START--
INFO: CheckRoute Behavior ::run [ RunTime:0.003001s ]
INFO: [ route_check ] --END-- [ RunTime:0.003001s ]

[ 2014-09-24T22:45:38+08:00 ] 0.0.0.0 /Tp_group/index.php/Admin/Login/imagecode/0.6583990573417395
INFO: [ route_check ] --START--
INFO: CheckRoute Behavior ::run [ RunTime:0.002000s ]
INFO: [ route_check ] --END-- [ RunTime:0.002000s ]

[ 2014-09-24T22:45:38+08:00 ] 0.0.0.0 /Tp_group/index.php/Admin/Login/imagecode/0.9648055378347635
INFO: [ route_check ] --START--
INFO: CheckRoute Behavior ::run [ RunTime:0.001000s ]
INFO: [ route_check ] --END-- [ RunTime:0.003000s ]

[ 2014-09-24T22:45:39+08:00 ] 0.0.0.0 /Tp_group/index.php/Admin/Login/imagecode/0.9369358152616769
INFO: [ route_check ] --START--
INFO: CheckRoute Behavior ::run [ RunTime:0.002000s ]
INFO: [ route_check ] --END-- [ RunTime:0.002000s ]

[ 2014-09-24T22:45:39+08:00 ] 0.0.0.0 /Tp_group/index.php/Admin/Login/imagecode/0.8900189055129886
INFO: [ route_check ] --START--
INFO: CheckRoute Behavior ::run [ RunTime:0.002000s ]
INFO: [ route_check ] --END-- [ RunTime:0.002000s ]

[ 2014-09-24T22:45:40+08:00 ] 0.0.0.0 /Tp_group/index.php/Admin/Login/imagecode/0.49890226079151034
INFO: [ route_check ] --START--
INFO: CheckRoute Behavior ::run [ RunTime:0.001000s ]
INFO: [ route_check ] --END-- [ RunTime:0.003000s ]

[ 2014-09-24T22:45:40+08:00 ] 0.0.0.0 /Tp_group/index.php/Admin/Login/imagecode/0.6728390734642744
INFO: [ route_check ] --START--
INFO: CheckRoute Behavior ::run [ RunTime:0.002000s ]
INFO: [ route_check ] --END-- [ RunTime:0.003000s ]

[ 2014-09-24T22:47:27+08:00 ] 0.0.0.0 /Tp_group/index.php/Admin
INFO: [ route_check ] --START--
INFO: CheckRoute Behavior ::run [ RunTime:0.003000s ]
INFO: [ route_check ] --END-- [ RunTime:0.004000s ]

[ 2014-09-24T22:47:27+08:00 ] 0.0.0.0 /Tp_group/index.php/Admin/Login/index
INFO: [ route_check ] --START--
INFO: CheckRoute Behavior ::run [ RunTime:0.002001s ]
INFO: [ route_check ] --END-- [ RunTime:0.002001s ]

[ 2014-09-24T22:47:27+08:00 ] 0.0.0.0 /Tp_group/index.php/Admin/Login/imagecode
INFO: [ route_check ] --START--
INFO: CheckRoute Behavior ::run [ RunTime:0.002000s ]
INFO: [ route_check ] --END-- [ RunTime:0.002000s ]

[ 2014-09-24T22:48:23+08:00 ] 0.0.0.0 /Tp_group/index.php/Admin/Login/index
INFO: [ route_check ] --START--
INFO: CheckRoute Behavior ::run [ RunTime:0.002000s ]
INFO: [ route_check ] --END-- [ RunTime:0.002000s ]

[ 2014-09-24T22:48:23+08:00 ] 0.0.0.0 /Tp_group/index.php/Admin/Login/imagecode
INFO: [ route_check ] --START--
INFO: CheckRoute Behavior ::run [ RunTime:0.001000s ]
INFO: [ route_check ] --END-- [ RunTime:0.003000s ]

[ 2014-09-24T22:48:24+08:00 ] 0.0.0.0 /Tp_group/index.php/Admin/Login/index
INFO: [ route_check ] --START--
INFO: CheckRoute Behavior ::run [ RunTime:0.002000s ]
INFO: [ route_check ] --END-- [ RunTime:0.002000s ]

[ 2014-09-24T22:48:24+08:00 ] 0.0.0.0 /Tp_group/index.php/Admin/Login/imagecode
INFO: [ route_check ] --START--
INFO: CheckRoute Behavior ::run [ RunTime:0.002000s ]
INFO: [ route_check ] --END-- [ RunTime:0.002000s ]

[ 2014-09-24T22:48:53+08:00 ] 0.0.0.0 /Tp_group/index.php/Admin/Login/imagecode/0.7286902265623212
INFO: [ route_check ] --START--
INFO: CheckRoute Behavior ::run [ RunTime:0.002000s ]
INFO: [ route_check ] --END-- [ RunTime:0.002000s ]

[ 2014-09-24T22:48:54+08:00 ] 0.0.0.0 /Tp_group/index.php/Admin/Login/imagecode/0.23986591189168394
INFO: [ route_check ] --START--
INFO: CheckRoute Behavior ::run [ RunTime:0.001000s ]
INFO: [ route_check ] --END-- [ RunTime:0.002000s ]

[ 2014-09-24T22:48:54+08:00 ] 0.0.0.0 /Tp_group/index.php/Admin/Login/imagecode/0.03531935717910528
INFO: [ route_check ] --START--
INFO: CheckRoute Behavior ::run [ RunTime:0.001000s ]
INFO: [ route_check ] --END-- [ RunTime:0.003000s ]

[ 2014-09-24T22:49:26+08:00 ] 0.0.0.0 /Tp_group/index.php/Admin/Login/index
INFO: [ route_check ] --START--
INFO: CheckRoute Behavior ::run [ RunTime:0.002000s ]
INFO: [ route_check ] --END-- [ RunTime:0.002000s ]

[ 2014-09-24T22:49:26+08:00 ] 0.0.0.0 /Tp_group/index.php/Admin/Login/imagecode
INFO: [ route_check ] --START--
INFO: CheckRoute Behavior ::run [ RunTime:0.002000s ]
INFO: [ route_check ] --END-- [ RunTime:0.003000s ]

[ 2014-09-24T22:49:29+08:00 ] 0.0.0.0 /Tp_group/index.php/Admin/Login/imagecode/0.49105223338119686
INFO: [ route_check ] --START--
INFO: CheckRoute Behavior ::run [ RunTime:0.002000s ]
INFO: [ route_check ] --END-- [ RunTime:0.003000s ]

[ 2014-09-24T22:49:30+08:00 ] 0.0.0.0 /Tp_group/index.php/Admin/Login/imagecode/0.8818468456156552
INFO: [ route_check ] --START--
INFO: CheckRoute Behavior ::run [ RunTime:0.002000s ]
INFO: [ route_check ] --END-- [ RunTime:0.003000s ]

[ 2014-09-24T22:49:31+08:00 ] 0.0.0.0 /Tp_group/index.php/Admin/Login/imagecode/0.9249958004802465
INFO: [ route_check ] --START--
INFO: CheckRoute Behavior ::run [ RunTime:0.002000s ]
INFO: [ route_check ] --END-- [ RunTime:0.002000s ]

[ 2014-09-24T22:49:31+08:00 ] 0.0.0.0 /Tp_group/index.php/Admin/Login/imagecode/0.5478058652952313
INFO: [ route_check ] --START--
INFO: CheckRoute Behavior ::run [ RunTime:0.002000s ]
INFO: [ route_check ] --END-- [ RunTime:0.003000s ]

[ 2014-09-24T22:53:25+08:00 ] 0.0.0.0 /Tp_group/index.php/Admin/Login/index
INFO: [ route_check ] --START--
INFO: CheckRoute Behavior ::run [ RunTime:0.002000s ]
INFO: [ route_check ] --END-- [ RunTime:0.003000s ]

[ 2014-09-24T22:53:25+08:00 ] 0.0.0.0 /Tp_group/index.php/Admin/Login/imagecode
INFO: [ route_check ] --START--
INFO: CheckRoute Behavior ::run [ RunTime:0.001000s ]
INFO: [ route_check ] --END-- [ RunTime:0.003000s ]

[ 2014-09-24T22:53:36+08:00 ] 0.0.0.0 /Tp_group/index.php/Admin/Login/index
INFO: [ route_check ] --START--
INFO: CheckRoute Behavior ::run [ RunTime:0.001000s ]
INFO: [ route_check ] --END-- [ RunTime:0.003000s ]

[ 2014-09-24T22:53:36+08:00 ] 0.0.0.0 /Tp_group/index.php/Admin/Login/imagecode
INFO: [ route_check ] --START--
INFO: CheckRoute Behavior ::run [ RunTime:0.002000s ]
INFO: [ route_check ] --END-- [ RunTime:0.002000s ]

[ 2014-09-24T22:53:41+08:00 ] 0.0.0.0 /Tp_group/index.php/Admin/Login/index
INFO: [ route_check ] --START--
INFO: CheckRoute Behavior ::run [ RunTime:0.002000s ]
INFO: [ route_check ] --END-- [ RunTime:0.004000s ]

[ 2014-09-24T22:53:41+08:00 ] 0.0.0.0 /Tp_group/index.php/Admin/Login/imagecode
INFO: [ route_check ] --START--
INFO: CheckRoute Behavior ::run [ RunTime:0.001000s ]
INFO: [ route_check ] --END-- [ RunTime:0.003000s ]

[ 2014-09-24T22:54:14+08:00 ] 0.0.0.0 /Tp_group/index.php/Admin/Login/index
INFO: [ route_check ] --START--
INFO: CheckRoute Behavior ::run [ RunTime:0.002001s ]
INFO: [ route_check ] --END-- [ RunTime:0.003001s ]

[ 2014-09-24T22:54:14+08:00 ] 0.0.0.0 /Tp_group/index.php/Admin/Login/imagecode
INFO: [ route_check ] --START--
INFO: CheckRoute Behavior ::run [ RunTime:0.005000s ]
INFO: [ route_check ] --END-- [ RunTime:0.006001s ]

[ 2014-09-24T23:01:41+08:00 ] 0.0.0.0 /Tp_group/index.php/Admin/Login/index
INFO: [ route_check ] --START--
INFO: CheckRoute Behavior ::run [ RunTime:0.003000s ]
INFO: [ route_check ] --END-- [ RunTime:0.003000s ]

[ 2014-09-24T23:01:41+08:00 ] 0.0.0.0 /Tp_group/index.php/Admin/Login/imagecode
INFO: [ route_check ] --START--
INFO: CheckRoute Behavior ::run [ RunTime:0.002000s ]
INFO: [ route_check ] --END-- [ RunTime:0.002000s ]

[ 2014-09-24T23:01:56+08:00 ] 0.0.0.0 /Tp_group/index.php/Admin/Login/index
INFO: [ route_check ] --START--
INFO: CheckRoute Behavior ::run [ RunTime:0.001000s ]
INFO: [ route_check ] --END-- [ RunTime:0.003000s ]

[ 2014-09-24T23:01:56+08:00 ] 0.0.0.0 /Tp_group/index.php/Admin/Login/imagecode
INFO: [ route_check ] --START--
INFO: CheckRoute Behavior ::run [ RunTime:0.002001s ]
INFO: [ route_check ] --END-- [ RunTime:0.003001s ]

[ 2014-09-24T23:02:07+08:00 ] 0.0.0.0 /Tp_group/index.php/Admin/Login/login
INFO: [ route_check ] --START--
INFO: CheckRoute Behavior ::run [ RunTime:0.002001s ]
INFO: [ route_check ] --END-- [ RunTime:0.002001s ]

[ 2014-09-24T23:02:14+08:00 ] 0.0.0.0 /Tp_group/index.php/Admin/Login/login
INFO: [ route_check ] --START--
INFO: CheckRoute Behavior ::run [ RunTime:0.002000s ]
INFO: [ route_check ] --END-- [ RunTime:0.002000s ]

[ 2014-09-24T23:02:14+08:00 ] 0.0.0.0 /Tp_group/index.php/Admin/Index/index
INFO: [ route_check ] --START--
INFO: CheckRoute Behavior ::run [ RunTime:0.003000s ]
INFO: [ route_check ] --END-- [ RunTime:0.003000s ]

[ 2014-09-24T23:03:56+08:00 ] 0.0.0.0 /Tp_group/index.php/Admin/Index/index
INFO: [ route_check ] --START--
INFO: CheckRoute Behavior ::run [ RunTime:0.004000s ]
INFO: [ route_check ] --END-- [ RunTime:0.004000s ]

[ 2014-09-24T23:15:54+08:00 ] 0.0.0.0 /Tp_group/index.php/Admin/Index/index
INFO: [ route_check ] --START--
INFO: CheckRoute Behavior ::run [ RunTime:0.002000s ]
INFO: [ route_check ] --END-- [ RunTime:0.002000s ]

[ 2014-09-24T23:17:20+08:00 ] 0.0.0.0 /Tp_group/index.php/Admin/Index/logout
INFO: [ route_check ] --START--
INFO: CheckRoute Behavior ::run [ RunTime:0.001000s ]
INFO: [ route_check ] --END-- [ RunTime:0.003000s ]

[ 2014-09-24T23:17:20+08:00 ] 0.0.0.0 /Tp_group/index.php/Admin/Login/index
INFO: [ route_check ] --START--
INFO: CheckRoute Behavior ::run [ RunTime:0.002000s ]
INFO: [ route_check ] --END-- [ RunTime:0.002000s ]

[ 2014-09-24T23:17:20+08:00 ] 0.0.0.0 /Tp_group/index.php/Admin/Login/imagecode
INFO: [ route_check ] --START--
INFO: CheckRoute Behavior ::run [ RunTime:0.003000s ]
INFO: [ route_check ] --END-- [ RunTime:0.004000s ]

