[ 2014-09-20T13:43:34+08:00 ] 0.0.0.0 /Tp_group/
INFO: [ app_begin ] --START--
INFO: ReadHtmlCache Behavior ::run [ RunTime:0.004000s ]
INFO: [ app_begin ] --END-- [ RunTime:0.043002s ]
SQL: SHOW COLUMNS FROM `think_news` [ RunTime:0.104006s ]
SQL: SELECT * FROM `think_news`  [ RunTime:0.001001s ]
INFO: [ view_parse ] --START--
INFO: ParseTemplate Behavior ::run [ RunTime:0.091005s ]
INFO: [ view_parse ] --END-- [ RunTime:0.091005s ]
INFO: [ view_filter ] --START--
INFO: ContentReplace Behavior ::run [ RunTime:0.007000s ]
INFO: TokenBuild Behavior ::run [ RunTime:0.003000s ]
INFO: WriteHtmlCache Behavior ::run [ RunTime:0.002001s ]
INFO: ShowRuntime Behavior ::run [ RunTime:0.002000s ]
INFO: [ view_filter ] --END-- [ RunTime:0.015001s ]
INFO: [ view_end ] --START--
INFO: ShowPageTrace Behavior ::run [ RunTime:0.003000s ]
INFO: [ view_end ] --END-- [ RunTime:0.003000s ]

[ 2014-09-20T13:43:49+08:00 ] 0.0.0.0 /Tp_group/index.php/Admin/
INFO: [ route_check ] --START--
INFO: CheckRoute Behavior ::run [ RunTime:0.017001s ]
INFO: [ route_check ] --END-- [ RunTime:0.018001s ]
INFO: [ app_begin ] --START--
INFO: ReadHtmlCache Behavior ::run [ RunTime:0.002000s ]
INFO: [ app_begin ] --END-- [ RunTime:0.002000s ]

[ 2014-09-20T13:43:49+08:00 ] 0.0.0.0 /Tp_group/index.php/Admin/Login/index
INFO: [ route_check ] --START--
INFO: CheckRoute Behavior ::run [ RunTime:0.002000s ]
INFO: [ route_check ] --END-- [ RunTime:0.003000s ]
INFO: [ app_begin ] --START--
INFO: ReadHtmlCache Behavior ::run [ RunTime:0.002000s ]
INFO: [ app_begin ] --END-- [ RunTime:0.002000s ]
INFO: [ view_parse ] --START--
INFO: ParseTemplate Behavior ::run [ RunTime:0.046002s ]
INFO: [ view_parse ] --END-- [ RunTime:0.047002s ]
INFO: [ view_filter ] --START--
INFO: ContentReplace Behavior ::run [ RunTime:0.001000s ]
INFO: TokenBuild Behavior ::run [ RunTime:0.002000s ]
INFO: WriteHtmlCache Behavior ::run [ RunTime:0.001000s ]
INFO: ShowRuntime Behavior ::run [ RunTime:0.002001s ]
INFO: [ view_filter ] --END-- [ RunTime:0.006001s ]
INFO: [ view_end ] --START--
INFO: ShowPageTrace Behavior ::run [ RunTime:0.001000s ]
INFO: [ view_end ] --END-- [ RunTime:0.003000s ]

[ 2014-09-20T13:43:49+08:00 ] 0.0.0.0 /Tp_group/index.php/Admin/Login/imagecode
INFO: [ route_check ] --START--
INFO: CheckRoute Behavior ::run [ RunTime:0.002000s ]
INFO: [ route_check ] --END-- [ RunTime:0.002000s ]
INFO: [ app_begin ] --START--
INFO: ReadHtmlCache Behavior ::run [ RunTime:0.001000s ]
INFO: [ app_begin ] --END-- [ RunTime:0.003000s ]

[ 2014-09-20T13:44:03+08:00 ] 0.0.0.0 /Tp_group/index.php/Admin/Login/login
INFO: [ route_check ] --START--
INFO: CheckRoute Behavior ::run [ RunTime:0.002000s ]
INFO: [ route_check ] --END-- [ RunTime:0.002000s ]
INFO: [ app_begin ] --START--
INFO: ReadHtmlCache Behavior ::run [ RunTime:0.002001s ]
INFO: [ app_begin ] --END-- [ RunTime:0.002001s ]
SQL: SHOW COLUMNS FROM `think_user` [ RunTime:0.029001s ]
SQL: SELECT * FROM `think_user` WHERE ( `uname` = 'admin' ) LIMIT 1   [ RunTime:0.074005s ]
SQL: UPDATE `think_user` SET `date`=1411191843,`ip`='0.0.0.0' WHERE ( `uid` = 1 ) [ RunTime:0.026001s ]

[ 2014-09-20T13:44:03+08:00 ] 0.0.0.0 /Tp_group/index.php/Admin/Index/index
INFO: [ route_check ] --START--
INFO: CheckRoute Behavior ::run [ RunTime:0.002000s ]
INFO: [ route_check ] --END-- [ RunTime:0.002000s ]
INFO: [ app_begin ] --START--
INFO: ReadHtmlCache Behavior ::run [ RunTime:0.001000s ]
INFO: [ app_begin ] --END-- [ RunTime:0.002000s ]
INFO: [ view_parse ] --START--
INFO: ParseTemplate Behavior ::run [ RunTime:0.038002s ]
INFO: [ view_parse ] --END-- [ RunTime:0.038002s ]
INFO: [ view_filter ] --START--
INFO: ContentReplace Behavior ::run [ RunTime:0.001000s ]
INFO: TokenBuild Behavior ::run [ RunTime:0.002000s ]
INFO: WriteHtmlCache Behavior ::run [ RunTime:0.001000s ]
INFO: ShowRuntime Behavior ::run [ RunTime:0.002000s ]
INFO: [ view_filter ] --END-- [ RunTime:0.006000s ]
INFO: [ view_end ] --START--
INFO: ShowPageTrace Behavior ::run [ RunTime:0.002001s ]
INFO: [ view_end ] --END-- [ RunTime:0.002001s ]

[ 2014-09-20T14:00:22+08:00 ] 0.0.0.0 /Tp_group/index.php/Admin/Rbac/index
INFO: [ route_check ] --START--
INFO: CheckRoute Behavior ::run [ RunTime:0.002000s ]
INFO: [ route_check ] --END-- [ RunTime:0.005000s ]
INFO: [ app_begin ] --START--
INFO: ReadHtmlCache Behavior ::run [ RunTime:0.002000s ]
INFO: [ app_begin ] --END-- [ RunTime:0.002000s ]
SQL: SHOW COLUMNS FROM `think_user` [ RunTime:0.007000s ]
SQL: SELECT * FROM `think_user`  [ RunTime:0.001000s ]

[ 2014-09-20T14:01:10+08:00 ] 0.0.0.0 /Tp_group/index.php/Admin/Rbac/index
INFO: [ route_check ] --START--
INFO: CheckRoute Behavior ::run [ RunTime:0.002000s ]
INFO: [ route_check ] --END-- [ RunTime:0.003000s ]
INFO: [ app_begin ] --START--
INFO: ReadHtmlCache Behavior ::run [ RunTime:0.002000s ]
INFO: [ app_begin ] --END-- [ RunTime:0.002000s ]
SQL: SHOW COLUMNS FROM `think_user` [ RunTime:0.006000s ]
SQL: SELECT * FROM `think_user`  [ RunTime:0.001000s ]
SQL: SHOW COLUMNS FROM `think_role` [ RunTime:0.071004s ]
NOTIC: [8] Undefined variable: relationData D:\wamp\www\Tp_group\ThinkPHP\Extend\Model\RelationModel.class.php 第 225 行.
NOTIC: [8] Undefined variable: relationData D:\wamp\www\Tp_group\ThinkPHP\Extend\Model\RelationModel.class.php 第 225 行.
NOTIC: [8] Undefined variable: relationData D:\wamp\www\Tp_group\ThinkPHP\Extend\Model\RelationModel.class.php 第 225 行.
NOTIC: [8] Undefined variable: relationData D:\wamp\www\Tp_group\ThinkPHP\Extend\Model\RelationModel.class.php 第 225 行.

[ 2014-09-20T14:05:26+08:00 ] 0.0.0.0 /Tp_group/index.php/Admin/Rbac/index
INFO: [ route_check ] --START--
INFO: CheckRoute Behavior ::run [ RunTime:0.003001s ]
INFO: [ route_check ] --END-- [ RunTime:0.004001s ]
INFO: [ app_begin ] --START--
INFO: ReadHtmlCache Behavior ::run [ RunTime:0.009000s ]
INFO: [ app_begin ] --END-- [ RunTime:0.009000s ]
SQL: SHOW COLUMNS FROM `think_user` [ RunTime:0.007000s ]
SQL: SELECT * FROM `think_user`  [ RunTime:0.001000s ]
SQL: SHOW COLUMNS FROM `think_role` [ RunTime:0.006001s ]
NOTIC: [8] Undefined variable: relationData D:\wamp\www\Tp_group\ThinkPHP\Extend\Model\RelationModel.class.php 第 225 行.
NOTIC: [8] Undefined variable: relationData D:\wamp\www\Tp_group\ThinkPHP\Extend\Model\RelationModel.class.php 第 225 行.
NOTIC: [8] Undefined variable: relationData D:\wamp\www\Tp_group\ThinkPHP\Extend\Model\RelationModel.class.php 第 225 行.
NOTIC: [8] Undefined variable: relationData D:\wamp\www\Tp_group\ThinkPHP\Extend\Model\RelationModel.class.php 第 225 行.

[ 2014-09-20T14:06:12+08:00 ] 0.0.0.0 /Tp_group/index.php/Admin/Rbac/index
INFO: [ route_check ] --START--
INFO: CheckRoute Behavior ::run [ RunTime:0.003000s ]
INFO: [ route_check ] --END-- [ RunTime:0.004000s ]
INFO: [ app_begin ] --START--
INFO: ReadHtmlCache Behavior ::run [ RunTime:0.002000s ]
INFO: [ app_begin ] --END-- [ RunTime:0.003000s ]
SQL: SHOW COLUMNS FROM `think_user` [ RunTime:0.007000s ]
SQL: SELECT * FROM `think_user`  [ RunTime:0.000000s ]
SQL: SHOW COLUMNS FROM `think_role` [ RunTime:0.008001s ]
NOTIC: [8] Undefined variable: relationData D:\wamp\www\Tp_group\ThinkPHP\Extend\Model\RelationModel.class.php 第 225 行.
NOTIC: [8] Undefined variable: relationData D:\wamp\www\Tp_group\ThinkPHP\Extend\Model\RelationModel.class.php 第 225 行.
NOTIC: [8] Undefined variable: relationData D:\wamp\www\Tp_group\ThinkPHP\Extend\Model\RelationModel.class.php 第 225 行.
NOTIC: [8] Undefined variable: relationData D:\wamp\www\Tp_group\ThinkPHP\Extend\Model\RelationModel.class.php 第 225 行.

[ 2014-09-20T14:06:13+08:00 ] 0.0.0.0 /Tp_group/index.php/Admin/Rbac/index
INFO: [ route_check ] --START--
INFO: CheckRoute Behavior ::run [ RunTime:0.003000s ]
INFO: [ route_check ] --END-- [ RunTime:0.003000s ]
INFO: [ app_begin ] --START--
INFO: ReadHtmlCache Behavior ::run [ RunTime:0.003001s ]
INFO: [ app_begin ] --END-- [ RunTime:0.003001s ]
SQL: SHOW COLUMNS FROM `think_user` [ RunTime:0.007000s ]
SQL: SELECT * FROM `think_user`  [ RunTime:0.001000s ]
SQL: SHOW COLUMNS FROM `think_role` [ RunTime:0.007001s ]
NOTIC: [8] Undefined variable: relationData D:\wamp\www\Tp_group\ThinkPHP\Extend\Model\RelationModel.class.php 第 225 行.
NOTIC: [8] Undefined variable: relationData D:\wamp\www\Tp_group\ThinkPHP\Extend\Model\RelationModel.class.php 第 225 行.
NOTIC: [8] Undefined variable: relationData D:\wamp\www\Tp_group\ThinkPHP\Extend\Model\RelationModel.class.php 第 225 行.
NOTIC: [8] Undefined variable: relationData D:\wamp\www\Tp_group\ThinkPHP\Extend\Model\RelationModel.class.php 第 225 行.

[ 2014-09-20T14:06:43+08:00 ] 0.0.0.0 /Tp_group/index.php/Admin/Rbac/index
INFO: [ route_check ] --START--
INFO: CheckRoute Behavior ::run [ RunTime:0.003000s ]
INFO: [ route_check ] --END-- [ RunTime:0.003000s ]
INFO: [ app_begin ] --START--
INFO: ReadHtmlCache Behavior ::run [ RunTime:0.002001s ]
INFO: [ app_begin ] --END-- [ RunTime:0.003001s ]
SQL: SHOW COLUMNS FROM `think_user` [ RunTime:0.006000s ]
SQL: SELECT * FROM `think_user`  [ RunTime:0.000000s ]
SQL: SHOW COLUMNS FROM `think_role` [ RunTime:0.006000s ]
NOTIC: [8] Undefined variable: relationData D:\wamp\www\Tp_group\ThinkPHP\Extend\Model\RelationModel.class.php 第 225 行.
NOTIC: [8] Undefined variable: relationData D:\wamp\www\Tp_group\ThinkPHP\Extend\Model\RelationModel.class.php 第 225 行.
NOTIC: [8] Undefined variable: relationData D:\wamp\www\Tp_group\ThinkPHP\Extend\Model\RelationModel.class.php 第 225 行.
NOTIC: [8] Undefined variable: relationData D:\wamp\www\Tp_group\ThinkPHP\Extend\Model\RelationModel.class.php 第 225 行.

[ 2014-09-20T14:09:22+08:00 ] 0.0.0.0 /Tp_group/index.php/Admin/Rbac/index
INFO: [ route_check ] --START--
INFO: CheckRoute Behavior ::run [ RunTime:0.002000s ]
INFO: [ route_check ] --END-- [ RunTime:0.003000s ]
INFO: [ app_begin ] --START--
INFO: ReadHtmlCache Behavior ::run [ RunTime:0.002001s ]
INFO: [ app_begin ] --END-- [ RunTime:0.002001s ]
SQL: SHOW COLUMNS FROM `think_user` [ RunTime:0.006001s ]
SQL: SELECT * FROM `think_user`  [ RunTime:0.001000s ]
SQL: SHOW COLUMNS FROM `think_role` [ RunTime:0.006000s ]
NOTIC: [8] Undefined index: mapping_order D:\wamp\www\Tp_group\ThinkPHP\Extend\Model\RelationModel.class.php 第 188 行.
NOTIC: [8] Undefined index: mapping_limit D:\wamp\www\Tp_group\ThinkPHP\Extend\Model\RelationModel.class.php 第 189 行.
NOTIC: [8] Undefined index: relation_foreign_key D:\wamp\www\Tp_group\ThinkPHP\Extend\Model\RelationModel.class.php 第 190 行.
SQL: SELECT b.* FROM think_role_user AS a, think_role AS b WHERE a.role_id = b.id AND a. user_id='1' [ RunTime:0.119007s ]
NOTIC: [8] Undefined index: mapping_order D:\wamp\www\Tp_group\ThinkPHP\Extend\Model\RelationModel.class.php 第 188 行.
NOTIC: [8] Undefined index: mapping_limit D:\wamp\www\Tp_group\ThinkPHP\Extend\Model\RelationModel.class.php 第 189 行.
NOTIC: [8] Undefined index: relation_foreign_key D:\wamp\www\Tp_group\ThinkPHP\Extend\Model\RelationModel.class.php 第 190 行.
SQL: SELECT b.* FROM think_role_user AS a, think_role AS b WHERE a.role_id = b.id AND a. user_id='50' [ RunTime:0.000000s ]
NOTIC: [8] Undefined index: mapping_order D:\wamp\www\Tp_group\ThinkPHP\Extend\Model\RelationModel.class.php 第 188 行.
NOTIC: [8] Undefined index: mapping_limit D:\wamp\www\Tp_group\ThinkPHP\Extend\Model\RelationModel.class.php 第 189 行.
NOTIC: [8] Undefined index: relation_foreign_key D:\wamp\www\Tp_group\ThinkPHP\Extend\Model\RelationModel.class.php 第 190 行.
SQL: SELECT b.* FROM think_role_user AS a, think_role AS b WHERE a.role_id = b.id AND a. user_id='51' [ RunTime:0.000000s ]
NOTIC: [8] Undefined index: mapping_order D:\wamp\www\Tp_group\ThinkPHP\Extend\Model\RelationModel.class.php 第 188 行.
NOTIC: [8] Undefined index: mapping_limit D:\wamp\www\Tp_group\ThinkPHP\Extend\Model\RelationModel.class.php 第 189 行.
NOTIC: [8] Undefined index: relation_foreign_key D:\wamp\www\Tp_group\ThinkPHP\Extend\Model\RelationModel.class.php 第 190 行.
SQL: SELECT b.* FROM think_role_user AS a, think_role AS b WHERE a.role_id = b.id AND a. user_id='52' [ RunTime:0.000000s ]

[ 2014-09-20T14:12:16+08:00 ] 0.0.0.0 /Tp_group/index.php/Admin/Rbac/index
INFO: [ route_check ] --START--
INFO: CheckRoute Behavior ::run [ RunTime:0.023001s ]
INFO: [ route_check ] --END-- [ RunTime:0.023001s ]
INFO: [ app_begin ] --START--
INFO: ReadHtmlCache Behavior ::run [ RunTime:0.031001s ]
INFO: [ app_begin ] --END-- [ RunTime:0.031001s ]
SQL: SHOW COLUMNS FROM `think_user` [ RunTime:0.006000s ]
SQL: SELECT * FROM `think_user`  [ RunTime:0.001000s ]
SQL: SHOW COLUMNS FROM `think_role` [ RunTime:0.006001s ]
NOTIC: [8] Undefined index: mapping_order D:\wamp\www\Tp_group\ThinkPHP\Extend\Model\RelationModel.class.php 第 188 行.
NOTIC: [8] Undefined index: mapping_limit D:\wamp\www\Tp_group\ThinkPHP\Extend\Model\RelationModel.class.php 第 189 行.
NOTIC: [8] Undefined index: relation_foreign_key D:\wamp\www\Tp_group\ThinkPHP\Extend\Model\RelationModel.class.php 第 190 行.
SQL: SELECT b.* FROM think_role_user AS a, think_role AS b WHERE a.role_id = b.id AND a. user_id='1' [ RunTime:0.001000s ]
NOTIC: [8] Undefined index: mapping_order D:\wamp\www\Tp_group\ThinkPHP\Extend\Model\RelationModel.class.php 第 188 行.
NOTIC: [8] Undefined index: mapping_limit D:\wamp\www\Tp_group\ThinkPHP\Extend\Model\RelationModel.class.php 第 189 行.
NOTIC: [8] Undefined index: relation_foreign_key D:\wamp\www\Tp_group\ThinkPHP\Extend\Model\RelationModel.class.php 第 190 行.
SQL: SELECT b.* FROM think_role_user AS a, think_role AS b WHERE a.role_id = b.id AND a. user_id='50' [ RunTime:0.001000s ]
NOTIC: [8] Undefined index: mapping_order D:\wamp\www\Tp_group\ThinkPHP\Extend\Model\RelationModel.class.php 第 188 行.
NOTIC: [8] Undefined index: mapping_limit D:\wamp\www\Tp_group\ThinkPHP\Extend\Model\RelationModel.class.php 第 189 行.
NOTIC: [8] Undefined index: relation_foreign_key D:\wamp\www\Tp_group\ThinkPHP\Extend\Model\RelationModel.class.php 第 190 行.
SQL: SELECT b.* FROM think_role_user AS a, think_role AS b WHERE a.role_id = b.id AND a. user_id='51' [ RunTime:0.001000s ]
NOTIC: [8] Undefined index: mapping_order D:\wamp\www\Tp_group\ThinkPHP\Extend\Model\RelationModel.class.php 第 188 行.
NOTIC: [8] Undefined index: mapping_limit D:\wamp\www\Tp_group\ThinkPHP\Extend\Model\RelationModel.class.php 第 189 行.
NOTIC: [8] Undefined index: relation_foreign_key D:\wamp\www\Tp_group\ThinkPHP\Extend\Model\RelationModel.class.php 第 190 行.
SQL: SELECT b.* FROM think_role_user AS a, think_role AS b WHERE a.role_id = b.id AND a. user_id='52' [ RunTime:0.001000s ]

[ 2014-09-20T14:14:56+08:00 ] 0.0.0.0 /Tp_group/index.php/Admin/Rbac/index
INFO: [ route_check ] --START--
INFO: CheckRoute Behavior ::run [ RunTime:0.016001s ]
INFO: [ route_check ] --END-- [ RunTime:0.017001s ]
INFO: [ app_begin ] --START--
INFO: ReadHtmlCache Behavior ::run [ RunTime:0.020001s ]
INFO: [ app_begin ] --END-- [ RunTime:0.020001s ]
SQL: SHOW COLUMNS FROM `think_user` [ RunTime:0.006000s ]
SQL: SELECT * FROM `think_user`  [ RunTime:0.001000s ]
SQL: SHOW COLUMNS FROM `think_role` [ RunTime:0.007001s ]
NOTIC: [8] Undefined index: mapping_order D:\wamp\www\Tp_group\ThinkPHP\Extend\Model\RelationModel.class.php 第 188 行.
NOTIC: [8] Undefined index: mapping_limit D:\wamp\www\Tp_group\ThinkPHP\Extend\Model\RelationModel.class.php 第 189 行.
NOTIC: [8] Undefined index: relation_foreign_key D:\wamp\www\Tp_group\ThinkPHP\Extend\Model\RelationModel.class.php 第 190 行.
SQL: SELECT b.id,name,remark FROM think_role_user AS a, think_role AS b WHERE a.role_id = b.id AND a. user_id='1' [ RunTime:0.001000s ]
NOTIC: [8] Undefined index: mapping_order D:\wamp\www\Tp_group\ThinkPHP\Extend\Model\RelationModel.class.php 第 188 行.
NOTIC: [8] Undefined index: mapping_limit D:\wamp\www\Tp_group\ThinkPHP\Extend\Model\RelationModel.class.php 第 189 行.
NOTIC: [8] Undefined index: relation_foreign_key D:\wamp\www\Tp_group\ThinkPHP\Extend\Model\RelationModel.class.php 第 190 行.
SQL: SELECT b.id,name,remark FROM think_role_user AS a, think_role AS b WHERE a.role_id = b.id AND a. user_id='50' [ RunTime:0.001000s ]
NOTIC: [8] Undefined index: mapping_order D:\wamp\www\Tp_group\ThinkPHP\Extend\Model\RelationModel.class.php 第 188 行.
NOTIC: [8] Undefined index: mapping_limit D:\wamp\www\Tp_group\ThinkPHP\Extend\Model\RelationModel.class.php 第 189 行.
NOTIC: [8] Undefined index: relation_foreign_key D:\wamp\www\Tp_group\ThinkPHP\Extend\Model\RelationModel.class.php 第 190 行.
SQL: SELECT b.id,name,remark FROM think_role_user AS a, think_role AS b WHERE a.role_id = b.id AND a. user_id='51' [ RunTime:0.000000s ]
NOTIC: [8] Undefined index: mapping_order D:\wamp\www\Tp_group\ThinkPHP\Extend\Model\RelationModel.class.php 第 188 行.
NOTIC: [8] Undefined index: mapping_limit D:\wamp\www\Tp_group\ThinkPHP\Extend\Model\RelationModel.class.php 第 189 行.
NOTIC: [8] Undefined index: relation_foreign_key D:\wamp\www\Tp_group\ThinkPHP\Extend\Model\RelationModel.class.php 第 190 行.
SQL: SELECT b.id,name,remark FROM think_role_user AS a, think_role AS b WHERE a.role_id = b.id AND a. user_id='52' [ RunTime:0.001000s ]

[ 2014-09-20T14:17:15+08:00 ] 0.0.0.0 /Tp_group/index.php/Admin/Rbac/index
INFO: [ route_check ] --START--
INFO: CheckRoute Behavior ::run [ RunTime:0.002000s ]
INFO: [ route_check ] --END-- [ RunTime:0.003001s ]
INFO: [ app_begin ] --START--
INFO: ReadHtmlCache Behavior ::run [ RunTime:0.002000s ]
INFO: [ app_begin ] --END-- [ RunTime:0.003000s ]
SQL: SHOW COLUMNS FROM `think_user` [ RunTime:0.007001s ]
SQL: SELECT `uid`,`uname`,`date`,`ip`,`active` FROM `think_user`  [ RunTime:0.001000s ]
SQL: SHOW COLUMNS FROM `think_role` [ RunTime:0.007000s ]
NOTIC: [8] Undefined index: mapping_order D:\wamp\www\Tp_group\ThinkPHP\Extend\Model\RelationModel.class.php 第 188 行.
NOTIC: [8] Undefined index: mapping_limit D:\wamp\www\Tp_group\ThinkPHP\Extend\Model\RelationModel.class.php 第 189 行.
NOTIC: [8] Undefined index: relation_foreign_key D:\wamp\www\Tp_group\ThinkPHP\Extend\Model\RelationModel.class.php 第 190 行.
SQL: SELECT b.id,name,remark FROM think_role_user AS a, think_role AS b WHERE a.role_id = b.id AND a. user_id='1' [ RunTime:0.001000s ]
NOTIC: [8] Undefined index: mapping_order D:\wamp\www\Tp_group\ThinkPHP\Extend\Model\RelationModel.class.php 第 188 行.
NOTIC: [8] Undefined index: mapping_limit D:\wamp\www\Tp_group\ThinkPHP\Extend\Model\RelationModel.class.php 第 189 行.
NOTIC: [8] Undefined index: relation_foreign_key D:\wamp\www\Tp_group\ThinkPHP\Extend\Model\RelationModel.class.php 第 190 行.
SQL: SELECT b.id,name,remark FROM think_role_user AS a, think_role AS b WHERE a.role_id = b.id AND a. user_id='50' [ RunTime:0.001000s ]
NOTIC: [8] Undefined index: mapping_order D:\wamp\www\Tp_group\ThinkPHP\Extend\Model\RelationModel.class.php 第 188 行.
NOTIC: [8] Undefined index: mapping_limit D:\wamp\www\Tp_group\ThinkPHP\Extend\Model\RelationModel.class.php 第 189 行.
NOTIC: [8] Undefined index: relation_foreign_key D:\wamp\www\Tp_group\ThinkPHP\Extend\Model\RelationModel.class.php 第 190 行.
SQL: SELECT b.id,name,remark FROM think_role_user AS a, think_role AS b WHERE a.role_id = b.id AND a. user_id='51' [ RunTime:0.001000s ]
NOTIC: [8] Undefined index: mapping_order D:\wamp\www\Tp_group\ThinkPHP\Extend\Model\RelationModel.class.php 第 188 行.
NOTIC: [8] Undefined index: mapping_limit D:\wamp\www\Tp_group\ThinkPHP\Extend\Model\RelationModel.class.php 第 189 行.
NOTIC: [8] Undefined index: relation_foreign_key D:\wamp\www\Tp_group\ThinkPHP\Extend\Model\RelationModel.class.php 第 190 行.
SQL: SELECT b.id,name,remark FROM think_role_user AS a, think_role AS b WHERE a.role_id = b.id AND a. user_id='52' [ RunTime:0.001000s ]

[ 2014-09-20T14:18:03+08:00 ] 0.0.0.0 /Tp_group/index.php/Admin/Rbac/index
INFO: [ route_check ] --START--
INFO: CheckRoute Behavior ::run [ RunTime:0.002000s ]
INFO: [ route_check ] --END-- [ RunTime:0.003000s ]
INFO: [ app_begin ] --START--
INFO: ReadHtmlCache Behavior ::run [ RunTime:0.002000s ]
INFO: [ app_begin ] --END-- [ RunTime:0.003000s ]
SQL: SHOW COLUMNS FROM `think_user` [ RunTime:0.007000s ]
SQL: SELECT `uid`,`uname`,`email`,`active`,`date`,`ip` FROM `think_user`  [ RunTime:0.001000s ]
SQL: SHOW COLUMNS FROM `think_role` [ RunTime:0.007001s ]
NOTIC: [8] Undefined index: mapping_order D:\wamp\www\Tp_group\ThinkPHP\Extend\Model\RelationModel.class.php 第 188 行.
NOTIC: [8] Undefined index: mapping_limit D:\wamp\www\Tp_group\ThinkPHP\Extend\Model\RelationModel.class.php 第 189 行.
NOTIC: [8] Undefined index: relation_foreign_key D:\wamp\www\Tp_group\ThinkPHP\Extend\Model\RelationModel.class.php 第 190 行.
SQL: SELECT b.id,name,remark FROM think_role_user AS a, think_role AS b WHERE a.role_id = b.id AND a. user_id='1' [ RunTime:0.001000s ]
NOTIC: [8] Undefined index: mapping_order D:\wamp\www\Tp_group\ThinkPHP\Extend\Model\RelationModel.class.php 第 188 行.
NOTIC: [8] Undefined index: mapping_limit D:\wamp\www\Tp_group\ThinkPHP\Extend\Model\RelationModel.class.php 第 189 行.
NOTIC: [8] Undefined index: relation_foreign_key D:\wamp\www\Tp_group\ThinkPHP\Extend\Model\RelationModel.class.php 第 190 行.
SQL: SELECT b.id,name,remark FROM think_role_user AS a, think_role AS b WHERE a.role_id = b.id AND a. user_id='50' [ RunTime:0.001000s ]
NOTIC: [8] Undefined index: mapping_order D:\wamp\www\Tp_group\ThinkPHP\Extend\Model\RelationModel.class.php 第 188 行.
NOTIC: [8] Undefined index: mapping_limit D:\wamp\www\Tp_group\ThinkPHP\Extend\Model\RelationModel.class.php 第 189 行.
NOTIC: [8] Undefined index: relation_foreign_key D:\wamp\www\Tp_group\ThinkPHP\Extend\Model\RelationModel.class.php 第 190 行.
SQL: SELECT b.id,name,remark FROM think_role_user AS a, think_role AS b WHERE a.role_id = b.id AND a. user_id='51' [ RunTime:0.001000s ]
NOTIC: [8] Undefined index: mapping_order D:\wamp\www\Tp_group\ThinkPHP\Extend\Model\RelationModel.class.php 第 188 行.
NOTIC: [8] Undefined index: mapping_limit D:\wamp\www\Tp_group\ThinkPHP\Extend\Model\RelationModel.class.php 第 189 行.
NOTIC: [8] Undefined index: relation_foreign_key D:\wamp\www\Tp_group\ThinkPHP\Extend\Model\RelationModel.class.php 第 190 行.
SQL: SELECT b.id,name,remark FROM think_role_user AS a, think_role AS b WHERE a.role_id = b.id AND a. user_id='52' [ RunTime:0.001000s ]

[ 2014-09-20T14:18:30+08:00 ] 0.0.0.0 /Tp_group/index.php/Admin/Rbac/index
INFO: [ route_check ] --START--
INFO: CheckRoute Behavior ::run [ RunTime:0.002000s ]
INFO: [ route_check ] --END-- [ RunTime:0.002000s ]
INFO: [ app_begin ] --START--
INFO: ReadHtmlCache Behavior ::run [ RunTime:0.002000s ]
INFO: [ app_begin ] --END-- [ RunTime:0.002000s ]
SQL: SHOW COLUMNS FROM `think_user` [ RunTime:0.007001s ]
SQL: SELECT `uid`,`uname`,`email`,`active`,`date`,`ip` FROM `think_user`  [ RunTime:0.001000s ]
SQL: SHOW COLUMNS FROM `think_role` [ RunTime:0.007000s ]
NOTIC: [8] Undefined index: mapping_order D:\wamp\www\Tp_group\ThinkPHP\Extend\Model\RelationModel.class.php 第 188 行.
NOTIC: [8] Undefined index: mapping_limit D:\wamp\www\Tp_group\ThinkPHP\Extend\Model\RelationModel.class.php 第 189 行.
NOTIC: [8] Undefined index: relation_foreign_key D:\wamp\www\Tp_group\ThinkPHP\Extend\Model\RelationModel.class.php 第 190 行.
SQL: SELECT b.id,name,remark FROM think_role_user AS a, think_role AS b WHERE a.role_id = b.id AND a. user_id='1' [ RunTime:0.000000s ]
NOTIC: [8] Undefined index: mapping_order D:\wamp\www\Tp_group\ThinkPHP\Extend\Model\RelationModel.class.php 第 188 行.
NOTIC: [8] Undefined index: mapping_limit D:\wamp\www\Tp_group\ThinkPHP\Extend\Model\RelationModel.class.php 第 189 行.
NOTIC: [8] Undefined index: relation_foreign_key D:\wamp\www\Tp_group\ThinkPHP\Extend\Model\RelationModel.class.php 第 190 行.
SQL: SELECT b.id,name,remark FROM think_role_user AS a, think_role AS b WHERE a.role_id = b.id AND a. user_id='50' [ RunTime:0.000000s ]
NOTIC: [8] Undefined index: mapping_order D:\wamp\www\Tp_group\ThinkPHP\Extend\Model\RelationModel.class.php 第 188 行.
NOTIC: [8] Undefined index: mapping_limit D:\wamp\www\Tp_group\ThinkPHP\Extend\Model\RelationModel.class.php 第 189 行.
NOTIC: [8] Undefined index: relation_foreign_key D:\wamp\www\Tp_group\ThinkPHP\Extend\Model\RelationModel.class.php 第 190 行.
SQL: SELECT b.id,name,remark FROM think_role_user AS a, think_role AS b WHERE a.role_id = b.id AND a. user_id='51' [ RunTime:0.001000s ]
NOTIC: [8] Undefined index: mapping_order D:\wamp\www\Tp_group\ThinkPHP\Extend\Model\RelationModel.class.php 第 188 行.
NOTIC: [8] Undefined index: mapping_limit D:\wamp\www\Tp_group\ThinkPHP\Extend\Model\RelationModel.class.php 第 189 行.
NOTIC: [8] Undefined index: relation_foreign_key D:\wamp\www\Tp_group\ThinkPHP\Extend\Model\RelationModel.class.php 第 190 行.
SQL: SELECT b.id,name,remark FROM think_role_user AS a, think_role AS b WHERE a.role_id = b.id AND a. user_id='52' [ RunTime:0.000000s ]

[ 2014-09-20T14:18:32+08:00 ] 0.0.0.0 /Tp_group/index.php/Admin/Rbac/index
INFO: [ route_check ] --START--
INFO: CheckRoute Behavior ::run [ RunTime:0.002001s ]
INFO: [ route_check ] --END-- [ RunTime:0.002001s ]
INFO: [ app_begin ] --START--
INFO: ReadHtmlCache Behavior ::run [ RunTime:0.002000s ]
INFO: [ app_begin ] --END-- [ RunTime:0.002000s ]
SQL: SHOW COLUMNS FROM `think_user` [ RunTime:0.007001s ]
SQL: SELECT `uid`,`uname`,`email`,`active`,`date`,`ip` FROM `think_user`  [ RunTime:0.001000s ]
SQL: SHOW COLUMNS FROM `think_role` [ RunTime:0.007000s ]
NOTIC: [8] Undefined index: mapping_order D:\wamp\www\Tp_group\ThinkPHP\Extend\Model\RelationModel.class.php 第 188 行.
NOTIC: [8] Undefined index: mapping_limit D:\wamp\www\Tp_group\ThinkPHP\Extend\Model\RelationModel.class.php 第 189 行.
NOTIC: [8] Undefined index: relation_foreign_key D:\wamp\www\Tp_group\ThinkPHP\Extend\Model\RelationModel.class.php 第 190 行.
SQL: SELECT b.id,name,remark FROM think_role_user AS a, think_role AS b WHERE a.role_id = b.id AND a. user_id='1' [ RunTime:0.001000s ]
NOTIC: [8] Undefined index: mapping_order D:\wamp\www\Tp_group\ThinkPHP\Extend\Model\RelationModel.class.php 第 188 行.
NOTIC: [8] Undefined index: mapping_limit D:\wamp\www\Tp_group\ThinkPHP\Extend\Model\RelationModel.class.php 第 189 行.
NOTIC: [8] Undefined index: relation_foreign_key D:\wamp\www\Tp_group\ThinkPHP\Extend\Model\RelationModel.class.php 第 190 行.
SQL: SELECT b.id,name,remark FROM think_role_user AS a, think_role AS b WHERE a.role_id = b.id AND a. user_id='50' [ RunTime:0.000000s ]
NOTIC: [8] Undefined index: mapping_order D:\wamp\www\Tp_group\ThinkPHP\Extend\Model\RelationModel.class.php 第 188 行.
NOTIC: [8] Undefined index: mapping_limit D:\wamp\www\Tp_group\ThinkPHP\Extend\Model\RelationModel.class.php 第 189 行.
NOTIC: [8] Undefined index: relation_foreign_key D:\wamp\www\Tp_group\ThinkPHP\Extend\Model\RelationModel.class.php 第 190 行.
SQL: SELECT b.id,name,remark FROM think_role_user AS a, think_role AS b WHERE a.role_id = b.id AND a. user_id='51' [ RunTime:0.001000s ]
NOTIC: [8] Undefined index: mapping_order D:\wamp\www\Tp_group\ThinkPHP\Extend\Model\RelationModel.class.php 第 188 行.
NOTIC: [8] Undefined index: mapping_limit D:\wamp\www\Tp_group\ThinkPHP\Extend\Model\RelationModel.class.php 第 189 行.
NOTIC: [8] Undefined index: relation_foreign_key D:\wamp\www\Tp_group\ThinkPHP\Extend\Model\RelationModel.class.php 第 190 行.
SQL: SELECT b.id,name,remark FROM think_role_user AS a, think_role AS b WHERE a.role_id = b.id AND a. user_id='52' [ RunTime:0.000000s ]

[ 2014-09-20T14:18:53+08:00 ] 0.0.0.0 /Tp_group/index.php/Admin/Rbac/index
INFO: [ route_check ] --START--
INFO: CheckRoute Behavior ::run [ RunTime:0.002000s ]
INFO: [ route_check ] --END-- [ RunTime:0.002000s ]
INFO: [ app_begin ] --START--
INFO: ReadHtmlCache Behavior ::run [ RunTime:0.002000s ]
INFO: [ app_begin ] --END-- [ RunTime:0.002000s ]
SQL: SHOW COLUMNS FROM `think_user` [ RunTime:0.006000s ]
SQL: SELECT `uid`,`uname`,`active`,`date`,`ip` FROM `think_user`  [ RunTime:0.000000s ]
SQL: SHOW COLUMNS FROM `think_role` [ RunTime:0.005000s ]
NOTIC: [8] Undefined index: mapping_order D:\wamp\www\Tp_group\ThinkPHP\Extend\Model\RelationModel.class.php 第 188 行.
NOTIC: [8] Undefined index: mapping_limit D:\wamp\www\Tp_group\ThinkPHP\Extend\Model\RelationModel.class.php 第 189 行.
NOTIC: [8] Undefined index: relation_foreign_key D:\wamp\www\Tp_group\ThinkPHP\Extend\Model\RelationModel.class.php 第 190 行.
SQL: SELECT b.id,name,remark FROM think_role_user AS a, think_role AS b WHERE a.role_id = b.id AND a. user_id='1' [ RunTime:0.000000s ]
NOTIC: [8] Undefined index: mapping_order D:\wamp\www\Tp_group\ThinkPHP\Extend\Model\RelationModel.class.php 第 188 行.
NOTIC: [8] Undefined index: mapping_limit D:\wamp\www\Tp_group\ThinkPHP\Extend\Model\RelationModel.class.php 第 189 行.
NOTIC: [8] Undefined index: relation_foreign_key D:\wamp\www\Tp_group\ThinkPHP\Extend\Model\RelationModel.class.php 第 190 行.
SQL: SELECT b.id,name,remark FROM think_role_user AS a, think_role AS b WHERE a.role_id = b.id AND a. user_id='50' [ RunTime:0.000000s ]
NOTIC: [8] Undefined index: mapping_order D:\wamp\www\Tp_group\ThinkPHP\Extend\Model\RelationModel.class.php 第 188 行.
NOTIC: [8] Undefined index: mapping_limit D:\wamp\www\Tp_group\ThinkPHP\Extend\Model\RelationModel.class.php 第 189 行.
NOTIC: [8] Undefined index: relation_foreign_key D:\wamp\www\Tp_group\ThinkPHP\Extend\Model\RelationModel.class.php 第 190 行.
SQL: SELECT b.id,name,remark FROM think_role_user AS a, think_role AS b WHERE a.role_id = b.id AND a. user_id='51' [ RunTime:0.000000s ]
NOTIC: [8] Undefined index: mapping_order D:\wamp\www\Tp_group\ThinkPHP\Extend\Model\RelationModel.class.php 第 188 行.
NOTIC: [8] Undefined index: mapping_limit D:\wamp\www\Tp_group\ThinkPHP\Extend\Model\RelationModel.class.php 第 189 行.
NOTIC: [8] Undefined index: relation_foreign_key D:\wamp\www\Tp_group\ThinkPHP\Extend\Model\RelationModel.class.php 第 190 行.
SQL: SELECT b.id,name,remark FROM think_role_user AS a, think_role AS b WHERE a.role_id = b.id AND a. user_id='52' [ RunTime:0.000000s ]

[ 2014-09-20T14:20:15+08:00 ] 0.0.0.0 /Tp_group/index.php/Admin/Rbac/index
INFO: [ route_check ] --START--
INFO: CheckRoute Behavior ::run [ RunTime:0.003001s ]
INFO: [ route_check ] --END-- [ RunTime:0.003001s ]
INFO: [ app_begin ] --START--
INFO: ReadHtmlCache Behavior ::run [ RunTime:0.002000s ]
INFO: [ app_begin ] --END-- [ RunTime:0.002000s ]
SQL: SHOW COLUMNS FROM `think_user` [ RunTime:0.006001s ]
SQL: SELECT `uid`,`uname`,`active`,`date`,`ip` FROM `think_user`  [ RunTime:0.001000s ]
SQL: SHOW COLUMNS FROM `think_role` [ RunTime:0.007001s ]
NOTIC: [8] Undefined index: mapping_order D:\wamp\www\Tp_group\ThinkPHP\Extend\Model\RelationModel.class.php 第 188 行.
NOTIC: [8] Undefined index: mapping_limit D:\wamp\www\Tp_group\ThinkPHP\Extend\Model\RelationModel.class.php 第 189 行.
NOTIC: [8] Undefined index: relation_foreign_key D:\wamp\www\Tp_group\ThinkPHP\Extend\Model\RelationModel.class.php 第 190 行.
SQL: SELECT b.id,name,remark FROM think_role_user AS a, think_role AS b WHERE a.role_id = b.id AND a. user_id='1' [ RunTime:0.001000s ]
NOTIC: [8] Undefined index: mapping_order D:\wamp\www\Tp_group\ThinkPHP\Extend\Model\RelationModel.class.php 第 188 行.
NOTIC: [8] Undefined index: mapping_limit D:\wamp\www\Tp_group\ThinkPHP\Extend\Model\RelationModel.class.php 第 189 行.
NOTIC: [8] Undefined index: relation_foreign_key D:\wamp\www\Tp_group\ThinkPHP\Extend\Model\RelationModel.class.php 第 190 行.
SQL: SELECT b.id,name,remark FROM think_role_user AS a, think_role AS b WHERE a.role_id = b.id AND a. user_id='50' [ RunTime:0.001000s ]
NOTIC: [8] Undefined index: mapping_order D:\wamp\www\Tp_group\ThinkPHP\Extend\Model\RelationModel.class.php 第 188 行.
NOTIC: [8] Undefined index: mapping_limit D:\wamp\www\Tp_group\ThinkPHP\Extend\Model\RelationModel.class.php 第 189 行.
NOTIC: [8] Undefined index: relation_foreign_key D:\wamp\www\Tp_group\ThinkPHP\Extend\Model\RelationModel.class.php 第 190 行.
SQL: SELECT b.id,name,remark FROM think_role_user AS a, think_role AS b WHERE a.role_id = b.id AND a. user_id='51' [ RunTime:0.001000s ]
NOTIC: [8] Undefined index: mapping_order D:\wamp\www\Tp_group\ThinkPHP\Extend\Model\RelationModel.class.php 第 188 行.
NOTIC: [8] Undefined index: mapping_limit D:\wamp\www\Tp_group\ThinkPHP\Extend\Model\RelationModel.class.php 第 189 行.
NOTIC: [8] Undefined index: relation_foreign_key D:\wamp\www\Tp_group\ThinkPHP\Extend\Model\RelationModel.class.php 第 190 行.
SQL: SELECT b.id,name,remark FROM think_role_user AS a, think_role AS b WHERE a.role_id = b.id AND a. user_id='52' [ RunTime:0.001000s ]

[ 2014-09-20T14:21:45+08:00 ] 0.0.0.0 /Tp_group/index.php/Admin/Rbac/index
INFO: [ route_check ] --START--
INFO: CheckRoute Behavior ::run [ RunTime:0.002000s ]
INFO: [ route_check ] --END-- [ RunTime:0.002000s ]

[ 2014-09-20T14:22:24+08:00 ] 0.0.0.0 /Tp_group/index.php/Admin/Rbac/index
INFO: [ route_check ] --START--
INFO: CheckRoute Behavior ::run [ RunTime:0.002000s ]
INFO: [ route_check ] --END-- [ RunTime:0.003000s ]

[ 2014-09-20T14:34:54+08:00 ] 0.0.0.0 /Tp_group/index.php/Admin/Rbac/index
INFO: [ route_check ] --START--
INFO: CheckRoute Behavior ::run [ RunTime:0.002000s ]
INFO: [ route_check ] --END-- [ RunTime:0.003001s ]

[ 2014-09-20T14:36:45+08:00 ] 0.0.0.0 /Tp_group/index.php/Admin/Rbac/index
INFO: [ route_check ] --START--
INFO: CheckRoute Behavior ::run [ RunTime:0.002000s ]
INFO: [ route_check ] --END-- [ RunTime:0.002000s ]

[ 2014-09-20T14:36:59+08:00 ] 0.0.0.0 /Tp_group/index.php/Admin/Rbac/index
INFO: [ route_check ] --START--
INFO: CheckRoute Behavior ::run [ RunTime:0.003000s ]
INFO: [ route_check ] --END-- [ RunTime:0.003000s ]

[ 2014-09-20T14:37:08+08:00 ] 0.0.0.0 /Tp_group/index.php/Admin/Rbac/index
INFO: [ route_check ] --START--
INFO: CheckRoute Behavior ::run [ RunTime:0.001000s ]
INFO: [ route_check ] --END-- [ RunTime:0.003001s ]

[ 2014-09-20T14:43:38+08:00 ] 0.0.0.0 /Tp_group/index.php/Admin/Rbac/index
INFO: [ route_check ] --START--
INFO: CheckRoute Behavior ::run [ RunTime:0.002000s ]
INFO: [ route_check ] --END-- [ RunTime:0.002000s ]
INFO: [ app_begin ] --START--
INFO: ReadHtmlCache Behavior ::run [ RunTime:0.002000s ]
INFO: [ app_begin ] --END-- [ RunTime:0.003000s ]
SQL: SHOW COLUMNS FROM `think_user` [ RunTime:0.008000s ]
SQL: SELECT `uid`,`uname`,`active`,`date`,`ip` FROM `think_user`  [ RunTime:0.001000s ]
SQL: SHOW COLUMNS FROM `think_role` [ RunTime:0.008000s ]
NOTIC: [8] Undefined index: mapping_order D:\wamp\www\Tp_group\ThinkPHP\Extend\Model\RelationModel.class.php 第 188 行.
NOTIC: [8] Undefined index: mapping_limit D:\wamp\www\Tp_group\ThinkPHP\Extend\Model\RelationModel.class.php 第 189 行.
NOTIC: [8] Undefined index: relation_foreign_key D:\wamp\www\Tp_group\ThinkPHP\Extend\Model\RelationModel.class.php 第 190 行.
SQL: SELECT b.id,name,remark FROM think_role_user AS a, think_role AS b WHERE a.role_id = b.id AND a. user_id='1' [ RunTime:0.001000s ]
NOTIC: [8] Undefined index: mapping_order D:\wamp\www\Tp_group\ThinkPHP\Extend\Model\RelationModel.class.php 第 188 行.
NOTIC: [8] Undefined index: mapping_limit D:\wamp\www\Tp_group\ThinkPHP\Extend\Model\RelationModel.class.php 第 189 行.
NOTIC: [8] Undefined index: relation_foreign_key D:\wamp\www\Tp_group\ThinkPHP\Extend\Model\RelationModel.class.php 第 190 行.
SQL: SELECT b.id,name,remark FROM think_role_user AS a, think_role AS b WHERE a.role_id = b.id AND a. user_id='50' [ RunTime:0.001001s ]
NOTIC: [8] Undefined index: mapping_order D:\wamp\www\Tp_group\ThinkPHP\Extend\Model\RelationModel.class.php 第 188 行.
NOTIC: [8] Undefined index: mapping_limit D:\wamp\www\Tp_group\ThinkPHP\Extend\Model\RelationModel.class.php 第 189 行.
NOTIC: [8] Undefined index: relation_foreign_key D:\wamp\www\Tp_group\ThinkPHP\Extend\Model\RelationModel.class.php 第 190 行.
SQL: SELECT b.id,name,remark FROM think_role_user AS a, think_role AS b WHERE a.role_id = b.id AND a. user_id='51' [ RunTime:0.001000s ]
NOTIC: [8] Undefined index: mapping_order D:\wamp\www\Tp_group\ThinkPHP\Extend\Model\RelationModel.class.php 第 188 行.
NOTIC: [8] Undefined index: mapping_limit D:\wamp\www\Tp_group\ThinkPHP\Extend\Model\RelationModel.class.php 第 189 行.
NOTIC: [8] Undefined index: relation_foreign_key D:\wamp\www\Tp_group\ThinkPHP\Extend\Model\RelationModel.class.php 第 190 行.
SQL: SELECT b.id,name,remark FROM think_role_user AS a, think_role AS b WHERE a.role_id = b.id AND a. user_id='52' [ RunTime:0.001000s ]
INFO: [ view_parse ] --START--
INFO: ParseTemplate Behavior ::run [ RunTime:0.032002s ]
INFO: [ view_parse ] --END-- [ RunTime:0.033002s ]
INFO: [ view_filter ] --START--
INFO: ContentReplace Behavior ::run [ RunTime:0.001000s ]
INFO: TokenBuild Behavior ::run [ RunTime:0.001000s ]
INFO: WriteHtmlCache Behavior ::run [ RunTime:0.001000s ]
INFO: ShowRuntime Behavior ::run [ RunTime:0.002000s ]
INFO: [ view_filter ] --END-- [ RunTime:0.007000s ]
INFO: [ view_end ] --START--
INFO: ShowPageTrace Behavior ::run [ RunTime:0.002000s ]
INFO: [ view_end ] --END-- [ RunTime:0.002000s ]

[ 2014-09-20T14:44:13+08:00 ] 0.0.0.0 /Tp_group/index.php/Admin/Rbac/index
INFO: [ route_check ] --START--
INFO: CheckRoute Behavior ::run [ RunTime:0.002000s ]
INFO: [ route_check ] --END-- [ RunTime:0.002000s ]
INFO: [ app_begin ] --START--
INFO: ReadHtmlCache Behavior ::run [ RunTime:0.001001s ]
INFO: [ app_begin ] --END-- [ RunTime:0.002001s ]
SQL: SHOW COLUMNS FROM `think_user` [ RunTime:0.006000s ]
SQL: SELECT `uid`,`uname`,`active`,`date`,`ip` FROM `think_user`  [ RunTime:0.000000s ]
SQL: SHOW COLUMNS FROM `think_role` [ RunTime:0.006001s ]
NOTIC: [8] Undefined index: mapping_order D:\wamp\www\Tp_group\ThinkPHP\Extend\Model\RelationModel.class.php 第 188 行.
NOTIC: [8] Undefined index: mapping_limit D:\wamp\www\Tp_group\ThinkPHP\Extend\Model\RelationModel.class.php 第 189 行.
NOTIC: [8] Undefined index: relation_foreign_key D:\wamp\www\Tp_group\ThinkPHP\Extend\Model\RelationModel.class.php 第 190 行.
SQL: SELECT b.id,name,remark FROM think_role_user AS a, think_role AS b WHERE a.role_id = b.id AND a. user_id='1' [ RunTime:0.000000s ]
NOTIC: [8] Undefined index: mapping_order D:\wamp\www\Tp_group\ThinkPHP\Extend\Model\RelationModel.class.php 第 188 行.
NOTIC: [8] Undefined index: mapping_limit D:\wamp\www\Tp_group\ThinkPHP\Extend\Model\RelationModel.class.php 第 189 行.
NOTIC: [8] Undefined index: relation_foreign_key D:\wamp\www\Tp_group\ThinkPHP\Extend\Model\RelationModel.class.php 第 190 行.
SQL: SELECT b.id,name,remark FROM think_role_user AS a, think_role AS b WHERE a.role_id = b.id AND a. user_id='50' [ RunTime:0.000000s ]
NOTIC: [8] Undefined index: mapping_order D:\wamp\www\Tp_group\ThinkPHP\Extend\Model\RelationModel.class.php 第 188 行.
NOTIC: [8] Undefined index: mapping_limit D:\wamp\www\Tp_group\ThinkPHP\Extend\Model\RelationModel.class.php 第 189 行.
NOTIC: [8] Undefined index: relation_foreign_key D:\wamp\www\Tp_group\ThinkPHP\Extend\Model\RelationModel.class.php 第 190 行.
SQL: SELECT b.id,name,remark FROM think_role_user AS a, think_role AS b WHERE a.role_id = b.id AND a. user_id='51' [ RunTime:0.001000s ]
NOTIC: [8] Undefined index: mapping_order D:\wamp\www\Tp_group\ThinkPHP\Extend\Model\RelationModel.class.php 第 188 行.
NOTIC: [8] Undefined index: mapping_limit D:\wamp\www\Tp_group\ThinkPHP\Extend\Model\RelationModel.class.php 第 189 行.
NOTIC: [8] Undefined index: relation_foreign_key D:\wamp\www\Tp_group\ThinkPHP\Extend\Model\RelationModel.class.php 第 190 行.
SQL: SELECT b.id,name,remark FROM think_role_user AS a, think_role AS b WHERE a.role_id = b.id AND a. user_id='52' [ RunTime:0.001000s ]
INFO: [ view_parse ] --START--
INFO: ParseTemplate Behavior ::run [ RunTime:0.030002s ]
INFO: [ view_parse ] --END-- [ RunTime:0.030002s ]
INFO: [ view_filter ] --START--
INFO: ContentReplace Behavior ::run [ RunTime:0.002000s ]
INFO: TokenBuild Behavior ::run [ RunTime:0.001000s ]
INFO: WriteHtmlCache Behavior ::run [ RunTime:0.001000s ]
INFO: ShowRuntime Behavior ::run [ RunTime:0.001000s ]
INFO: [ view_filter ] --END-- [ RunTime:0.007000s ]
INFO: [ view_end ] --START--
INFO: ShowPageTrace Behavior ::run [ RunTime:0.002001s ]
INFO: [ view_end ] --END-- [ RunTime:0.002001s ]

[ 2014-09-20T14:48:49+08:00 ] 0.0.0.0 /Tp_group/index.php/Admin/Rbac/index
INFO: [ route_check ] --START--
INFO: CheckRoute Behavior ::run [ RunTime:0.002000s ]
INFO: [ route_check ] --END-- [ RunTime:0.003000s ]
INFO: [ app_begin ] --START--
INFO: ReadHtmlCache Behavior ::run [ RunTime:0.002000s ]
INFO: [ app_begin ] --END-- [ RunTime:0.002000s ]
SQL: SHOW COLUMNS FROM `think_user` [ RunTime:0.007000s ]
SQL: SELECT `uid`,`uname`,`active`,`date`,`ip` FROM `think_user`  [ RunTime:0.001000s ]
SQL: SHOW COLUMNS FROM `think_role` [ RunTime:0.006000s ]
NOTIC: [8] Undefined index: mapping_order D:\wamp\www\Tp_group\ThinkPHP\Extend\Model\RelationModel.class.php 第 188 行.
NOTIC: [8] Undefined index: mapping_limit D:\wamp\www\Tp_group\ThinkPHP\Extend\Model\RelationModel.class.php 第 189 行.
NOTIC: [8] Undefined index: relation_foreign_key D:\wamp\www\Tp_group\ThinkPHP\Extend\Model\RelationModel.class.php 第 190 行.
SQL: SELECT b.id,name,remark FROM think_role_user AS a, think_role AS b WHERE a.role_id = b.id AND a. user_id='1' [ RunTime:0.001000s ]
NOTIC: [8] Undefined index: mapping_order D:\wamp\www\Tp_group\ThinkPHP\Extend\Model\RelationModel.class.php 第 188 行.
NOTIC: [8] Undefined index: mapping_limit D:\wamp\www\Tp_group\ThinkPHP\Extend\Model\RelationModel.class.php 第 189 行.
NOTIC: [8] Undefined index: relation_foreign_key D:\wamp\www\Tp_group\ThinkPHP\Extend\Model\RelationModel.class.php 第 190 行.
SQL: SELECT b.id,name,remark FROM think_role_user AS a, think_role AS b WHERE a.role_id = b.id AND a. user_id='50' [ RunTime:0.001000s ]
NOTIC: [8] Undefined index: mapping_order D:\wamp\www\Tp_group\ThinkPHP\Extend\Model\RelationModel.class.php 第 188 行.
NOTIC: [8] Undefined index: mapping_limit D:\wamp\www\Tp_group\ThinkPHP\Extend\Model\RelationModel.class.php 第 189 行.
NOTIC: [8] Undefined index: relation_foreign_key D:\wamp\www\Tp_group\ThinkPHP\Extend\Model\RelationModel.class.php 第 190 行.
SQL: SELECT b.id,name,remark FROM think_role_user AS a, think_role AS b WHERE a.role_id = b.id AND a. user_id='51' [ RunTime:0.001000s ]
NOTIC: [8] Undefined index: mapping_order D:\wamp\www\Tp_group\ThinkPHP\Extend\Model\RelationModel.class.php 第 188 行.
NOTIC: [8] Undefined index: mapping_limit D:\wamp\www\Tp_group\ThinkPHP\Extend\Model\RelationModel.class.php 第 189 行.
NOTIC: [8] Undefined index: relation_foreign_key D:\wamp\www\Tp_group\ThinkPHP\Extend\Model\RelationModel.class.php 第 190 行.
SQL: SELECT b.id,name,remark FROM think_role_user AS a, think_role AS b WHERE a.role_id = b.id AND a. user_id='52' [ RunTime:0.001000s ]
INFO: [ view_parse ] --START--

[ 2014-09-20T14:49:36+08:00 ] 0.0.0.0 /Tp_group/index.php/Admin/Rbac/index
INFO: [ route_check ] --START--
INFO: CheckRoute Behavior ::run [ RunTime:0.002000s ]
INFO: [ route_check ] --END-- [ RunTime:0.002000s ]
INFO: [ app_begin ] --START--
INFO: ReadHtmlCache Behavior ::run [ RunTime:0.002001s ]
INFO: [ app_begin ] --END-- [ RunTime:0.002001s ]
SQL: SHOW COLUMNS FROM `think_user` [ RunTime:0.006000s ]
SQL: SELECT `uid`,`uname`,`active`,`date`,`ip` FROM `think_user`  [ RunTime:0.001000s ]
SQL: SHOW COLUMNS FROM `think_role` [ RunTime:0.007001s ]
NOTIC: [8] Undefined index: mapping_order D:\wamp\www\Tp_group\ThinkPHP\Extend\Model\RelationModel.class.php 第 188 行.
NOTIC: [8] Undefined index: mapping_limit D:\wamp\www\Tp_group\ThinkPHP\Extend\Model\RelationModel.class.php 第 189 行.
NOTIC: [8] Undefined index: relation_foreign_key D:\wamp\www\Tp_group\ThinkPHP\Extend\Model\RelationModel.class.php 第 190 行.
SQL: SELECT b.id,name,remark FROM think_role_user AS a, think_role AS b WHERE a.role_id = b.id AND a. user_id='1' [ RunTime:0.001000s ]
NOTIC: [8] Undefined index: mapping_order D:\wamp\www\Tp_group\ThinkPHP\Extend\Model\RelationModel.class.php 第 188 行.
NOTIC: [8] Undefined index: mapping_limit D:\wamp\www\Tp_group\ThinkPHP\Extend\Model\RelationModel.class.php 第 189 行.
NOTIC: [8] Undefined index: relation_foreign_key D:\wamp\www\Tp_group\ThinkPHP\Extend\Model\RelationModel.class.php 第 190 行.
SQL: SELECT b.id,name,remark FROM think_role_user AS a, think_role AS b WHERE a.role_id = b.id AND a. user_id='50' [ RunTime:0.001000s ]
NOTIC: [8] Undefined index: mapping_order D:\wamp\www\Tp_group\ThinkPHP\Extend\Model\RelationModel.class.php 第 188 行.
NOTIC: [8] Undefined index: mapping_limit D:\wamp\www\Tp_group\ThinkPHP\Extend\Model\RelationModel.class.php 第 189 行.
NOTIC: [8] Undefined index: relation_foreign_key D:\wamp\www\Tp_group\ThinkPHP\Extend\Model\RelationModel.class.php 第 190 行.
SQL: SELECT b.id,name,remark FROM think_role_user AS a, think_role AS b WHERE a.role_id = b.id AND a. user_id='51' [ RunTime:0.001000s ]
NOTIC: [8] Undefined index: mapping_order D:\wamp\www\Tp_group\ThinkPHP\Extend\Model\RelationModel.class.php 第 188 行.
NOTIC: [8] Undefined index: mapping_limit D:\wamp\www\Tp_group\ThinkPHP\Extend\Model\RelationModel.class.php 第 189 行.
NOTIC: [8] Undefined index: relation_foreign_key D:\wamp\www\Tp_group\ThinkPHP\Extend\Model\RelationModel.class.php 第 190 行.
SQL: SELECT b.id,name,remark FROM think_role_user AS a, think_role AS b WHERE a.role_id = b.id AND a. user_id='52' [ RunTime:0.001000s ]
INFO: [ view_parse ] --START--
INFO: ParseTemplate Behavior ::run [ RunTime:0.032002s ]
INFO: [ view_parse ] --END-- [ RunTime:0.033002s ]
INFO: [ view_filter ] --START--
INFO: ContentReplace Behavior ::run [ RunTime:0.002000s ]
INFO: TokenBuild Behavior ::run [ RunTime:0.001000s ]
INFO: WriteHtmlCache Behavior ::run [ RunTime:0.001000s ]
INFO: ShowRuntime Behavior ::run [ RunTime:0.002000s ]
INFO: [ view_filter ] --END-- [ RunTime:0.007001s ]
INFO: [ view_end ] --START--
INFO: ShowPageTrace Behavior ::run [ RunTime:0.002000s ]
INFO: [ view_end ] --END-- [ RunTime:0.002000s ]

[ 2014-09-20T14:49:39+08:00 ] 0.0.0.0 /Tp_group/index.php/Admin/Rbac/lock/uid/1
INFO: [ route_check ] --START--
INFO: CheckRoute Behavior ::run [ RunTime:0.002000s ]
INFO: [ route_check ] --END-- [ RunTime:0.002000s ]
INFO: [ app_begin ] --START--
INFO: ReadHtmlCache Behavior ::run [ RunTime:0.001000s ]
INFO: [ app_begin ] --END-- [ RunTime:0.003000s ]

[ 2014-09-20T14:49:42+08:00 ] 0.0.0.0 /Tp_group/index.php/Admin/Rbac/lock/uid/50
INFO: [ route_check ] --START--
INFO: CheckRoute Behavior ::run [ RunTime:0.002000s ]
INFO: [ route_check ] --END-- [ RunTime:0.002000s ]
INFO: [ app_begin ] --START--
INFO: ReadHtmlCache Behavior ::run [ RunTime:0.002000s ]
INFO: [ app_begin ] --END-- [ RunTime:0.002000s ]

[ 2014-09-20T14:49:44+08:00 ] 0.0.0.0 /Tp_group/index.php/Admin/Rbac/lock/uid/51
INFO: [ route_check ] --START--
INFO: CheckRoute Behavior ::run [ RunTime:0.002000s ]
INFO: [ route_check ] --END-- [ RunTime:0.002000s ]
INFO: [ app_begin ] --START--
INFO: ReadHtmlCache Behavior ::run [ RunTime:0.002000s ]
INFO: [ app_begin ] --END-- [ RunTime:0.002000s ]

[ 2014-09-20T14:49:46+08:00 ] 0.0.0.0 /Tp_group/index.php/Admin/Rbac/lock/uid/52
INFO: [ route_check ] --START--
INFO: CheckRoute Behavior ::run [ RunTime:0.001000s ]
INFO: [ route_check ] --END-- [ RunTime:0.003000s ]
INFO: [ app_begin ] --START--
INFO: ReadHtmlCache Behavior ::run [ RunTime:0.001000s ]
INFO: [ app_begin ] --END-- [ RunTime:0.002000s ]

[ 2014-09-20T14:53:31+08:00 ] 0.0.0.0 /Tp_group/index.php/Admin/Rbac/lock/uid/1
INFO: [ route_check ] --START--
INFO: CheckRoute Behavior ::run [ RunTime:0.002000s ]
INFO: [ route_check ] --END-- [ RunTime:0.002000s ]
INFO: [ app_begin ] --START--
INFO: ReadHtmlCache Behavior ::run [ RunTime:0.002000s ]
INFO: [ app_begin ] --END-- [ RunTime:0.002000s ]
SQL: SHOW COLUMNS FROM `think_user` [ RunTime:0.007000s ]
SQL: UPDATE `think_user` SET `active`=1 WHERE ( uid = $uid ) [ RunTime:0.000000s ]
ERR: 1054:Unknown column '$uid' in 'where clause'
 [ SQL语句 ] : UPDATE `think_user` SET `active`=1 WHERE ( uid = $uid )
INFO: [ view_parse ] --START--
INFO: ParseTemplate Behavior ::run [ RunTime:0.045003s ]
INFO: [ view_parse ] --END-- [ RunTime:0.045003s ]
INFO: [ view_filter ] --START--
INFO: ContentReplace Behavior ::run [ RunTime:0.001000s ]
INFO: TokenBuild Behavior ::run [ RunTime:0.002000s ]
INFO: WriteHtmlCache Behavior ::run [ RunTime:0.001000s ]
INFO: ShowRuntime Behavior ::run [ RunTime:0.002000s ]
INFO: [ view_filter ] --END-- [ RunTime:0.007000s ]
INFO: [ view_end ] --START--
INFO: ShowPageTrace Behavior ::run [ RunTime:0.002001s ]
INFO: [ view_end ] --END-- [ RunTime:0.002001s ]

[ 2014-09-20T15:06:10+08:00 ] 0.0.0.0 /Tp_group/index.php/Admin/Rbac/index
INFO: [ route_check ] --START--
INFO: CheckRoute Behavior ::run [ RunTime:0.002000s ]
INFO: [ route_check ] --END-- [ RunTime:0.003000s ]

[ 2014-09-20T15:06:40+08:00 ] 0.0.0.0 /Tp_group/index.php/Admin/Rbac/index
INFO: [ route_check ] --START--
INFO: CheckRoute Behavior ::run [ RunTime:0.003000s ]
INFO: [ route_check ] --END-- [ RunTime:0.003000s ]

[ 2014-09-20T15:06:50+08:00 ] 0.0.0.0 /Tp_group/index.php/Admin/Rbac/index
INFO: [ route_check ] --START--
INFO: CheckRoute Behavior ::run [ RunTime:0.003000s ]
INFO: [ route_check ] --END-- [ RunTime:0.003000s ]

[ 2014-09-20T15:06:55+08:00 ] 0.0.0.0 /Tp_group/index.php/Admin/Rbac/lock/uid/50
INFO: [ route_check ] --START--
INFO: CheckRoute Behavior ::run [ RunTime:0.002000s ]
INFO: [ route_check ] --END-- [ RunTime:0.003000s ]

[ 2014-09-20T15:07:51+08:00 ] 0.0.0.0 /Tp_group/index.php/Admin/Rbac/lock/uid/1
INFO: [ route_check ] --START--
INFO: CheckRoute Behavior ::run [ RunTime:0.003000s ]
INFO: [ route_check ] --END-- [ RunTime:0.003000s ]

[ 2014-09-20T15:07:53+08:00 ] 0.0.0.0 /Tp_group/index.php/Admin/Rbac/index
INFO: [ route_check ] --START--
INFO: CheckRoute Behavior ::run [ RunTime:0.002000s ]
INFO: [ route_check ] --END-- [ RunTime:0.003000s ]

[ 2014-09-20T15:07:54+08:00 ] 0.0.0.0 /Tp_group/index.php/Admin/Rbac/lock/uid/50
INFO: [ route_check ] --START--
INFO: CheckRoute Behavior ::run [ RunTime:0.002000s ]
INFO: [ route_check ] --END-- [ RunTime:0.002000s ]

[ 2014-09-20T15:08:20+08:00 ] 0.0.0.0 /Tp_group/index.php/Admin/Rbac/lock/uid/1
INFO: [ route_check ] --START--
INFO: CheckRoute Behavior ::run [ RunTime:0.002000s ]
INFO: [ route_check ] --END-- [ RunTime:0.003000s ]

[ 2014-09-20T15:08:24+08:00 ] 0.0.0.0 /Tp_group/index.php/Admin/Rbac/lock/uid/1
INFO: [ route_check ] --START--
INFO: CheckRoute Behavior ::run [ RunTime:0.003001s ]
INFO: [ route_check ] --END-- [ RunTime:0.003001s ]

[ 2014-09-20T15:08:53+08:00 ] 0.0.0.0 /Tp_group/index.php/Admin/Rbac/lock/uid/1
INFO: [ route_check ] --START--
INFO: CheckRoute Behavior ::run [ RunTime:0.002000s ]
INFO: [ route_check ] --END-- [ RunTime:0.003000s ]

[ 2014-09-20T15:09:16+08:00 ] 0.0.0.0 /Tp_group/index.php/Admin/Rbac/index
INFO: [ route_check ] --START--
INFO: CheckRoute Behavior ::run [ RunTime:0.002000s ]
INFO: [ route_check ] --END-- [ RunTime:0.003000s ]

[ 2014-09-20T15:11:24+08:00 ] 0.0.0.0 /Tp_group/index.php/Admin/Rbac/lock/uid/50
INFO: [ route_check ] --START--
INFO: CheckRoute Behavior ::run [ RunTime:0.003000s ]
INFO: [ route_check ] --END-- [ RunTime:0.003000s ]

[ 2014-09-20T15:11:28+08:00 ] 0.0.0.0 /Tp_group/index.php/Admin/Rbac/index
INFO: [ route_check ] --START--
INFO: CheckRoute Behavior ::run [ RunTime:0.002000s ]
INFO: [ route_check ] --END-- [ RunTime:0.003000s ]

[ 2014-09-20T15:11:43+08:00 ] 0.0.0.0 /Tp_group/index.php/Admin/Rbac/index
INFO: [ route_check ] --START--
INFO: CheckRoute Behavior ::run [ RunTime:0.002000s ]
INFO: [ route_check ] --END-- [ RunTime:0.003000s ]

[ 2014-09-20T15:11:44+08:00 ] 0.0.0.0 /Tp_group/index.php/Admin/Rbac/lock/uid/1
INFO: [ route_check ] --START--
INFO: CheckRoute Behavior ::run [ RunTime:0.003000s ]
INFO: [ route_check ] --END-- [ RunTime:0.003000s ]

[ 2014-09-20T15:12:04+08:00 ] 0.0.0.0 /Tp_group/index.php/Admin/Rbac/lock/uid/1
INFO: [ route_check ] --START--
INFO: CheckRoute Behavior ::run [ RunTime:0.002000s ]
INFO: [ route_check ] --END-- [ RunTime:0.002000s ]

[ 2014-09-20T15:12:07+08:00 ] 0.0.0.0 /Tp_group/index.php/Admin/Rbac/index
INFO: [ route_check ] --START--
INFO: CheckRoute Behavior ::run [ RunTime:0.002000s ]
INFO: [ route_check ] --END-- [ RunTime:0.003000s ]

[ 2014-09-20T15:12:11+08:00 ] 0.0.0.0 /Tp_group/index.php/Admin/Rbac/lock/uid/50
INFO: [ route_check ] --START--
INFO: CheckRoute Behavior ::run [ RunTime:0.002000s ]
INFO: [ route_check ] --END-- [ RunTime:0.002000s ]

[ 2014-09-20T15:12:16+08:00 ] 0.0.0.0 /Tp_group/index.php/Admin/Rbac/lock/uid/51
INFO: [ route_check ] --START--
INFO: CheckRoute Behavior ::run [ RunTime:0.002000s ]
INFO: [ route_check ] --END-- [ RunTime:0.002000s ]

[ 2014-09-20T15:12:19+08:00 ] 0.0.0.0 /Tp_group/index.php/Admin/Rbac/index
INFO: [ route_check ] --START--
INFO: CheckRoute Behavior ::run [ RunTime:0.002000s ]
INFO: [ route_check ] --END-- [ RunTime:0.003000s ]

[ 2014-09-20T15:12:28+08:00 ] 0.0.0.0 /Tp_group/index.php/Admin/Rbac/index
INFO: [ route_check ] --START--
INFO: CheckRoute Behavior ::run [ RunTime:0.002000s ]
INFO: [ route_check ] --END-- [ RunTime:0.002000s ]

[ 2014-09-20T15:12:33+08:00 ] 0.0.0.0 /Tp_group/index.php/Admin/Rbac/lock/uid/52
INFO: [ route_check ] --START--
INFO: CheckRoute Behavior ::run [ RunTime:0.002001s ]
INFO: [ route_check ] --END-- [ RunTime:0.002001s ]

[ 2014-09-20T15:12:36+08:00 ] 0.0.0.0 /Tp_group/index.php/Admin/Rbac/index
INFO: [ route_check ] --START--
INFO: CheckRoute Behavior ::run [ RunTime:0.002000s ]
INFO: [ route_check ] --END-- [ RunTime:0.003000s ]

[ 2014-09-20T15:14:13+08:00 ] 0.0.0.0 /Tp_group/index.php/Admin/Rbac/index
INFO: [ route_check ] --START--
INFO: CheckRoute Behavior ::run [ RunTime:0.003000s ]
INFO: [ route_check ] --END-- [ RunTime:0.003000s ]

[ 2014-09-20T15:14:14+08:00 ] 0.0.0.0 /Tp_group/index.php/Admin/Rbac/unlock/uid/1
INFO: [ route_check ] --START--
INFO: CheckRoute Behavior ::run [ RunTime:0.003000s ]
INFO: [ route_check ] --END-- [ RunTime:0.003000s ]

[ 2014-09-20T15:14:17+08:00 ] 0.0.0.0 /Tp_group/index.php/Admin/Rbac/index
INFO: [ route_check ] --START--
INFO: CheckRoute Behavior ::run [ RunTime:0.002000s ]
INFO: [ route_check ] --END-- [ RunTime:0.003000s ]

[ 2014-09-20T15:14:18+08:00 ] 0.0.0.0 /Tp_group/index.php/Admin/Rbac/unlock/uid/50
INFO: [ route_check ] --START--
INFO: CheckRoute Behavior ::run [ RunTime:0.002000s ]
INFO: [ route_check ] --END-- [ RunTime:0.004000s ]

[ 2014-09-20T15:14:21+08:00 ] 0.0.0.0 /Tp_group/index.php/Admin/Rbac/index
INFO: [ route_check ] --START--
INFO: CheckRoute Behavior ::run [ RunTime:0.002000s ]
INFO: [ route_check ] --END-- [ RunTime:0.002000s ]

[ 2014-09-20T15:15:13+08:00 ] 0.0.0.0 /Tp_group/index.php/Admin/Rbac/index
INFO: [ route_check ] --START--
INFO: CheckRoute Behavior ::run [ RunTime:0.002000s ]
INFO: [ route_check ] --END-- [ RunTime:0.002000s ]

[ 2014-09-20T15:15:22+08:00 ] 0.0.0.0 /Tp_group/index.php/Admin/Rbac/unlock/uid/51
INFO: [ route_check ] --START--
INFO: CheckRoute Behavior ::run [ RunTime:0.002000s ]
INFO: [ route_check ] --END-- [ RunTime:0.003000s ]

[ 2014-09-20T15:15:25+08:00 ] 0.0.0.0 /Tp_group/index.php/Admin/Rbac/index
INFO: [ route_check ] --START--
INFO: CheckRoute Behavior ::run [ RunTime:0.003000s ]
INFO: [ route_check ] --END-- [ RunTime:0.003000s ]

[ 2014-09-20T15:15:29+08:00 ] 0.0.0.0 /Tp_group/index.php/Admin/Rbac/unlock/uid/52
INFO: [ route_check ] --START--
INFO: CheckRoute Behavior ::run [ RunTime:0.003000s ]
INFO: [ route_check ] --END-- [ RunTime:0.003000s ]

[ 2014-09-20T15:15:36+08:00 ] 0.0.0.0 /Tp_group/index.php/Admin/Rbac/index
INFO: [ route_check ] --START--
INFO: CheckRoute Behavior ::run [ RunTime:0.002000s ]
INFO: [ route_check ] --END-- [ RunTime:0.002000s ]

[ 2014-09-20T15:17:11+08:00 ] 0.0.0.0 /Tp_group/index.php/Admin/Rbac/index
INFO: [ route_check ] --START--
INFO: CheckRoute Behavior ::run [ RunTime:0.002000s ]
INFO: [ route_check ] --END-- [ RunTime:0.003000s ]

[ 2014-09-20T15:17:35+08:00 ] 0.0.0.0 /Tp_group/index.php/Admin/Rbac/lock/uid/1
INFO: [ route_check ] --START--
INFO: CheckRoute Behavior ::run [ RunTime:0.002000s ]
INFO: [ route_check ] --END-- [ RunTime:0.003000s ]

[ 2014-09-20T15:17:37+08:00 ] 0.0.0.0 /Tp_group/index.php/Admin/Rbac/index
INFO: [ route_check ] --START--
INFO: CheckRoute Behavior ::run [ RunTime:0.002000s ]
INFO: [ route_check ] --END-- [ RunTime:0.003000s ]

[ 2014-09-20T15:17:41+08:00 ] 0.0.0.0 /Tp_group/index.php/Admin/Rbac/unlock/uid/1
INFO: [ route_check ] --START--
INFO: CheckRoute Behavior ::run [ RunTime:0.002000s ]
INFO: [ route_check ] --END-- [ RunTime:0.003000s ]

[ 2014-09-20T15:17:52+08:00 ] 0.0.0.0 /Tp_group/index.php/Admin/Rbac/index
INFO: [ route_check ] --START--
INFO: CheckRoute Behavior ::run [ RunTime:0.002000s ]
INFO: [ route_check ] --END-- [ RunTime:0.002000s ]

[ 2014-09-20T15:21:40+08:00 ] 0.0.0.0 /Tp_group/index.php/Admin/Rbac/index
INFO: [ route_check ] --START--
INFO: CheckRoute Behavior ::run [ RunTime:0.003000s ]
INFO: [ route_check ] --END-- [ RunTime:0.003000s ]

[ 2014-09-20T15:21:41+08:00 ] 0.0.0.0 /Tp_group/index.php/Admin/Rbac/lock/uid/50
INFO: [ route_check ] --START--
INFO: CheckRoute Behavior ::run [ RunTime:0.002000s ]
INFO: [ route_check ] --END-- [ RunTime:0.003000s ]

[ 2014-09-20T15:21:43+08:00 ] 0.0.0.0 /Tp_group/index.php/Admin/Rbac/lock/uid/51
INFO: [ route_check ] --START--
INFO: CheckRoute Behavior ::run [ RunTime:0.002000s ]
INFO: [ route_check ] --END-- [ RunTime:0.003000s ]

[ 2014-09-20T15:21:46+08:00 ] 0.0.0.0 /Tp_group/index.php/Admin/Rbac/lock/uid/52
INFO: [ route_check ] --START--
INFO: CheckRoute Behavior ::run [ RunTime:0.002000s ]
INFO: [ route_check ] --END-- [ RunTime:0.002000s ]

[ 2014-09-20T15:21:48+08:00 ] 0.0.0.0 /Tp_group/index.php/Admin/Rbac/index
INFO: [ route_check ] --START--
INFO: CheckRoute Behavior ::run [ RunTime:0.002001s ]
INFO: [ route_check ] --END-- [ RunTime:0.002001s ]

[ 2014-09-20T15:21:53+08:00 ] 0.0.0.0 /Tp_group/index.php/Admin/Rbac/index
INFO: [ route_check ] --START--
INFO: CheckRoute Behavior ::run [ RunTime:0.002000s ]
INFO: [ route_check ] --END-- [ RunTime:0.002000s ]

[ 2014-09-20T15:21:57+08:00 ] 0.0.0.0 /Tp_group/index.php/Admin/Rbac/index
INFO: [ route_check ] --START--
INFO: CheckRoute Behavior ::run [ RunTime:0.002000s ]
INFO: [ route_check ] --END-- [ RunTime:0.003000s ]

[ 2014-09-20T15:22:03+08:00 ] 0.0.0.0 /Tp_group/index.php/Admin/Rbac/index
INFO: [ route_check ] --START--
INFO: CheckRoute Behavior ::run [ RunTime:0.002000s ]
INFO: [ route_check ] --END-- [ RunTime:0.003000s ]

[ 2014-09-20T15:22:05+08:00 ] 0.0.0.0 /Tp_group/index.php/Admin/Rbac/unlock/uid/1
INFO: [ route_check ] --START--
INFO: CheckRoute Behavior ::run [ RunTime:0.002000s ]
INFO: [ route_check ] --END-- [ RunTime:0.003000s ]

[ 2014-09-20T15:22:19+08:00 ] 0.0.0.0 /Tp_group/index.php/Admin/Rbac/unlock/uid/51
INFO: [ route_check ] --START--
INFO: CheckRoute Behavior ::run [ RunTime:0.003000s ]
INFO: [ route_check ] --END-- [ RunTime:0.003000s ]

[ 2014-09-20T15:22:22+08:00 ] 0.0.0.0 /Tp_group/index.php/Admin/Rbac/lock/uid/1
INFO: [ route_check ] --START--
INFO: CheckRoute Behavior ::run [ RunTime:0.002000s ]
INFO: [ route_check ] --END-- [ RunTime:0.003000s ]

[ 2014-09-20T15:22:24+08:00 ] 0.0.0.0 /Tp_group/index.php/Admin/Rbac/index
INFO: [ route_check ] --START--
INFO: CheckRoute Behavior ::run [ RunTime:0.002000s ]
INFO: [ route_check ] --END-- [ RunTime:0.002000s ]

[ 2014-09-20T15:22:44+08:00 ] 0.0.0.0 /Tp_group/index.php/Admin/Rbac/index
INFO: [ route_check ] --START--
INFO: CheckRoute Behavior ::run [ RunTime:0.002000s ]
INFO: [ route_check ] --END-- [ RunTime:0.002000s ]

[ 2014-09-20T15:22:51+08:00 ] 0.0.0.0 /Tp_group/index.php/Admin/Rbac/index
INFO: [ route_check ] --START--
INFO: CheckRoute Behavior ::run [ RunTime:0.002001s ]
INFO: [ route_check ] --END-- [ RunTime:0.003001s ]

[ 2014-09-20T15:23:07+08:00 ] 0.0.0.0 /Tp_group/index.php/Admin/Rbac/index
INFO: [ route_check ] --START--
INFO: CheckRoute Behavior ::run [ RunTime:0.002000s ]
INFO: [ route_check ] --END-- [ RunTime:0.003000s ]

[ 2014-09-20T15:23:17+08:00 ] 0.0.0.0 /Tp_group/index.php/Admin/Rbac/index
INFO: [ route_check ] --START--
INFO: CheckRoute Behavior ::run [ RunTime:0.002000s ]
INFO: [ route_check ] --END-- [ RunTime:0.003000s ]

[ 2014-09-20T15:23:22+08:00 ] 0.0.0.0 /Tp_group/index.php/Admin/Rbac/index
INFO: [ route_check ] --START--
INFO: CheckRoute Behavior ::run [ RunTime:0.002000s ]
INFO: [ route_check ] --END-- [ RunTime:0.002000s ]

[ 2014-09-20T15:23:24+08:00 ] 0.0.0.0 /Tp_group/index.php/Admin/Rbac/unlock/uid/1
INFO: [ route_check ] --START--
INFO: CheckRoute Behavior ::run [ RunTime:0.002000s ]
INFO: [ route_check ] --END-- [ RunTime:0.003000s ]

[ 2014-09-20T15:23:32+08:00 ] 0.0.0.0 /Tp_group/index.php/Admin/Rbac/unlock/uid/1
INFO: [ route_check ] --START--
INFO: CheckRoute Behavior ::run [ RunTime:0.002000s ]
INFO: [ route_check ] --END-- [ RunTime:0.002000s ]

[ 2014-09-20T15:23:35+08:00 ] 0.0.0.0 /Tp_group/index.php/Admin/Rbac/index
INFO: [ route_check ] --START--
INFO: CheckRoute Behavior ::run [ RunTime:0.002000s ]
INFO: [ route_check ] --END-- [ RunTime:0.002000s ]

[ 2014-09-20T15:24:01+08:00 ] 0.0.0.0 /Tp_group/index.php/Admin/Rbac/lock/uid/51
INFO: [ route_check ] --START--
INFO: CheckRoute Behavior ::run [ RunTime:0.002000s ]
INFO: [ route_check ] --END-- [ RunTime:0.003000s ]

[ 2014-09-20T15:24:04+08:00 ] 0.0.0.0 /Tp_group/index.php/Admin/Rbac/index
INFO: [ route_check ] --START--
INFO: CheckRoute Behavior ::run [ RunTime:0.002000s ]
INFO: [ route_check ] --END-- [ RunTime:0.003000s ]

[ 2014-09-20T15:24:06+08:00 ] 0.0.0.0 /Tp_group/index.php/Admin/Rbac/unlock/uid/51
INFO: [ route_check ] --START--
INFO: CheckRoute Behavior ::run [ RunTime:0.002000s ]
INFO: [ route_check ] --END-- [ RunTime:0.002000s ]

[ 2014-09-20T15:24:08+08:00 ] 0.0.0.0 /Tp_group/index.php/Admin/Rbac/index
INFO: [ route_check ] --START--
INFO: CheckRoute Behavior ::run [ RunTime:0.002000s ]
INFO: [ route_check ] --END-- [ RunTime:0.002000s ]

[ 2014-09-20T15:26:05+08:00 ] 0.0.0.0 /Tp_group/index.php/Admin/Rbac/index
INFO: [ route_check ] --START--
INFO: CheckRoute Behavior ::run [ RunTime:0.003000s ]
INFO: [ route_check ] --END-- [ RunTime:0.003000s ]

[ 2014-09-20T15:26:07+08:00 ] 0.0.0.0 /Tp_group/index.php/Admin/Rbac/lock/uid/1
INFO: [ route_check ] --START--
INFO: CheckRoute Behavior ::run [ RunTime:0.002000s ]
INFO: [ route_check ] --END-- [ RunTime:0.003001s ]

[ 2014-09-20T15:26:10+08:00 ] 0.0.0.0 /Tp_group/index.php/Admin/Rbac/index
INFO: [ route_check ] --START--
INFO: CheckRoute Behavior ::run [ RunTime:0.003000s ]
INFO: [ route_check ] --END-- [ RunTime:0.003000s ]

[ 2014-09-20T15:26:16+08:00 ] 0.0.0.0 /Tp_group/index.php/Admin/Rbac/index
INFO: [ route_check ] --START--
INFO: CheckRoute Behavior ::run [ RunTime:0.002000s ]
INFO: [ route_check ] --END-- [ RunTime:0.003000s ]

[ 2014-09-20T15:26:17+08:00 ] 0.0.0.0 /Tp_group/index.php/Admin/Rbac/index
INFO: [ route_check ] --START--
INFO: CheckRoute Behavior ::run [ RunTime:0.003001s ]
INFO: [ route_check ] --END-- [ RunTime:0.003001s ]

[ 2014-09-20T15:26:18+08:00 ] 0.0.0.0 /Tp_group/index.php/Admin/Rbac/index
INFO: [ route_check ] --START--
INFO: CheckRoute Behavior ::run [ RunTime:0.002000s ]
INFO: [ route_check ] --END-- [ RunTime:0.003000s ]

[ 2014-09-20T15:26:21+08:00 ] 0.0.0.0 /Tp_group/index.php/Admin/Rbac/index
INFO: [ route_check ] --START--
INFO: CheckRoute Behavior ::run [ RunTime:0.002000s ]
INFO: [ route_check ] --END-- [ RunTime:0.003000s ]

[ 2014-09-20T15:26:25+08:00 ] 0.0.0.0 /Tp_group/index.php/Admin/Rbac/index
INFO: [ route_check ] --START--
INFO: CheckRoute Behavior ::run [ RunTime:0.002000s ]
INFO: [ route_check ] --END-- [ RunTime:0.003000s ]

[ 2014-09-20T15:26:26+08:00 ] 0.0.0.0 /Tp_group/index.php/Admin/Rbac/index
INFO: [ route_check ] --START--
INFO: CheckRoute Behavior ::run [ RunTime:0.002000s ]
INFO: [ route_check ] --END-- [ RunTime:0.003000s ]

[ 2014-09-20T15:26:27+08:00 ] 0.0.0.0 /Tp_group/index.php/Admin/Rbac/lock/uid/51
INFO: [ route_check ] --START--
INFO: CheckRoute Behavior ::run [ RunTime:0.002000s ]
INFO: [ route_check ] --END-- [ RunTime:0.003000s ]

[ 2014-09-20T15:26:30+08:00 ] 0.0.0.0 /Tp_group/index.php/Admin/Rbac/unlock/uid/51
INFO: [ route_check ] --START--
INFO: CheckRoute Behavior ::run [ RunTime:0.002000s ]
INFO: [ route_check ] --END-- [ RunTime:0.002000s ]

[ 2014-09-20T15:26:32+08:00 ] 0.0.0.0 /Tp_group/index.php/Admin/Rbac/index
INFO: [ route_check ] --START--
INFO: CheckRoute Behavior ::run [ RunTime:0.002000s ]
INFO: [ route_check ] --END-- [ RunTime:0.003000s ]

[ 2014-09-20T15:26:33+08:00 ] 0.0.0.0 /Tp_group/index.php/Admin/Rbac/index
INFO: [ route_check ] --START--
INFO: CheckRoute Behavior ::run [ RunTime:0.002000s ]
INFO: [ route_check ] --END-- [ RunTime:0.002000s ]

[ 2014-09-20T15:26:35+08:00 ] 0.0.0.0 /Tp_group/index.php/Admin/Rbac/index
INFO: [ route_check ] --START--
INFO: CheckRoute Behavior ::run [ RunTime:0.003000s ]
INFO: [ route_check ] --END-- [ RunTime:0.003000s ]

[ 2014-09-20T15:26:36+08:00 ] 0.0.0.0 /Tp_group/index.php/Admin/Rbac/index
INFO: [ route_check ] --START--
INFO: CheckRoute Behavior ::run [ RunTime:0.002000s ]
INFO: [ route_check ] --END-- [ RunTime:0.002000s ]

[ 2014-09-20T15:26:37+08:00 ] 0.0.0.0 /Tp_group/index.php/Admin/Rbac/index
INFO: [ route_check ] --START--
INFO: CheckRoute Behavior ::run [ RunTime:0.002000s ]
INFO: [ route_check ] --END-- [ RunTime:0.003000s ]

[ 2014-09-20T15:26:37+08:00 ] 0.0.0.0 /Tp_group/index.php/Admin/Rbac/index
INFO: [ route_check ] --START--
INFO: CheckRoute Behavior ::run [ RunTime:0.002001s ]
INFO: [ route_check ] --END-- [ RunTime:0.002001s ]

[ 2014-09-20T15:26:41+08:00 ] 0.0.0.0 /Tp_group/index.php/Admin/Rbac/index
INFO: [ route_check ] --START--
INFO: CheckRoute Behavior ::run [ RunTime:0.002001s ]
INFO: [ route_check ] --END-- [ RunTime:0.003001s ]

[ 2014-09-20T15:26:41+08:00 ] 0.0.0.0 /Tp_group/index.php/Admin/Rbac/index
INFO: [ route_check ] --START--
INFO: CheckRoute Behavior ::run [ RunTime:0.003000s ]
INFO: [ route_check ] --END-- [ RunTime:0.003000s ]

[ 2014-09-20T15:26:42+08:00 ] 0.0.0.0 /Tp_group/index.php/Admin/Rbac/index
INFO: [ route_check ] --START--
INFO: CheckRoute Behavior ::run [ RunTime:0.002001s ]
INFO: [ route_check ] --END-- [ RunTime:0.002001s ]

[ 2014-09-20T15:26:42+08:00 ] 0.0.0.0 /Tp_group/index.php/Admin/Rbac/index
INFO: [ route_check ] --START--
INFO: CheckRoute Behavior ::run [ RunTime:0.003000s ]
INFO: [ route_check ] --END-- [ RunTime:0.003000s ]

[ 2014-09-20T15:26:56+08:00 ] 0.0.0.0 /Tp_group/index.php/Admin/Rbac/index
INFO: [ route_check ] --START--
INFO: CheckRoute Behavior ::run [ RunTime:0.002000s ]
INFO: [ route_check ] --END-- [ RunTime:0.003000s ]

[ 2014-09-20T15:27:00+08:00 ] 0.0.0.0 /Tp_group/index.php/Admin
INFO: [ route_check ] --START--
INFO: CheckRoute Behavior ::run [ RunTime:0.002000s ]
INFO: [ route_check ] --END-- [ RunTime:0.003000s ]

[ 2014-09-20T15:27:05+08:00 ] 0.0.0.0 /Tp_group/index.php/Admin/Rbac/unlock/uid/1
INFO: [ route_check ] --START--
INFO: CheckRoute Behavior ::run [ RunTime:0.002001s ]
INFO: [ route_check ] --END-- [ RunTime:0.002001s ]

[ 2014-09-20T15:27:08+08:00 ] 0.0.0.0 /Tp_group/index.php/Admin/Rbac/index
INFO: [ route_check ] --START--
INFO: CheckRoute Behavior ::run [ RunTime:0.002000s ]
INFO: [ route_check ] --END-- [ RunTime:0.003000s ]

[ 2014-09-20T15:27:10+08:00 ] 0.0.0.0 /Tp_group/index.php/Admin/Rbac/lock/uid/51
INFO: [ route_check ] --START--
INFO: CheckRoute Behavior ::run [ RunTime:0.002000s ]
INFO: [ route_check ] --END-- [ RunTime:0.003000s ]

[ 2014-09-20T15:27:13+08:00 ] 0.0.0.0 /Tp_group/index.php/Admin/Rbac/index
INFO: [ route_check ] --START--
INFO: CheckRoute Behavior ::run [ RunTime:0.002001s ]
INFO: [ route_check ] --END-- [ RunTime:0.002001s ]

