[ 2014-11-14T14:56:39+08:00 ] 0.0.0.0 /Tp_group/Thumb/150x100/201410/5442493ca5efc.jpeg
INFO: [ route_check ] --START--
INFO: CheckRoute Behavior ::run [ RunTime:0.046003s ]
INFO: [ route_check ] --END-- [ RunTime:0.046003s ]
ERR: 无法加载模块:Thumb

[ 2014-11-14T15:08:02+08:00 ] 0.0.0.0 /Tp_group/Thumb/150x100/201410/5442493ca5efc.jpeg
INFO: [ route_check ] --START--
INFO: CheckRoute Behavior ::run [ RunTime:0.004000s ]
INFO: [ route_check ] --END-- [ RunTime:0.004000s ]
ERR: 无法加载模块:Thumb

[ 2014-11-14T15:15:56+08:00 ] 0.0.0.0 /Tp_group/Thumb/150x100/201410/5442493ca5efc.jpeg
INFO: [ route_check ] --START--
INFO: CheckRoute Behavior ::run [ RunTime:0.005001s ]
INFO: [ route_check ] --END-- [ RunTime:0.005001s ]
ERR: 无法加载模块:Thumb

[ 2014-11-14T15:16:37+08:00 ] 0.0.0.0 /Tp_group/Thumb/150x100/201410/5442493ca5efc.jpeg
INFO: [ route_check ] --START--
INFO: CheckRoute Behavior ::run [ RunTime:0.043003s ]
INFO: [ route_check ] --END-- [ RunTime:0.044003s ]
ERR: 无法加载模块:Thumb

[ 2014-11-14T15:17:08+08:00 ] 0.0.0.0 /Tp_group/Thumb/150x100/201410/5442493ca5efc.jpeg
INFO: [ route_check ] --START--
INFO: CheckRoute Behavior ::run [ RunTime:0.008000s ]
INFO: [ route_check ] --END-- [ RunTime:0.010000s ]
ERR: 无法加载模块:Thumb

[ 2014-11-14T15:17:35+08:00 ] 0.0.0.0 /Tp_group/Thumb/150x100/201410/5442493ca5efc.jpeg
INFO: [ route_check ] --START--
INFO: CheckRoute Behavior ::run [ RunTime:0.019001s ]
INFO: [ route_check ] --END-- [ RunTime:0.019001s ]
ERR: 无法加载模块:Thumb

[ 2014-11-14T15:18:06+08:00 ] 0.0.0.0 /Tp_group/Thumb/150x100/201410/5442493ca5efc.jpeg
INFO: [ route_check ] --START--
INFO: CheckRoute Behavior ::run [ RunTime:0.010001s ]
INFO: [ route_check ] --END-- [ RunTime:0.010001s ]
ERR: 无法加载模块:Thumb

[ 2014-11-14T18:00:05+08:00 ] 0.0.0.0 /Tp_group/Thumb/150x100/201410/5442493ca5efc.jpeg
INFO: [ route_check ] --START--
INFO: CheckRoute Behavior ::run [ RunTime:0.015001s ]
INFO: [ route_check ] --END-- [ RunTime:0.015001s ]
ERR: 无法加载模块:Thumb

[ 2014-11-14T18:00:40+08:00 ] 0.0.0.0 /Tp_group/Thumb/150x100/201410/5442493ca5efc.jpeg
INFO: [ route_check ] --START--
INFO: CheckRoute Behavior ::run [ RunTime:0.012000s ]
INFO: [ route_check ] --END-- [ RunTime:0.012000s ]
ERR: 无法加载模块:Thumb

[ 2014-11-14T18:00:52+08:00 ] 0.0.0.0 /Tp_group/Thumb/150x100/201410/5442493ca5efc.jpeg
INFO: [ route_check ] --START--
INFO: CheckRoute Behavior ::run [ RunTime:0.021001s ]
INFO: [ route_check ] --END-- [ RunTime:0.025002s ]
ERR: 无法加载模块:Thumb

[ 2014-11-14T18:01:20+08:00 ] 0.0.0.0 /Tp_group/Thumb/150x100/201410/5442493ca5efc.jpeg
INFO: [ route_check ] --START--
INFO: CheckRoute Behavior ::run [ RunTime:0.024001s ]
INFO: [ route_check ] --END-- [ RunTime:0.024001s ]
ERR: 无法加载模块:Thumb

[ 2014-11-14T18:05:51+08:00 ] 0.0.0.0 /Tp_group/Thumb/150x100/201410/5442493ca5efc.jpeg
INFO: [ route_check ] --START--
INFO: CheckRoute Behavior ::run [ RunTime:0.003000s ]
INFO: [ route_check ] --END-- [ RunTime:0.003000s ]
ERR: 无法加载模块:Thumb

[ 2014-11-14T18:06:12+08:00 ] 0.0.0.0 /Tp_group/Thumb/150x100/201410/5442493ca5efc.jpeg
INFO: [ route_check ] --START--
INFO: CheckRoute Behavior ::run [ RunTime:0.010000s ]
INFO: [ route_check ] --END-- [ RunTime:0.012000s ]
ERR: 无法加载模块:Thumb

[ 2014-11-14T18:06:56+08:00 ] 0.0.0.0 /Tp_group/Thumb/150x100/201410/5442493ca5efc.jpeg
INFO: [ route_check ] --START--
INFO: CheckRoute Behavior ::run [ RunTime:0.003000s ]
INFO: [ route_check ] --END-- [ RunTime:0.004000s ]
ERR: 无法加载模块:Thumb

[ 2014-11-14T18:07:24+08:00 ] 0.0.0.0 /Tp_group/Thumb/150x100/201410/5442493ca5efc.jpeg
INFO: [ route_check ] --START--
INFO: CheckRoute Behavior ::run [ RunTime:0.023001s ]
INFO: [ route_check ] --END-- [ RunTime:0.023001s ]
ERR: 无法加载模块:Thumb

[ 2014-11-14T18:08:23+08:00 ] 0.0.0.0 /Tp_group/Thumb/150x100/201410/5442493ca5efc.jpeg
INFO: [ route_check ] --START--
INFO: CheckRoute Behavior ::run [ RunTime:0.021001s ]
INFO: [ route_check ] --END-- [ RunTime:0.026001s ]
ERR: 无法加载模块:Thumb

[ 2014-11-14T18:08:31+08:00 ] 0.0.0.0 /Tp_group/Thumb/150x100/201410/5442493ca5efc.jpeg
INFO: [ route_check ] --START--
INFO: CheckRoute Behavior ::run [ RunTime:0.004000s ]
INFO: [ route_check ] --END-- [ RunTime:0.005000s ]
ERR: 无法加载模块:Thumb

[ 2014-11-14T18:09:14+08:00 ] 0.0.0.0 /Tp_group/Thumb/150x100/201410/5442493ca5efc.jpeg
INFO: [ route_check ] --START--
INFO: CheckRoute Behavior ::run [ RunTime:0.003000s ]
INFO: [ route_check ] --END-- [ RunTime:0.004000s ]
ERR: 无法加载模块:Thumb

[ 2014-11-14T18:10:20+08:00 ] 0.0.0.0 /Tp_group/av/6
INFO: [ route_check ] --START--
INFO: CheckRoute Behavior ::run [ RunTime:0.003000s ]
INFO: [ route_check ] --END-- [ RunTime:0.004000s ]

[ 2014-11-14T18:11:48+08:00 ] 0.0.0.0 /Tp_group/av/6
INFO: [ route_check ] --START--
INFO: CheckRoute Behavior ::run [ RunTime:0.003000s ]
INFO: [ route_check ] --END-- [ RunTime:0.003000s ]

[ 2014-11-14T18:13:26+08:00 ] 0.0.0.0 /Tp_group/av/6
INFO: [ route_check ] --START--
INFO: CheckRoute Behavior ::run [ RunTime:0.006001s ]
INFO: [ route_check ] --END-- [ RunTime:0.006001s ]

[ 2014-11-14T18:13:31+08:00 ] 0.0.0.0 /Tp_group/av/6
INFO: [ route_check ] --START--
INFO: CheckRoute Behavior ::run [ RunTime:0.003000s ]
INFO: [ route_check ] --END-- [ RunTime:0.003000s ]

[ 2014-11-14T18:13:33+08:00 ] 0.0.0.0 /Tp_group/Home/Detail/index/id/6
INFO: [ route_check ] --START--
INFO: CheckRoute Behavior ::run [ RunTime:0.003000s ]
INFO: [ route_check ] --END-- [ RunTime:0.003000s ]

[ 2014-11-14T18:13:55+08:00 ] 0.0.0.0 /Tp_group/Thumb/150x100/201410/5442493ca5efc.jpeg
INFO: [ route_check ] --START--
INFO: CheckRoute Behavior ::run [ RunTime:0.003000s ]
INFO: [ route_check ] --END-- [ RunTime:0.003000s ]
ERR: 无法加载模块:Thumb

[ 2014-11-14T18:14:08+08:00 ] 0.0.0.0 /Tp_group/av/6
INFO: [ route_check ] --START--
INFO: CheckRoute Behavior ::run [ RunTime:0.002000s ]
INFO: [ route_check ] --END-- [ RunTime:0.004000s ]

[ 2014-11-14T18:14:10+08:00 ] 0.0.0.0 /Tp_group/Home/Detail/index/id/14
INFO: [ route_check ] --START--
INFO: CheckRoute Behavior ::run [ RunTime:0.002000s ]
INFO: [ route_check ] --END-- [ RunTime:0.003001s ]

[ 2014-11-14T18:14:20+08:00 ] 0.0.0.0 /Tp_group/v/5
INFO: [ route_check ] --START--
INFO: CheckRoute Behavior ::run [ RunTime:0.003000s ]
INFO: [ route_check ] --END-- [ RunTime:0.003000s ]

[ 2014-11-14T18:14:48+08:00 ] 0.0.0.0 /Tp_group/v/5
INFO: [ route_check ] --START--
INFO: CheckRoute Behavior ::run [ RunTime:0.003000s ]
INFO: [ route_check ] --END-- [ RunTime:0.003000s ]

[ 2014-11-14T18:18:19+08:00 ] 0.0.0.0 /Tp_group/Thumb/150x100/201410/5442493ca5efc.jpeg
INFO: [ route_check ] --START--
INFO: CheckRoute Behavior ::run [ RunTime:0.006000s ]
INFO: [ route_check ] --END-- [ RunTime:0.006000s ]
ERR: 无法加载模块:Thumb

[ 2014-11-14T18:31:08+08:00 ] 0.0.0.0 /Tp_group/Thumb/150x100/201410/5442493ca5efc.jpeg
INFO: [ route_check ] --START--
INFO: CheckRoute Behavior ::run [ RunTime:0.005000s ]
INFO: [ route_check ] --END-- [ RunTime:0.006000s ]
ERR: 无法加载模块:Thumb

[ 2014-11-14T18:38:14+08:00 ] 0.0.0.0 /Tp_group/Thumb/150x100/201410/5442493ca5efc.jpeg
INFO: [ route_check ] --START--
INFO: CheckRoute Behavior ::run [ RunTime:0.028002s ]
INFO: [ route_check ] --END-- [ RunTime:0.030002s ]
ERR: 无法加载模块:Thumb

[ 2014-11-14T18:38:28+08:00 ] 0.0.0.0 /Tp_group/Thumb/150x100/201410/5442493ca5efc.jpeg
INFO: [ route_check ] --START--
INFO: CheckRoute Behavior ::run [ RunTime:0.023002s ]
INFO: [ route_check ] --END-- [ RunTime:0.023002s ]
ERR: 无法加载模块:Thumb

[ 2014-11-14T18:39:39+08:00 ] 0.0.0.0 /Tp_group/Thumb/150x100/201410/5442493ca5efc.jpeg
INFO: [ route_check ] --START--
INFO: CheckRoute Behavior ::run [ RunTime:0.003000s ]
INFO: [ route_check ] --END-- [ RunTime:0.005000s ]
ERR: 无法加载模块:Thumb

[ 2014-11-14T18:42:50+08:00 ] 0.0.0.0 /Tp_group/Thumb/150x100/201410/5442493ca5efc.jpeg
INFO: [ route_check ] --START--
INFO: CheckRoute Behavior ::run [ RunTime:0.045002s ]
INFO: [ route_check ] --END-- [ RunTime:0.068004s ]
ERR: 无法加载模块:Thumb

[ 2014-11-14T18:43:10+08:00 ] 0.0.0.0 /Tp_group/Thumb/150x100/201410/5442493ca5efc.jpeg
INFO: [ route_check ] --START--
INFO: CheckRoute Behavior ::run [ RunTime:0.003000s ]
INFO: [ route_check ] --END-- [ RunTime:0.003000s ]
ERR: 无法加载模块:Thumb

[ 2014-11-14T18:44:44+08:00 ] 0.0.0.0 /Tp_group/Thumb/150x100/201410/5442493ca5efc.jpeg
INFO: [ route_check ] --START--
INFO: CheckRoute Behavior ::run [ RunTime:0.006000s ]
INFO: [ route_check ] --END-- [ RunTime:0.008000s ]
ERR: 无法加载模块:Thumb

[ 2014-11-14T18:45:09+08:00 ] 0.0.0.0 /Tp_group/Thumb/150x100/201410/5442493ca5efc.jpeg
INFO: [ route_check ] --START--
INFO: CheckRoute Behavior ::run [ RunTime:0.003000s ]
INFO: [ route_check ] --END-- [ RunTime:0.003000s ]
ERR: 无法加载模块:Thumb

[ 2014-11-14T18:45:31+08:00 ] 0.0.0.0 /Tp_group/Thumb/150x100/201410/5442493ca5efc.jpeg
INFO: [ route_check ] --START--
INFO: CheckRoute Behavior ::run [ RunTime:0.015001s ]
INFO: [ route_check ] --END-- [ RunTime:0.020001s ]
ERR: 无法加载模块:Thumb

[ 2014-11-14T18:45:58+08:00 ] 0.0.0.0 /Tp_group/Thumb/150x100/201410/5442493ca5efc.jpeg
INFO: [ route_check ] --START--
INFO: CheckRoute Behavior ::run [ RunTime:0.003000s ]
INFO: [ route_check ] --END-- [ RunTime:0.004000s ]
ERR: 无法加载模块:Thumb

[ 2014-11-14T18:46:41+08:00 ] 0.0.0.0 /Tp_group/Thumb/150x100/201410/5442493ca5efc.jpeg
INFO: [ route_check ] --START--
INFO: CheckRoute Behavior ::run [ RunTime:0.006000s ]
INFO: [ route_check ] --END-- [ RunTime:0.015001s ]
ERR: 无法加载模块:Thumb

[ 2014-11-14T18:47:12+08:00 ] 0.0.0.0 /Tp_group/Thumb/150x100/201410/5442493ca5efc.jpeg
INFO: [ route_check ] --START--
INFO: CheckRoute Behavior ::run [ RunTime:0.003000s ]
INFO: [ route_check ] --END-- [ RunTime:0.004001s ]
ERR: 无法加载模块:Thumb

[ 2014-11-14T18:47:24+08:00 ] 0.0.0.0 /Tp_group/Thumb/150x100/201410/5442493ca5efc.jpeg
INFO: [ route_check ] --START--
INFO: CheckRoute Behavior ::run [ RunTime:0.003000s ]
INFO: [ route_check ] --END-- [ RunTime:0.003000s ]
ERR: 无法加载模块:Thumb

[ 2014-11-14T18:48:58+08:00 ] 0.0.0.0 /Tp_group/Thumb/150x100/201410/5442493ca5efc.jpeg
INFO: [ route_check ] --START--
INFO: CheckRoute Behavior ::run [ RunTime:0.029001s ]
INFO: [ route_check ] --END-- [ RunTime:0.030001s ]
ERR: 无法加载模块:Thumb

[ 2014-11-14T18:49:39+08:00 ] 0.0.0.0 /Tp_group/Thumb/150x100/201410/5442493ca5efc.jpeg
INFO: [ route_check ] --START--
INFO: CheckRoute Behavior ::run [ RunTime:0.009001s ]
INFO: [ route_check ] --END-- [ RunTime:0.012001s ]
ERR: 无法加载模块:Thumb

[ 2014-11-14T18:50:08+08:00 ] 0.0.0.0 /Tp_group/Thumb/150x100/201410/5442493ca5efc.jpeg
INFO: [ route_check ] --START--
INFO: CheckRoute Behavior ::run [ RunTime:0.002001s ]
INFO: [ route_check ] --END-- [ RunTime:0.003001s ]
ERR: 无法加载模块:Thumb

[ 2014-11-14T18:51:02+08:00 ] 0.0.0.0 /Tp_group/Thumb/150x100/201410/5442493ca5efc.jpeg
INFO: [ route_check ] --START--
INFO: CheckRoute Behavior ::run [ RunTime:0.003001s ]
INFO: [ route_check ] --END-- [ RunTime:0.004001s ]
ERR: 无法加载模块:Thumb

[ 2014-11-14T18:51:21+08:00 ] 0.0.0.0 /Tp_group/Thumb/150x100/201410/5442493ca5efc.jpeg
INFO: [ route_check ] --START--
INFO: CheckRoute Behavior ::run [ RunTime:0.023001s ]
INFO: [ route_check ] --END-- [ RunTime:0.026001s ]
ERR: 无法加载模块:Thumb

[ 2014-11-14T18:51:34+08:00 ] 0.0.0.0 /Tp_group/Thumb/150x100/201410/5442493ca5efc.jpeg
INFO: [ route_check ] --START--
INFO: CheckRoute Behavior ::run [ RunTime:0.002001s ]
INFO: [ route_check ] --END-- [ RunTime:0.004001s ]
ERR: 无法加载模块:Thumb

[ 2014-11-14T18:51:46+08:00 ] 0.0.0.0 /Tp_group/Thumb/150x100/201410/5442493ca5efc.jpeg
INFO: [ route_check ] --START--
INFO: CheckRoute Behavior ::run [ RunTime:0.039002s ]
INFO: [ route_check ] --END-- [ RunTime:0.039002s ]
ERR: 无法加载模块:Thumb

[ 2014-11-14T18:52:27+08:00 ] 0.0.0.0 /Tp_group/Thumb/150x100/201410/5442493ca5efc.jpeg
INFO: [ route_check ] --START--
INFO: CheckRoute Behavior ::run [ RunTime:0.002000s ]
INFO: [ route_check ] --END-- [ RunTime:0.003000s ]
ERR: 无法加载模块:Thumb

[ 2014-11-14T18:53:52+08:00 ] 0.0.0.0 /Tp_group/Thumb/150x100/201410/5442493ca5efc.jpeg
INFO: [ route_check ] --START--
INFO: CheckRoute Behavior ::run [ RunTime:0.009001s ]
INFO: [ route_check ] --END-- [ RunTime:0.026002s ]
ERR: 无法加载模块:Thumb

[ 2014-11-14T18:54:05+08:00 ] 0.0.0.0 /Tp_group/Thumb/150x100/201410/5442493ca5efc.jpeg
INFO: [ route_check ] --START--
INFO: CheckRoute Behavior ::run [ RunTime:0.028001s ]
INFO: [ route_check ] --END-- [ RunTime:0.031002s ]
ERR: 无法加载模块:Thumb

[ 2014-11-14T18:54:29+08:00 ] 0.0.0.0 /Tp_group/Thumb/150x100/201410/5442493ca5efc.jpeg
INFO: [ route_check ] --START--
INFO: CheckRoute Behavior ::run [ RunTime:0.008000s ]
INFO: [ route_check ] --END-- [ RunTime:0.008000s ]
ERR: 无法加载模块:Thumb

[ 2014-11-14T18:55:23+08:00 ] 0.0.0.0 /Tp_group/Thumb/150x100/201410/5442493ca5efc.jpeg
INFO: [ route_check ] --START--
INFO: CheckRoute Behavior ::run [ RunTime:0.004000s ]
INFO: [ route_check ] --END-- [ RunTime:0.005000s ]
ERR: 无法加载模块:Thumb

[ 2014-11-14T18:56:15+08:00 ] 0.0.0.0 /Tp_group/Thumb/150x100/201410/5442493ca5efc.jpeg
INFO: [ route_check ] --START--
INFO: CheckRoute Behavior ::run [ RunTime:0.014001s ]
INFO: [ route_check ] --END-- [ RunTime:0.015001s ]
ERR: 无法加载模块:Thumb

[ 2014-11-14T18:56:37+08:00 ] 0.0.0.0 /Tp_group/Thumb/150x100/201410/5442493ca5efc.jpeg
INFO: [ route_check ] --START--
INFO: CheckRoute Behavior ::run [ RunTime:0.003000s ]
INFO: [ route_check ] --END-- [ RunTime:0.003000s ]
ERR: 无法加载模块:Thumb

[ 2014-11-14T18:57:09+08:00 ] 0.0.0.0 /Tp_group/Thumb/150x100/201410/5442493ca5efc.jpeg
INFO: [ route_check ] --START--
INFO: CheckRoute Behavior ::run [ RunTime:0.003000s ]
INFO: [ route_check ] --END-- [ RunTime:0.004001s ]
ERR: 无法加载模块:Thumb

[ 2014-11-14T18:57:27+08:00 ] 0.0.0.0 /Tp_group/Thumb/150x100/201410/5442493ca5efc.jpeg
INFO: [ route_check ] --START--
INFO: CheckRoute Behavior ::run [ RunTime:0.003000s ]
INFO: [ route_check ] --END-- [ RunTime:0.004000s ]
ERR: 无法加载模块:Thumb

[ 2014-11-14T19:01:06+08:00 ] 0.0.0.0 /Tp_group/Thumb/150x100/201410/5442493ca5efc.jpeg
INFO: [ route_check ] --START--
INFO: CheckRoute Behavior ::run [ RunTime:0.009000s ]
INFO: [ route_check ] --END-- [ RunTime:0.011000s ]
ERR: 无法加载模块:Thumb

[ 2014-11-14T19:01:18+08:00 ] 0.0.0.0 /Tp_group/Thumb/150x100/201410/5442493ca5efc.jpeg
INFO: [ route_check ] --START--
INFO: CheckRoute Behavior ::run [ RunTime:0.006000s ]
INFO: [ route_check ] --END-- [ RunTime:0.008000s ]
ERR: 无法加载模块:Thumb

[ 2014-11-14T19:06:40+08:00 ] 0.0.0.0 /Tp_group/Thumb/150x100/201410/5442493ca5efc.jpeg
INFO: [ route_check ] --START--
INFO: CheckRoute Behavior ::run [ RunTime:0.007000s ]
INFO: [ route_check ] --END-- [ RunTime:0.008000s ]
ERR: 无法加载模块:Thumb

[ 2014-11-14T19:07:18+08:00 ] 0.0.0.0 /Tp_group/Thumb/150x100/201410/5442493ca5efc.jpeg
INFO: [ route_check ] --START--
INFO: CheckRoute Behavior ::run [ RunTime:0.003000s ]
INFO: [ route_check ] --END-- [ RunTime:0.003000s ]
ERR: 无法加载模块:Thumb

[ 2014-11-14T19:08:10+08:00 ] 0.0.0.0 /Tp_group/Thumb/150x100/201410/5442493ca5efc.jpeg
INFO: [ route_check ] --START--
INFO: CheckRoute Behavior ::run [ RunTime:0.018001s ]
INFO: [ route_check ] --END-- [ RunTime:0.020002s ]
ERR: 无法加载模块:Thumb

[ 2014-11-14T19:10:04+08:00 ] 0.0.0.0 /Tp_group/Thumb/150x100/201410/5442493ca5efc.jpeg
INFO: [ route_check ] --START--
INFO: CheckRoute Behavior ::run [ RunTime:0.129008s ]
INFO: [ route_check ] --END-- [ RunTime:0.187011s ]
ERR: 无法加载模块:Thumb

[ 2014-11-14T19:11:34+08:00 ] 0.0.0.0 /Tp_group/Thumb/150x100/201410/5442493ca5efc.jpeg
INFO: [ route_check ] --START--
INFO: CheckRoute Behavior ::run [ RunTime:0.004000s ]
INFO: [ route_check ] --END-- [ RunTime:0.004000s ]
ERR: 无法加载模块:Thumb

[ 2014-11-14T19:11:49+08:00 ] 0.0.0.0 /Tp_group/Thumb/150x100/201410/5442493ca5efc.jpeg
INFO: [ route_check ] --START--
INFO: CheckRoute Behavior ::run [ RunTime:0.005000s ]
INFO: [ route_check ] --END-- [ RunTime:0.007000s ]
ERR: 无法加载模块:Thumb

[ 2014-11-14T19:12:18+08:00 ] 0.0.0.0 /Tp_group/Thumb/150x100/201410/5442493ca5efc.jpeg
INFO: [ route_check ] --START--
INFO: CheckRoute Behavior ::run [ RunTime:0.003000s ]
INFO: [ route_check ] --END-- [ RunTime:0.004000s ]
ERR: 无法加载模块:Thumb

[ 2014-11-14T19:12:47+08:00 ] 0.0.0.0 /Tp_group/Thumb/150x100/201410/5442493ca5efc.jpeg
INFO: [ route_check ] --START--
INFO: CheckRoute Behavior ::run [ RunTime:0.002000s ]
INFO: [ route_check ] --END-- [ RunTime:0.003000s ]
ERR: 无法加载模块:Thumb

[ 2014-11-14T19:13:08+08:00 ] 0.0.0.0 /Tp_group/Thumb/150x100/201410/5442493ca5efc.jpeg
INFO: [ route_check ] --START--
INFO: CheckRoute Behavior ::run [ RunTime:0.010001s ]
INFO: [ route_check ] --END-- [ RunTime:0.011001s ]
ERR: 无法加载模块:Thumb

[ 2014-11-14T19:13:20+08:00 ] 0.0.0.0 /Tp_group/Thumb/150x100/201410/5442493ca5efc.jpeg
INFO: [ route_check ] --START--
INFO: CheckRoute Behavior ::run [ RunTime:0.002000s ]
INFO: [ route_check ] --END-- [ RunTime:0.002000s ]
ERR: 无法加载模块:Thumb

[ 2014-11-14T19:13:38+08:00 ] 0.0.0.0 /Tp_group/Thumb/150x100/201410/5442493ca5efc.jpeg
INFO: [ route_check ] --START--
INFO: CheckRoute Behavior ::run [ RunTime:0.045002s ]
INFO: [ route_check ] --END-- [ RunTime:0.045002s ]
ERR: 无法加载模块:Thumb

[ 2014-11-14T19:13:52+08:00 ] 0.0.0.0 /Tp_group/Thumb/150x100/201410/5442493ca5efc.jpeg
INFO: [ route_check ] --START--
INFO: CheckRoute Behavior ::run [ RunTime:0.012001s ]
INFO: [ route_check ] --END-- [ RunTime:0.015001s ]
ERR: 无法加载模块:Thumb

[ 2014-11-14T19:14:02+08:00 ] 0.0.0.0 /Tp_group/Thumb/150x100/201410/5442493ca5efc.jpeg
INFO: [ route_check ] --START--
INFO: CheckRoute Behavior ::run [ RunTime:0.008000s ]
INFO: [ route_check ] --END-- [ RunTime:0.008000s ]
ERR: 无法加载模块:Thumb

[ 2014-11-14T19:14:15+08:00 ] 0.0.0.0 /Tp_group/Thumb/150x100/201410/5442493ca5efc.jpeg
INFO: [ route_check ] --START--
INFO: CheckRoute Behavior ::run [ RunTime:0.004000s ]
INFO: [ route_check ] --END-- [ RunTime:0.004000s ]
ERR: 无法加载模块:Thumb

[ 2014-11-14T19:14:49+08:00 ] 0.0.0.0 /Tp_group/Thumb/150x100/201410/5442493ca5efc.jpeg
INFO: [ route_check ] --START--
INFO: CheckRoute Behavior ::run [ RunTime:0.005000s ]
INFO: [ route_check ] --END-- [ RunTime:0.006000s ]
ERR: 无法加载模块:Thumb

[ 2014-11-14T19:15:01+08:00 ] 0.0.0.0 /Tp_group/Thumb/150x100/201410/5442493ca5efc.jpeg
INFO: [ route_check ] --START--
INFO: CheckRoute Behavior ::run [ RunTime:0.003000s ]
INFO: [ route_check ] --END-- [ RunTime:0.016001s ]
ERR: 无法加载模块:Thumb

[ 2014-11-14T19:15:44+08:00 ] 0.0.0.0 /Tp_group/Thumb/150x100/201410/5442493ca5efc.jpeg
INFO: [ route_check ] --START--
INFO: CheckRoute Behavior ::run [ RunTime:0.003000s ]
INFO: [ route_check ] --END-- [ RunTime:0.004000s ]
ERR: 无法加载模块:Thumb

[ 2014-11-14T19:17:45+08:00 ] 0.0.0.0 /Tp_group/Thumb/150x100/201410/5442493ca5efc.jpeg
INFO: [ route_check ] --START--
INFO: CheckRoute Behavior ::run [ RunTime:0.003000s ]
INFO: [ route_check ] --END-- [ RunTime:0.004000s ]
ERR: 无法加载模块:Thumb

[ 2014-11-14T19:18:04+08:00 ] 0.0.0.0 /Tp_group/Thumb/150x100/201410/5442493ca5efc.jpeg
INFO: [ route_check ] --START--
INFO: CheckRoute Behavior ::run [ RunTime:0.006000s ]
INFO: [ route_check ] --END-- [ RunTime:0.007000s ]
ERR: 无法加载模块:Thumb

