[ 2014-10-01T21:38:37+08:00 ] 0.0.0.0 /Tp_group/
INFO: [ app_begin ] --START--
INFO: ReadHtmlCache Behavior ::run [ RunTime:0.008000s ]
INFO: [ app_begin ] --END-- [ RunTime:0.051003s ]
SQL: SHOW COLUMNS FROM `think_news` [ RunTime:0.133008s ]
SQL: SELECT * FROM `think_news`  [ RunTime:0.001000s ]
INFO: [ view_parse ] --START--
INFO: ParseTemplate Behavior ::run [ RunTime:0.158009s ]
INFO: [ view_parse ] --END-- [ RunTime:0.158009s ]
INFO: [ view_filter ] --START--
INFO: ContentReplace Behavior ::run [ RunTime:0.006001s ]
INFO: TokenBuild Behavior ::run [ RunTime:0.018001s ]
INFO: WriteHtmlCache Behavior ::run [ RunTime:0.002000s ]
INFO: ShowRuntime Behavior ::run [ RunTime:0.003000s ]
INFO: [ view_filter ] --END-- [ RunTime:0.031002s ]
INFO: [ view_end ] --START--
INFO: ShowPageTrace Behavior ::run [ RunTime:0.003000s ]
INFO: [ view_end ] --END-- [ RunTime:0.004000s ]

[ 2014-10-01T21:38:42+08:00 ] 0.0.0.0 /Tp_group/Admin
INFO: [ route_check ] --START--
INFO: CheckRoute Behavior ::run [ RunTime:0.015001s ]
INFO: [ route_check ] --END-- [ RunTime:0.016001s ]

[ 2014-10-01T21:38:42+08:00 ] 0.0.0.0 /Tp_group/Admin/Login/index
INFO: [ route_check ] --START--
INFO: CheckRoute Behavior ::run [ RunTime:0.002000s ]
INFO: [ route_check ] --END-- [ RunTime:0.003000s ]

[ 2014-10-01T21:38:43+08:00 ] 0.0.0.0 /Tp_group/Admin/Login/imagecode
INFO: [ route_check ] --START--
INFO: CheckRoute Behavior ::run [ RunTime:0.003000s ]
INFO: [ route_check ] --END-- [ RunTime:0.003000s ]

[ 2014-10-01T21:38:51+08:00 ] 0.0.0.0 /Tp_group/Admin/Login/login
INFO: [ route_check ] --START--
INFO: CheckRoute Behavior ::run [ RunTime:0.002001s ]
INFO: [ route_check ] --END-- [ RunTime:0.002001s ]

[ 2014-10-01T21:38:51+08:00 ] 0.0.0.0 /Tp_group/Admin/Index/index
INFO: [ route_check ] --START--
INFO: CheckRoute Behavior ::run [ RunTime:0.001000s ]
INFO: [ route_check ] --END-- [ RunTime:0.003000s ]

[ 2014-10-01T21:38:54+08:00 ] 0.0.0.0 /Tp_group/Admin/Blog/addBlog
INFO: [ route_check ] --START--
INFO: CheckRoute Behavior ::run [ RunTime:0.002001s ]
INFO: [ route_check ] --END-- [ RunTime:0.003001s ]

[ 2014-10-01T21:39:16+08:00 ] 0.0.0.0 /Tp_group/Admin/Blog/handelAddBlog
INFO: [ route_check ] --START--
INFO: CheckRoute Behavior ::run [ RunTime:0.002000s ]
INFO: [ route_check ] --END-- [ RunTime:0.003000s ]

[ 2014-10-01T21:39:17+08:00 ] 0.0.0.0 /Tp_group/Admin/Blog/index
INFO: [ route_check ] --START--
INFO: CheckRoute Behavior ::run [ RunTime:0.002000s ]
INFO: [ route_check ] --END-- [ RunTime:0.002000s ]

[ 2014-10-01T21:39:25+08:00 ] 0.0.0.0 /Tp_group/Admin/Blog/toTrach/id/2/type/1
INFO: [ route_check ] --START--
INFO: CheckRoute Behavior ::run [ RunTime:0.002000s ]
INFO: [ route_check ] --END-- [ RunTime:0.002000s ]

[ 2014-10-01T21:39:26+08:00 ] 0.0.0.0 /Tp_group/Admin/Blog/index
INFO: [ route_check ] --START--
INFO: CheckRoute Behavior ::run [ RunTime:0.002000s ]
INFO: [ route_check ] --END-- [ RunTime:0.003000s ]

[ 2014-10-01T21:39:33+08:00 ] 0.0.0.0 /Tp_group/Admin
INFO: [ route_check ] --START--
INFO: CheckRoute Behavior ::run [ RunTime:0.002000s ]
INFO: [ route_check ] --END-- [ RunTime:0.002000s ]

[ 2014-10-01T21:39:34+08:00 ] 0.0.0.0 /Tp_group/Admin/Blog/trach
INFO: [ route_check ] --START--
INFO: CheckRoute Behavior ::run [ RunTime:0.002000s ]
INFO: [ route_check ] --END-- [ RunTime:0.002000s ]

[ 2014-10-01T21:39:36+08:00 ] 0.0.0.0 /Tp_group/Admin/Blog/toTrach/id/2/type/0
INFO: [ route_check ] --START--
INFO: CheckRoute Behavior ::run [ RunTime:0.002000s ]
INFO: [ route_check ] --END-- [ RunTime:0.002000s ]

[ 2014-10-01T21:39:37+08:00 ] 0.0.0.0 /Tp_group/Admin/Blog/index
INFO: [ route_check ] --START--
INFO: CheckRoute Behavior ::run [ RunTime:0.002000s ]
INFO: [ route_check ] --END-- [ RunTime:0.002000s ]

[ 2014-10-01T21:39:43+08:00 ] 0.0.0.0 /Tp_group/Admin
INFO: [ route_check ] --START--
INFO: CheckRoute Behavior ::run [ RunTime:0.002000s ]
INFO: [ route_check ] --END-- [ RunTime:0.002000s ]

[ 2014-10-01T21:39:45+08:00 ] 0.0.0.0 /Tp_group/Admin/Blog/trach
INFO: [ route_check ] --START--
INFO: CheckRoute Behavior ::run [ RunTime:0.002000s ]
INFO: [ route_check ] --END-- [ RunTime:0.002000s ]

[ 2014-10-01T21:39:52+08:00 ] 0.0.0.0 /Tp_group/Admin/Blog/addBlog
INFO: [ route_check ] --START--
INFO: CheckRoute Behavior ::run [ RunTime:0.002000s ]
INFO: [ route_check ] --END-- [ RunTime:0.002000s ]

[ 2014-10-01T21:40:14+08:00 ] 0.0.0.0 /Tp_group/Admin/Blog/handelAddBlog
INFO: [ route_check ] --START--
INFO: CheckRoute Behavior ::run [ RunTime:0.003000s ]
INFO: [ route_check ] --END-- [ RunTime:0.003000s ]

[ 2014-10-01T21:40:15+08:00 ] 0.0.0.0 /Tp_group/Admin/Blog/index
INFO: [ route_check ] --START--
INFO: CheckRoute Behavior ::run [ RunTime:0.001000s ]
INFO: [ route_check ] --END-- [ RunTime:0.002000s ]

[ 2014-10-01T21:40:21+08:00 ] 0.0.0.0 /Tp_group/Admin/Blog/toTrach/id/4/type/1
INFO: [ route_check ] --START--
INFO: CheckRoute Behavior ::run [ RunTime:0.002000s ]
INFO: [ route_check ] --END-- [ RunTime:0.002000s ]

[ 2014-10-01T21:40:22+08:00 ] 0.0.0.0 /Tp_group/Admin/Blog/index
INFO: [ route_check ] --START--
INFO: CheckRoute Behavior ::run [ RunTime:0.002000s ]
INFO: [ route_check ] --END-- [ RunTime:0.002000s ]

[ 2014-10-01T21:40:26+08:00 ] 0.0.0.0 /Tp_group/Admin/
INFO: [ route_check ] --START--
INFO: CheckRoute Behavior ::run [ RunTime:0.002000s ]
INFO: [ route_check ] --END-- [ RunTime:0.003001s ]

[ 2014-10-01T21:40:27+08:00 ] 0.0.0.0 /Tp_group/Admin/Blog/trach
INFO: [ route_check ] --START--
INFO: CheckRoute Behavior ::run [ RunTime:0.002000s ]
INFO: [ route_check ] --END-- [ RunTime:0.003000s ]

[ 2014-10-01T21:40:29+08:00 ] 0.0.0.0 /Tp_group/Admin/Blog/delete/id/4
INFO: [ route_check ] --START--
INFO: CheckRoute Behavior ::run [ RunTime:0.002000s ]
INFO: [ route_check ] --END-- [ RunTime:0.002000s ]

[ 2014-10-01T21:40:30+08:00 ] 0.0.0.0 /Tp_group/Admin/Blog/trach
INFO: [ route_check ] --START--
INFO: CheckRoute Behavior ::run [ RunTime:0.002000s ]
INFO: [ route_check ] --END-- [ RunTime:0.002000s ]

[ 2014-10-01T21:40:38+08:00 ] 0.0.0.0 /Tp_group/Admin
INFO: [ route_check ] --START--
INFO: CheckRoute Behavior ::run [ RunTime:0.001000s ]
INFO: [ route_check ] --END-- [ RunTime:0.003000s ]

[ 2014-10-01T21:40:40+08:00 ] 0.0.0.0 /Tp_group/Admin/Blog/index
INFO: [ route_check ] --START--
INFO: CheckRoute Behavior ::run [ RunTime:0.002000s ]
INFO: [ route_check ] --END-- [ RunTime:0.003000s ]

[ 2014-10-01T21:50:27+08:00 ] 0.0.0.0 /Tp_group/
INFO: [ app_begin ] --START--
INFO: ReadHtmlCache Behavior ::run [ RunTime:0.003000s ]
INFO: [ app_begin ] --END-- [ RunTime:0.004000s ]

[ 2014-10-01T21:50:38+08:00 ] 0.0.0.0 /Tp_group/
INFO: [ app_begin ] --START--
INFO: ReadHtmlCache Behavior ::run [ RunTime:0.002000s ]
INFO: [ app_begin ] --END-- [ RunTime:0.003000s ]
INFO: [ view_parse ] --START--
INFO: ParseTemplate Behavior ::run [ RunTime:0.020001s ]
INFO: [ view_parse ] --END-- [ RunTime:0.022001s ]
INFO: [ view_filter ] --START--
INFO: ContentReplace Behavior ::run [ RunTime:0.002000s ]
INFO: TokenBuild Behavior ::run [ RunTime:0.002000s ]
INFO: WriteHtmlCache Behavior ::run [ RunTime:0.001000s ]
INFO: ShowRuntime Behavior ::run [ RunTime:0.002000s ]
INFO: [ view_filter ] --END-- [ RunTime:0.009001s ]
INFO: [ view_end ] --START--
INFO: ShowPageTrace Behavior ::run [ RunTime:0.003000s ]
INFO: [ view_end ] --END-- [ RunTime:0.003000s ]

[ 2014-10-01T21:53:31+08:00 ] 0.0.0.0 /Tp_group/List
INFO: [ route_check ] --START--
INFO: CheckRoute Behavior ::run [ RunTime:0.002000s ]
INFO: [ route_check ] --END-- [ RunTime:0.002000s ]
INFO: [ app_begin ] --START--
INFO: ReadHtmlCache Behavior ::run [ RunTime:0.002000s ]
INFO: [ app_begin ] --END-- [ RunTime:0.002000s ]
INFO: [ view_parse ] --START--
INFO: ParseTemplate Behavior ::run [ RunTime:0.074004s ]
INFO: [ view_parse ] --END-- [ RunTime:0.075004s ]
INFO: [ view_filter ] --START--
INFO: ContentReplace Behavior ::run [ RunTime:0.002000s ]
INFO: TokenBuild Behavior ::run [ RunTime:0.001000s ]
INFO: WriteHtmlCache Behavior ::run [ RunTime:0.001000s ]
INFO: ShowRuntime Behavior ::run [ RunTime:0.002000s ]
INFO: [ view_filter ] --END-- [ RunTime:0.009000s ]
INFO: [ view_end ] --START--
INFO: ShowPageTrace Behavior ::run [ RunTime:0.003000s ]
INFO: [ view_end ] --END-- [ RunTime:0.003000s ]

[ 2014-10-01T21:53:37+08:00 ] 0.0.0.0 /Tp_group/Show
INFO: [ route_check ] --START--
INFO: CheckRoute Behavior ::run [ RunTime:0.002000s ]
INFO: [ route_check ] --END-- [ RunTime:0.003000s ]
INFO: [ app_begin ] --START--
INFO: ReadHtmlCache Behavior ::run [ RunTime:0.002000s ]
INFO: [ app_begin ] --END-- [ RunTime:0.003000s ]
INFO: [ view_parse ] --START--
INFO: ParseTemplate Behavior ::run [ RunTime:0.021002s ]
INFO: [ view_parse ] --END-- [ RunTime:0.021002s ]
INFO: [ view_filter ] --START--
INFO: ContentReplace Behavior ::run [ RunTime:0.002000s ]
INFO: TokenBuild Behavior ::run [ RunTime:0.002000s ]
INFO: WriteHtmlCache Behavior ::run [ RunTime:0.001000s ]
INFO: ShowRuntime Behavior ::run [ RunTime:0.003000s ]
INFO: [ view_filter ] --END-- [ RunTime:0.009000s ]
INFO: [ view_end ] --START--
INFO: ShowPageTrace Behavior ::run [ RunTime:0.002000s ]
INFO: [ view_end ] --END-- [ RunTime:0.002000s ]

[ 2014-10-01T21:56:26+08:00 ] 0.0.0.0 /Tp_group/Home/Show
INFO: [ route_check ] --START--
INFO: CheckRoute Behavior ::run [ RunTime:0.003000s ]
INFO: [ route_check ] --END-- [ RunTime:0.003000s ]
INFO: [ app_begin ] --START--
INFO: ReadHtmlCache Behavior ::run [ RunTime:0.003000s ]
INFO: [ app_begin ] --END-- [ RunTime:0.003000s ]
INFO: [ view_parse ] --START--
INFO: ParseTemplate Behavior ::run [ RunTime:0.021002s ]
INFO: [ view_parse ] --END-- [ RunTime:0.022002s ]
INFO: [ view_filter ] --START--
INFO: ContentReplace Behavior ::run [ RunTime:0.001000s ]
INFO: TokenBuild Behavior ::run [ RunTime:0.001000s ]
INFO: WriteHtmlCache Behavior ::run [ RunTime:0.001000s ]
INFO: ShowRuntime Behavior ::run [ RunTime:0.002000s ]
INFO: [ view_filter ] --END-- [ RunTime:0.008000s ]
INFO: [ view_end ] --START--
INFO: ShowPageTrace Behavior ::run [ RunTime:0.002000s ]
INFO: [ view_end ] --END-- [ RunTime:0.002000s ]

[ 2014-10-01T21:56:30+08:00 ] 0.0.0.0 /Tp_group/Home/Index
INFO: [ route_check ] --START--
INFO: CheckRoute Behavior ::run [ RunTime:0.002000s ]
INFO: [ route_check ] --END-- [ RunTime:0.003000s ]
INFO: [ app_begin ] --START--
INFO: ReadHtmlCache Behavior ::run [ RunTime:0.001000s ]
INFO: [ app_begin ] --END-- [ RunTime:0.003000s ]
INFO: [ view_parse ] --START--
INFO: ParseTemplate Behavior ::run [ RunTime:0.020001s ]
INFO: [ view_parse ] --END-- [ RunTime:0.021002s ]
INFO: [ view_filter ] --START--
INFO: ContentReplace Behavior ::run [ RunTime:0.002000s ]
INFO: TokenBuild Behavior ::run [ RunTime:0.002000s ]
INFO: WriteHtmlCache Behavior ::run [ RunTime:0.001000s ]
INFO: ShowRuntime Behavior ::run [ RunTime:0.002000s ]
INFO: [ view_filter ] --END-- [ RunTime:0.009000s ]
INFO: [ view_end ] --START--
INFO: ShowPageTrace Behavior ::run [ RunTime:0.002000s ]
INFO: [ view_end ] --END-- [ RunTime:0.003000s ]

[ 2014-10-01T21:56:36+08:00 ] 0.0.0.0 /Tp_group/Home/List
INFO: [ route_check ] --START--
INFO: CheckRoute Behavior ::run [ RunTime:0.002000s ]
INFO: [ route_check ] --END-- [ RunTime:0.003000s ]
INFO: [ app_begin ] --START--
INFO: ReadHtmlCache Behavior ::run [ RunTime:0.002000s ]
INFO: [ app_begin ] --END-- [ RunTime:0.003000s ]
INFO: [ view_parse ] --START--
INFO: ParseTemplate Behavior ::run [ RunTime:0.020001s ]
INFO: [ view_parse ] --END-- [ RunTime:0.021001s ]
INFO: [ view_filter ] --START--
INFO: ContentReplace Behavior ::run [ RunTime:0.002000s ]
INFO: TokenBuild Behavior ::run [ RunTime:0.002000s ]
INFO: WriteHtmlCache Behavior ::run [ RunTime:0.001000s ]
INFO: ShowRuntime Behavior ::run [ RunTime:0.004000s ]
INFO: [ view_filter ] --END-- [ RunTime:0.009000s ]
INFO: [ view_end ] --START--
INFO: ShowPageTrace Behavior ::run [ RunTime:0.002000s ]
INFO: [ view_end ] --END-- [ RunTime:0.003000s ]

[ 2014-10-01T21:57:48+08:00 ] 0.0.0.0 /Tp_group/Home/List
INFO: [ route_check ] --START--
INFO: CheckRoute Behavior ::run [ RunTime:0.002000s ]
INFO: [ route_check ] --END-- [ RunTime:0.003000s ]
INFO: [ app_begin ] --START--
INFO: ReadHtmlCache Behavior ::run [ RunTime:0.002000s ]
INFO: [ app_begin ] --END-- [ RunTime:0.003001s ]
INFO: [ view_parse ] --START--
INFO: ParseTemplate Behavior ::run [ RunTime:0.021001s ]
INFO: [ view_parse ] --END-- [ RunTime:0.022001s ]
INFO: [ view_filter ] --START--
INFO: ContentReplace Behavior ::run [ RunTime:0.001000s ]
INFO: TokenBuild Behavior ::run [ RunTime:0.002001s ]
INFO: WriteHtmlCache Behavior ::run [ RunTime:0.002000s ]
INFO: ShowRuntime Behavior ::run [ RunTime:0.003000s ]
INFO: [ view_filter ] --END-- [ RunTime:0.010001s ]
INFO: [ view_end ] --START--
INFO: ShowPageTrace Behavior ::run [ RunTime:0.002000s ]
INFO: [ view_end ] --END-- [ RunTime:0.003000s ]

[ 2014-10-01T21:57:52+08:00 ] 0.0.0.0 /Tp_group/Home/Index
INFO: [ route_check ] --START--
INFO: CheckRoute Behavior ::run [ RunTime:0.003000s ]
INFO: [ route_check ] --END-- [ RunTime:0.004000s ]
INFO: [ app_begin ] --START--
INFO: ReadHtmlCache Behavior ::run [ RunTime:0.002001s ]
INFO: [ app_begin ] --END-- [ RunTime:0.002001s ]
SQL: SHOW COLUMNS FROM `think_cate` [ RunTime:0.009000s ]
SQL: SELECT * FROM `think_cate` ORDER BY sort  [ RunTime:0.001001s ]

[ 2014-10-01T22:01:52+08:00 ] 0.0.0.0 /Tp_group/Home/Index
INFO: [ route_check ] --START--
INFO: CheckRoute Behavior ::run [ RunTime:0.003000s ]
INFO: [ route_check ] --END-- [ RunTime:0.003000s ]
INFO: [ app_begin ] --START--
INFO: ReadHtmlCache Behavior ::run [ RunTime:0.002000s ]
INFO: [ app_begin ] --END-- [ RunTime:0.003001s ]
ERR: 模板不存在[./App/Modules/Home/Tpl/Index/index.html]

[ 2014-10-01T22:02:59+08:00 ] 0.0.0.0 /Tp_group/Home/Index
INFO: [ route_check ] --START--
INFO: CheckRoute Behavior ::run [ RunTime:0.003000s ]
INFO: [ route_check ] --END-- [ RunTime:0.003000s ]
INFO: [ app_begin ] --START--
INFO: ReadHtmlCache Behavior ::run [ RunTime:0.003000s ]
INFO: [ app_begin ] --END-- [ RunTime:0.003000s ]
INFO: [ view_parse ] --START--
INFO: ParseTemplate Behavior ::run [ RunTime:0.021001s ]
INFO: [ view_parse ] --END-- [ RunTime:0.022001s ]
INFO: [ view_filter ] --START--
INFO: ContentReplace Behavior ::run [ RunTime:0.002000s ]
INFO: TokenBuild Behavior ::run [ RunTime:0.001000s ]
INFO: WriteHtmlCache Behavior ::run [ RunTime:0.001000s ]
INFO: ShowRuntime Behavior ::run [ RunTime:0.003001s ]
INFO: [ view_filter ] --END-- [ RunTime:0.009001s ]
INFO: [ view_end ] --START--
INFO: ShowPageTrace Behavior ::run [ RunTime:0.002000s ]
INFO: [ view_end ] --END-- [ RunTime:0.004000s ]

[ 2014-10-01T22:11:19+08:00 ] 0.0.0.0 /Tp_group/Home/Index
INFO: [ route_check ] --START--
INFO: CheckRoute Behavior ::run [ RunTime:0.003000s ]
INFO: [ route_check ] --END-- [ RunTime:0.004000s ]
INFO: [ app_begin ] --START--
INFO: ReadHtmlCache Behavior ::run [ RunTime:0.003000s ]
INFO: [ app_begin ] --END-- [ RunTime:0.003000s ]
INFO: [ view_parse ] --START--
INFO: ParseTemplate Behavior ::run [ RunTime:0.020001s ]
INFO: [ view_parse ] --END-- [ RunTime:0.021001s ]
INFO: [ view_filter ] --START--
INFO: ContentReplace Behavior ::run [ RunTime:0.001000s ]
INFO: TokenBuild Behavior ::run [ RunTime:0.002000s ]
INFO: WriteHtmlCache Behavior ::run [ RunTime:0.002000s ]
INFO: ShowRuntime Behavior ::run [ RunTime:0.002000s ]
INFO: [ view_filter ] --END-- [ RunTime:0.010000s ]
INFO: [ view_end ] --START--
INFO: ShowPageTrace Behavior ::run [ RunTime:0.003001s ]
INFO: [ view_end ] --END-- [ RunTime:0.003001s ]

[ 2014-10-01T22:12:03+08:00 ] 0.0.0.0 /Tp_group/Home/Index
INFO: [ route_check ] --START--
INFO: CheckRoute Behavior ::run [ RunTime:0.002000s ]
INFO: [ route_check ] --END-- [ RunTime:0.003000s ]
INFO: [ app_begin ] --START--
INFO: ReadHtmlCache Behavior ::run [ RunTime:0.003001s ]
INFO: [ app_begin ] --END-- [ RunTime:0.003001s ]
INFO: [ view_parse ] --START--
INFO: ParseTemplate Behavior ::run [ RunTime:0.022001s ]
INFO: [ view_parse ] --END-- [ RunTime:0.023001s ]
INFO: [ view_filter ] --START--
INFO: ContentReplace Behavior ::run [ RunTime:0.001000s ]
INFO: TokenBuild Behavior ::run [ RunTime:0.002000s ]
INFO: WriteHtmlCache Behavior ::run [ RunTime:0.001000s ]
INFO: ShowRuntime Behavior ::run [ RunTime:0.002000s ]
INFO: [ view_filter ] --END-- [ RunTime:0.008001s ]
INFO: [ view_end ] --START--
INFO: ShowPageTrace Behavior ::run [ RunTime:0.002000s ]
INFO: [ view_end ] --END-- [ RunTime:0.002000s ]

[ 2014-10-01T22:19:34+08:00 ] 0.0.0.0 /Tp_group/Home/Index
INFO: [ route_check ] --START--
INFO: CheckRoute Behavior ::run [ RunTime:0.002000s ]
INFO: [ route_check ] --END-- [ RunTime:0.002000s ]
INFO: [ app_begin ] --START--
INFO: ReadHtmlCache Behavior ::run [ RunTime:0.003000s ]
INFO: [ app_begin ] --END-- [ RunTime:0.004000s ]
INFO: [ view_parse ] --START--
INFO: ParseTemplate Behavior ::run [ RunTime:0.023001s ]
INFO: [ view_parse ] --END-- [ RunTime:0.023001s ]
INFO: [ view_filter ] --START--
INFO: ContentReplace Behavior ::run [ RunTime:0.002000s ]
INFO: TokenBuild Behavior ::run [ RunTime:0.001000s ]
INFO: WriteHtmlCache Behavior ::run [ RunTime:0.001000s ]
INFO: ShowRuntime Behavior ::run [ RunTime:0.002000s ]
INFO: [ view_filter ] --END-- [ RunTime:0.007000s ]
INFO: [ view_end ] --START--
INFO: ShowPageTrace Behavior ::run [ RunTime:0.002000s ]
INFO: [ view_end ] --END-- [ RunTime:0.002000s ]

[ 2014-10-01T22:21:32+08:00 ] 0.0.0.0 /Tp_group/Home/Index
INFO: [ route_check ] --START--
INFO: CheckRoute Behavior ::run [ RunTime:0.002000s ]
INFO: [ route_check ] --END-- [ RunTime:0.003000s ]
INFO: [ app_begin ] --START--
INFO: ReadHtmlCache Behavior ::run [ RunTime:0.003000s ]
INFO: [ app_begin ] --END-- [ RunTime:0.003000s ]
INFO: [ view_parse ] --START--
INFO: ParseTemplate Behavior ::run [ RunTime:0.024001s ]
INFO: [ view_parse ] --END-- [ RunTime:0.024001s ]
INFO: [ view_filter ] --START--
INFO: ContentReplace Behavior ::run [ RunTime:0.002000s ]
INFO: TokenBuild Behavior ::run [ RunTime:0.002001s ]
INFO: WriteHtmlCache Behavior ::run [ RunTime:0.002000s ]
INFO: ShowRuntime Behavior ::run [ RunTime:0.003000s ]
INFO: [ view_filter ] --END-- [ RunTime:0.009001s ]
INFO: [ view_end ] --START--
INFO: ShowPageTrace Behavior ::run [ RunTime:0.002000s ]
INFO: [ view_end ] --END-- [ RunTime:0.002000s ]

[ 2014-10-01T22:24:56+08:00 ] 0.0.0.0 /Tp_group/Home/List
INFO: [ route_check ] --START--
INFO: CheckRoute Behavior ::run [ RunTime:0.004000s ]
INFO: [ route_check ] --END-- [ RunTime:0.011000s ]
INFO: [ app_begin ] --START--
INFO: ReadHtmlCache Behavior ::run [ RunTime:0.002000s ]
INFO: [ app_begin ] --END-- [ RunTime:0.003000s ]
INFO: [ view_parse ] --START--
INFO: ParseTemplate Behavior ::run [ RunTime:0.022001s ]
INFO: [ view_parse ] --END-- [ RunTime:0.022001s ]
INFO: [ view_filter ] --START--
INFO: ContentReplace Behavior ::run [ RunTime:0.001000s ]
INFO: TokenBuild Behavior ::run [ RunTime:0.002000s ]
INFO: WriteHtmlCache Behavior ::run [ RunTime:0.002000s ]
INFO: ShowRuntime Behavior ::run [ RunTime:0.002000s ]
INFO: [ view_filter ] --END-- [ RunTime:0.009000s ]
INFO: [ view_end ] --START--
INFO: ShowPageTrace Behavior ::run [ RunTime:0.002000s ]
INFO: [ view_end ] --END-- [ RunTime:0.002000s ]

[ 2014-10-01T22:25:05+08:00 ] 0.0.0.0 /Tp_group/Home/Show
INFO: [ route_check ] --START--
INFO: CheckRoute Behavior ::run [ RunTime:0.002000s ]
INFO: [ route_check ] --END-- [ RunTime:0.003000s ]
INFO: [ app_begin ] --START--
INFO: ReadHtmlCache Behavior ::run [ RunTime:0.003001s ]
INFO: [ app_begin ] --END-- [ RunTime:0.003001s ]
INFO: [ view_parse ] --START--
INFO: ParseTemplate Behavior ::run [ RunTime:0.078004s ]
INFO: [ view_parse ] --END-- [ RunTime:0.078004s ]
INFO: [ view_filter ] --START--
INFO: ContentReplace Behavior ::run [ RunTime:0.001000s ]
INFO: TokenBuild Behavior ::run [ RunTime:0.002001s ]
INFO: WriteHtmlCache Behavior ::run [ RunTime:0.002000s ]
INFO: ShowRuntime Behavior ::run [ RunTime:0.002000s ]
INFO: [ view_filter ] --END-- [ RunTime:0.008001s ]
INFO: [ view_end ] --START--
INFO: ShowPageTrace Behavior ::run [ RunTime:0.002000s ]
INFO: [ view_end ] --END-- [ RunTime:0.003000s ]

[ 2014-10-01T22:45:26+08:00 ] 0.0.0.0 /Tp_group/
INFO: [ app_begin ] --START--
INFO: ReadHtmlCache Behavior ::run [ RunTime:0.004000s ]
INFO: [ app_begin ] --END-- [ RunTime:0.004000s ]
SQL: SHOW COLUMNS FROM `think_cate` [ RunTime:0.009000s ]
SQL: SELECT * FROM `think_cate` ORDER BY sort  [ RunTime:0.002000s ]
INFO: [ view_parse ] --START--
INFO: ParseTemplate Behavior ::run [ RunTime:0.033002s ]
INFO: [ view_parse ] --END-- [ RunTime:0.034002s ]
INFO: [ view_filter ] --START--
INFO: ContentReplace Behavior ::run [ RunTime:0.002000s ]
INFO: TokenBuild Behavior ::run [ RunTime:0.003000s ]
INFO: WriteHtmlCache Behavior ::run [ RunTime:0.001000s ]
INFO: ShowRuntime Behavior ::run [ RunTime:0.002000s ]
INFO: [ view_filter ] --END-- [ RunTime:0.010000s ]
INFO: [ view_end ] --START--
INFO: ShowPageTrace Behavior ::run [ RunTime:0.003000s ]
INFO: [ view_end ] --END-- [ RunTime:0.003000s ]

[ 2014-10-01T22:49:09+08:00 ] 0.0.0.0 /Tp_group/
INFO: [ app_begin ] --START--
INFO: ReadHtmlCache Behavior ::run [ RunTime:0.003000s ]
INFO: [ app_begin ] --END-- [ RunTime:0.003000s ]
SQL: SHOW COLUMNS FROM `think_cate` [ RunTime:0.007000s ]
SQL: SELECT * FROM `think_cate` ORDER BY sort  [ RunTime:0.001000s ]
INFO: [ view_parse ] --START--
INFO: ParseTemplate Behavior ::run [ RunTime:0.030001s ]
INFO: [ view_parse ] --END-- [ RunTime:0.031002s ]
INFO: [ view_filter ] --START--
INFO: ContentReplace Behavior ::run [ RunTime:0.002000s ]
INFO: TokenBuild Behavior ::run [ RunTime:0.002001s ]
INFO: WriteHtmlCache Behavior ::run [ RunTime:0.001000s ]
INFO: ShowRuntime Behavior ::run [ RunTime:0.003000s ]
INFO: [ view_filter ] --END-- [ RunTime:0.008001s ]
INFO: [ view_end ] --START--
INFO: ShowPageTrace Behavior ::run [ RunTime:0.002000s ]
INFO: [ view_end ] --END-- [ RunTime:0.003000s ]

[ 2014-10-01T22:49:29+08:00 ] 0.0.0.0 /Tp_group/
INFO: [ app_begin ] --START--
INFO: ReadHtmlCache Behavior ::run [ RunTime:0.002000s ]
INFO: [ app_begin ] --END-- [ RunTime:0.003000s ]
SQL: SHOW COLUMNS FROM `think_cate` [ RunTime:0.006001s ]
SQL: SELECT * FROM `think_cate` ORDER BY sort  [ RunTime:0.001000s ]
INFO: [ view_parse ] --START--
INFO: ParseTemplate Behavior ::run [ RunTime:0.030002s ]
INFO: [ view_parse ] --END-- [ RunTime:0.031002s ]
INFO: [ view_filter ] --START--
INFO: ContentReplace Behavior ::run [ RunTime:0.001000s ]
INFO: TokenBuild Behavior ::run [ RunTime:0.002000s ]
INFO: WriteHtmlCache Behavior ::run [ RunTime:0.001000s ]
INFO: ShowRuntime Behavior ::run [ RunTime:0.002000s ]
INFO: [ view_filter ] --END-- [ RunTime:0.009000s ]
INFO: [ view_end ] --START--
INFO: ShowPageTrace Behavior ::run [ RunTime:0.002000s ]
INFO: [ view_end ] --END-- [ RunTime:0.003000s ]

[ 2014-10-01T22:50:24+08:00 ] 0.0.0.0 /Tp_group/
INFO: [ app_begin ] --START--
INFO: ReadHtmlCache Behavior ::run [ RunTime:0.002000s ]
INFO: [ app_begin ] --END-- [ RunTime:0.003000s ]
SQL: SHOW COLUMNS FROM `think_cate` [ RunTime:0.007000s ]
SQL: SELECT * FROM `think_cate` ORDER BY sort  [ RunTime:0.001000s ]
INFO: [ view_parse ] --START--
INFO: ParseTemplate Behavior ::run [ RunTime:0.032002s ]
INFO: [ view_parse ] --END-- [ RunTime:0.033002s ]
INFO: [ view_filter ] --START--
INFO: ContentReplace Behavior ::run [ RunTime:0.002000s ]
INFO: TokenBuild Behavior ::run [ RunTime:0.002000s ]
INFO: WriteHtmlCache Behavior ::run [ RunTime:0.001001s ]
INFO: ShowRuntime Behavior ::run [ RunTime:0.003000s ]
INFO: [ view_filter ] --END-- [ RunTime:0.008001s ]
INFO: [ view_end ] --START--
INFO: ShowPageTrace Behavior ::run [ RunTime:0.002000s ]
INFO: [ view_end ] --END-- [ RunTime:0.002000s ]

[ 2014-10-01T22:50:38+08:00 ] 0.0.0.0 /Tp_group/
INFO: [ app_begin ] --START--
INFO: ReadHtmlCache Behavior ::run [ RunTime:0.002001s ]
INFO: [ app_begin ] --END-- [ RunTime:0.002001s ]
SQL: SHOW COLUMNS FROM `think_cate` [ RunTime:0.008000s ]
SQL: SELECT * FROM `think_cate` ORDER BY sort  [ RunTime:0.001000s ]
INFO: [ view_parse ] --START--
INFO: ParseTemplate Behavior ::run [ RunTime:0.030001s ]
INFO: [ view_parse ] --END-- [ RunTime:0.030001s ]
INFO: [ view_filter ] --START--
INFO: ContentReplace Behavior ::run [ RunTime:0.002000s ]
INFO: TokenBuild Behavior ::run [ RunTime:0.002001s ]
INFO: WriteHtmlCache Behavior ::run [ RunTime:0.001000s ]
INFO: ShowRuntime Behavior ::run [ RunTime:0.003000s ]
INFO: [ view_filter ] --END-- [ RunTime:0.009001s ]
INFO: [ view_end ] --START--
INFO: ShowPageTrace Behavior ::run [ RunTime:0.002000s ]
INFO: [ view_end ] --END-- [ RunTime:0.002000s ]

[ 2014-10-01T22:52:07+08:00 ] 0.0.0.0 /Tp_group/
INFO: [ app_begin ] --START--
INFO: ReadHtmlCache Behavior ::run [ RunTime:0.002001s ]
INFO: [ app_begin ] --END-- [ RunTime:0.003001s ]
SQL: SHOW COLUMNS FROM `think_cate` [ RunTime:0.006001s ]
SQL: SELECT * FROM `think_cate` ORDER BY sort  [ RunTime:0.001000s ]
INFO: [ view_parse ] --START--
INFO: ParseTemplate Behavior ::run [ RunTime:0.030002s ]
INFO: [ view_parse ] --END-- [ RunTime:0.031002s ]
INFO: [ view_filter ] --START--
INFO: ContentReplace Behavior ::run [ RunTime:0.002000s ]
INFO: TokenBuild Behavior ::run [ RunTime:0.002000s ]
INFO: WriteHtmlCache Behavior ::run [ RunTime:0.002000s ]
INFO: ShowRuntime Behavior ::run [ RunTime:0.002000s ]
INFO: [ view_filter ] --END-- [ RunTime:0.008000s ]
INFO: [ view_end ] --START--
INFO: ShowPageTrace Behavior ::run [ RunTime:0.003001s ]
INFO: [ view_end ] --END-- [ RunTime:0.003001s ]

[ 2014-10-01T22:57:37+08:00 ] 0.0.0.0 /Tp_group/
INFO: [ app_begin ] --START--
INFO: ReadHtmlCache Behavior ::run [ RunTime:0.002000s ]
INFO: [ app_begin ] --END-- [ RunTime:0.002000s ]
SQL: SHOW COLUMNS FROM `think_cate` [ RunTime:0.007001s ]
SQL: SELECT * FROM `think_cate` ORDER BY sort  [ RunTime:0.001000s ]
INFO: [ view_parse ] --START--
INFO: ParseTemplate Behavior ::run [ RunTime:0.031002s ]
INFO: [ view_parse ] --END-- [ RunTime:0.032002s ]
INFO: [ view_filter ] --START--
INFO: ContentReplace Behavior ::run [ RunTime:0.002000s ]
INFO: TokenBuild Behavior ::run [ RunTime:0.002000s ]
INFO: WriteHtmlCache Behavior ::run [ RunTime:0.001000s ]
INFO: ShowRuntime Behavior ::run [ RunTime:0.002000s ]
INFO: [ view_filter ] --END-- [ RunTime:0.008000s ]
INFO: [ view_end ] --START--
INFO: ShowPageTrace Behavior ::run [ RunTime:0.003000s ]
INFO: [ view_end ] --END-- [ RunTime:0.003000s ]

[ 2014-10-01T22:58:38+08:00 ] 0.0.0.0 /Tp_group/
INFO: [ app_begin ] --START--
INFO: ReadHtmlCache Behavior ::run [ RunTime:0.003001s ]
INFO: [ app_begin ] --END-- [ RunTime:0.004001s ]
SQL: SHOW COLUMNS FROM `think_cate` [ RunTime:0.007000s ]
SQL: SELECT * FROM `think_cate` ORDER BY sort  [ RunTime:0.000000s ]
INFO: [ view_parse ] --START--
INFO: ParseTemplate Behavior ::run [ RunTime:0.030001s ]
INFO: [ view_parse ] --END-- [ RunTime:0.032002s ]
INFO: [ view_filter ] --START--
INFO: ContentReplace Behavior ::run [ RunTime:0.002000s ]
INFO: TokenBuild Behavior ::run [ RunTime:0.002000s ]
INFO: WriteHtmlCache Behavior ::run [ RunTime:0.002000s ]
INFO: ShowRuntime Behavior ::run [ RunTime:0.002000s ]
INFO: [ view_filter ] --END-- [ RunTime:0.009000s ]
INFO: [ view_end ] --START--
INFO: ShowPageTrace Behavior ::run [ RunTime:0.002000s ]
INFO: [ view_end ] --END-- [ RunTime:0.002000s ]

[ 2014-10-01T22:58:48+08:00 ] 0.0.0.0 /Tp_group/
INFO: [ app_begin ] --START--
INFO: ReadHtmlCache Behavior ::run [ RunTime:0.002000s ]
INFO: [ app_begin ] --END-- [ RunTime:0.002000s ]
SQL: SHOW COLUMNS FROM `think_cate` [ RunTime:0.060004s ]
SQL: SELECT * FROM `think_cate` ORDER BY sort  [ RunTime:0.001000s ]
INFO: [ view_parse ] --START--
INFO: ParseTemplate Behavior ::run [ RunTime:0.030002s ]
INFO: [ view_parse ] --END-- [ RunTime:0.030002s ]
INFO: [ view_filter ] --START--
INFO: ContentReplace Behavior ::run [ RunTime:0.001000s ]
INFO: TokenBuild Behavior ::run [ RunTime:0.002000s ]
INFO: WriteHtmlCache Behavior ::run [ RunTime:0.001000s ]
INFO: ShowRuntime Behavior ::run [ RunTime:0.001000s ]
INFO: [ view_filter ] --END-- [ RunTime:0.008000s ]
INFO: [ view_end ] --START--
INFO: ShowPageTrace Behavior ::run [ RunTime:0.002000s ]
INFO: [ view_end ] --END-- [ RunTime:0.003000s ]

[ 2014-10-01T23:26:51+08:00 ] 0.0.0.0 /Tp_group/
INFO: [ app_begin ] --START--
INFO: ReadHtmlCache Behavior ::run [ RunTime:0.003000s ]
INFO: [ app_begin ] --END-- [ RunTime:0.003000s ]
INFO: [ view_parse ] --START--
INFO: ParseTemplate Behavior ::run [ RunTime:0.024002s ]
INFO: [ view_parse ] --END-- [ RunTime:0.024002s ]
INFO: [ view_filter ] --START--
INFO: ContentReplace Behavior ::run [ RunTime:0.002000s ]
INFO: TokenBuild Behavior ::run [ RunTime:0.002000s ]
INFO: WriteHtmlCache Behavior ::run [ RunTime:0.002000s ]
INFO: ShowRuntime Behavior ::run [ RunTime:0.002000s ]
INFO: [ view_filter ] --END-- [ RunTime:0.009000s ]
INFO: [ view_end ] --START--
INFO: ShowPageTrace Behavior ::run [ RunTime:0.003000s ]
INFO: [ view_end ] --END-- [ RunTime:0.003000s ]

[ 2014-10-01T23:27:47+08:00 ] 0.0.0.0 /Tp_group/
INFO: [ app_begin ] --START--
INFO: ReadHtmlCache Behavior ::run [ RunTime:0.003000s ]
INFO: [ app_begin ] --END-- [ RunTime:0.003000s ]
INFO: [ view_parse ] --START--
INFO: ParseTemplate Behavior ::run [ RunTime:0.032002s ]
INFO: [ view_parse ] --END-- [ RunTime:0.032002s ]
INFO: [ view_filter ] --START--
INFO: ContentReplace Behavior ::run [ RunTime:0.001000s ]
INFO: TokenBuild Behavior ::run [ RunTime:0.002000s ]
INFO: WriteHtmlCache Behavior ::run [ RunTime:0.003000s ]
INFO: ShowRuntime Behavior ::run [ RunTime:0.002000s ]
INFO: [ view_filter ] --END-- [ RunTime:0.009000s ]
INFO: [ view_end ] --START--
INFO: ShowPageTrace Behavior ::run [ RunTime:0.002001s ]
INFO: [ view_end ] --END-- [ RunTime:0.003001s ]

[ 2014-10-01T23:31:18+08:00 ] 0.0.0.0 /Tp_group/
INFO: [ app_begin ] --START--
INFO: ReadHtmlCache Behavior ::run [ RunTime:0.003000s ]
INFO: [ app_begin ] --END-- [ RunTime:0.004000s ]
INFO: [ view_parse ] --START--
INFO: ParseTemplate Behavior ::run [ RunTime:0.023002s ]
INFO: [ view_parse ] --END-- [ RunTime:0.025002s ]
INFO: [ view_filter ] --START--
INFO: ContentReplace Behavior ::run [ RunTime:0.002000s ]
INFO: TokenBuild Behavior ::run [ RunTime:0.002000s ]
INFO: WriteHtmlCache Behavior ::run [ RunTime:0.001000s ]
INFO: ShowRuntime Behavior ::run [ RunTime:0.003000s ]
INFO: [ view_filter ] --END-- [ RunTime:0.009000s ]
INFO: [ view_end ] --START--
INFO: ShowPageTrace Behavior ::run [ RunTime:0.002000s ]
INFO: [ view_end ] --END-- [ RunTime:0.002000s ]

[ 2014-10-01T23:31:41+08:00 ] 0.0.0.0 /Tp_group/
INFO: [ app_begin ] --START--
INFO: ReadHtmlCache Behavior ::run [ RunTime:0.003000s ]
INFO: [ app_begin ] --END-- [ RunTime:0.003000s ]
INFO: [ view_parse ] --START--
INFO: ParseTemplate Behavior ::run [ RunTime:0.025001s ]
INFO: [ view_parse ] --END-- [ RunTime:0.026001s ]
INFO: [ view_filter ] --START--
INFO: ContentReplace Behavior ::run [ RunTime:0.002000s ]
INFO: TokenBuild Behavior ::run [ RunTime:0.002000s ]
INFO: WriteHtmlCache Behavior ::run [ RunTime:0.002000s ]
INFO: ShowRuntime Behavior ::run [ RunTime:0.002001s ]
INFO: [ view_filter ] --END-- [ RunTime:0.009001s ]
INFO: [ view_end ] --START--
INFO: ShowPageTrace Behavior ::run [ RunTime:0.003000s ]
INFO: [ view_end ] --END-- [ RunTime:0.004000s ]

[ 2014-10-01T23:33:17+08:00 ] 0.0.0.0 /Tp_group/
INFO: [ app_begin ] --START--
INFO: ReadHtmlCache Behavior ::run [ RunTime:0.003000s ]
INFO: [ app_begin ] --END-- [ RunTime:0.003000s ]
INFO: [ view_parse ] --START--
INFO: ParseTemplate Behavior ::run [ RunTime:0.095006s ]
INFO: [ view_parse ] --END-- [ RunTime:0.097006s ]
INFO: [ view_filter ] --START--
INFO: ContentReplace Behavior ::run [ RunTime:0.002000s ]
INFO: TokenBuild Behavior ::run [ RunTime:0.002000s ]
INFO: WriteHtmlCache Behavior ::run [ RunTime:0.001000s ]
INFO: ShowRuntime Behavior ::run [ RunTime:0.003000s ]
INFO: [ view_filter ] --END-- [ RunTime:0.009000s ]
INFO: [ view_end ] --START--
INFO: ShowPageTrace Behavior ::run [ RunTime:0.002000s ]
INFO: [ view_end ] --END-- [ RunTime:0.003000s ]

[ 2014-10-01T23:36:59+08:00 ] 0.0.0.0 /Tp_group/
INFO: [ app_begin ] --START--
INFO: ReadHtmlCache Behavior ::run [ RunTime:0.002000s ]
INFO: [ app_begin ] --END-- [ RunTime:0.003000s ]
INFO: [ view_parse ] --START--
NOTIC: [2] Missing argument 2 for TagLib::parseXmlAttr(), called in D:\wamp\www\Tp_group\App\Modules\Home\TagLib\TagLibNewtag.class.php on line 20 and defined D:\wamp\www\Tp_group\ThinkPHP\Lib\Template\TagLib.class.php 第 80 行.
NOTIC: [8] Undefined variable: tag D:\wamp\www\Tp_group\ThinkPHP\Lib\Template\TagLib.class.php 第 91 行.
NOTIC: [8] Undefined index:  D:\wamp\www\Tp_group\ThinkPHP\Lib\Template\TagLib.class.php 第 91 行.
NOTIC: [8] Undefined variable: tag D:\wamp\www\Tp_group\ThinkPHP\Lib\Template\TagLib.class.php 第 92 行.
INFO: ParseTemplate Behavior ::run [ RunTime:0.042002s ]
INFO: [ view_parse ] --END-- [ RunTime:0.042002s ]
INFO: [ view_filter ] --START--
INFO: ContentReplace Behavior ::run [ RunTime:0.002000s ]
INFO: TokenBuild Behavior ::run [ RunTime:0.002000s ]
INFO: WriteHtmlCache Behavior ::run [ RunTime:0.001000s ]
INFO: ShowRuntime Behavior ::run [ RunTime:0.003001s ]
INFO: [ view_filter ] --END-- [ RunTime:0.009001s ]
INFO: [ view_end ] --START--
INFO: ShowPageTrace Behavior ::run [ RunTime:0.003000s ]
INFO: [ view_end ] --END-- [ RunTime:0.003000s ]

