[ 2014-11-16T12:58:43+08:00 ] 0.0.0.0 /Tp_group/Thumb/150x100/201410/5442493ca5efc.jpeg
INFO: [ route_check ] --START--
INFO: CheckRoute Behavior ::run [ RunTime:0.011001s ]
INFO: [ route_check ] --END-- [ RunTime:0.012001s ]
ERR: 无法加载模块:Thumb

[ 2014-11-16T12:59:05+08:00 ] 0.0.0.0 /Tp_group/av/6
INFO: [ route_check ] --START--
INFO: CheckRoute Behavior ::run [ RunTime:0.003000s ]
INFO: [ route_check ] --END-- [ RunTime:0.003000s ]

[ 2014-11-16T12:59:06+08:00 ] 0.0.0.0 /Tp_group/av/6
INFO: [ route_check ] --START--
INFO: CheckRoute Behavior ::run [ RunTime:0.003001s ]
INFO: [ route_check ] --END-- [ RunTime:0.003001s ]

[ 2014-11-16T12:59:26+08:00 ] 0.0.0.0 /Tp_group/Home/Detail/index/id/14
INFO: [ route_check ] --START--
INFO: CheckRoute Behavior ::run [ RunTime:0.002001s ]
INFO: [ route_check ] --END-- [ RunTime:0.004001s ]

[ 2014-11-16T12:59:26+08:00 ] 0.0.0.0 /Tp_group/Home/Detail/index/id/14
INFO: [ route_check ] --START--
INFO: CheckRoute Behavior ::run [ RunTime:0.002001s ]
INFO: [ route_check ] --END-- [ RunTime:0.003001s ]

[ 2014-11-16T13:00:36+08:00 ] 0.0.0.0 /Tp_group/Home/Detail/index/id/14
INFO: [ route_check ] --START--
INFO: CheckRoute Behavior ::run [ RunTime:0.003000s ]
INFO: [ route_check ] --END-- [ RunTime:0.003000s ]

[ 2014-11-16T13:00:37+08:00 ] 0.0.0.0 /Tp_group/Home/Detail/index/id/14
INFO: [ route_check ] --START--
INFO: CheckRoute Behavior ::run [ RunTime:0.003000s ]
INFO: [ route_check ] --END-- [ RunTime:0.003000s ]

[ 2014-11-16T13:01:07+08:00 ] 0.0.0.0 /Tp_group/Home/Detail/index/id/14
INFO: [ route_check ] --START--
INFO: CheckRoute Behavior ::run [ RunTime:0.002000s ]
INFO: [ route_check ] --END-- [ RunTime:0.002000s ]

[ 2014-11-16T13:01:07+08:00 ] 0.0.0.0 /Tp_group/Home/Detail/index/id/14
INFO: [ route_check ] --START--
INFO: CheckRoute Behavior ::run [ RunTime:0.003000s ]
INFO: [ route_check ] --END-- [ RunTime:0.003000s ]

[ 2014-11-16T13:01:19+08:00 ] 0.0.0.0 /Tp_group/v/5
INFO: [ route_check ] --START--
INFO: CheckRoute Behavior ::run [ RunTime:0.002000s ]
INFO: [ route_check ] --END-- [ RunTime:0.003000s ]

[ 2014-11-16T13:01:19+08:00 ] 0.0.0.0 /Tp_group/v/5
INFO: [ route_check ] --START--
INFO: CheckRoute Behavior ::run [ RunTime:0.003000s ]
INFO: [ route_check ] --END-- [ RunTime:0.004000s ]

[ 2014-11-16T13:01:28+08:00 ] 0.0.0.0 /Tp_group/Thumb/150x100/201410/5442493ca5efc.jpeg
INFO: [ route_check ] --START--
INFO: CheckRoute Behavior ::run [ RunTime:0.003000s ]
INFO: [ route_check ] --END-- [ RunTime:0.006000s ]
ERR: 无法加载模块:Thumb

[ 2014-11-16T13:12:59+08:00 ] 0.0.0.0 /Tp_group/Thumb/150x100/201410/5442493ca5efc.jpeg
INFO: [ route_check ] --START--
INFO: CheckRoute Behavior ::run [ RunTime:0.003001s ]
INFO: [ route_check ] --END-- [ RunTime:0.004001s ]
ERR: 无法加载模块:Thumb

[ 2014-11-16T13:13:24+08:00 ] 0.0.0.0 /Tp_group/Thumb/150x100/201410/5442493ca5efc.jpeg
INFO: [ route_check ] --START--
INFO: CheckRoute Behavior ::run [ RunTime:0.013000s ]
INFO: [ route_check ] --END-- [ RunTime:0.014000s ]
ERR: 无法加载模块:Thumb

[ 2014-11-16T13:14:17+08:00 ] 0.0.0.0 /Tp_group/Thumb/150x100/201410/5442493ca5efc.jpeg
INFO: [ route_check ] --START--
INFO: CheckRoute Behavior ::run [ RunTime:0.003000s ]
INFO: [ route_check ] --END-- [ RunTime:0.004000s ]
ERR: 无法加载模块:Thumb

[ 2014-11-16T13:15:08+08:00 ] 0.0.0.0 /Tp_group/Thumb/150x100/201410/5442493ca5efc.jpeg
INFO: [ route_check ] --START--
INFO: CheckRoute Behavior ::run [ RunTime:0.003000s ]
INFO: [ route_check ] --END-- [ RunTime:0.004000s ]
ERR: 无法加载模块:Thumb

[ 2014-11-16T13:15:43+08:00 ] 0.0.0.0 /Tp_group/Thumb/150x100/201410/5442493ca5efc.jpeg
INFO: [ route_check ] --START--
INFO: CheckRoute Behavior ::run [ RunTime:0.013001s ]
INFO: [ route_check ] --END-- [ RunTime:0.013001s ]
ERR: 无法加载模块:Thumb

[ 2014-11-16T13:15:53+08:00 ] 0.0.0.0 /Tp_group/Thumb/150x100/201410/5442493ca5efc.jpeg
INFO: [ route_check ] --START--
INFO: CheckRoute Behavior ::run [ RunTime:0.003000s ]
INFO: [ route_check ] --END-- [ RunTime:0.004000s ]
ERR: 无法加载模块:Thumb

[ 2014-11-16T13:17:27+08:00 ] 0.0.0.0 /Tp_group/Thumb/150x100/201410/5442493ca5efc.jpeg
INFO: [ route_check ] --START--
INFO: CheckRoute Behavior ::run [ RunTime:0.003000s ]
INFO: [ route_check ] --END-- [ RunTime:0.007000s ]
ERR: 无法加载模块:Thumb

[ 2014-11-16T13:18:54+08:00 ] 0.0.0.0 /Tp_group/Thumb/150x100/201410/5442493ca5efc.jpeg
INFO: [ route_check ] --START--
INFO: CheckRoute Behavior ::run [ RunTime:0.003000s ]
INFO: [ route_check ] --END-- [ RunTime:0.003000s ]
ERR: 无法加载模块:Thumb

[ 2014-11-16T13:19:16+08:00 ] 0.0.0.0 /Tp_group/Thumb/150x100/201410/5442493ca5efc.jpeg
INFO: [ route_check ] --START--
INFO: CheckRoute Behavior ::run [ RunTime:0.002000s ]
INFO: [ route_check ] --END-- [ RunTime:0.004000s ]
ERR: 无法加载模块:Thumb

[ 2014-11-16T13:21:13+08:00 ] 0.0.0.0 /Tp_group/Thumb/150x100/201410/5442493ca5efc.jpeg
INFO: [ route_check ] --START--
INFO: CheckRoute Behavior ::run [ RunTime:0.003000s ]
INFO: [ route_check ] --END-- [ RunTime:0.004000s ]
ERR: 无法加载模块:Thumb

[ 2014-11-16T13:21:39+08:00 ] 0.0.0.0 /Tp_group/Thumb/150x100/201410/5442493ca5efc.jpeg
INFO: [ route_check ] --START--
INFO: CheckRoute Behavior ::run [ RunTime:0.002000s ]
INFO: [ route_check ] --END-- [ RunTime:0.003001s ]
ERR: 无法加载模块:Thumb

[ 2014-11-16T13:22:02+08:00 ] 0.0.0.0 /Tp_group/Thumb/150x100/201410/5442493ca5efc.jpeg
INFO: [ route_check ] --START--
INFO: CheckRoute Behavior ::run [ RunTime:0.009001s ]
INFO: [ route_check ] --END-- [ RunTime:0.014001s ]
ERR: 无法加载模块:Thumb

[ 2014-11-16T13:25:38+08:00 ] 0.0.0.0 /Tp_group/Thumb/150x100/201410/5442493ca5efc.jpeg
INFO: [ route_check ] --START--
INFO: CheckRoute Behavior ::run [ RunTime:0.003001s ]
INFO: [ route_check ] --END-- [ RunTime:0.004001s ]
ERR: 无法加载模块:Thumb

[ 2014-11-16T13:26:40+08:00 ] 0.0.0.0 /Tp_group/Thumb/150x100/201410/5442493ca5efc.jpeg
INFO: [ route_check ] --START--
INFO: CheckRoute Behavior ::run [ RunTime:0.008000s ]
INFO: [ route_check ] --END-- [ RunTime:0.008000s ]
ERR: 无法加载模块:Thumb

[ 2014-11-16T13:27:08+08:00 ] 0.0.0.0 /Tp_group/Thumb/150x100/201410/5442493ca5efc.jpeg
INFO: [ route_check ] --START--
INFO: CheckRoute Behavior ::run [ RunTime:0.026001s ]
INFO: [ route_check ] --END-- [ RunTime:0.030002s ]
ERR: 无法加载模块:Thumb

[ 2014-11-16T13:29:13+08:00 ] 0.0.0.0 /Tp_group/Thumb/150x100/201410/5442493ca5efc.jpeg
INFO: [ route_check ] --START--
INFO: CheckRoute Behavior ::run [ RunTime:0.017001s ]
INFO: [ route_check ] --END-- [ RunTime:0.018001s ]
ERR: 无法加载模块:Thumb

[ 2014-11-16T13:31:07+08:00 ] 0.0.0.0 /Tp_group/Thumb/150x100/201410/5442493ca5efc.jpeg
INFO: [ route_check ] --START--
INFO: CheckRoute Behavior ::run [ RunTime:0.006001s ]
INFO: [ route_check ] --END-- [ RunTime:0.008001s ]
ERR: 无法加载模块:Thumb

[ 2014-11-16T13:31:18+08:00 ] 0.0.0.0 /Tp_group/Thumb/150x100/201410/5442493ca5efc.jpeg
INFO: [ route_check ] --START--
INFO: CheckRoute Behavior ::run [ RunTime:0.005000s ]
INFO: [ route_check ] --END-- [ RunTime:0.005000s ]
ERR: 无法加载模块:Thumb

[ 2014-11-16T13:31:46+08:00 ] 0.0.0.0 /Tp_group/Thumb/150x100/201410/5442493ca5efc.jpeg
INFO: [ route_check ] --START--
INFO: CheckRoute Behavior ::run [ RunTime:0.007000s ]
INFO: [ route_check ] --END-- [ RunTime:0.009000s ]
ERR: 无法加载模块:Thumb

[ 2014-11-16T13:32:15+08:00 ] 0.0.0.0 /Tp_group/Thumb/150x100/201410/5442493ca5efc.jpeg
INFO: [ route_check ] --START--
INFO: CheckRoute Behavior ::run [ RunTime:0.006000s ]
INFO: [ route_check ] --END-- [ RunTime:0.007000s ]
ERR: 无法加载模块:Thumb

[ 2014-11-16T13:32:48+08:00 ] 0.0.0.0 /Tp_group/Thumb/150x100/201410/5442493ca5efc.jpeg
INFO: [ route_check ] --START--
INFO: CheckRoute Behavior ::run [ RunTime:0.006000s ]
INFO: [ route_check ] --END-- [ RunTime:0.009000s ]
ERR: 无法加载模块:Thumb

[ 2014-11-16T13:34:19+08:00 ] 0.0.0.0 /Tp_group/Thumb/150x100/201410/5442493ca5efc.jpeg
INFO: [ route_check ] --START--
INFO: CheckRoute Behavior ::run [ RunTime:0.005000s ]
INFO: [ route_check ] --END-- [ RunTime:0.006000s ]
ERR: 无法加载模块:Thumb

[ 2014-11-16T13:35:55+08:00 ] 0.0.0.0 /Tp_group/Thumb/150x100/201410/5442493ca5efc.jpeg
INFO: [ route_check ] --START--
INFO: CheckRoute Behavior ::run [ RunTime:0.046002s ]
INFO: [ route_check ] --END-- [ RunTime:0.047002s ]
ERR: 无法加载模块:Thumb

[ 2014-11-16T13:36:18+08:00 ] 0.0.0.0 /Tp_group/Thumb/150x100/201410/5442493ca5efc.jpeg
INFO: [ route_check ] --START--
INFO: CheckRoute Behavior ::run [ RunTime:0.003001s ]
INFO: [ route_check ] --END-- [ RunTime:0.004001s ]
ERR: 无法加载模块:Thumb

[ 2014-11-16T13:37:30+08:00 ] 0.0.0.0 /Tp_group/Thumb/150x100/201410/5442493ca5efc.jpeg
INFO: [ route_check ] --START--
INFO: CheckRoute Behavior ::run [ RunTime:0.004000s ]
INFO: [ route_check ] --END-- [ RunTime:0.013001s ]
ERR: 无法加载模块:Thumb

[ 2014-11-16T13:42:33+08:00 ] 0.0.0.0 /Tp_group/Thumb/150x100/201410/5442493ca5efc.jpeg
INFO: [ route_check ] --START--
INFO: CheckRoute Behavior ::run [ RunTime:0.003000s ]
INFO: [ route_check ] --END-- [ RunTime:0.003000s ]
ERR: 无法加载模块:Thumb

[ 2014-11-16T13:43:16+08:00 ] 0.0.0.0 /Tp_group/Thumb/150x100/201410/5442493ca5efc.jpeg
INFO: [ route_check ] --START--
INFO: CheckRoute Behavior ::run [ RunTime:0.004001s ]
INFO: [ route_check ] --END-- [ RunTime:0.004001s ]
ERR: 无法加载模块:Thumb

[ 2014-11-16T13:43:31+08:00 ] 0.0.0.0 /Tp_group/Thumb/150x100/201410/5442493ca5efc.jpeg
INFO: [ route_check ] --START--
INFO: CheckRoute Behavior ::run [ RunTime:0.004001s ]
INFO: [ route_check ] --END-- [ RunTime:0.005001s ]
ERR: 无法加载模块:Thumb

[ 2014-11-16T13:43:51+08:00 ] 0.0.0.0 /Tp_group/Thumb/150x100/201410/5442493ca5efc.jpeg
INFO: [ route_check ] --START--
INFO: CheckRoute Behavior ::run [ RunTime:0.008000s ]
INFO: [ route_check ] --END-- [ RunTime:0.013001s ]
ERR: 无法加载模块:Thumb

[ 2014-11-16T13:44:13+08:00 ] 0.0.0.0 /Tp_group/Thumb/150x100/201410/5442493ca5efc.jpeg
INFO: [ route_check ] --START--
INFO: CheckRoute Behavior ::run [ RunTime:0.003000s ]
INFO: [ route_check ] --END-- [ RunTime:0.004000s ]
ERR: 无法加载模块:Thumb

[ 2014-11-16T13:44:41+08:00 ] 0.0.0.0 /Tp_group/Thumb/150x100/201410/5442493ca5efc.jpeg
INFO: [ route_check ] --START--
INFO: CheckRoute Behavior ::run [ RunTime:0.028002s ]
INFO: [ route_check ] --END-- [ RunTime:0.029002s ]
ERR: 无法加载模块:Thumb

[ 2014-11-16T13:45:13+08:00 ] 0.0.0.0 /Tp_group/Thumb/150x100/201410/5442493ca5efc.jpeg
INFO: [ route_check ] --START--
INFO: CheckRoute Behavior ::run [ RunTime:0.003000s ]
INFO: [ route_check ] --END-- [ RunTime:0.004000s ]
ERR: 无法加载模块:Thumb

[ 2014-11-16T13:45:22+08:00 ] 0.0.0.0 /Tp_group/Thumb/150x100/201410/5442493ca5efc.jpeg
INFO: [ route_check ] --START--
INFO: CheckRoute Behavior ::run [ RunTime:0.012000s ]
INFO: [ route_check ] --END-- [ RunTime:0.012000s ]
ERR: 无法加载模块:Thumb

[ 2014-11-16T13:47:13+08:00 ] 0.0.0.0 /Tp_group/Thumb/150x100/201410/5442493ca5efc.jpeg
INFO: [ route_check ] --START--
INFO: CheckRoute Behavior ::run [ RunTime:0.008000s ]
INFO: [ route_check ] --END-- [ RunTime:0.009000s ]
ERR: 无法加载模块:Thumb

[ 2014-11-16T13:48:38+08:00 ] 0.0.0.0 /Tp_group/Thumb/150x100/201410/5442493ca5efc.jpeg
INFO: [ route_check ] --START--
INFO: CheckRoute Behavior ::run [ RunTime:0.005001s ]
INFO: [ route_check ] --END-- [ RunTime:0.012001s ]
ERR: 无法加载模块:Thumb

[ 2014-11-16T13:49:03+08:00 ] 0.0.0.0 /Tp_group/Thumb/150x100/201410/5442493ca5efc.jpeg
INFO: [ route_check ] --START--
INFO: CheckRoute Behavior ::run [ RunTime:0.004000s ]
INFO: [ route_check ] --END-- [ RunTime:0.004000s ]
ERR: 无法加载模块:Thumb

[ 2014-11-16T13:50:35+08:00 ] 0.0.0.0 /Tp_group/Thumb/150x100/201410/5442493ca5efc.jpeg
INFO: [ route_check ] --START--
INFO: CheckRoute Behavior ::run [ RunTime:0.008001s ]
INFO: [ route_check ] --END-- [ RunTime:0.008001s ]
ERR: 无法加载模块:Thumb

[ 2014-11-16T13:51:35+08:00 ] 0.0.0.0 /Tp_group/Thumb/150x100/201410/5442493ca5efc.jpeg
INFO: [ route_check ] --START--
INFO: CheckRoute Behavior ::run [ RunTime:0.006001s ]
INFO: [ route_check ] --END-- [ RunTime:0.006001s ]
ERR: 无法加载模块:Thumb

[ 2014-11-16T13:51:55+08:00 ] 0.0.0.0 /Tp_group/Thumb/150x100/201410/5442493ca5efc.jpeg
INFO: [ route_check ] --START--
INFO: CheckRoute Behavior ::run [ RunTime:0.003000s ]
INFO: [ route_check ] --END-- [ RunTime:0.004000s ]
ERR: 无法加载模块:Thumb

[ 2014-11-16T13:52:11+08:00 ] 0.0.0.0 /Tp_group/Thumb/150x100/201410/5442493ca5efc.jpeg
INFO: [ route_check ] --START--
INFO: CheckRoute Behavior ::run [ RunTime:0.003001s ]
INFO: [ route_check ] --END-- [ RunTime:0.003001s ]
ERR: 无法加载模块:Thumb

[ 2014-11-16T13:52:26+08:00 ] 0.0.0.0 /Tp_group/Thumb/150x100/201410/5442493ca5efc.jpeg
INFO: [ route_check ] --START--
INFO: CheckRoute Behavior ::run [ RunTime:0.009001s ]
INFO: [ route_check ] --END-- [ RunTime:0.009001s ]
ERR: 无法加载模块:Thumb

[ 2014-11-16T13:52:40+08:00 ] 0.0.0.0 /Tp_group/Thumb/150x100/201410/5442493ca5efc.jpeg
INFO: [ route_check ] --START--
INFO: CheckRoute Behavior ::run [ RunTime:0.004000s ]
INFO: [ route_check ] --END-- [ RunTime:0.005000s ]
ERR: 无法加载模块:Thumb

[ 2014-11-16T13:53:06+08:00 ] 0.0.0.0 /Tp_group/Thumb/150x100/201410/5442493ca5efc.jpeg
INFO: [ route_check ] --START--
INFO: CheckRoute Behavior ::run [ RunTime:0.007000s ]
INFO: [ route_check ] --END-- [ RunTime:0.008000s ]
ERR: 无法加载模块:Thumb

[ 2014-11-16T13:53:19+08:00 ] 0.0.0.0 /Tp_group/Thumb/150x100/201410/5442493ca5efc.jpeg
INFO: [ route_check ] --START--
INFO: CheckRoute Behavior ::run [ RunTime:0.003000s ]
INFO: [ route_check ] --END-- [ RunTime:0.004000s ]
ERR: 无法加载模块:Thumb

[ 2014-11-16T13:53:28+08:00 ] 0.0.0.0 /Tp_group/Thumb/150x100/201410/5442493ca5efc.jpeg
INFO: [ route_check ] --START--
INFO: CheckRoute Behavior ::run [ RunTime:0.005000s ]
INFO: [ route_check ] --END-- [ RunTime:0.007000s ]
ERR: 无法加载模块:Thumb

[ 2014-11-16T13:53:38+08:00 ] 0.0.0.0 /Tp_group/Thumb/150x100/201410/5442493ca5efc.jpeg
INFO: [ route_check ] --START--
INFO: CheckRoute Behavior ::run [ RunTime:0.003000s ]
INFO: [ route_check ] --END-- [ RunTime:0.003000s ]
ERR: 无法加载模块:Thumb

[ 2014-11-16T13:53:45+08:00 ] 0.0.0.0 /Tp_group/Thumb/150x100/201410/5442493ca5efc.jpeg
INFO: [ route_check ] --START--
INFO: CheckRoute Behavior ::run [ RunTime:0.003001s ]
INFO: [ route_check ] --END-- [ RunTime:0.003001s ]
ERR: 无法加载模块:Thumb

[ 2014-11-16T13:53:56+08:00 ] 0.0.0.0 /Tp_group/Thumb/150x100/201410/5442493ca5efc.jpeg
INFO: [ route_check ] --START--
INFO: CheckRoute Behavior ::run [ RunTime:0.003000s ]
INFO: [ route_check ] --END-- [ RunTime:0.004000s ]
ERR: 无法加载模块:Thumb

[ 2014-11-16T13:54:43+08:00 ] 0.0.0.0 /Tp_group/Thumb/150x100/201410/5442493ca5efc.jpeg
INFO: [ route_check ] --START--
INFO: CheckRoute Behavior ::run [ RunTime:0.013001s ]
INFO: [ route_check ] --END-- [ RunTime:0.018001s ]
ERR: 无法加载模块:Thumb

[ 2014-11-16T13:54:51+08:00 ] 0.0.0.0 /Tp_group/Thumb/150x100/201410/5442493ca5efc.jpeg
INFO: [ route_check ] --START--
INFO: CheckRoute Behavior ::run [ RunTime:0.006000s ]
INFO: [ route_check ] --END-- [ RunTime:0.014000s ]
ERR: 无法加载模块:Thumb

[ 2014-11-16T13:55:15+08:00 ] 0.0.0.0 /Tp_group/Thumb/150x100/201410/5442493ca5efc.jpeg
INFO: [ route_check ] --START--
INFO: CheckRoute Behavior ::run [ RunTime:0.003000s ]
INFO: [ route_check ] --END-- [ RunTime:0.004000s ]
ERR: 无法加载模块:Thumb

[ 2014-11-16T13:55:20+08:00 ] 0.0.0.0 /Tp_group/Thumb/150x100/201410/5442493ca5efc.jpeg
INFO: [ route_check ] --START--
INFO: CheckRoute Behavior ::run [ RunTime:0.003001s ]
INFO: [ route_check ] --END-- [ RunTime:0.003001s ]
ERR: 无法加载模块:Thumb

[ 2014-11-16T13:55:32+08:00 ] 0.0.0.0 /Tp_group/Thumb/150x100/201410/5442493ca5efc.jpeg
INFO: [ route_check ] --START--
INFO: CheckRoute Behavior ::run [ RunTime:0.005000s ]
INFO: [ route_check ] --END-- [ RunTime:0.006001s ]
ERR: 无法加载模块:Thumb

[ 2014-11-16T13:55:51+08:00 ] 0.0.0.0 /Tp_group/Thumb/150x100/201410/5442493ca5efc.jpeg
INFO: [ route_check ] --START--
INFO: CheckRoute Behavior ::run [ RunTime:0.047002s ]
INFO: [ route_check ] --END-- [ RunTime:0.052002s ]
ERR: 无法加载模块:Thumb

[ 2014-11-16T13:56:01+08:00 ] 0.0.0.0 /Tp_group/Thumb/150x100/201410/5442493ca5efc.jpeg
INFO: [ route_check ] --START--
INFO: CheckRoute Behavior ::run [ RunTime:0.004000s ]
INFO: [ route_check ] --END-- [ RunTime:0.007000s ]
ERR: 无法加载模块:Thumb

[ 2014-11-16T13:56:12+08:00 ] 0.0.0.0 /Tp_group/Thumb/150x100/201410/5442493ca5efc.jpeg
INFO: [ route_check ] --START--
INFO: CheckRoute Behavior ::run [ RunTime:0.005000s ]
INFO: [ route_check ] --END-- [ RunTime:0.012000s ]
ERR: 无法加载模块:Thumb

[ 2014-11-16T13:56:28+08:00 ] 0.0.0.0 /Tp_group/Thumb/150x100/201410/5442493ca5efc.jpeg
INFO: [ route_check ] --START--
INFO: CheckRoute Behavior ::run [ RunTime:0.002000s ]
INFO: [ route_check ] --END-- [ RunTime:0.003000s ]
ERR: 无法加载模块:Thumb

[ 2014-11-16T13:57:30+08:00 ] 0.0.0.0 /Tp_group/Thumb/150x100/201410/5442493ca5efc.jpeg
INFO: [ route_check ] --START--
INFO: CheckRoute Behavior ::run [ RunTime:0.009001s ]
INFO: [ route_check ] --END-- [ RunTime:0.011001s ]
ERR: 无法加载模块:Thumb

[ 2014-11-16T13:57:44+08:00 ] 0.0.0.0 /Tp_group/Thumb/150x100/201410/5442493ca5efc.jpeg
INFO: [ route_check ] --START--
INFO: CheckRoute Behavior ::run [ RunTime:0.008000s ]
INFO: [ route_check ] --END-- [ RunTime:0.009001s ]
ERR: 无法加载模块:Thumb

[ 2014-11-16T13:57:53+08:00 ] 0.0.0.0 /Tp_group/Thumb/150x100/201410/5442493ca5efc.jpeg
INFO: [ route_check ] --START--
INFO: CheckRoute Behavior ::run [ RunTime:0.002000s ]
INFO: [ route_check ] --END-- [ RunTime:0.004000s ]
ERR: 无法加载模块:Thumb

[ 2014-11-16T13:58:21+08:00 ] 0.0.0.0 /Tp_group/Thumb/150x100/201410/5442493ca5efc.jpeg
INFO: [ route_check ] --START--
INFO: CheckRoute Behavior ::run [ RunTime:0.012000s ]
INFO: [ route_check ] --END-- [ RunTime:0.014001s ]
ERR: 无法加载模块:Thumb

[ 2014-11-16T13:59:42+08:00 ] 0.0.0.0 /Tp_group/Thumb/150x100/201410/5442493ca5efc.jpeg
INFO: [ route_check ] --START--
INFO: CheckRoute Behavior ::run [ RunTime:0.004000s ]
INFO: [ route_check ] --END-- [ RunTime:0.005000s ]
ERR: 无法加载模块:Thumb

[ 2014-11-16T14:02:19+08:00 ] 0.0.0.0 /Tp_group/Thumb/150x100/201410/5442493ca5efc.jpeg
INFO: [ route_check ] --START--
INFO: CheckRoute Behavior ::run [ RunTime:0.007000s ]
INFO: [ route_check ] --END-- [ RunTime:0.015001s ]
ERR: 无法加载模块:Thumb

[ 2014-11-16T14:04:39+08:00 ] 0.0.0.0 /Tp_group/Thumb/150x100/201410/5442493ca5efc.jpeg
INFO: [ route_check ] --START--
INFO: CheckRoute Behavior ::run [ RunTime:0.002000s ]
INFO: [ route_check ] --END-- [ RunTime:0.004000s ]
ERR: 无法加载模块:Thumb

[ 2014-11-16T14:07:31+08:00 ] 0.0.0.0 /Tp_group/Thumb/150x100/201410/5442493ca5efc.jpeg
INFO: [ route_check ] --START--
INFO: CheckRoute Behavior ::run [ RunTime:0.003000s ]
INFO: [ route_check ] --END-- [ RunTime:0.003000s ]
ERR: 无法加载模块:Thumb

[ 2014-11-16T14:08:44+08:00 ] 0.0.0.0 /Tp_group/Thumb/150x100/201410/5442493ca5efc.jpeg
INFO: [ route_check ] --START--
INFO: CheckRoute Behavior ::run [ RunTime:0.003000s ]
INFO: [ route_check ] --END-- [ RunTime:0.004000s ]
ERR: 无法加载模块:Thumb

[ 2014-11-16T14:10:24+08:00 ] 0.0.0.0 /Tp_group/Thumb/150x100/201410/5442493ca5efc.jpeg
INFO: [ route_check ] --START--
INFO: CheckRoute Behavior ::run [ RunTime:0.005000s ]
INFO: [ route_check ] --END-- [ RunTime:0.006000s ]
ERR: 无法加载模块:Thumb

[ 2014-11-16T14:10:59+08:00 ] 0.0.0.0 /Tp_group/Thumb/150x100/201410/5442493ca5efc.jpeg
INFO: [ route_check ] --START--
INFO: CheckRoute Behavior ::run [ RunTime:0.003000s ]
INFO: [ route_check ] --END-- [ RunTime:0.003000s ]
ERR: 无法加载模块:Thumb

[ 2014-11-16T14:11:22+08:00 ] 0.0.0.0 /Tp_group/Thumb/150x100/201410/5442493ca5efc.jpeg
INFO: [ route_check ] --START--
INFO: CheckRoute Behavior ::run [ RunTime:0.002000s ]
INFO: [ route_check ] --END-- [ RunTime:0.004000s ]
ERR: 无法加载模块:Thumb

[ 2014-11-16T14:11:32+08:00 ] 0.0.0.0 /Tp_group/Thumb/150x100/201410/5442493ca5efc.jpeg
INFO: [ route_check ] --START--
INFO: CheckRoute Behavior ::run [ RunTime:0.003000s ]
INFO: [ route_check ] --END-- [ RunTime:0.004000s ]
ERR: 无法加载模块:Thumb

[ 2014-11-16T14:12:51+08:00 ] 0.0.0.0 /Tp_group/Thumb/150x100/201410/5442493ca5efc.jpeg
INFO: [ route_check ] --START--
INFO: CheckRoute Behavior ::run [ RunTime:0.009000s ]
INFO: [ route_check ] --END-- [ RunTime:0.011000s ]
ERR: 无法加载模块:Thumb

[ 2014-11-16T14:13:56+08:00 ] 0.0.0.0 /Tp_group/Thumb/150x100/201410/5442493ca5efc.jpeg
INFO: [ route_check ] --START--
INFO: CheckRoute Behavior ::run [ RunTime:0.002000s ]
INFO: [ route_check ] --END-- [ RunTime:0.003000s ]
ERR: 无法加载模块:Thumb

[ 2014-11-16T14:14:16+08:00 ] 0.0.0.0 /Tp_group/Thumb/150x100/201410/5442493ca5efc.jpeg
INFO: [ route_check ] --START--
INFO: CheckRoute Behavior ::run [ RunTime:0.002000s ]
INFO: [ route_check ] --END-- [ RunTime:0.004000s ]
ERR: 无法加载模块:Thumb

[ 2014-11-16T14:14:24+08:00 ] 0.0.0.0 /Tp_group/Thumb/150x100/201410/5442493ca5efc.jpeg
INFO: [ route_check ] --START--
INFO: CheckRoute Behavior ::run [ RunTime:0.008000s ]
INFO: [ route_check ] --END-- [ RunTime:0.009000s ]
ERR: 无法加载模块:Thumb

[ 2014-11-16T14:14:59+08:00 ] 0.0.0.0 /Tp_group/Thumb/150x100/201410/5442493ca5efc.jpeg
INFO: [ route_check ] --START--
INFO: CheckRoute Behavior ::run [ RunTime:0.005001s ]
INFO: [ route_check ] --END-- [ RunTime:0.008001s ]
ERR: 无法加载模块:Thumb

[ 2014-11-16T14:15:42+08:00 ] 0.0.0.0 /Tp_group/Thumb/150x100/201410/5442493ca5efc.jpeg
INFO: [ route_check ] --START--
INFO: CheckRoute Behavior ::run [ RunTime:0.005000s ]
INFO: [ route_check ] --END-- [ RunTime:0.031002s ]
ERR: 无法加载模块:Thumb

[ 2014-11-16T14:17:35+08:00 ] 0.0.0.0 /Tp_group/Thumb/150x100/201410/5442493ca5efc.jpeg
INFO: [ route_check ] --START--
INFO: CheckRoute Behavior ::run [ RunTime:0.011001s ]
INFO: [ route_check ] --END-- [ RunTime:0.021002s ]
ERR: 无法加载模块:Thumb

[ 2014-11-16T14:18:15+08:00 ] 0.0.0.0 /Tp_group/Thumb/150x100/201410/5442493ca5efc.jpeg
INFO: [ route_check ] --START--
INFO: CheckRoute Behavior ::run [ RunTime:0.009000s ]
INFO: [ route_check ] --END-- [ RunTime:0.011000s ]
ERR: 无法加载模块:Thumb

[ 2014-11-16T14:18:46+08:00 ] 0.0.0.0 /Tp_group/Thumb/150x100/201410/5442493ca5efc.jpeg
INFO: [ route_check ] --START--
INFO: CheckRoute Behavior ::run [ RunTime:0.009001s ]
INFO: [ route_check ] --END-- [ RunTime:0.009001s ]
ERR: 无法加载模块:Thumb

[ 2014-11-16T14:19:02+08:00 ] 0.0.0.0 /Tp_group/Thumb/150x100/201410/5442493ca5efc.jpeg
INFO: [ route_check ] --START--
INFO: CheckRoute Behavior ::run [ RunTime:0.004000s ]
INFO: [ route_check ] --END-- [ RunTime:0.005001s ]
ERR: 无法加载模块:Thumb

[ 2014-11-16T14:19:18+08:00 ] 0.0.0.0 /Tp_group/Thumb/150x100/201410/5442493ca5efc.jpeg
INFO: [ route_check ] --START--
INFO: CheckRoute Behavior ::run [ RunTime:0.010000s ]
INFO: [ route_check ] --END-- [ RunTime:0.011000s ]
ERR: 无法加载模块:Thumb

[ 2014-11-16T14:21:45+08:00 ] 0.0.0.0 /Tp_group/Thumb/150x100/201410/5442493ca5efc.jpeg
INFO: [ route_check ] --START--
INFO: CheckRoute Behavior ::run [ RunTime:0.005001s ]
INFO: [ route_check ] --END-- [ RunTime:0.005001s ]
ERR: 无法加载模块:Thumb

[ 2014-11-16T14:21:58+08:00 ] 0.0.0.0 /Tp_group/Thumb/150x100/201410/5442493ca5efc.jpeg
INFO: [ route_check ] --START--
INFO: CheckRoute Behavior ::run [ RunTime:0.027002s ]
INFO: [ route_check ] --END-- [ RunTime:0.028002s ]
ERR: 无法加载模块:Thumb

[ 2014-11-16T14:22:34+08:00 ] 0.0.0.0 /Tp_group/Thumb/150x100/201410/5442493ca5efc.jpeg
INFO: [ route_check ] --START--
INFO: CheckRoute Behavior ::run [ RunTime:0.006000s ]
INFO: [ route_check ] --END-- [ RunTime:0.008000s ]
ERR: 无法加载模块:Thumb

[ 2014-11-16T14:23:40+08:00 ] 0.0.0.0 /Tp_group/Thumb/150x100/201410/5442493ca5efc.jpeg
INFO: [ route_check ] --START--
INFO: CheckRoute Behavior ::run [ RunTime:0.008000s ]
INFO: [ route_check ] --END-- [ RunTime:0.008000s ]
ERR: 无法加载模块:Thumb

[ 2014-11-16T14:24:14+08:00 ] 0.0.0.0 /Tp_group/Thumb/150x100/201410/5442493ca5efc.jpeg
INFO: [ route_check ] --START--
INFO: CheckRoute Behavior ::run [ RunTime:0.031002s ]
INFO: [ route_check ] --END-- [ RunTime:0.048002s ]
ERR: 无法加载模块:Thumb

[ 2014-11-16T14:25:11+08:00 ] 0.0.0.0 /Tp_group/Thumb/150x100/201410/5442493ca5efc.jpeg
INFO: [ route_check ] --START--
INFO: CheckRoute Behavior ::run [ RunTime:0.005000s ]
INFO: [ route_check ] --END-- [ RunTime:0.005000s ]
ERR: 无法加载模块:Thumb

[ 2014-11-16T14:26:20+08:00 ] 0.0.0.0 /Tp_group/Thumb/150x100/201410/5442493ca5efc.jpeg
INFO: [ route_check ] --START--
INFO: CheckRoute Behavior ::run [ RunTime:0.012001s ]
INFO: [ route_check ] --END-- [ RunTime:0.012001s ]
ERR: 无法加载模块:Thumb

[ 2014-11-16T14:27:34+08:00 ] 0.0.0.0 /Tp_group/Thumb/150x100/201410/5442493ca5efc.jpeg
INFO: [ route_check ] --START--
INFO: CheckRoute Behavior ::run [ RunTime:0.003001s ]
INFO: [ route_check ] --END-- [ RunTime:0.004001s ]
ERR: 无法加载模块:Thumb

[ 2014-11-16T14:28:19+08:00 ] 0.0.0.0 /Tp_group/Thumb/150x100/201410/5442493ca5efc.jpeg
INFO: [ route_check ] --START--
INFO: CheckRoute Behavior ::run [ RunTime:0.008000s ]
INFO: [ route_check ] --END-- [ RunTime:0.021001s ]
ERR: 无法加载模块:Thumb

[ 2014-11-16T14:29:14+08:00 ] 0.0.0.0 /Tp_group/Thumb/150x100/201410/5442493ca5efc.jpeg
INFO: [ route_check ] --START--
INFO: CheckRoute Behavior ::run [ RunTime:0.020001s ]
INFO: [ route_check ] --END-- [ RunTime:0.021001s ]
ERR: 无法加载模块:Thumb

[ 2014-11-16T14:29:41+08:00 ] 0.0.0.0 /Tp_group/Thumb/150x100/201410/5442493ca5efc.jpeg
INFO: [ route_check ] --START--
INFO: CheckRoute Behavior ::run [ RunTime:0.003001s ]
INFO: [ route_check ] --END-- [ RunTime:0.003001s ]
ERR: 无法加载模块:Thumb

[ 2014-11-16T14:30:40+08:00 ] 0.0.0.0 /Tp_group/Thumb/150x100/201410/5442493ca5efc.jpeg
INFO: [ route_check ] --START--
INFO: CheckRoute Behavior ::run [ RunTime:0.020001s ]
INFO: [ route_check ] --END-- [ RunTime:0.022001s ]
ERR: 无法加载模块:Thumb

[ 2014-11-16T14:31:18+08:00 ] 0.0.0.0 /Tp_group/Thumb/150x100/201410/5442493ca5efc.jpeg
INFO: [ route_check ] --START--
INFO: CheckRoute Behavior ::run [ RunTime:0.004000s ]
INFO: [ route_check ] --END-- [ RunTime:0.004000s ]
ERR: 无法加载模块:Thumb

[ 2014-11-16T14:31:39+08:00 ] 0.0.0.0 /Tp_group/Thumb/150x100/201410/5442493ca5efc.jpeg
INFO: [ route_check ] --START--
INFO: CheckRoute Behavior ::run [ RunTime:0.003000s ]
INFO: [ route_check ] --END-- [ RunTime:0.003000s ]
ERR: 无法加载模块:Thumb

[ 2014-11-16T14:32:01+08:00 ] 0.0.0.0 /Tp_group/Thumb/150x100/201410/5442493ca5efc.jpeg
INFO: [ route_check ] --START--
INFO: CheckRoute Behavior ::run [ RunTime:0.005001s ]
INFO: [ route_check ] --END-- [ RunTime:0.006001s ]
ERR: 无法加载模块:Thumb

[ 2014-11-16T14:32:11+08:00 ] 0.0.0.0 /Tp_group/Thumb/150x100/201410/5442493ca5efc.jpeg
INFO: [ route_check ] --START--
INFO: CheckRoute Behavior ::run [ RunTime:0.010001s ]
INFO: [ route_check ] --END-- [ RunTime:0.011001s ]
ERR: 无法加载模块:Thumb

[ 2014-11-16T14:32:57+08:00 ] 0.0.0.0 /Tp_group/Thumb/150x100/201410/5442493ca5efc.jpeg
INFO: [ route_check ] --START--
INFO: CheckRoute Behavior ::run [ RunTime:0.021001s ]
INFO: [ route_check ] --END-- [ RunTime:0.040002s ]
ERR: 无法加载模块:Thumb

[ 2014-11-16T14:34:12+08:00 ] 0.0.0.0 /Tp_group/Thumb/150x100/201410/5442493ca5efc.jpeg
INFO: [ route_check ] --START--
INFO: CheckRoute Behavior ::run [ RunTime:0.004000s ]
INFO: [ route_check ] --END-- [ RunTime:0.009000s ]
ERR: 无法加载模块:Thumb

[ 2014-11-16T14:35:52+08:00 ] 0.0.0.0 /Tp_group/Thumb/150x100/201410/5442493ca5efc.jpeg
INFO: [ route_check ] --START--
INFO: CheckRoute Behavior ::run [ RunTime:0.006001s ]
INFO: [ route_check ] --END-- [ RunTime:0.006001s ]
ERR: 无法加载模块:Thumb

[ 2014-11-16T14:36:06+08:00 ] 0.0.0.0 /Tp_group/Thumb/150x100/201410/5442493ca5efc.jpeg
INFO: [ route_check ] --START--
INFO: CheckRoute Behavior ::run [ RunTime:0.009000s ]
INFO: [ route_check ] --END-- [ RunTime:0.013000s ]
ERR: 无法加载模块:Thumb

[ 2014-11-16T14:36:43+08:00 ] 0.0.0.0 /Tp_group/Thumb/150x100/201410/5442493ca5efc.jpeg
INFO: [ route_check ] --START--
INFO: CheckRoute Behavior ::run [ RunTime:0.057003s ]
INFO: [ route_check ] --END-- [ RunTime:0.058003s ]
ERR: 无法加载模块:Thumb

[ 2014-11-16T14:38:02+08:00 ] 0.0.0.0 /Tp_group/Thumb/150x100/201410/5442493ca5efc.jpeg
INFO: [ route_check ] --START--
INFO: CheckRoute Behavior ::run [ RunTime:0.014001s ]
INFO: [ route_check ] --END-- [ RunTime:0.015001s ]
ERR: 无法加载模块:Thumb

[ 2014-11-16T14:38:31+08:00 ] 0.0.0.0 /Tp_group/Thumb/150x100/201410/5442493ca5efc.jpeg
INFO: [ route_check ] --START--
INFO: CheckRoute Behavior ::run [ RunTime:0.003000s ]
INFO: [ route_check ] --END-- [ RunTime:0.005000s ]
ERR: 无法加载模块:Thumb

[ 2014-11-16T14:39:06+08:00 ] 0.0.0.0 /Tp_group/Thumb/150x100/201410/5442493ca5efc.jpeg
INFO: [ route_check ] --START--
INFO: CheckRoute Behavior ::run [ RunTime:0.014001s ]
INFO: [ route_check ] --END-- [ RunTime:0.015001s ]
ERR: 无法加载模块:Thumb

[ 2014-11-16T14:40:13+08:00 ] 0.0.0.0 /Tp_group/Thumb/150x100/201410/5442493ca5efc.jpeg
INFO: [ route_check ] --START--
INFO: CheckRoute Behavior ::run [ RunTime:0.003000s ]
INFO: [ route_check ] --END-- [ RunTime:0.008000s ]
ERR: 无法加载模块:Thumb

[ 2014-11-16T14:40:45+08:00 ] 0.0.0.0 /Tp_group/Thumb/150x100/201410/5442493ca5efc.jpeg
INFO: [ route_check ] --START--
INFO: CheckRoute Behavior ::run [ RunTime:0.004000s ]
INFO: [ route_check ] --END-- [ RunTime:0.005000s ]
ERR: 无法加载模块:Thumb

[ 2014-11-16T14:41:32+08:00 ] 0.0.0.0 /Tp_group/Thumb/150x100/201410/5442493ca5efc.jpeg
INFO: [ route_check ] --START--
INFO: CheckRoute Behavior ::run [ RunTime:0.004000s ]
INFO: [ route_check ] --END-- [ RunTime:0.005000s ]
ERR: 无法加载模块:Thumb

