[ 2014-12-07T10:50:39+08:00 ] 0.0.0.0 /Tp_group/Thumb/150x100/201410/5442493ca5efc.jpeg
INFO: [ route_check ] --START--
INFO: CheckRoute Behavior ::run [ RunTime:0.080317s ]
INFO: [ route_check ] --END-- [ RunTime:0.080564s ]
ERR: 无法加载模块:Thumb

[ 2014-12-07T10:54:53+08:00 ] 0.0.0.0 /Tp_group/Thumb/150x100/201410/5442493ca5efc.jpeg
INFO: [ route_check ] --START--
INFO: CheckRoute Behavior ::run [ RunTime:0.001410s ]
INFO: [ route_check ] --END-- [ RunTime:0.001597s ]
ERR: 无法加载模块:Thumb

[ 2014-12-07T10:55:14+08:00 ] 0.0.0.0 /Tp_group/Thumb/150x100/201410/5442493ca5efc.jpeg
INFO: [ route_check ] --START--
INFO: CheckRoute Behavior ::run [ RunTime:0.001383s ]
INFO: [ route_check ] --END-- [ RunTime:0.001560s ]
ERR: 无法加载模块:Thumb

[ 2014-12-07T10:55:39+08:00 ] 0.0.0.0 /Tp_group/Thumb/150x100/201410/5442493ca5efc.jpeg
INFO: [ route_check ] --START--
INFO: CheckRoute Behavior ::run [ RunTime:0.001534s ]
INFO: [ route_check ] --END-- [ RunTime:0.001711s ]
ERR: 无法加载模块:Thumb

[ 2014-12-07T10:55:44+08:00 ] 0.0.0.0 /Tp_group/Thumb/150x100/201410/5442493ca5efc.jpeg
INFO: [ route_check ] --START--
INFO: CheckRoute Behavior ::run [ RunTime:0.001440s ]
INFO: [ route_check ] --END-- [ RunTime:0.001620s ]
ERR: 无法加载模块:Thumb

[ 2014-12-07T10:56:00+08:00 ] 0.0.0.0 /Tp_group/Thumb/150x100/201410/5442493ca5efc.jpeg
INFO: [ route_check ] --START--
INFO: CheckRoute Behavior ::run [ RunTime:0.000936s ]
INFO: [ route_check ] --END-- [ RunTime:0.001047s ]
ERR: 无法加载模块:Thumb

[ 2014-12-07T10:56:45+08:00 ] 0.0.0.0 /Tp_group/Thumb/150x100/201410/5442493ca5efc.jpeg
INFO: [ route_check ] --START--
INFO: CheckRoute Behavior ::run [ RunTime:0.001123s ]
INFO: [ route_check ] --END-- [ RunTime:0.001271s ]
ERR: 无法加载模块:Thumb

[ 2014-12-07T10:57:23+08:00 ] 0.0.0.0 /Tp_group/Thumb/150x100/201410/5442493ca5efc.jpeg
INFO: [ route_check ] --START--
INFO: CheckRoute Behavior ::run [ RunTime:0.001388s ]
INFO: [ route_check ] --END-- [ RunTime:0.001534s ]
ERR: 无法加载模块:Thumb

[ 2014-12-07T10:57:36+08:00 ] 0.0.0.0 /Tp_group/Thumb/150x100/201410/5442493ca5efc.jpeg
INFO: [ route_check ] --START--
INFO: CheckRoute Behavior ::run [ RunTime:0.002588s ]
INFO: [ route_check ] --END-- [ RunTime:0.002964s ]
ERR: 无法加载模块:Thumb

[ 2014-12-07T10:57:48+08:00 ] 0.0.0.0 /Tp_group/Thumb/150x100/201410/5442493ca5efc.jpeg
INFO: [ route_check ] --START--
INFO: CheckRoute Behavior ::run [ RunTime:0.001782s ]
INFO: [ route_check ] --END-- [ RunTime:0.001993s ]
ERR: 无法加载模块:Thumb

[ 2014-12-07T10:58:00+08:00 ] 0.0.0.0 /Tp_group/Thumb/150x100/201410/5442493ca5efc.jpeg
INFO: [ route_check ] --START--
INFO: CheckRoute Behavior ::run [ RunTime:0.001618s ]
INFO: [ route_check ] --END-- [ RunTime:0.001808s ]
ERR: 无法加载模块:Thumb

[ 2014-12-07T10:58:15+08:00 ] 0.0.0.0 /Tp_group/Thumb/150x100/201410/5442493ca5efc.jpeg
INFO: [ route_check ] --START--
INFO: CheckRoute Behavior ::run [ RunTime:0.001372s ]
INFO: [ route_check ] --END-- [ RunTime:0.001570s ]
ERR: 无法加载模块:Thumb

[ 2014-12-07T10:58:45+08:00 ] 0.0.0.0 /Tp_group/Thumb/150x100/201410/5442493ca5efc.jpeg
INFO: [ route_check ] --START--
INFO: CheckRoute Behavior ::run [ RunTime:0.001529s ]
INFO: [ route_check ] --END-- [ RunTime:0.001766s ]
ERR: 无法加载模块:Thumb

[ 2014-12-07T10:59:37+08:00 ] 0.0.0.0 /Tp_group/Thumb/150x100/201410/5442493ca5efc.jpeg
INFO: [ route_check ] --START--
INFO: CheckRoute Behavior ::run [ RunTime:0.002594s ]
INFO: [ route_check ] --END-- [ RunTime:0.002802s ]
ERR: 无法加载模块:Thumb

[ 2014-12-07T11:00:06+08:00 ] 0.0.0.0 /Tp_group/Thumb/150x100/201410/5442493ca5efc.jpeg
INFO: [ route_check ] --START--
INFO: CheckRoute Behavior ::run [ RunTime:0.001524s ]
INFO: [ route_check ] --END-- [ RunTime:0.001721s ]
ERR: 无法加载模块:Thumb

[ 2014-12-07T11:00:17+08:00 ] 0.0.0.0 /Tp_group/Thumb/150x100/201410/5442493ca5efc.jpeg
INFO: [ route_check ] --START--
INFO: CheckRoute Behavior ::run [ RunTime:0.000914s ]
INFO: [ route_check ] --END-- [ RunTime:0.001037s ]
ERR: 无法加载模块:Thumb

[ 2014-12-07T11:00:58+08:00 ] 0.0.0.0 /Tp_group/24
INFO: [ route_check ] --START--
INFO: CheckRoute Behavior ::run [ RunTime:0.000882s ]
INFO: [ route_check ] --END-- [ RunTime:0.000991s ]

[ 2014-12-07T11:00:59+08:00 ] 0.0.0.0 /Tp_group/Home/Show/click/id/24
INFO: [ route_check ] --START--
INFO: CheckRoute Behavior ::run [ RunTime:0.001739s ]
INFO: [ route_check ] --END-- [ RunTime:0.001937s ]

[ 2014-12-07T11:00:59+08:00 ] 0.0.0.0 /Tp_group/24
INFO: [ route_check ] --START--
INFO: CheckRoute Behavior ::run [ RunTime:0.000774s ]
INFO: [ route_check ] --END-- [ RunTime:0.000881s ]

[ 2014-12-07T11:01:16+08:00 ] 0.0.0.0 /Tp_group/23
INFO: [ route_check ] --START--
INFO: CheckRoute Behavior ::run [ RunTime:0.000791s ]
INFO: [ route_check ] --END-- [ RunTime:0.000894s ]

[ 2014-12-07T11:01:16+08:00 ] 0.0.0.0 /Tp_group/Home/Show/click/id/23
INFO: [ route_check ] --START--
INFO: CheckRoute Behavior ::run [ RunTime:0.000767s ]
INFO: [ route_check ] --END-- [ RunTime:0.000875s ]

[ 2014-12-07T11:01:17+08:00 ] 0.0.0.0 /Tp_group/23
INFO: [ route_check ] --START--
INFO: CheckRoute Behavior ::run [ RunTime:0.000966s ]
INFO: [ route_check ] --END-- [ RunTime:0.001082s ]

[ 2014-12-07T11:01:32+08:00 ] 0.0.0.0 /Tp_group/22
INFO: [ route_check ] --START--
INFO: CheckRoute Behavior ::run [ RunTime:0.001514s ]
INFO: [ route_check ] --END-- [ RunTime:0.001700s ]

[ 2014-12-07T11:01:32+08:00 ] 0.0.0.0 /Tp_group/Home/Show/click/id/22
INFO: [ route_check ] --START--
INFO: CheckRoute Behavior ::run [ RunTime:0.001555s ]
INFO: [ route_check ] --END-- [ RunTime:0.001751s ]

[ 2014-12-07T11:01:32+08:00 ] 0.0.0.0 /Tp_group/22
INFO: [ route_check ] --START--
INFO: CheckRoute Behavior ::run [ RunTime:0.001299s ]
INFO: [ route_check ] --END-- [ RunTime:0.001490s ]

[ 2014-12-07T11:01:47+08:00 ] 0.0.0.0 /Tp_group/19
INFO: [ route_check ] --START--
INFO: CheckRoute Behavior ::run [ RunTime:0.000782s ]
INFO: [ route_check ] --END-- [ RunTime:0.000890s ]

[ 2014-12-07T11:01:47+08:00 ] 0.0.0.0 /Tp_group/Home/Show/click/id/19
INFO: [ route_check ] --START--
INFO: CheckRoute Behavior ::run [ RunTime:0.001419s ]
INFO: [ route_check ] --END-- [ RunTime:0.001604s ]

[ 2014-12-07T11:01:47+08:00 ] 0.0.0.0 /Tp_group/19
INFO: [ route_check ] --START--
INFO: CheckRoute Behavior ::run [ RunTime:0.000993s ]
INFO: [ route_check ] --END-- [ RunTime:0.001176s ]

[ 2014-12-07T11:02:04+08:00 ] 0.0.0.0 /Tp_group/16
INFO: [ route_check ] --START--
INFO: CheckRoute Behavior ::run [ RunTime:0.002576s ]
INFO: [ route_check ] --END-- [ RunTime:0.002697s ]

[ 2014-12-07T11:02:04+08:00 ] 0.0.0.0 /Tp_group/Home/Show/click/id/16
INFO: [ route_check ] --START--
INFO: CheckRoute Behavior ::run [ RunTime:0.001095s ]
INFO: [ route_check ] --END-- [ RunTime:0.001283s ]

[ 2014-12-07T11:02:05+08:00 ] 0.0.0.0 /Tp_group/16
INFO: [ route_check ] --START--
INFO: CheckRoute Behavior ::run [ RunTime:0.000978s ]
INFO: [ route_check ] --END-- [ RunTime:0.001101s ]

[ 2014-12-07T11:02:56+08:00 ] 0.0.0.0 /Tp_group/16
INFO: [ route_check ] --START--
INFO: CheckRoute Behavior ::run [ RunTime:0.001075s ]
INFO: [ route_check ] --END-- [ RunTime:0.001198s ]

[ 2014-12-07T11:02:56+08:00 ] 0.0.0.0 /Tp_group/Home/Show/click/id/16
INFO: [ route_check ] --START--
INFO: CheckRoute Behavior ::run [ RunTime:0.001757s ]
INFO: [ route_check ] --END-- [ RunTime:0.001968s ]

[ 2014-12-07T11:02:57+08:00 ] 0.0.0.0 /Tp_group/16
INFO: [ route_check ] --START--
INFO: CheckRoute Behavior ::run [ RunTime:0.001539s ]
INFO: [ route_check ] --END-- [ RunTime:0.001723s ]

[ 2014-12-07T11:03:01+08:00 ] 0.0.0.0 /Tp_group/Admin
INFO: [ route_check ] --START--
INFO: CheckRoute Behavior ::run [ RunTime:0.000754s ]
INFO: [ route_check ] --END-- [ RunTime:0.000858s ]

[ 2014-12-07T11:03:01+08:00 ] 0.0.0.0 /Tp_group/Admin/Login/index
INFO: [ route_check ] --START--
INFO: CheckRoute Behavior ::run [ RunTime:0.000814s ]
INFO: [ route_check ] --END-- [ RunTime:0.000931s ]

[ 2014-12-07T11:03:02+08:00 ] 0.0.0.0 /Tp_group/Admin/Login/imagecode
INFO: [ route_check ] --START--
INFO: CheckRoute Behavior ::run [ RunTime:0.001638s ]
INFO: [ route_check ] --END-- [ RunTime:0.001805s ]

[ 2014-12-07T11:03:07+08:00 ] 0.0.0.0 /Tp_group/Admin/Login/login
INFO: [ route_check ] --START--
INFO: CheckRoute Behavior ::run [ RunTime:0.001971s ]
INFO: [ route_check ] --END-- [ RunTime:0.002127s ]

[ 2014-12-07T11:03:07+08:00 ] 0.0.0.0 /Tp_group/Admin/Index/index
INFO: [ route_check ] --START--
INFO: CheckRoute Behavior ::run [ RunTime:0.001682s ]
INFO: [ route_check ] --END-- [ RunTime:0.001896s ]

[ 2014-12-07T11:03:13+08:00 ] 0.0.0.0 /Tp_group/Admin/Category/index
INFO: [ route_check ] --START--
INFO: CheckRoute Behavior ::run [ RunTime:0.001114s ]
INFO: [ route_check ] --END-- [ RunTime:0.001241s ]

[ 2014-12-07T11:03:17+08:00 ] 0.0.0.0 /Tp_group/Admin/Category/delCate/id/23
INFO: [ route_check ] --START--
INFO: CheckRoute Behavior ::run [ RunTime:0.001766s ]
INFO: [ route_check ] --END-- [ RunTime:0.001994s ]

[ 2014-12-07T11:03:19+08:00 ] 0.0.0.0 /Tp_group/Admin/Category/index
INFO: [ route_check ] --START--
INFO: CheckRoute Behavior ::run [ RunTime:0.000900s ]
INFO: [ route_check ] --END-- [ RunTime:0.001015s ]

[ 2014-12-07T11:03:20+08:00 ] 0.0.0.0 /Tp_group/Admin/Category/delCate/id/24
INFO: [ route_check ] --START--
INFO: CheckRoute Behavior ::run [ RunTime:0.001067s ]
INFO: [ route_check ] --END-- [ RunTime:0.001202s ]

[ 2014-12-07T11:03:21+08:00 ] 0.0.0.0 /Tp_group/Admin/Category/index
INFO: [ route_check ] --START--
INFO: CheckRoute Behavior ::run [ RunTime:0.001161s ]
INFO: [ route_check ] --END-- [ RunTime:0.001349s ]

[ 2014-12-07T11:03:22+08:00 ] 0.0.0.0 /Tp_group/Admin/Category/delCate/id/25
INFO: [ route_check ] --START--
INFO: CheckRoute Behavior ::run [ RunTime:0.000899s ]
INFO: [ route_check ] --END-- [ RunTime:0.001010s ]

[ 2014-12-07T11:03:23+08:00 ] 0.0.0.0 /Tp_group/Admin/Category/index
INFO: [ route_check ] --START--
INFO: CheckRoute Behavior ::run [ RunTime:0.000786s ]
INFO: [ route_check ] --END-- [ RunTime:0.000894s ]

[ 2014-12-07T11:03:24+08:00 ] 0.0.0.0 /Tp_group/Admin/Category/delCate/id/26
INFO: [ route_check ] --START--
INFO: CheckRoute Behavior ::run [ RunTime:0.000994s ]
INFO: [ route_check ] --END-- [ RunTime:0.001109s ]

[ 2014-12-07T11:03:25+08:00 ] 0.0.0.0 /Tp_group/Admin/Category/index
INFO: [ route_check ] --START--
INFO: CheckRoute Behavior ::run [ RunTime:0.000907s ]
INFO: [ route_check ] --END-- [ RunTime:0.001057s ]

[ 2014-12-07T11:03:28+08:00 ] 0.0.0.0 /Tp_group/Admin/Category/addCate
INFO: [ route_check ] --START--
INFO: CheckRoute Behavior ::run [ RunTime:0.000840s ]
INFO: [ route_check ] --END-- [ RunTime:0.000950s ]

[ 2014-12-07T11:03:56+08:00 ] 0.0.0.0 /Tp_group/Admin/Category/handelCate
INFO: [ route_check ] --START--
INFO: CheckRoute Behavior ::run [ RunTime:0.001074s ]
INFO: [ route_check ] --END-- [ RunTime:0.001208s ]

[ 2014-12-07T11:03:57+08:00 ] 0.0.0.0 /Tp_group/Admin/Category/index
INFO: [ route_check ] --START--
INFO: CheckRoute Behavior ::run [ RunTime:0.000825s ]
INFO: [ route_check ] --END-- [ RunTime:0.000937s ]

[ 2014-12-07T11:03:59+08:00 ] 0.0.0.0 /Tp_group/Admin/Category/addCate
INFO: [ route_check ] --START--
INFO: CheckRoute Behavior ::run [ RunTime:0.000827s ]
INFO: [ route_check ] --END-- [ RunTime:0.000934s ]

[ 2014-12-07T11:04:12+08:00 ] 0.0.0.0 /Tp_group/Admin/Category/handelCate
INFO: [ route_check ] --START--
INFO: CheckRoute Behavior ::run [ RunTime:0.000868s ]
INFO: [ route_check ] --END-- [ RunTime:0.000979s ]

[ 2014-12-07T11:04:13+08:00 ] 0.0.0.0 /Tp_group/Admin/Category/index
INFO: [ route_check ] --START--
INFO: CheckRoute Behavior ::run [ RunTime:0.000861s ]
INFO: [ route_check ] --END-- [ RunTime:0.000974s ]

[ 2014-12-07T11:04:14+08:00 ] 0.0.0.0 /Tp_group/Admin/Category/addCate
INFO: [ route_check ] --START--
INFO: CheckRoute Behavior ::run [ RunTime:0.001190s ]
INFO: [ route_check ] --END-- [ RunTime:0.001335s ]

[ 2014-12-07T11:05:01+08:00 ] 0.0.0.0 /Tp_group/Thumb/150x100/201410/5442493ca5efc.jpeg
INFO: [ route_check ] --START--
INFO: CheckRoute Behavior ::run [ RunTime:0.003217s ]
INFO: [ route_check ] --END-- [ RunTime:0.003413s ]
ERR: 无法加载模块:Thumb

[ 2014-12-07T11:05:03+08:00 ] 0.0.0.0 /Tp_group/2
INFO: [ route_check ] --START--
INFO: CheckRoute Behavior ::run [ RunTime:0.000934s ]
INFO: [ route_check ] --END-- [ RunTime:0.001040s ]

[ 2014-12-07T11:05:03+08:00 ] 0.0.0.0 /Tp_group/Home/Show/click/id/2
INFO: [ route_check ] --START--
INFO: CheckRoute Behavior ::run [ RunTime:0.001020s ]
INFO: [ route_check ] --END-- [ RunTime:0.001147s ]

[ 2014-12-07T11:05:03+08:00 ] 0.0.0.0 /Tp_group/2
INFO: [ route_check ] --START--
INFO: CheckRoute Behavior ::run [ RunTime:0.001387s ]
INFO: [ route_check ] --END-- [ RunTime:0.001591s ]

[ 2014-12-07T11:05:06+08:00 ] 0.0.0.0 /Tp_group/2
INFO: [ route_check ] --START--
INFO: CheckRoute Behavior ::run [ RunTime:0.001295s ]
INFO: [ route_check ] --END-- [ RunTime:0.001484s ]

[ 2014-12-07T11:05:06+08:00 ] 0.0.0.0 /Tp_group/Home/Show/click/id/2
INFO: [ route_check ] --START--
INFO: CheckRoute Behavior ::run [ RunTime:0.001316s ]
INFO: [ route_check ] --END-- [ RunTime:0.001511s ]

[ 2014-12-07T11:05:06+08:00 ] 0.0.0.0 /Tp_group/2
INFO: [ route_check ] --START--
INFO: CheckRoute Behavior ::run [ RunTime:0.001456s ]
INFO: [ route_check ] --END-- [ RunTime:0.001643s ]

[ 2014-12-07T11:05:15+08:00 ] 0.0.0.0 /Tp_group/2
INFO: [ route_check ] --START--
INFO: CheckRoute Behavior ::run [ RunTime:0.001366s ]
INFO: [ route_check ] --END-- [ RunTime:0.001543s ]

[ 2014-12-07T11:05:15+08:00 ] 0.0.0.0 /Tp_group/Home/Show/click/id/2
INFO: [ route_check ] --START--
INFO: CheckRoute Behavior ::run [ RunTime:0.000976s ]
INFO: [ route_check ] --END-- [ RunTime:0.001106s ]

[ 2014-12-07T11:05:15+08:00 ] 0.0.0.0 /Tp_group/2
INFO: [ route_check ] --START--
INFO: CheckRoute Behavior ::run [ RunTime:0.001526s ]
INFO: [ route_check ] --END-- [ RunTime:0.001733s ]

[ 2014-12-07T11:05:59+08:00 ] 0.0.0.0 /Tp_group/Admin/Category/handelCate
INFO: [ route_check ] --START--
INFO: CheckRoute Behavior ::run [ RunTime:0.001344s ]
INFO: [ route_check ] --END-- [ RunTime:0.001493s ]

[ 2014-12-07T11:06:01+08:00 ] 0.0.0.0 /Tp_group/Admin/Category/index
INFO: [ route_check ] --START--
INFO: CheckRoute Behavior ::run [ RunTime:0.001285s ]
INFO: [ route_check ] --END-- [ RunTime:0.001447s ]

[ 2014-12-07T11:06:04+08:00 ] 0.0.0.0 /Tp_group/Admin/Category/addCate
INFO: [ route_check ] --START--
INFO: CheckRoute Behavior ::run [ RunTime:0.001511s ]
INFO: [ route_check ] --END-- [ RunTime:0.001677s ]

[ 2014-12-07T11:06:17+08:00 ] 0.0.0.0 /Tp_group/Admin/Category/handelCate
INFO: [ route_check ] --START--
INFO: CheckRoute Behavior ::run [ RunTime:0.000911s ]
INFO: [ route_check ] --END-- [ RunTime:0.001021s ]

[ 2014-12-07T11:06:18+08:00 ] 0.0.0.0 /Tp_group/Admin/Category/index
INFO: [ route_check ] --START--
INFO: CheckRoute Behavior ::run [ RunTime:0.000999s ]
INFO: [ route_check ] --END-- [ RunTime:0.001125s ]

[ 2014-12-07T11:06:31+08:00 ] 0.0.0.0 /Tp_group/Admin/Category/index
INFO: [ route_check ] --START--
INFO: CheckRoute Behavior ::run [ RunTime:0.001017s ]
INFO: [ route_check ] --END-- [ RunTime:0.001126s ]

[ 2014-12-07T11:06:33+08:00 ] 0.0.0.0 /Tp_group/Admin/Category/index
INFO: [ route_check ] --START--
INFO: CheckRoute Behavior ::run [ RunTime:0.001026s ]
INFO: [ route_check ] --END-- [ RunTime:0.001150s ]

[ 2014-12-07T11:06:33+08:00 ] 0.0.0.0 /Tp_group/Admin/Category/index
INFO: [ route_check ] --START--
INFO: CheckRoute Behavior ::run [ RunTime:0.001926s ]
INFO: [ route_check ] --END-- [ RunTime:0.002135s ]

[ 2014-12-07T11:06:35+08:00 ] 0.0.0.0 /Tp_group/Admin/Category/delCate/id/20
INFO: [ route_check ] --START--
INFO: CheckRoute Behavior ::run [ RunTime:0.002275s ]
INFO: [ route_check ] --END-- [ RunTime:0.002532s ]

[ 2014-12-07T11:06:36+08:00 ] 0.0.0.0 /Tp_group/Admin/Category/index
INFO: [ route_check ] --START--
INFO: CheckRoute Behavior ::run [ RunTime:0.001219s ]
INFO: [ route_check ] --END-- [ RunTime:0.001356s ]

[ 2014-12-07T11:06:42+08:00 ] 0.0.0.0 /Tp_group/Thumb/150x100/201410/5442493ca5efc.jpeg
INFO: [ route_check ] --START--
INFO: CheckRoute Behavior ::run [ RunTime:0.000892s ]
INFO: [ route_check ] --END-- [ RunTime:0.001003s ]
ERR: 无法加载模块:Thumb

[ 2014-12-07T11:07:09+08:00 ] 0.0.0.0 /Tp_group/Admin/Category/addCate/pid/27
INFO: [ route_check ] --START--
INFO: CheckRoute Behavior ::run [ RunTime:0.001051s ]
INFO: [ route_check ] --END-- [ RunTime:0.001179s ]

[ 2014-12-07T11:07:16+08:00 ] 0.0.0.0 /Tp_group/Admin/Category/handelCate
INFO: [ route_check ] --START--
INFO: CheckRoute Behavior ::run [ RunTime:0.000985s ]
INFO: [ route_check ] --END-- [ RunTime:0.001113s ]

[ 2014-12-07T11:07:17+08:00 ] 0.0.0.0 /Tp_group/Admin/Category/index
INFO: [ route_check ] --START--
INFO: CheckRoute Behavior ::run [ RunTime:0.000854s ]
INFO: [ route_check ] --END-- [ RunTime:0.000972s ]

[ 2014-12-07T11:07:20+08:00 ] 0.0.0.0 /Tp_group/Admin/Category/addCate/pid/27
INFO: [ route_check ] --START--
INFO: CheckRoute Behavior ::run [ RunTime:0.001108s ]
INFO: [ route_check ] --END-- [ RunTime:0.001243s ]

[ 2014-12-07T11:07:35+08:00 ] 0.0.0.0 /Tp_group/Admin/Category/handelCate
INFO: [ route_check ] --START--
INFO: CheckRoute Behavior ::run [ RunTime:0.000991s ]
INFO: [ route_check ] --END-- [ RunTime:0.001100s ]

[ 2014-12-07T11:07:36+08:00 ] 0.0.0.0 /Tp_group/Admin/Category/index
INFO: [ route_check ] --START--
INFO: CheckRoute Behavior ::run [ RunTime:0.001456s ]
INFO: [ route_check ] --END-- [ RunTime:0.001609s ]

[ 2014-12-07T11:07:38+08:00 ] 0.0.0.0 /Tp_group/Admin/Category/addCate/pid/27
INFO: [ route_check ] --START--
INFO: CheckRoute Behavior ::run [ RunTime:0.000884s ]
INFO: [ route_check ] --END-- [ RunTime:0.000998s ]

[ 2014-12-07T11:07:42+08:00 ] 0.0.0.0 /Tp_group/Admin/Category/handelCate
INFO: [ route_check ] --START--
INFO: CheckRoute Behavior ::run [ RunTime:0.000811s ]
INFO: [ route_check ] --END-- [ RunTime:0.000919s ]

[ 2014-12-07T11:07:43+08:00 ] 0.0.0.0 /Tp_group/Admin/Category/index
INFO: [ route_check ] --START--
INFO: CheckRoute Behavior ::run [ RunTime:0.000924s ]
INFO: [ route_check ] --END-- [ RunTime:0.001034s ]

[ 2014-12-07T11:07:45+08:00 ] 0.0.0.0 /Tp_group/Admin/Category/addCate/pid/22
INFO: [ route_check ] --START--
INFO: CheckRoute Behavior ::run [ RunTime:0.000921s ]
INFO: [ route_check ] --END-- [ RunTime:0.001038s ]

[ 2014-12-07T11:07:50+08:00 ] 0.0.0.0 /Tp_group/Admin/Category/handelCate
INFO: [ route_check ] --START--
INFO: CheckRoute Behavior ::run [ RunTime:0.000888s ]
INFO: [ route_check ] --END-- [ RunTime:0.001001s ]

[ 2014-12-07T11:07:52+08:00 ] 0.0.0.0 /Tp_group/Admin/Category/index
INFO: [ route_check ] --START--
INFO: CheckRoute Behavior ::run [ RunTime:0.000940s ]
INFO: [ route_check ] --END-- [ RunTime:0.001056s ]

[ 2014-12-07T11:07:53+08:00 ] 0.0.0.0 /Tp_group/Admin/Category/addCate/pid/22
INFO: [ route_check ] --START--
INFO: CheckRoute Behavior ::run [ RunTime:0.000821s ]
INFO: [ route_check ] --END-- [ RunTime:0.000931s ]

[ 2014-12-07T11:08:00+08:00 ] 0.0.0.0 /Tp_group/Admin/Category/handelCate
INFO: [ route_check ] --START--
INFO: CheckRoute Behavior ::run [ RunTime:0.001287s ]
INFO: [ route_check ] --END-- [ RunTime:0.001444s ]

[ 2014-12-07T11:08:01+08:00 ] 0.0.0.0 /Tp_group/Admin/Category/index
INFO: [ route_check ] --START--
INFO: CheckRoute Behavior ::run [ RunTime:0.001028s ]
INFO: [ route_check ] --END-- [ RunTime:0.001153s ]

[ 2014-12-07T11:08:02+08:00 ] 0.0.0.0 /Tp_group/Admin/Category/addCate/pid/22
INFO: [ route_check ] --START--
INFO: CheckRoute Behavior ::run [ RunTime:0.001870s ]
INFO: [ route_check ] --END-- [ RunTime:0.002172s ]

[ 2014-12-07T11:08:12+08:00 ] 0.0.0.0 /Tp_group/Admin/Category/handelCate
INFO: [ route_check ] --START--
INFO: CheckRoute Behavior ::run [ RunTime:0.001123s ]
INFO: [ route_check ] --END-- [ RunTime:0.001268s ]

[ 2014-12-07T11:08:14+08:00 ] 0.0.0.0 /Tp_group/Admin/Category/index
INFO: [ route_check ] --START--
INFO: CheckRoute Behavior ::run [ RunTime:0.000909s ]
INFO: [ route_check ] --END-- [ RunTime:0.001021s ]

[ 2014-12-07T11:08:17+08:00 ] 0.0.0.0 /Tp_group/Thumb/150x100/201410/5442493ca5efc.jpeg
INFO: [ route_check ] --START--
INFO: CheckRoute Behavior ::run [ RunTime:0.001045s ]
INFO: [ route_check ] --END-- [ RunTime:0.001169s ]
ERR: 无法加载模块:Thumb

[ 2014-12-07T11:08:29+08:00 ] 0.0.0.0 /Tp_group/Admin/Category/addCate/pid/30
INFO: [ route_check ] --START--
INFO: CheckRoute Behavior ::run [ RunTime:0.001213s ]
INFO: [ route_check ] --END-- [ RunTime:0.001348s ]

[ 2014-12-07T11:08:45+08:00 ] 0.0.0.0 /Tp_group/Admin/Category/handelCate
INFO: [ route_check ] --START--
INFO: CheckRoute Behavior ::run [ RunTime:0.001070s ]
INFO: [ route_check ] --END-- [ RunTime:0.001201s ]

[ 2014-12-07T11:08:46+08:00 ] 0.0.0.0 /Tp_group/Admin/Category/index
INFO: [ route_check ] --START--
INFO: CheckRoute Behavior ::run [ RunTime:0.002015s ]
INFO: [ route_check ] --END-- [ RunTime:0.002216s ]

[ 2014-12-07T11:08:48+08:00 ] 0.0.0.0 /Tp_group/Admin/Category/addCate/pid/30
INFO: [ route_check ] --START--
INFO: CheckRoute Behavior ::run [ RunTime:0.001018s ]
INFO: [ route_check ] --END-- [ RunTime:0.001179s ]

[ 2014-12-07T11:08:53+08:00 ] 0.0.0.0 /Tp_group/Admin/Category/handelCate
INFO: [ route_check ] --START--
INFO: CheckRoute Behavior ::run [ RunTime:0.002224s ]
INFO: [ route_check ] --END-- [ RunTime:0.002456s ]

[ 2014-12-07T11:08:54+08:00 ] 0.0.0.0 /Tp_group/Admin/Category/index
INFO: [ route_check ] --START--
INFO: CheckRoute Behavior ::run [ RunTime:0.001137s ]
INFO: [ route_check ] --END-- [ RunTime:0.001308s ]

[ 2014-12-07T11:09:02+08:00 ] 0.0.0.0 /Tp_group/Admin/Category/addCate/pid/29
INFO: [ route_check ] --START--
INFO: CheckRoute Behavior ::run [ RunTime:0.001013s ]
INFO: [ route_check ] --END-- [ RunTime:0.001124s ]

[ 2014-12-07T11:09:09+08:00 ] 0.0.0.0 /Tp_group/Admin/Category/handelCate
INFO: [ route_check ] --START--
INFO: CheckRoute Behavior ::run [ RunTime:0.000995s ]
INFO: [ route_check ] --END-- [ RunTime:0.001131s ]

[ 2014-12-07T11:09:11+08:00 ] 0.0.0.0 /Tp_group/Admin/Category/index
INFO: [ route_check ] --START--
INFO: CheckRoute Behavior ::run [ RunTime:0.001039s ]
INFO: [ route_check ] --END-- [ RunTime:0.001162s ]

[ 2014-12-07T11:09:14+08:00 ] 0.0.0.0 /Tp_group/Admin/Category/addCate/pid/28
INFO: [ route_check ] --START--
INFO: CheckRoute Behavior ::run [ RunTime:0.000935s ]
INFO: [ route_check ] --END-- [ RunTime:0.001047s ]

[ 2014-12-07T11:09:30+08:00 ] 0.0.0.0 /Tp_group/Admin/Category/handelCate
INFO: [ route_check ] --START--
INFO: CheckRoute Behavior ::run [ RunTime:0.002705s ]
INFO: [ route_check ] --END-- [ RunTime:0.002960s ]

[ 2014-12-07T11:09:31+08:00 ] 0.0.0.0 /Tp_group/Admin/Category/index
INFO: [ route_check ] --START--
INFO: CheckRoute Behavior ::run [ RunTime:0.001291s ]
INFO: [ route_check ] --END-- [ RunTime:0.001450s ]

[ 2014-12-07T11:09:33+08:00 ] 0.0.0.0 /Tp_group/Admin/Category/addCate/pid/28
INFO: [ route_check ] --START--
INFO: CheckRoute Behavior ::run [ RunTime:0.001252s ]
INFO: [ route_check ] --END-- [ RunTime:0.001402s ]

[ 2014-12-07T11:09:51+08:00 ] 0.0.0.0 /Tp_group/Admin/Category/handelCate
INFO: [ route_check ] --START--
INFO: CheckRoute Behavior ::run [ RunTime:0.001617s ]
INFO: [ route_check ] --END-- [ RunTime:0.001800s ]

[ 2014-12-07T11:09:52+08:00 ] 0.0.0.0 /Tp_group/Admin/Category/index
INFO: [ route_check ] --START--
INFO: CheckRoute Behavior ::run [ RunTime:0.001058s ]
INFO: [ route_check ] --END-- [ RunTime:0.001180s ]

[ 2014-12-07T11:09:56+08:00 ] 0.0.0.0 /Tp_group/Thumb/150x100/201410/5442493ca5efc.jpeg
INFO: [ route_check ] --START--
INFO: CheckRoute Behavior ::run [ RunTime:0.001448s ]
INFO: [ route_check ] --END-- [ RunTime:0.001630s ]
ERR: 无法加载模块:Thumb

[ 2014-12-07T11:10:14+08:00 ] 0.0.0.0 /Tp_group/Home/Login/logout
INFO: [ route_check ] --START--
INFO: CheckRoute Behavior ::run [ RunTime:0.000901s ]
INFO: [ route_check ] --END-- [ RunTime:0.001020s ]

[ 2014-12-07T11:10:15+08:00 ] 0.0.0.0 /Tp_group/Home/Index/index
INFO: [ route_check ] --START--
INFO: CheckRoute Behavior ::run [ RunTime:0.000853s ]
INFO: [ route_check ] --END-- [ RunTime:0.000967s ]

[ 2014-12-07T11:10:15+08:00 ] 0.0.0.0 /Tp_group/Home/Index/index
INFO: [ route_check ] --START--
INFO: CheckRoute Behavior ::run [ RunTime:0.001378s ]
INFO: [ route_check ] --END-- [ RunTime:0.001564s ]

[ 2014-12-07T11:10:15+08:00 ] 0.0.0.0 /Tp_group/Thumb/150x100/201410/5442493ca5efc.jpeg
INFO: [ route_check ] --START--
INFO: CheckRoute Behavior ::run [ RunTime:0.001616s ]
INFO: [ route_check ] --END-- [ RunTime:0.001794s ]
ERR: 无法加载模块:Thumb

[ 2014-12-07T11:10:17+08:00 ] 0.0.0.0 /Tp_group/Home/Login/index
INFO: [ route_check ] --START--
INFO: CheckRoute Behavior ::run [ RunTime:0.001345s ]
INFO: [ route_check ] --END-- [ RunTime:0.001506s ]

[ 2014-12-07T11:10:17+08:00 ] 0.0.0.0 /Tp_group/Home/Login/index
INFO: [ route_check ] --START--
INFO: CheckRoute Behavior ::run [ RunTime:0.001006s ]
INFO: [ route_check ] --END-- [ RunTime:0.001119s ]

[ 2014-12-07T11:10:17+08:00 ] 0.0.0.0 /Tp_group/Home/Login/imagecode
INFO: [ route_check ] --START--
INFO: CheckRoute Behavior ::run [ RunTime:0.001368s ]
INFO: [ route_check ] --END-- [ RunTime:0.001547s ]

[ 2014-12-07T11:10:17+08:00 ] 0.0.0.0 /Tp_group/Home/Login/index
INFO: [ route_check ] --START--
INFO: CheckRoute Behavior ::run [ RunTime:0.000919s ]
INFO: [ route_check ] --END-- [ RunTime:0.001039s ]

[ 2014-12-07T11:10:21+08:00 ] 0.0.0.0 /Tp_group/Home/Login/login
INFO: [ route_check ] --START--
INFO: CheckRoute Behavior ::run [ RunTime:0.001018s ]
INFO: [ route_check ] --END-- [ RunTime:0.001153s ]

[ 2014-12-07T11:10:22+08:00 ] 0.0.0.0 /Tp_group/Home/Index/index
INFO: [ route_check ] --START--
INFO: CheckRoute Behavior ::run [ RunTime:0.001716s ]
INFO: [ route_check ] --END-- [ RunTime:0.001954s ]

[ 2014-12-07T11:10:22+08:00 ] 0.0.0.0 /Tp_group/Home/Index/index
INFO: [ route_check ] --START--
INFO: CheckRoute Behavior ::run [ RunTime:0.001388s ]
INFO: [ route_check ] --END-- [ RunTime:0.001569s ]

[ 2014-12-07T11:10:22+08:00 ] 0.0.0.0 /Tp_group/Thumb/150x100/201410/5442493ca5efc.jpeg
INFO: [ route_check ] --START--
INFO: CheckRoute Behavior ::run [ RunTime:0.001246s ]
INFO: [ route_check ] --END-- [ RunTime:0.001419s ]
ERR: 无法加载模块:Thumb

[ 2014-12-07T11:11:31+08:00 ] 0.0.0.0 /Tp_group/Home/Index/index
INFO: [ route_check ] --START--
INFO: CheckRoute Behavior ::run [ RunTime:0.000978s ]
INFO: [ route_check ] --END-- [ RunTime:0.001164s ]

[ 2014-12-07T11:11:31+08:00 ] 0.0.0.0 /Tp_group/Thumb/150x100/201410/5442493ca5efc.jpeg
INFO: [ route_check ] --START--
INFO: CheckRoute Behavior ::run [ RunTime:0.001281s ]
INFO: [ route_check ] --END-- [ RunTime:0.001471s ]
ERR: 无法加载模块:Thumb

[ 2014-12-07T11:11:32+08:00 ] 0.0.0.0 /Tp_group/Home/Index/index
INFO: [ route_check ] --START--
INFO: CheckRoute Behavior ::run [ RunTime:0.001009s ]
INFO: [ route_check ] --END-- [ RunTime:0.001137s ]

[ 2014-12-07T11:14:50+08:00 ] 0.0.0.0 /Tp_group/Home/Index/index
INFO: [ route_check ] --START--
INFO: CheckRoute Behavior ::run [ RunTime:0.001077s ]
INFO: [ route_check ] --END-- [ RunTime:0.001194s ]

[ 2014-12-07T11:14:50+08:00 ] 0.0.0.0 /Tp_group/Thumb/150x100/201410/5442493ca5efc.jpeg
INFO: [ route_check ] --START--
INFO: CheckRoute Behavior ::run [ RunTime:0.001539s ]
INFO: [ route_check ] --END-- [ RunTime:0.001742s ]
ERR: 无法加载模块:Thumb

[ 2014-12-07T11:14:50+08:00 ] 0.0.0.0 /Tp_group/Home/Index/index
INFO: [ route_check ] --START--
INFO: CheckRoute Behavior ::run [ RunTime:0.001598s ]
INFO: [ route_check ] --END-- [ RunTime:0.001794s ]

[ 2014-12-07T11:14:52+08:00 ] 0.0.0.0 /Tp_group/Home/Index/index
INFO: [ route_check ] --START--
INFO: CheckRoute Behavior ::run [ RunTime:0.001031s ]
INFO: [ route_check ] --END-- [ RunTime:0.001169s ]

[ 2014-12-07T11:14:52+08:00 ] 0.0.0.0 /Tp_group/Thumb/150x100/201410/5442493ca5efc.jpeg
INFO: [ route_check ] --START--
INFO: CheckRoute Behavior ::run [ RunTime:0.001242s ]
INFO: [ route_check ] --END-- [ RunTime:0.001436s ]
ERR: 无法加载模块:Thumb

[ 2014-12-07T11:14:52+08:00 ] 0.0.0.0 /Tp_group/Home/Index/index
INFO: [ route_check ] --START--
INFO: CheckRoute Behavior ::run [ RunTime:0.001351s ]
INFO: [ route_check ] --END-- [ RunTime:0.001556s ]

[ 2014-12-07T11:15:00+08:00 ] 0.0.0.0 /Tp_group/Home/Index/index
INFO: [ route_check ] --START--
INFO: CheckRoute Behavior ::run [ RunTime:0.000914s ]
INFO: [ route_check ] --END-- [ RunTime:0.001031s ]

[ 2014-12-07T11:15:00+08:00 ] 0.0.0.0 /Tp_group/Home/Index/index
INFO: [ route_check ] --START--
INFO: CheckRoute Behavior ::run [ RunTime:0.001586s ]
INFO: [ route_check ] --END-- [ RunTime:0.001780s ]

[ 2014-12-07T11:15:00+08:00 ] 0.0.0.0 /Tp_group/Thumb/150x100/201410/5442493ca5efc.jpeg
INFO: [ route_check ] --START--
INFO: CheckRoute Behavior ::run [ RunTime:0.002834s ]
INFO: [ route_check ] --END-- [ RunTime:0.003006s ]
ERR: 无法加载模块:Thumb

[ 2014-12-07T11:15:51+08:00 ] 0.0.0.0 /Tp_group/Home/Index/index
INFO: [ route_check ] --START--
INFO: CheckRoute Behavior ::run [ RunTime:0.000839s ]
INFO: [ route_check ] --END-- [ RunTime:0.000949s ]

[ 2014-12-07T11:15:51+08:00 ] 0.0.0.0 /Tp_group/Thumb/150x100/201410/5442493ca5efc.jpeg
INFO: [ route_check ] --START--
INFO: CheckRoute Behavior ::run [ RunTime:0.001681s ]
INFO: [ route_check ] --END-- [ RunTime:0.001874s ]
ERR: 无法加载模块:Thumb

[ 2014-12-07T11:15:51+08:00 ] 0.0.0.0 /Tp_group/Home/Index/index
INFO: [ route_check ] --START--
INFO: CheckRoute Behavior ::run [ RunTime:0.001492s ]
INFO: [ route_check ] --END-- [ RunTime:0.001682s ]

[ 2014-12-07T11:16:18+08:00 ] 0.0.0.0 /Tp_group/Home/Index/index
INFO: [ route_check ] --START--
INFO: CheckRoute Behavior ::run [ RunTime:0.000756s ]
INFO: [ route_check ] --END-- [ RunTime:0.000866s ]

[ 2014-12-07T11:16:18+08:00 ] 0.0.0.0 /Tp_group/Thumb/150x100/201410/5442493ca5efc.jpeg
INFO: [ route_check ] --START--
INFO: CheckRoute Behavior ::run [ RunTime:0.001569s ]
INFO: [ route_check ] --END-- [ RunTime:0.001760s ]
ERR: 无法加载模块:Thumb

[ 2014-12-07T11:16:18+08:00 ] 0.0.0.0 /Tp_group/Home/Index/index
INFO: [ route_check ] --START--
INFO: CheckRoute Behavior ::run [ RunTime:0.001478s ]
INFO: [ route_check ] --END-- [ RunTime:0.001665s ]

[ 2014-12-07T11:16:28+08:00 ] 0.0.0.0 /Tp_group/Home/Index/index
INFO: [ route_check ] --START--
INFO: CheckRoute Behavior ::run [ RunTime:0.000726s ]
INFO: [ route_check ] --END-- [ RunTime:0.000841s ]

[ 2014-12-07T11:16:28+08:00 ] 0.0.0.0 /Tp_group/Thumb/150x100/201410/5442493ca5efc.jpeg
INFO: [ route_check ] --START--
INFO: CheckRoute Behavior ::run [ RunTime:0.001494s ]
INFO: [ route_check ] --END-- [ RunTime:0.001693s ]
ERR: 无法加载模块:Thumb

[ 2014-12-07T11:16:28+08:00 ] 0.0.0.0 /Tp_group/Home/Index/index
INFO: [ route_check ] --START--
INFO: CheckRoute Behavior ::run [ RunTime:0.001883s ]
INFO: [ route_check ] --END-- [ RunTime:0.002057s ]

[ 2014-12-07T11:16:51+08:00 ] 0.0.0.0 /Tp_group/Home/Index/index
INFO: [ route_check ] --START--
INFO: CheckRoute Behavior ::run [ RunTime:0.000943s ]
INFO: [ route_check ] --END-- [ RunTime:0.001057s ]

[ 2014-12-07T11:16:51+08:00 ] 0.0.0.0 /Tp_group/Thumb/150x100/201410/5442493ca5efc.jpeg
INFO: [ route_check ] --START--
INFO: CheckRoute Behavior ::run [ RunTime:0.001227s ]
INFO: [ route_check ] --END-- [ RunTime:0.001405s ]
ERR: 无法加载模块:Thumb

[ 2014-12-07T11:16:51+08:00 ] 0.0.0.0 /Tp_group/Home/Index/index
INFO: [ route_check ] --START--
INFO: CheckRoute Behavior ::run [ RunTime:0.001998s ]
INFO: [ route_check ] --END-- [ RunTime:0.002212s ]

[ 2014-12-07T11:20:30+08:00 ] 0.0.0.0 /Tp_group/Admin/Category/delCate/id/31
INFO: [ route_check ] --START--
INFO: CheckRoute Behavior ::run [ RunTime:0.002455s ]
INFO: [ route_check ] --END-- [ RunTime:0.002709s ]

[ 2014-12-07T11:20:30+08:00 ] 0.0.0.0 /Tp_group/Admin/Login/index
INFO: [ route_check ] --START--
INFO: CheckRoute Behavior ::run [ RunTime:0.000931s ]
INFO: [ route_check ] --END-- [ RunTime:0.001035s ]

[ 2014-12-07T11:20:30+08:00 ] 0.0.0.0 /Tp_group/Admin/Login/imagecode
INFO: [ route_check ] --START--
INFO: CheckRoute Behavior ::run [ RunTime:0.000899s ]
INFO: [ route_check ] --END-- [ RunTime:0.001010s ]

[ 2014-12-07T11:20:35+08:00 ] 0.0.0.0 /Tp_group/Admin/Login/login
INFO: [ route_check ] --START--
INFO: CheckRoute Behavior ::run [ RunTime:0.000890s ]
INFO: [ route_check ] --END-- [ RunTime:0.000995s ]

[ 2014-12-07T11:20:35+08:00 ] 0.0.0.0 /Tp_group/Admin/Index/index
INFO: [ route_check ] --START--
INFO: CheckRoute Behavior ::run [ RunTime:0.000934s ]
INFO: [ route_check ] --END-- [ RunTime:0.001045s ]

[ 2014-12-07T11:20:38+08:00 ] 0.0.0.0 /Tp_group/Admin/Category/index
INFO: [ route_check ] --START--
INFO: CheckRoute Behavior ::run [ RunTime:0.000965s ]
INFO: [ route_check ] --END-- [ RunTime:0.001080s ]

[ 2014-12-07T11:20:39+08:00 ] 0.0.0.0 /Tp_group/Admin/Category/delCate/id/31
INFO: [ route_check ] --START--
INFO: CheckRoute Behavior ::run [ RunTime:0.001046s ]
INFO: [ route_check ] --END-- [ RunTime:0.001216s ]

[ 2014-12-07T11:20:40+08:00 ] 0.0.0.0 /Tp_group/Admin/Category/index
INFO: [ route_check ] --START--
INFO: CheckRoute Behavior ::run [ RunTime:0.001071s ]
INFO: [ route_check ] --END-- [ RunTime:0.001194s ]

[ 2014-12-07T11:20:42+08:00 ] 0.0.0.0 /Tp_group/Admin/Category/addCate
INFO: [ route_check ] --START--
INFO: CheckRoute Behavior ::run [ RunTime:0.000984s ]
INFO: [ route_check ] --END-- [ RunTime:0.001095s ]

[ 2014-12-07T11:20:49+08:00 ] 0.0.0.0 /Tp_group/Admin/Category/handelCate
INFO: [ route_check ] --START--
INFO: CheckRoute Behavior ::run [ RunTime:0.001427s ]
INFO: [ route_check ] --END-- [ RunTime:0.001605s ]

[ 2014-12-07T11:20:50+08:00 ] 0.0.0.0 /Tp_group/Admin/Category/index
INFO: [ route_check ] --START--
INFO: CheckRoute Behavior ::run [ RunTime:0.001945s ]
INFO: [ route_check ] --END-- [ RunTime:0.002158s ]

[ 2014-12-07T11:20:51+08:00 ] 0.0.0.0 /Tp_group/Home/Index/index
INFO: [ route_check ] --START--
INFO: CheckRoute Behavior ::run [ RunTime:0.001093s ]
INFO: [ route_check ] --END-- [ RunTime:0.001230s ]

[ 2014-12-07T11:20:51+08:00 ] 0.0.0.0 /Tp_group/Thumb/150x100/201410/5442493ca5efc.jpeg
INFO: [ route_check ] --START--
INFO: CheckRoute Behavior ::run [ RunTime:0.000993s ]
INFO: [ route_check ] --END-- [ RunTime:0.001102s ]
ERR: 无法加载模块:Thumb

[ 2014-12-07T11:20:52+08:00 ] 0.0.0.0 /Tp_group/Home/Index/index
INFO: [ route_check ] --START--
INFO: CheckRoute Behavior ::run [ RunTime:0.001230s ]
INFO: [ route_check ] --END-- [ RunTime:0.001359s ]

[ 2014-12-07T11:21:01+08:00 ] 0.0.0.0 /Tp_group/Admin/Category/sortCate
INFO: [ route_check ] --START--
INFO: CheckRoute Behavior ::run [ RunTime:0.000823s ]
INFO: [ route_check ] --END-- [ RunTime:0.000939s ]

[ 2014-12-07T11:21:01+08:00 ] 0.0.0.0 /Tp_group/Admin/Category/index
INFO: [ route_check ] --START--
INFO: CheckRoute Behavior ::run [ RunTime:0.001545s ]
INFO: [ route_check ] --END-- [ RunTime:0.001728s ]

[ 2014-12-07T11:21:03+08:00 ] 0.0.0.0 /Tp_group/Home/Index/index
INFO: [ route_check ] --START--
INFO: CheckRoute Behavior ::run [ RunTime:0.001173s ]
INFO: [ route_check ] --END-- [ RunTime:0.001319s ]

[ 2014-12-07T11:21:04+08:00 ] 0.0.0.0 /Tp_group/Thumb/150x100/201410/5442493ca5efc.jpeg
INFO: [ route_check ] --START--
INFO: CheckRoute Behavior ::run [ RunTime:0.000794s ]
INFO: [ route_check ] --END-- [ RunTime:0.000904s ]
ERR: 无法加载模块:Thumb

[ 2014-12-07T11:21:04+08:00 ] 0.0.0.0 /Tp_group/Home/Index/index
INFO: [ route_check ] --START--
INFO: CheckRoute Behavior ::run [ RunTime:0.000965s ]
INFO: [ route_check ] --END-- [ RunTime:0.001108s ]

[ 2014-12-07T11:22:23+08:00 ] 0.0.0.0 /Tp_group/Home/Index/index
INFO: [ route_check ] --START--
INFO: CheckRoute Behavior ::run [ RunTime:0.000833s ]
INFO: [ route_check ] --END-- [ RunTime:0.000950s ]

[ 2014-12-07T11:22:24+08:00 ] 0.0.0.0 /Tp_group/Thumb/150x100/201410/5442493ca5efc.jpeg
INFO: [ route_check ] --START--
INFO: CheckRoute Behavior ::run [ RunTime:0.001127s ]
INFO: [ route_check ] --END-- [ RunTime:0.001257s ]
ERR: 无法加载模块:Thumb

[ 2014-12-07T11:22:24+08:00 ] 0.0.0.0 /Tp_group/Home/Index/index
INFO: [ route_check ] --START--
INFO: CheckRoute Behavior ::run [ RunTime:0.001682s ]
INFO: [ route_check ] --END-- [ RunTime:0.001872s ]

[ 2014-12-07T11:22:32+08:00 ] 0.0.0.0 /Tp_group/Home/Index/index
INFO: [ route_check ] --START--
INFO: CheckRoute Behavior ::run [ RunTime:0.000897s ]
INFO: [ route_check ] --END-- [ RunTime:0.001017s ]

[ 2014-12-07T11:22:33+08:00 ] 0.0.0.0 /Tp_group/Thumb/150x100/201410/5442493ca5efc.jpeg
INFO: [ route_check ] --START--
INFO: CheckRoute Behavior ::run [ RunTime:0.001280s ]
INFO: [ route_check ] --END-- [ RunTime:0.001484s ]
ERR: 无法加载模块:Thumb

[ 2014-12-07T11:22:33+08:00 ] 0.0.0.0 /Tp_group/Home/Index/index
INFO: [ route_check ] --START--
INFO: CheckRoute Behavior ::run [ RunTime:0.001374s ]
INFO: [ route_check ] --END-- [ RunTime:0.001563s ]

[ 2014-12-07T11:25:30+08:00 ] 0.0.0.0 /Tp_group/Home/Index/index
INFO: [ route_check ] --START--
INFO: CheckRoute Behavior ::run [ RunTime:0.000927s ]
INFO: [ route_check ] --END-- [ RunTime:0.001045s ]

[ 2014-12-07T11:25:30+08:00 ] 0.0.0.0 /Tp_group/Thumb/150x100/201410/5442493ca5efc.jpeg
INFO: [ route_check ] --START--
INFO: CheckRoute Behavior ::run [ RunTime:0.001420s ]
INFO: [ route_check ] --END-- [ RunTime:0.001594s ]
ERR: 无法加载模块:Thumb

[ 2014-12-07T11:25:30+08:00 ] 0.0.0.0 /Tp_group/Home/Index/index
INFO: [ route_check ] --START--
INFO: CheckRoute Behavior ::run [ RunTime:0.010827s ]
INFO: [ route_check ] --END-- [ RunTime:0.011029s ]

[ 2014-12-07T11:26:09+08:00 ] 0.0.0.0 /Tp_group/Home/Index/index
INFO: [ route_check ] --START--
INFO: CheckRoute Behavior ::run [ RunTime:0.001291s ]
INFO: [ route_check ] --END-- [ RunTime:0.001413s ]

[ 2014-12-07T11:26:10+08:00 ] 0.0.0.0 /Tp_group/Thumb/150x100/201410/5442493ca5efc.jpeg
INFO: [ route_check ] --START--
INFO: CheckRoute Behavior ::run [ RunTime:0.001265s ]
INFO: [ route_check ] --END-- [ RunTime:0.001466s ]
ERR: 无法加载模块:Thumb

[ 2014-12-07T11:26:10+08:00 ] 0.0.0.0 /Tp_group/Home/Index/index
INFO: [ route_check ] --START--
INFO: CheckRoute Behavior ::run [ RunTime:0.001683s ]
INFO: [ route_check ] --END-- [ RunTime:0.001887s ]

[ 2014-12-07T11:28:09+08:00 ] 0.0.0.0 /Tp_group/Home/Index/index
INFO: [ route_check ] --START--
INFO: CheckRoute Behavior ::run [ RunTime:0.000935s ]
INFO: [ route_check ] --END-- [ RunTime:0.001073s ]

[ 2014-12-07T11:28:10+08:00 ] 0.0.0.0 /Tp_group/Thumb/150x100/201410/5442493ca5efc.jpeg
INFO: [ route_check ] --START--
INFO: CheckRoute Behavior ::run [ RunTime:0.001237s ]
INFO: [ route_check ] --END-- [ RunTime:0.001378s ]
ERR: 无法加载模块:Thumb

[ 2014-12-07T11:28:10+08:00 ] 0.0.0.0 /Tp_group/Home/Index/index
INFO: [ route_check ] --START--
INFO: CheckRoute Behavior ::run [ RunTime:0.001487s ]
INFO: [ route_check ] --END-- [ RunTime:0.001695s ]

[ 2014-12-07T11:29:02+08:00 ] 0.0.0.0 /Tp_group/Home/Index/index
INFO: [ route_check ] --START--
INFO: CheckRoute Behavior ::run [ RunTime:0.000986s ]
INFO: [ route_check ] --END-- [ RunTime:0.001107s ]

[ 2014-12-07T11:29:02+08:00 ] 0.0.0.0 /Tp_group/Thumb/150x100/201410/5442493ca5efc.jpeg
INFO: [ route_check ] --START--
INFO: CheckRoute Behavior ::run [ RunTime:0.002764s ]
INFO: [ route_check ] --END-- [ RunTime:0.002973s ]
ERR: 无法加载模块:Thumb

[ 2014-12-07T11:29:03+08:00 ] 0.0.0.0 /Tp_group/Home/Index/index
INFO: [ route_check ] --START--
INFO: CheckRoute Behavior ::run [ RunTime:0.001471s ]
INFO: [ route_check ] --END-- [ RunTime:0.001665s ]

[ 2014-12-07T12:45:59+08:00 ] 0.0.0.0 /Tp_group/24
INFO: [ route_check ] --START--
INFO: CheckRoute Behavior ::run [ RunTime:0.001257s ]
INFO: [ route_check ] --END-- [ RunTime:0.001388s ]

[ 2014-12-07T12:46:01+08:00 ] 0.0.0.0 /Tp_group/Home/Show/click/id/24
INFO: [ route_check ] --START--
INFO: CheckRoute Behavior ::run [ RunTime:0.000778s ]
INFO: [ route_check ] --END-- [ RunTime:0.000893s ]

[ 2014-12-07T12:46:01+08:00 ] 0.0.0.0 /Tp_group/24
INFO: [ route_check ] --START--
INFO: CheckRoute Behavior ::run [ RunTime:0.001130s ]
INFO: [ route_check ] --END-- [ RunTime:0.001242s ]

[ 2014-12-07T12:46:06+08:00 ] 0.0.0.0 /Tp_group/Thumb/150x100/201410/5442493ca5efc.jpeg
INFO: [ route_check ] --START--
INFO: CheckRoute Behavior ::run [ RunTime:0.001131s ]
INFO: [ route_check ] --END-- [ RunTime:0.001294s ]
ERR: 无法加载模块:Thumb

[ 2014-12-07T12:46:19+08:00 ] 0.0.0.0 /Tp_group/Home/Index/Admin
INFO: [ route_check ] --START--
INFO: CheckRoute Behavior ::run [ RunTime:0.000880s ]
INFO: [ route_check ] --END-- [ RunTime:0.000986s ]
ERR: 非法操作:Admin

[ 2014-12-07T12:46:31+08:00 ] 0.0.0.0 /Tp_group/Thumb/150x100/201410/5442493ca5efc.jpeg
INFO: [ route_check ] --START--
INFO: CheckRoute Behavior ::run [ RunTime:0.002068s ]
INFO: [ route_check ] --END-- [ RunTime:0.002262s ]
ERR: 无法加载模块:Thumb

[ 2014-12-07T12:47:08+08:00 ] 0.0.0.0 /Tp_group/23
INFO: [ route_check ] --START--
INFO: CheckRoute Behavior ::run [ RunTime:0.000914s ]
INFO: [ route_check ] --END-- [ RunTime:0.001026s ]

[ 2014-12-07T12:47:08+08:00 ] 0.0.0.0 /Tp_group/Home/Show/click/id/23
INFO: [ route_check ] --START--
INFO: CheckRoute Behavior ::run [ RunTime:0.000862s ]
INFO: [ route_check ] --END-- [ RunTime:0.000978s ]

[ 2014-12-07T12:47:08+08:00 ] 0.0.0.0 /Tp_group/23
INFO: [ route_check ] --START--
INFO: CheckRoute Behavior ::run [ RunTime:0.001342s ]
INFO: [ route_check ] --END-- [ RunTime:0.001510s ]

[ 2014-12-07T12:47:13+08:00 ] 0.0.0.0 /Tp_group/Thumb/150x100/201410/5442493ca5efc.jpeg
INFO: [ route_check ] --START--
INFO: CheckRoute Behavior ::run [ RunTime:0.001452s ]
INFO: [ route_check ] --END-- [ RunTime:0.001643s ]
ERR: 无法加载模块:Thumb

[ 2014-12-07T12:47:28+08:00 ] 0.0.0.0 /Tp_group/Admin
INFO: [ route_check ] --START--
INFO: CheckRoute Behavior ::run [ RunTime:0.000957s ]
INFO: [ route_check ] --END-- [ RunTime:0.001078s ]

[ 2014-12-07T12:47:28+08:00 ] 0.0.0.0 /Tp_group/Admin
INFO: [ route_check ] --START--
INFO: CheckRoute Behavior ::run [ RunTime:0.082678s ]
INFO: [ route_check ] --END-- [ RunTime:0.082898s ]

[ 2014-12-07T12:51:06+08:00 ] 0.0.0.0 /Tp_group/Thumb/150x100/201410/5442493ca5efc.jpeg
INFO: [ route_check ] --START--
INFO: CheckRoute Behavior ::run [ RunTime:0.001135s ]
INFO: [ route_check ] --END-- [ RunTime:0.001267s ]
ERR: 无法加载模块:Thumb

[ 2014-12-07T12:52:04+08:00 ] 0.0.0.0 /Tp_group/l/42
INFO: [ route_check ] --START--
INFO: CheckRoute Behavior ::run [ RunTime:0.000848s ]
INFO: [ route_check ] --END-- [ RunTime:0.000960s ]

[ 2014-12-07T12:52:04+08:00 ] 0.0.0.0 /Tp_group/l/42
INFO: [ route_check ] --START--
INFO: CheckRoute Behavior ::run [ RunTime:0.002122s ]
INFO: [ route_check ] --END-- [ RunTime:0.002287s ]

[ 2014-12-07T12:52:07+08:00 ] 0.0.0.0 /Tp_group/Thumb/150x100/201410/5442493ca5efc.jpeg
INFO: [ route_check ] --START--
INFO: CheckRoute Behavior ::run [ RunTime:0.000957s ]
INFO: [ route_check ] --END-- [ RunTime:0.001083s ]
ERR: 无法加载模块:Thumb

[ 2014-12-07T12:52:11+08:00 ] 0.0.0.0 /Tp_group/l/40
INFO: [ route_check ] --START--
INFO: CheckRoute Behavior ::run [ RunTime:0.000842s ]
INFO: [ route_check ] --END-- [ RunTime:0.000958s ]

[ 2014-12-07T12:52:11+08:00 ] 0.0.0.0 /Tp_group/l/40
INFO: [ route_check ] --START--
INFO: CheckRoute Behavior ::run [ RunTime:0.001441s ]
INFO: [ route_check ] --END-- [ RunTime:0.001628s ]

[ 2014-12-07T12:52:12+08:00 ] 0.0.0.0 /Tp_group/Thumb/150x100/201410/5442493ca5efc.jpeg
INFO: [ route_check ] --START--
INFO: CheckRoute Behavior ::run [ RunTime:0.000852s ]
INFO: [ route_check ] --END-- [ RunTime:0.000969s ]
ERR: 无法加载模块:Thumb

[ 2014-12-07T14:13:25+08:00 ] 0.0.0.0 /Tp_group/Admin
INFO: [ route_check ] --START--
INFO: CheckRoute Behavior ::run [ RunTime:0.000861s ]
INFO: [ route_check ] --END-- [ RunTime:0.000973s ]

[ 2014-12-07T14:13:44+08:00 ] 0.0.0.0 /Tp_group/Admin/Blog/addBlog
INFO: [ route_check ] --START--
INFO: CheckRoute Behavior ::run [ RunTime:0.001218s ]
INFO: [ route_check ] --END-- [ RunTime:0.001346s ]

[ 2014-12-07T14:18:16+08:00 ] 0.0.0.0 /Tp_group/Admin/Blog/upload?dir=image
INFO: [ route_check ] --START--
INFO: CheckRoute Behavior ::run [ RunTime:0.001017s ]
INFO: [ route_check ] --END-- [ RunTime:0.001129s ]

[ 2014-12-07T14:48:35+08:00 ] 0.0.0.0 /Tp_group/Admin/Blog/upload?dir=image
INFO: [ route_check ] --START--
INFO: CheckRoute Behavior ::run [ RunTime:0.001138s ]
INFO: [ route_check ] --END-- [ RunTime:0.001253s ]

[ 2014-12-07T14:55:26+08:00 ] 0.0.0.0 /Tp_group/Admin/Blog/upload?dir=image
INFO: [ route_check ] --START--
INFO: CheckRoute Behavior ::run [ RunTime:0.001078s ]
INFO: [ route_check ] --END-- [ RunTime:0.001193s ]

[ 2014-12-07T16:28:28+08:00 ] 0.0.0.0 /Tp_group/Admin/Blog/upload?dir=image
INFO: [ route_check ] --START--
INFO: CheckRoute Behavior ::run [ RunTime:0.001097s ]
INFO: [ route_check ] --END-- [ RunTime:0.001212s ]

[ 2014-12-07T16:29:40+08:00 ] 0.0.0.0 /Tp_group/Admin/Blog/upload?dir=image
INFO: [ route_check ] --START--
INFO: CheckRoute Behavior ::run [ RunTime:0.001183s ]
INFO: [ route_check ] --END-- [ RunTime:0.001297s ]

[ 2014-12-07T16:30:45+08:00 ] 0.0.0.0 /Tp_group/Admin/Blog/upload?dir=image
INFO: [ route_check ] --START--
INFO: CheckRoute Behavior ::run [ RunTime:0.001953s ]
INFO: [ route_check ] --END-- [ RunTime:0.002097s ]

[ 2014-12-07T16:32:08+08:00 ] 0.0.0.0 /Tp_group/Admin/Blog/upload?dir=image
INFO: [ route_check ] --START--
INFO: CheckRoute Behavior ::run [ RunTime:0.001797s ]
INFO: [ route_check ] --END-- [ RunTime:0.001936s ]

[ 2014-12-07T16:32:39+08:00 ] 0.0.0.0 /Tp_group/Admin/Blog/upload?dir=image
INFO: [ route_check ] --START--
INFO: CheckRoute Behavior ::run [ RunTime:0.001738s ]
INFO: [ route_check ] --END-- [ RunTime:0.001859s ]

[ 2014-12-07T17:45:54+08:00 ] 0.0.0.0 /Tp_group/Admin/Blog/handelAddBlog
INFO: [ route_check ] --START--
INFO: CheckRoute Behavior ::run [ RunTime:0.001089s ]
INFO: [ route_check ] --END-- [ RunTime:0.001200s ]

[ 2014-12-07T17:45:55+08:00 ] 0.0.0.0 /Tp_group/Admin/Blog/index
INFO: [ route_check ] --START--
INFO: CheckRoute Behavior ::run [ RunTime:0.001026s ]
INFO: [ route_check ] --END-- [ RunTime:0.001131s ]

[ 2014-12-07T17:46:56+08:00 ] 0.0.0.0 /Tp_group/Thumb/150x100/201410/5442493ca5efc.jpeg
INFO: [ route_check ] --START--
INFO: CheckRoute Behavior ::run [ RunTime:0.001541s ]
INFO: [ route_check ] --END-- [ RunTime:0.001732s ]
ERR: 无法加载模块:Thumb

[ 2014-12-07T17:47:03+08:00 ] 0.0.0.0 /Tp_group/25
INFO: [ route_check ] --START--
INFO: CheckRoute Behavior ::run [ RunTime:0.001708s ]
INFO: [ route_check ] --END-- [ RunTime:0.001936s ]

[ 2014-12-07T17:47:04+08:00 ] 0.0.0.0 /Tp_group/Home/Show/click/id/25
INFO: [ route_check ] --START--
INFO: CheckRoute Behavior ::run [ RunTime:0.001448s ]
INFO: [ route_check ] --END-- [ RunTime:0.001648s ]

[ 2014-12-07T17:47:04+08:00 ] 0.0.0.0 /Tp_group/25
INFO: [ route_check ] --START--
INFO: CheckRoute Behavior ::run [ RunTime:0.000929s ]
INFO: [ route_check ] --END-- [ RunTime:0.001034s ]

[ 2014-12-07T17:53:32+08:00 ] 0.0.0.0 /Tp_group/Admin/Blog/handelAddBlog
INFO: [ route_check ] --START--
INFO: CheckRoute Behavior ::run [ RunTime:0.000910s ]
INFO: [ route_check ] --END-- [ RunTime:0.001020s ]

[ 2014-12-07T17:53:33+08:00 ] 0.0.0.0 /Tp_group/Admin/Blog/index
INFO: [ route_check ] --START--
INFO: CheckRoute Behavior ::run [ RunTime:0.001680s ]
INFO: [ route_check ] --END-- [ RunTime:0.001852s ]

[ 2014-12-07T17:54:27+08:00 ] 0.0.0.0 /Tp_group/Thumb/150x100/201410/5442493ca5efc.jpeg
INFO: [ route_check ] --START--
INFO: CheckRoute Behavior ::run [ RunTime:0.019203s ]
INFO: [ route_check ] --END-- [ RunTime:0.019432s ]
ERR: 无法加载模块:Thumb

[ 2014-12-07T17:54:32+08:00 ] 0.0.0.0 /Tp_group/26
INFO: [ route_check ] --START--
INFO: CheckRoute Behavior ::run [ RunTime:0.001168s ]
INFO: [ route_check ] --END-- [ RunTime:0.001276s ]

[ 2014-12-07T17:54:32+08:00 ] 0.0.0.0 /Tp_group/Home/Show/click/id/26
INFO: [ route_check ] --START--
INFO: CheckRoute Behavior ::run [ RunTime:0.001875s ]
INFO: [ route_check ] --END-- [ RunTime:0.002100s ]

[ 2014-12-07T17:54:33+08:00 ] 0.0.0.0 /Tp_group/26
INFO: [ route_check ] --START--
INFO: CheckRoute Behavior ::run [ RunTime:0.001412s ]
INFO: [ route_check ] --END-- [ RunTime:0.001536s ]

[ 2014-12-07T17:55:11+08:00 ] 0.0.0.0 /Tp_group/Thumb/150x100/201410/5442493ca5efc.jpeg
INFO: [ route_check ] --START--
INFO: CheckRoute Behavior ::run [ RunTime:0.001445s ]
INFO: [ route_check ] --END-- [ RunTime:0.001980s ]
ERR: 无法加载模块:Thumb

[ 2014-12-07T17:55:15+08:00 ] 0.0.0.0 /Tp_group/25
INFO: [ route_check ] --START--
INFO: CheckRoute Behavior ::run [ RunTime:0.000878s ]
INFO: [ route_check ] --END-- [ RunTime:0.001012s ]

[ 2014-12-07T17:55:16+08:00 ] 0.0.0.0 /Tp_group/Home/Show/click/id/25
INFO: [ route_check ] --START--
INFO: CheckRoute Behavior ::run [ RunTime:0.001458s ]
INFO: [ route_check ] --END-- [ RunTime:0.001679s ]

[ 2014-12-07T17:55:16+08:00 ] 0.0.0.0 /Tp_group/25
INFO: [ route_check ] --START--
INFO: CheckRoute Behavior ::run [ RunTime:0.001467s ]
INFO: [ route_check ] --END-- [ RunTime:0.001651s ]

[ 2014-12-07T17:55:24+08:00 ] 0.0.0.0 /Tp_group/26
INFO: [ route_check ] --START--
INFO: CheckRoute Behavior ::run [ RunTime:0.000880s ]
INFO: [ route_check ] --END-- [ RunTime:0.000987s ]

[ 2014-12-07T17:55:24+08:00 ] 0.0.0.0 /Tp_group/Home/Show/click/id/26
INFO: [ route_check ] --START--
INFO: CheckRoute Behavior ::run [ RunTime:0.000895s ]
INFO: [ route_check ] --END-- [ RunTime:0.001009s ]

[ 2014-12-07T17:55:24+08:00 ] 0.0.0.0 /Tp_group/26
INFO: [ route_check ] --START--
INFO: CheckRoute Behavior ::run [ RunTime:0.001263s ]
INFO: [ route_check ] --END-- [ RunTime:0.001578s ]

[ 2014-12-07T17:56:27+08:00 ] 0.0.0.0 /Tp_group/Admin/Blog/handelAddBlog
INFO: [ route_check ] --START--
INFO: CheckRoute Behavior ::run [ RunTime:0.000930s ]
INFO: [ route_check ] --END-- [ RunTime:0.001039s ]

[ 2014-12-07T17:56:28+08:00 ] 0.0.0.0 /Tp_group/Admin/Blog/index
INFO: [ route_check ] --START--
INFO: CheckRoute Behavior ::run [ RunTime:0.001381s ]
INFO: [ route_check ] --END-- [ RunTime:0.001539s ]

[ 2014-12-07T17:56:38+08:00 ] 0.0.0.0 /Tp_group/Admin/Blog/toTrach/id/26/type/1
INFO: [ route_check ] --START--
INFO: CheckRoute Behavior ::run [ RunTime:0.000912s ]
INFO: [ route_check ] --END-- [ RunTime:0.001023s ]

[ 2014-12-07T17:56:39+08:00 ] 0.0.0.0 /Tp_group/Admin/Blog/index
INFO: [ route_check ] --START--
INFO: CheckRoute Behavior ::run [ RunTime:0.000780s ]
INFO: [ route_check ] --END-- [ RunTime:0.000890s ]

[ 2014-12-07T17:56:41+08:00 ] 0.0.0.0 /Tp_group/Admin/Blog/toTrach/id/25/type/1
INFO: [ route_check ] --START--
INFO: CheckRoute Behavior ::run [ RunTime:0.000768s ]
INFO: [ route_check ] --END-- [ RunTime:0.000876s ]

[ 2014-12-07T17:56:42+08:00 ] 0.0.0.0 /Tp_group/Admin/Blog/index
INFO: [ route_check ] --START--
INFO: CheckRoute Behavior ::run [ RunTime:0.000775s ]
INFO: [ route_check ] --END-- [ RunTime:0.000882s ]

[ 2014-12-07T17:56:49+08:00 ] 0.0.0.0 /Tp_group/Thumb/150x100/201410/5442493ca5efc.jpeg
INFO: [ route_check ] --START--
INFO: CheckRoute Behavior ::run [ RunTime:0.003421s ]
INFO: [ route_check ] --END-- [ RunTime:0.003624s ]
ERR: 无法加载模块:Thumb

[ 2014-12-07T17:56:53+08:00 ] 0.0.0.0 /Tp_group/27
INFO: [ route_check ] --START--
INFO: CheckRoute Behavior ::run [ RunTime:0.000829s ]
INFO: [ route_check ] --END-- [ RunTime:0.000949s ]

[ 2014-12-07T17:56:54+08:00 ] 0.0.0.0 /Tp_group/Home/Show/click/id/27
INFO: [ route_check ] --START--
INFO: CheckRoute Behavior ::run [ RunTime:0.001339s ]
INFO: [ route_check ] --END-- [ RunTime:0.001534s ]

[ 2014-12-07T17:56:54+08:00 ] 0.0.0.0 /Tp_group/27
INFO: [ route_check ] --START--
INFO: CheckRoute Behavior ::run [ RunTime:0.117991s ]
INFO: [ route_check ] --END-- [ RunTime:0.118149s ]

[ 2014-12-07T18:03:37+08:00 ] 0.0.0.0 /Tp_group/Admin/Blog/handelAddBlog
INFO: [ route_check ] --START--
INFO: CheckRoute Behavior ::run [ RunTime:0.001397s ]
INFO: [ route_check ] --END-- [ RunTime:0.001562s ]

[ 2014-12-07T18:03:38+08:00 ] 0.0.0.0 /Tp_group/Admin/Blog/index
INFO: [ route_check ] --START--
INFO: CheckRoute Behavior ::run [ RunTime:0.001240s ]
INFO: [ route_check ] --END-- [ RunTime:0.001372s ]

[ 2014-12-07T18:03:47+08:00 ] 0.0.0.0 /Tp_group/Admin/Blog/toTrach/id/27/type/1
INFO: [ route_check ] --START--
INFO: CheckRoute Behavior ::run [ RunTime:0.001526s ]
INFO: [ route_check ] --END-- [ RunTime:0.001697s ]

[ 2014-12-07T18:03:48+08:00 ] 0.0.0.0 /Tp_group/Admin/Blog/index
INFO: [ route_check ] --START--
INFO: CheckRoute Behavior ::run [ RunTime:0.001150s ]
INFO: [ route_check ] --END-- [ RunTime:0.001258s ]

[ 2014-12-07T18:03:52+08:00 ] 0.0.0.0 /Tp_group/Thumb/150x100/201410/5442493ca5efc.jpeg
INFO: [ route_check ] --START--
INFO: CheckRoute Behavior ::run [ RunTime:0.018150s ]
INFO: [ route_check ] --END-- [ RunTime:0.018602s ]
ERR: 无法加载模块:Thumb

[ 2014-12-07T18:03:56+08:00 ] 0.0.0.0 /Tp_group/28
INFO: [ route_check ] --START--
INFO: CheckRoute Behavior ::run [ RunTime:0.000910s ]
INFO: [ route_check ] --END-- [ RunTime:0.001022s ]

[ 2014-12-07T18:03:56+08:00 ] 0.0.0.0 /Tp_group/Home/Show/click/id/28
INFO: [ route_check ] --START--
INFO: CheckRoute Behavior ::run [ RunTime:0.000970s ]
INFO: [ route_check ] --END-- [ RunTime:0.001096s ]

[ 2014-12-07T18:03:56+08:00 ] 0.0.0.0 /Tp_group/28
INFO: [ route_check ] --START--
INFO: CheckRoute Behavior ::run [ RunTime:0.001532s ]
INFO: [ route_check ] --END-- [ RunTime:0.001658s ]

[ 2014-12-07T18:05:59+08:00 ] 0.0.0.0 /Tp_group/Admin/Blog/handelAddBlog
INFO: [ route_check ] --START--
INFO: CheckRoute Behavior ::run [ RunTime:0.000941s ]
INFO: [ route_check ] --END-- [ RunTime:0.001052s ]

[ 2014-12-07T18:06:00+08:00 ] 0.0.0.0 /Tp_group/Admin/Blog/index
INFO: [ route_check ] --START--
INFO: CheckRoute Behavior ::run [ RunTime:0.001281s ]
INFO: [ route_check ] --END-- [ RunTime:0.001470s ]

[ 2014-12-07T18:06:02+08:00 ] 0.0.0.0 /Tp_group/Admin/Blog/toTrach/id/28/type/1
INFO: [ route_check ] --START--
INFO: CheckRoute Behavior ::run [ RunTime:0.001023s ]
INFO: [ route_check ] --END-- [ RunTime:0.001134s ]

[ 2014-12-07T18:06:03+08:00 ] 0.0.0.0 /Tp_group/Admin/Blog/index
INFO: [ route_check ] --START--
INFO: CheckRoute Behavior ::run [ RunTime:0.000921s ]
INFO: [ route_check ] --END-- [ RunTime:0.001031s ]

[ 2014-12-07T18:06:14+08:00 ] 0.0.0.0 /Tp_group/Thumb/150x100/201410/5442493ca5efc.jpeg
INFO: [ route_check ] --START--
INFO: CheckRoute Behavior ::run [ RunTime:0.001712s ]
INFO: [ route_check ] --END-- [ RunTime:0.001908s ]
ERR: 无法加载模块:Thumb

[ 2014-12-07T18:06:17+08:00 ] 0.0.0.0 /Tp_group/29
INFO: [ route_check ] --START--
INFO: CheckRoute Behavior ::run [ RunTime:0.000953s ]
INFO: [ route_check ] --END-- [ RunTime:0.001061s ]

[ 2014-12-07T18:06:17+08:00 ] 0.0.0.0 /Tp_group/Home/Show/click/id/29
INFO: [ route_check ] --START--
INFO: CheckRoute Behavior ::run [ RunTime:0.001412s ]
INFO: [ route_check ] --END-- [ RunTime:0.001591s ]

[ 2014-12-07T18:06:17+08:00 ] 0.0.0.0 /Tp_group/29
INFO: [ route_check ] --START--
INFO: CheckRoute Behavior ::run [ RunTime:0.001506s ]
INFO: [ route_check ] --END-- [ RunTime:0.001692s ]

[ 2014-12-07T18:07:43+08:00 ] 0.0.0.0 /Tp_group/Admin/Blog/handelAddBlog
INFO: [ route_check ] --START--
INFO: CheckRoute Behavior ::run [ RunTime:0.001158s ]
INFO: [ route_check ] --END-- [ RunTime:0.001275s ]

[ 2014-12-07T18:07:44+08:00 ] 0.0.0.0 /Tp_group/Admin/Blog/index
INFO: [ route_check ] --START--
INFO: CheckRoute Behavior ::run [ RunTime:0.001098s ]
INFO: [ route_check ] --END-- [ RunTime:0.001212s ]

[ 2014-12-07T18:07:52+08:00 ] 0.0.0.0 /Tp_group/Thumb/150x100/201410/5442493ca5efc.jpeg
INFO: [ route_check ] --START--
INFO: CheckRoute Behavior ::run [ RunTime:0.001928s ]
INFO: [ route_check ] --END-- [ RunTime:0.002117s ]
ERR: 无法加载模块:Thumb

[ 2014-12-07T18:07:54+08:00 ] 0.0.0.0 /Tp_group/30
INFO: [ route_check ] --START--
INFO: CheckRoute Behavior ::run [ RunTime:0.001262s ]
INFO: [ route_check ] --END-- [ RunTime:0.001408s ]

[ 2014-12-07T18:07:54+08:00 ] 0.0.0.0 /Tp_group/Home/Show/click/id/30
INFO: [ route_check ] --START--
INFO: CheckRoute Behavior ::run [ RunTime:0.001417s ]
INFO: [ route_check ] --END-- [ RunTime:0.001603s ]

[ 2014-12-07T18:07:54+08:00 ] 0.0.0.0 /Tp_group/30
INFO: [ route_check ] --START--
INFO: CheckRoute Behavior ::run [ RunTime:0.001546s ]
INFO: [ route_check ] --END-- [ RunTime:0.001667s ]

[ 2014-12-07T18:08:58+08:00 ] 0.0.0.0 /Tp_group/Admin/Blog/handelAddBlog
INFO: [ route_check ] --START--
INFO: CheckRoute Behavior ::run [ RunTime:0.001242s ]
INFO: [ route_check ] --END-- [ RunTime:0.001421s ]

[ 2014-12-07T18:08:59+08:00 ] 0.0.0.0 /Tp_group/Admin/Blog/index
INFO: [ route_check ] --START--
INFO: CheckRoute Behavior ::run [ RunTime:0.001010s ]
INFO: [ route_check ] --END-- [ RunTime:0.001126s ]

[ 2014-12-07T18:09:01+08:00 ] 0.0.0.0 /Tp_group/Thumb/150x100/201410/5442493ca5efc.jpeg
INFO: [ route_check ] --START--
INFO: CheckRoute Behavior ::run [ RunTime:0.001774s ]
INFO: [ route_check ] --END-- [ RunTime:0.001970s ]
ERR: 无法加载模块:Thumb

[ 2014-12-07T18:09:03+08:00 ] 0.0.0.0 /Tp_group/Admin/Blog/toTrach/id/30/type/1
INFO: [ route_check ] --START--
INFO: CheckRoute Behavior ::run [ RunTime:0.001277s ]
INFO: [ route_check ] --END-- [ RunTime:0.001402s ]

[ 2014-12-07T18:09:05+08:00 ] 0.0.0.0 /Tp_group/Admin/Blog/index
INFO: [ route_check ] --START--
INFO: CheckRoute Behavior ::run [ RunTime:0.001058s ]
INFO: [ route_check ] --END-- [ RunTime:0.001178s ]

[ 2014-12-07T18:09:06+08:00 ] 0.0.0.0 /Tp_group/Admin/Blog/toTrach/id/29/type/1
INFO: [ route_check ] --START--
INFO: CheckRoute Behavior ::run [ RunTime:0.001106s ]
INFO: [ route_check ] --END-- [ RunTime:0.001221s ]

[ 2014-12-07T18:09:07+08:00 ] 0.0.0.0 /Tp_group/Admin/Blog/index
INFO: [ route_check ] --START--
INFO: CheckRoute Behavior ::run [ RunTime:0.001021s ]
INFO: [ route_check ] --END-- [ RunTime:0.001131s ]

[ 2014-12-07T18:09:11+08:00 ] 0.0.0.0 /Tp_group/Thumb/150x100/201410/5442493ca5efc.jpeg
INFO: [ route_check ] --START--
INFO: CheckRoute Behavior ::run [ RunTime:0.001756s ]
INFO: [ route_check ] --END-- [ RunTime:0.001966s ]
ERR: 无法加载模块:Thumb

[ 2014-12-07T18:09:14+08:00 ] 0.0.0.0 /Tp_group/31
INFO: [ route_check ] --START--
INFO: CheckRoute Behavior ::run [ RunTime:0.001158s ]
INFO: [ route_check ] --END-- [ RunTime:0.001287s ]

[ 2014-12-07T18:09:14+08:00 ] 0.0.0.0 /Tp_group/Home/Show/click/id/31
INFO: [ route_check ] --START--
INFO: CheckRoute Behavior ::run [ RunTime:0.001036s ]
INFO: [ route_check ] --END-- [ RunTime:0.001194s ]

[ 2014-12-07T18:09:14+08:00 ] 0.0.0.0 /Tp_group/31
INFO: [ route_check ] --START--
INFO: CheckRoute Behavior ::run [ RunTime:0.000986s ]
INFO: [ route_check ] --END-- [ RunTime:0.001087s ]

[ 2014-12-07T18:09:14+08:00 ] 0.0.0.0 /Tp_group/31
INFO: [ route_check ] --START--
INFO: CheckRoute Behavior ::run [ RunTime:0.000911s ]
INFO: [ route_check ] --END-- [ RunTime:0.001022s ]

[ 2014-12-07T18:09:15+08:00 ] 0.0.0.0 /Tp_group/Home/Show/click/id/31
INFO: [ route_check ] --START--
INFO: CheckRoute Behavior ::run [ RunTime:0.001503s ]
INFO: [ route_check ] --END-- [ RunTime:0.001696s ]

[ 2014-12-07T18:09:15+08:00 ] 0.0.0.0 /Tp_group/31
INFO: [ route_check ] --START--
INFO: CheckRoute Behavior ::run [ RunTime:0.001520s ]
INFO: [ route_check ] --END-- [ RunTime:0.001689s ]

[ 2014-12-07T18:09:16+08:00 ] 0.0.0.0 /Tp_group/Thumb/150x100/201410/5442493ca5efc.jpeg
INFO: [ route_check ] --START--
INFO: CheckRoute Behavior ::run [ RunTime:0.001542s ]
INFO: [ route_check ] --END-- [ RunTime:0.001738s ]
ERR: 无法加载模块:Thumb

[ 2014-12-07T18:10:39+08:00 ] 0.0.0.0 /Tp_group/Admin/Blog/handelAddBlog
INFO: [ route_check ] --START--
INFO: CheckRoute Behavior ::run [ RunTime:0.001223s ]
INFO: [ route_check ] --END-- [ RunTime:0.001342s ]

[ 2014-12-07T18:10:41+08:00 ] 0.0.0.0 /Tp_group/Admin/Blog/index
INFO: [ route_check ] --START--
INFO: CheckRoute Behavior ::run [ RunTime:0.002560s ]
INFO: [ route_check ] --END-- [ RunTime:0.002717s ]

[ 2014-12-07T18:10:43+08:00 ] 0.0.0.0 /Tp_group/Thumb/150x100/201410/5442493ca5efc.jpeg
INFO: [ route_check ] --START--
INFO: CheckRoute Behavior ::run [ RunTime:0.001852s ]
INFO: [ route_check ] --END-- [ RunTime:0.002042s ]
ERR: 无法加载模块:Thumb

[ 2014-12-07T18:10:45+08:00 ] 0.0.0.0 /Tp_group/32
INFO: [ route_check ] --START--
INFO: CheckRoute Behavior ::run [ RunTime:0.001118s ]
INFO: [ route_check ] --END-- [ RunTime:0.001231s ]

[ 2014-12-07T18:10:46+08:00 ] 0.0.0.0 /Tp_group/Home/Show/click/id/32
INFO: [ route_check ] --START--
INFO: CheckRoute Behavior ::run [ RunTime:0.001560s ]
INFO: [ route_check ] --END-- [ RunTime:0.001761s ]

[ 2014-12-07T18:10:46+08:00 ] 0.0.0.0 /Tp_group/32
INFO: [ route_check ] --START--
INFO: CheckRoute Behavior ::run [ RunTime:0.001801s ]
INFO: [ route_check ] --END-- [ RunTime:0.001982s ]

[ 2014-12-07T18:13:00+08:00 ] 0.0.0.0 /Tp_group/Admin/Blog/handelAddBlog
INFO: [ route_check ] --START--
INFO: CheckRoute Behavior ::run [ RunTime:0.001120s ]
INFO: [ route_check ] --END-- [ RunTime:0.001237s ]

[ 2014-12-07T18:13:01+08:00 ] 0.0.0.0 /Tp_group/Admin/Blog/index
INFO: [ route_check ] --START--
INFO: CheckRoute Behavior ::run [ RunTime:0.001507s ]
INFO: [ route_check ] --END-- [ RunTime:0.001625s ]

[ 2014-12-07T18:13:08+08:00 ] 0.0.0.0 /Tp_group/Admin/Blog/toTrach/id/32/type/1
INFO: [ route_check ] --START--
INFO: CheckRoute Behavior ::run [ RunTime:0.001155s ]
INFO: [ route_check ] --END-- [ RunTime:0.001267s ]

[ 2014-12-07T18:13:09+08:00 ] 0.0.0.0 /Tp_group/Admin/Blog/index
INFO: [ route_check ] --START--
INFO: CheckRoute Behavior ::run [ RunTime:0.001206s ]
INFO: [ route_check ] --END-- [ RunTime:0.001327s ]

[ 2014-12-07T18:13:11+08:00 ] 0.0.0.0 /Tp_group/Admin/Blog/toTrach/id/31/type/1
INFO: [ route_check ] --START--
INFO: CheckRoute Behavior ::run [ RunTime:0.001086s ]
INFO: [ route_check ] --END-- [ RunTime:0.001195s ]

[ 2014-12-07T18:13:12+08:00 ] 0.0.0.0 /Tp_group/Admin/Blog/index
INFO: [ route_check ] --START--
INFO: CheckRoute Behavior ::run [ RunTime:0.001281s ]
INFO: [ route_check ] --END-- [ RunTime:0.001432s ]

[ 2014-12-07T18:13:13+08:00 ] 0.0.0.0 /Tp_group/Thumb/150x100/201410/5442493ca5efc.jpeg
INFO: [ route_check ] --START--
INFO: CheckRoute Behavior ::run [ RunTime:0.001838s ]
INFO: [ route_check ] --END-- [ RunTime:0.002032s ]
ERR: 无法加载模块:Thumb

[ 2014-12-07T18:13:16+08:00 ] 0.0.0.0 /Tp_group/Thumb/150x100/201410/5442493ca5efc.jpeg
INFO: [ route_check ] --START--
INFO: CheckRoute Behavior ::run [ RunTime:0.001018s ]
INFO: [ route_check ] --END-- [ RunTime:0.001124s ]
ERR: 无法加载模块:Thumb

[ 2014-12-07T18:13:20+08:00 ] 0.0.0.0 /Tp_group/33
INFO: [ route_check ] --START--
INFO: CheckRoute Behavior ::run [ RunTime:0.001192s ]
INFO: [ route_check ] --END-- [ RunTime:0.001314s ]

[ 2014-12-07T18:13:20+08:00 ] 0.0.0.0 /Tp_group/Home/Show/click/id/33
INFO: [ route_check ] --START--
INFO: CheckRoute Behavior ::run [ RunTime:0.001713s ]
INFO: [ route_check ] --END-- [ RunTime:0.001927s ]

[ 2014-12-07T18:13:20+08:00 ] 0.0.0.0 /Tp_group/33
INFO: [ route_check ] --START--
INFO: CheckRoute Behavior ::run [ RunTime:0.001113s ]
INFO: [ route_check ] --END-- [ RunTime:0.001230s ]

[ 2014-12-07T18:13:41+08:00 ] 0.0.0.0 /Tp_group/Admin/Blog/index
INFO: [ route_check ] --START--
INFO: CheckRoute Behavior ::run [ RunTime:0.000953s ]
INFO: [ route_check ] --END-- [ RunTime:0.001065s ]

[ 2014-12-07T18:17:09+08:00 ] 0.0.0.0 /Tp_group/33
INFO: [ route_check ] --START--
INFO: CheckRoute Behavior ::run [ RunTime:0.000976s ]
INFO: [ route_check ] --END-- [ RunTime:0.001091s ]

[ 2014-12-07T18:17:09+08:00 ] 0.0.0.0 /Tp_group/Home/Show/click/id/33
INFO: [ route_check ] --START--
INFO: CheckRoute Behavior ::run [ RunTime:0.001616s ]
INFO: [ route_check ] --END-- [ RunTime:0.001820s ]

[ 2014-12-07T18:17:09+08:00 ] 0.0.0.0 /Tp_group/33
INFO: [ route_check ] --START--
INFO: CheckRoute Behavior ::run [ RunTime:0.001322s ]
INFO: [ route_check ] --END-- [ RunTime:0.001442s ]

[ 2014-12-07T18:17:53+08:00 ] 0.0.0.0 /Tp_group/Admin/Blog/handelAddBlog
INFO: [ route_check ] --START--
INFO: CheckRoute Behavior ::run [ RunTime:0.001467s ]
INFO: [ route_check ] --END-- [ RunTime:0.001636s ]

[ 2014-12-07T18:17:54+08:00 ] 0.0.0.0 /Tp_group/Admin/Blog/index
INFO: [ route_check ] --START--
INFO: CheckRoute Behavior ::run [ RunTime:0.001038s ]
INFO: [ route_check ] --END-- [ RunTime:0.001167s ]

[ 2014-12-07T18:18:09+08:00 ] 0.0.0.0 /Tp_group/Thumb/150x100/201410/5442493ca5efc.jpeg
INFO: [ route_check ] --START--
INFO: CheckRoute Behavior ::run [ RunTime:0.001736s ]
INFO: [ route_check ] --END-- [ RunTime:0.001908s ]
ERR: 无法加载模块:Thumb

[ 2014-12-07T18:18:12+08:00 ] 0.0.0.0 /Tp_group/34
INFO: [ route_check ] --START--
INFO: CheckRoute Behavior ::run [ RunTime:0.001176s ]
INFO: [ route_check ] --END-- [ RunTime:0.001288s ]

[ 2014-12-07T18:18:12+08:00 ] 0.0.0.0 /Tp_group/34
INFO: [ route_check ] --START--
INFO: CheckRoute Behavior ::run [ RunTime:0.001008s ]
INFO: [ route_check ] --END-- [ RunTime:0.001114s ]

[ 2014-12-07T18:18:12+08:00 ] 0.0.0.0 /Tp_group/Home/Show/click/id/34
INFO: [ route_check ] --START--
INFO: CheckRoute Behavior ::run [ RunTime:0.001674s ]
INFO: [ route_check ] --END-- [ RunTime:0.001854s ]

[ 2014-12-07T18:18:12+08:00 ] 0.0.0.0 /Tp_group/34
INFO: [ route_check ] --START--
INFO: CheckRoute Behavior ::run [ RunTime:0.001710s ]
INFO: [ route_check ] --END-- [ RunTime:0.001908s ]

[ 2014-12-07T18:19:06+08:00 ] 0.0.0.0 /Tp_group/Admin/Blog/handelAddBlog
INFO: [ route_check ] --START--
INFO: CheckRoute Behavior ::run [ RunTime:0.000992s ]
INFO: [ route_check ] --END-- [ RunTime:0.001095s ]

[ 2014-12-07T18:19:07+08:00 ] 0.0.0.0 /Tp_group/Admin/Blog/index
INFO: [ route_check ] --START--
INFO: CheckRoute Behavior ::run [ RunTime:0.001007s ]
INFO: [ route_check ] --END-- [ RunTime:0.001116s ]

[ 2014-12-07T18:19:27+08:00 ] 0.0.0.0 /Tp_group/Admin/Blog/toTrach/id/34/type/1
INFO: [ route_check ] --START--
INFO: CheckRoute Behavior ::run [ RunTime:0.001001s ]
INFO: [ route_check ] --END-- [ RunTime:0.001113s ]

[ 2014-12-07T18:19:28+08:00 ] 0.0.0.0 /Tp_group/Admin/Blog/index
INFO: [ route_check ] --START--
INFO: CheckRoute Behavior ::run [ RunTime:0.001083s ]
INFO: [ route_check ] --END-- [ RunTime:0.001201s ]

[ 2014-12-07T18:19:30+08:00 ] 0.0.0.0 /Tp_group/Admin/Blog/toTrach/id/33/type/1
INFO: [ route_check ] --START--
INFO: CheckRoute Behavior ::run [ RunTime:0.001378s ]
INFO: [ route_check ] --END-- [ RunTime:0.002061s ]

[ 2014-12-07T18:19:31+08:00 ] 0.0.0.0 /Tp_group/Admin/Blog/index
INFO: [ route_check ] --START--
INFO: CheckRoute Behavior ::run [ RunTime:0.001298s ]
INFO: [ route_check ] --END-- [ RunTime:0.001458s ]

[ 2014-12-07T18:20:10+08:00 ] 0.0.0.0 /Tp_group/Admin/Blog/handelAddBlog
INFO: [ route_check ] --START--
INFO: CheckRoute Behavior ::run [ RunTime:0.000984s ]
INFO: [ route_check ] --END-- [ RunTime:0.001096s ]

[ 2014-12-07T18:20:11+08:00 ] 0.0.0.0 /Tp_group/Admin/Blog/index
INFO: [ route_check ] --START--
INFO: CheckRoute Behavior ::run [ RunTime:0.001283s ]
INFO: [ route_check ] --END-- [ RunTime:0.001433s ]

[ 2014-12-07T18:20:13+08:00 ] 0.0.0.0 /Tp_group/Thumb/150x100/201410/5442493ca5efc.jpeg
INFO: [ route_check ] --START--
INFO: CheckRoute Behavior ::run [ RunTime:0.001611s ]
INFO: [ route_check ] --END-- [ RunTime:0.001799s ]
ERR: 无法加载模块:Thumb

[ 2014-12-07T18:20:20+08:00 ] 0.0.0.0 /Tp_group/36
INFO: [ route_check ] --START--
INFO: CheckRoute Behavior ::run [ RunTime:0.001517s ]
INFO: [ route_check ] --END-- [ RunTime:0.001660s ]

[ 2014-12-07T18:20:20+08:00 ] 0.0.0.0 /Tp_group/Home/Show/click/id/36
INFO: [ route_check ] --START--
INFO: CheckRoute Behavior ::run [ RunTime:0.001630s ]
INFO: [ route_check ] --END-- [ RunTime:0.001815s ]

[ 2014-12-07T18:20:20+08:00 ] 0.0.0.0 /Tp_group/36
INFO: [ route_check ] --START--
INFO: CheckRoute Behavior ::run [ RunTime:0.001678s ]
INFO: [ route_check ] --END-- [ RunTime:0.001879s ]

[ 2014-12-07T18:23:28+08:00 ] 0.0.0.0 /Tp_group/Admin/Blog/handelAddBlog
INFO: [ route_check ] --START--
INFO: CheckRoute Behavior ::run [ RunTime:0.001430s ]
INFO: [ route_check ] --END-- [ RunTime:0.001572s ]

[ 2014-12-07T18:23:29+08:00 ] 0.0.0.0 /Tp_group/Admin/Blog/index
INFO: [ route_check ] --START--
INFO: CheckRoute Behavior ::run [ RunTime:0.000995s ]
INFO: [ route_check ] --END-- [ RunTime:0.001112s ]

[ 2014-12-07T18:23:32+08:00 ] 0.0.0.0 /Tp_group/Thumb/150x100/201410/5442493ca5efc.jpeg
INFO: [ route_check ] --START--
INFO: CheckRoute Behavior ::run [ RunTime:0.001846s ]
INFO: [ route_check ] --END-- [ RunTime:0.002043s ]
ERR: 无法加载模块:Thumb

[ 2014-12-07T18:24:28+08:00 ] 0.0.0.0 /Tp_group/36
INFO: [ route_check ] --START--
INFO: CheckRoute Behavior ::run [ RunTime:0.001478s ]
INFO: [ route_check ] --END-- [ RunTime:0.001663s ]

[ 2014-12-07T18:24:28+08:00 ] 0.0.0.0 /Tp_group/Home/Show/click/id/36
INFO: [ route_check ] --START--
INFO: CheckRoute Behavior ::run [ RunTime:0.001545s ]
INFO: [ route_check ] --END-- [ RunTime:0.001730s ]

[ 2014-12-07T18:24:28+08:00 ] 0.0.0.0 /Tp_group/36
INFO: [ route_check ] --START--
INFO: CheckRoute Behavior ::run [ RunTime:0.002341s ]
INFO: [ route_check ] --END-- [ RunTime:0.002541s ]

[ 2014-12-07T18:33:35+08:00 ] 0.0.0.0 /Tp_group/Admin/Blog/toTrach/id/36/type/1
INFO: [ route_check ] --START--
INFO: CheckRoute Behavior ::run [ RunTime:0.001113s ]
INFO: [ route_check ] --END-- [ RunTime:0.001241s ]

[ 2014-12-07T18:33:36+08:00 ] 0.0.0.0 /Tp_group/Admin/Blog/index
INFO: [ route_check ] --START--
INFO: CheckRoute Behavior ::run [ RunTime:0.000969s ]
INFO: [ route_check ] --END-- [ RunTime:0.001080s ]

[ 2014-12-07T18:35:05+08:00 ] 0.0.0.0 /Tp_group/Admin/Blog/toTrach/id/35/type/1
INFO: [ route_check ] --START--
INFO: CheckRoute Behavior ::run [ RunTime:0.001097s ]
INFO: [ route_check ] --END-- [ RunTime:0.001224s ]

[ 2014-12-07T18:35:07+08:00 ] 0.0.0.0 /Tp_group/Admin/Blog/index
INFO: [ route_check ] --START--
INFO: CheckRoute Behavior ::run [ RunTime:0.001061s ]
INFO: [ route_check ] --END-- [ RunTime:0.001177s ]

