[ 2014-11-28T20:10:51+08:00 ] 0.0.0.0 /Tp_group/Thumb/260x260/201410/5442493ca5efc.jpeg
INFO: [ route_check ] --START--
INFO: CheckRoute Behavior ::run [ RunTime:0.009000s ]
INFO: [ route_check ] --END-- [ RunTime:0.010000s ]
ERR: 无法加载模块:Thumb

[ 2014-11-28T20:10:52+08:00 ] 0.0.0.0 /Tp_group/Thumb/150x100/201410/5442493ca5efc.jpeg
INFO: [ route_check ] --START--
INFO: CheckRoute Behavior ::run [ RunTime:0.008000s ]
INFO: [ route_check ] --END-- [ RunTime:0.020001s ]
ERR: 无法加载模块:Thumb

[ 2014-11-28T20:27:50+08:00 ] 0.0.0.0 /Tp_group/Home/Login/index
INFO: [ route_check ] --START--
INFO: CheckRoute Behavior ::run [ RunTime:0.002000s ]
INFO: [ route_check ] --END-- [ RunTime:0.003000s ]

[ 2014-11-28T20:27:51+08:00 ] 0.0.0.0 /Tp_group/Home/Login/imagecode
INFO: [ route_check ] --START--
INFO: CheckRoute Behavior ::run [ RunTime:0.004000s ]
INFO: [ route_check ] --END-- [ RunTime:0.004000s ]

[ 2014-11-28T20:27:51+08:00 ] 0.0.0.0 /Tp_group/Home/Login/index
INFO: [ route_check ] --START--
INFO: CheckRoute Behavior ::run [ RunTime:0.003000s ]
INFO: [ route_check ] --END-- [ RunTime:0.004000s ]

[ 2014-11-28T20:28:00+08:00 ] 0.0.0.0 /Tp_group/Thumb/260x260/201410/5442493ca5efc.jpeg
INFO: [ route_check ] --START--
INFO: CheckRoute Behavior ::run [ RunTime:0.002000s ]
INFO: [ route_check ] --END-- [ RunTime:0.002000s ]
ERR: 无法加载模块:Thumb

[ 2014-11-28T20:28:00+08:00 ] 0.0.0.0 /Tp_group/Thumb/150x100/201410/5442493ca5efc.jpeg
INFO: [ route_check ] --START--
INFO: CheckRoute Behavior ::run [ RunTime:0.005001s ]
INFO: [ route_check ] --END-- [ RunTime:0.005001s ]
ERR: 无法加载模块:Thumb

[ 2014-11-28T20:34:27+08:00 ] 0.0.0.0 /Tp_group/Thumb/150x100/201410/5442493ca5efc.jpeg
INFO: [ route_check ] --START--
INFO: CheckRoute Behavior ::run [ RunTime:0.003000s ]
INFO: [ route_check ] --END-- [ RunTime:0.004000s ]
ERR: 无法加载模块:Thumb

[ 2014-11-28T20:35:33+08:00 ] 0.0.0.0 /Tp_group/Thumb/150x100/201410/5442493ca5efc.jpeg
INFO: [ route_check ] --START--
INFO: CheckRoute Behavior ::run [ RunTime:0.007000s ]
INFO: [ route_check ] --END-- [ RunTime:0.008000s ]
ERR: 无法加载模块:Thumb

[ 2014-11-28T20:38:35+08:00 ] 0.0.0.0 /Tp_group/Thumb/150x100/201410/5442493ca5efc.jpeg
INFO: [ route_check ] --START--
INFO: CheckRoute Behavior ::run [ RunTime:0.003000s ]
INFO: [ route_check ] --END-- [ RunTime:0.004000s ]
ERR: 无法加载模块:Thumb

[ 2014-11-28T20:39:24+08:00 ] 0.0.0.0 /Tp_group/Thumb/150x100/201410/5442493ca5efc.jpeg
INFO: [ route_check ] --START--
INFO: CheckRoute Behavior ::run [ RunTime:0.009000s ]
INFO: [ route_check ] --END-- [ RunTime:0.011000s ]
ERR: 无法加载模块:Thumb

[ 2014-11-28T20:39:48+08:00 ] 0.0.0.0 /Tp_group/Thumb/150x100/201410/5442493ca5efc.jpeg
INFO: [ route_check ] --START--
INFO: CheckRoute Behavior ::run [ RunTime:0.002000s ]
INFO: [ route_check ] --END-- [ RunTime:0.004000s ]
ERR: 无法加载模块:Thumb

[ 2014-11-28T20:40:05+08:00 ] 0.0.0.0 /Tp_group/Thumb/150x100/201410/5442493ca5efc.jpeg
INFO: [ route_check ] --START--
INFO: CheckRoute Behavior ::run [ RunTime:0.008001s ]
INFO: [ route_check ] --END-- [ RunTime:0.008001s ]
ERR: 无法加载模块:Thumb

[ 2014-11-28T20:42:59+08:00 ] 0.0.0.0 /Tp_group/Thumb/150x100/201410/5442493ca5efc.jpeg
INFO: [ route_check ] --START--
INFO: CheckRoute Behavior ::run [ RunTime:0.007000s ]
INFO: [ route_check ] --END-- [ RunTime:0.007000s ]
ERR: 无法加载模块:Thumb

[ 2014-11-28T20:44:58+08:00 ] 0.0.0.0 /Tp_group/Thumb/150x100/201410/5442493ca5efc.jpeg
INFO: [ route_check ] --START--
INFO: CheckRoute Behavior ::run [ RunTime:0.006000s ]
INFO: [ route_check ] --END-- [ RunTime:0.007000s ]
ERR: 无法加载模块:Thumb

[ 2014-11-28T20:45:34+08:00 ] 0.0.0.0 /Tp_group/Thumb/150x100/201410/5442493ca5efc.jpeg
INFO: [ route_check ] --START--
INFO: CheckRoute Behavior ::run [ RunTime:0.007001s ]
INFO: [ route_check ] --END-- [ RunTime:0.008001s ]
ERR: 无法加载模块:Thumb

[ 2014-11-28T20:48:17+08:00 ] 0.0.0.0 /Tp_group/Thumb/150x100/201410/5442493ca5efc.jpeg
INFO: [ route_check ] --START--
INFO: CheckRoute Behavior ::run [ RunTime:0.004001s ]
INFO: [ route_check ] --END-- [ RunTime:0.005001s ]
ERR: 无法加载模块:Thumb

[ 2014-11-28T20:48:57+08:00 ] 0.0.0.0 /Tp_group/Thumb/150x100/201410/5442493ca5efc.jpeg
INFO: [ route_check ] --START--
INFO: CheckRoute Behavior ::run [ RunTime:0.005000s ]
INFO: [ route_check ] --END-- [ RunTime:0.005000s ]
ERR: 无法加载模块:Thumb

[ 2014-11-28T20:49:17+08:00 ] 0.0.0.0 /Tp_group/Thumb/150x100/201410/5442493ca5efc.jpeg
INFO: [ route_check ] --START--
INFO: CheckRoute Behavior ::run [ RunTime:0.003000s ]
INFO: [ route_check ] --END-- [ RunTime:0.003000s ]
ERR: 无法加载模块:Thumb

[ 2014-11-28T20:50:00+08:00 ] 0.0.0.0 /Tp_group/Thumb/150x100/201410/5442493ca5efc.jpeg
INFO: [ route_check ] --START--
INFO: CheckRoute Behavior ::run [ RunTime:0.021001s ]
INFO: [ route_check ] --END-- [ RunTime:0.022001s ]
ERR: 无法加载模块:Thumb

[ 2014-11-28T20:50:47+08:00 ] 0.0.0.0 /Tp_group/Thumb/150x100/201410/5442493ca5efc.jpeg
INFO: [ route_check ] --START--
INFO: CheckRoute Behavior ::run [ RunTime:0.003000s ]
INFO: [ route_check ] --END-- [ RunTime:0.004000s ]
ERR: 无法加载模块:Thumb

[ 2014-11-28T20:51:08+08:00 ] 0.0.0.0 /Tp_group/Thumb/150x100/201410/5442493ca5efc.jpeg
INFO: [ route_check ] --START--
INFO: CheckRoute Behavior ::run [ RunTime:0.004000s ]
INFO: [ route_check ] --END-- [ RunTime:0.006000s ]
ERR: 无法加载模块:Thumb

[ 2014-11-28T20:52:56+08:00 ] 0.0.0.0 /Tp_group/Thumb/150x100/201410/5442493ca5efc.jpeg
INFO: [ route_check ] --START--
INFO: CheckRoute Behavior ::run [ RunTime:0.003000s ]
INFO: [ route_check ] --END-- [ RunTime:0.004000s ]
ERR: 无法加载模块:Thumb

[ 2014-11-28T20:53:19+08:00 ] 0.0.0.0 /Tp_group/Thumb/150x100/201410/5442493ca5efc.jpeg
INFO: [ route_check ] --START--
INFO: CheckRoute Behavior ::run [ RunTime:0.002000s ]
INFO: [ route_check ] --END-- [ RunTime:0.003000s ]
ERR: 无法加载模块:Thumb

[ 2014-11-28T20:53:31+08:00 ] 0.0.0.0 /Tp_group/Thumb/150x100/201410/5442493ca5efc.jpeg
INFO: [ route_check ] --START--
INFO: CheckRoute Behavior ::run [ RunTime:0.005000s ]
INFO: [ route_check ] --END-- [ RunTime:0.005000s ]
ERR: 无法加载模块:Thumb

[ 2014-11-28T20:55:26+08:00 ] 0.0.0.0 /Tp_group/Thumb/150x100/201410/5442493ca5efc.jpeg
INFO: [ route_check ] --START--
INFO: CheckRoute Behavior ::run [ RunTime:0.004001s ]
INFO: [ route_check ] --END-- [ RunTime:0.007001s ]
ERR: 无法加载模块:Thumb

[ 2014-11-28T20:55:47+08:00 ] 0.0.0.0 /Tp_group/Thumb/150x100/201410/5442493ca5efc.jpeg
INFO: [ route_check ] --START--
INFO: CheckRoute Behavior ::run [ RunTime:0.007000s ]
INFO: [ route_check ] --END-- [ RunTime:0.008000s ]
ERR: 无法加载模块:Thumb

[ 2014-11-28T20:56:41+08:00 ] 0.0.0.0 /Tp_group/Thumb/150x100/201410/5442493ca5efc.jpeg
INFO: [ route_check ] --START--
INFO: CheckRoute Behavior ::run [ RunTime:0.006001s ]
INFO: [ route_check ] --END-- [ RunTime:0.007001s ]
ERR: 无法加载模块:Thumb

[ 2014-11-28T20:56:59+08:00 ] 0.0.0.0 /Tp_group/Thumb/150x100/201410/5442493ca5efc.jpeg
INFO: [ route_check ] --START--
INFO: CheckRoute Behavior ::run [ RunTime:0.004000s ]
INFO: [ route_check ] --END-- [ RunTime:0.006000s ]
ERR: 无法加载模块:Thumb

[ 2014-11-28T21:00:09+08:00 ] 0.0.0.0 /Tp_group/Thumb/150x100/201410/5442493ca5efc.jpeg
INFO: [ route_check ] --START--
INFO: CheckRoute Behavior ::run [ RunTime:0.003001s ]
INFO: [ route_check ] --END-- [ RunTime:0.004001s ]
ERR: 无法加载模块:Thumb

[ 2014-11-28T21:00:32+08:00 ] 0.0.0.0 /Tp_group/Thumb/150x100/201410/5442493ca5efc.jpeg
INFO: [ route_check ] --START--
INFO: CheckRoute Behavior ::run [ RunTime:0.014001s ]
INFO: [ route_check ] --END-- [ RunTime:0.016001s ]
ERR: 无法加载模块:Thumb

[ 2014-11-28T21:03:47+08:00 ] 0.0.0.0 /Tp_group/Thumb/150x100/201410/5442493ca5efc.jpeg
INFO: [ route_check ] --START--
INFO: CheckRoute Behavior ::run [ RunTime:0.004000s ]
INFO: [ route_check ] --END-- [ RunTime:0.004000s ]
ERR: 无法加载模块:Thumb

[ 2014-11-28T21:04:00+08:00 ] 0.0.0.0 /Tp_group/Thumb/150x100/201410/5442493ca5efc.jpeg
INFO: [ route_check ] --START--
INFO: CheckRoute Behavior ::run [ RunTime:0.003000s ]
INFO: [ route_check ] --END-- [ RunTime:0.003000s ]
ERR: 无法加载模块:Thumb

[ 2014-11-28T21:04:17+08:00 ] 0.0.0.0 /Tp_group/Thumb/150x100/201410/5442493ca5efc.jpeg
INFO: [ route_check ] --START--
INFO: CheckRoute Behavior ::run [ RunTime:0.002000s ]
INFO: [ route_check ] --END-- [ RunTime:0.004000s ]
ERR: 无法加载模块:Thumb

[ 2014-11-28T21:04:59+08:00 ] 0.0.0.0 /Tp_group/Thumb/150x100/201410/5442493ca5efc.jpeg
INFO: [ route_check ] --START--
INFO: CheckRoute Behavior ::run [ RunTime:0.005000s ]
INFO: [ route_check ] --END-- [ RunTime:0.005000s ]
ERR: 无法加载模块:Thumb

[ 2014-11-28T21:05:10+08:00 ] 0.0.0.0 /Tp_group/Thumb/150x100/201410/5442493ca5efc.jpeg
INFO: [ route_check ] --START--
INFO: CheckRoute Behavior ::run [ RunTime:0.002000s ]
INFO: [ route_check ] --END-- [ RunTime:0.004001s ]
ERR: 无法加载模块:Thumb

[ 2014-11-28T21:07:05+08:00 ] 0.0.0.0 /Tp_group/Thumb/150x100/201410/5442493ca5efc.jpeg
INFO: [ route_check ] --START--
INFO: CheckRoute Behavior ::run [ RunTime:0.004000s ]
INFO: [ route_check ] --END-- [ RunTime:0.004000s ]
ERR: 无法加载模块:Thumb

[ 2014-11-28T21:07:31+08:00 ] 0.0.0.0 /Tp_group/Thumb/150x100/201410/5442493ca5efc.jpeg
INFO: [ route_check ] --START--
INFO: CheckRoute Behavior ::run [ RunTime:0.003000s ]
INFO: [ route_check ] --END-- [ RunTime:0.004000s ]
ERR: 无法加载模块:Thumb

[ 2014-11-28T21:07:58+08:00 ] 0.0.0.0 /Tp_group/Thumb/150x100/201410/5442493ca5efc.jpeg
INFO: [ route_check ] --START--
INFO: CheckRoute Behavior ::run [ RunTime:0.014001s ]
INFO: [ route_check ] --END-- [ RunTime:0.044002s ]
ERR: 无法加载模块:Thumb

[ 2014-11-28T21:08:26+08:00 ] 0.0.0.0 /Tp_group/Thumb/150x100/201410/5442493ca5efc.jpeg
INFO: [ route_check ] --START--
INFO: CheckRoute Behavior ::run [ RunTime:0.003001s ]
INFO: [ route_check ] --END-- [ RunTime:0.005001s ]
ERR: 无法加载模块:Thumb

[ 2014-11-28T21:08:58+08:00 ] 0.0.0.0 /Tp_group/Thumb/150x100/201410/5442493ca5efc.jpeg
INFO: [ route_check ] --START--
INFO: CheckRoute Behavior ::run [ RunTime:0.006001s ]
INFO: [ route_check ] --END-- [ RunTime:0.009001s ]
ERR: 无法加载模块:Thumb

[ 2014-11-28T21:13:01+08:00 ] 0.0.0.0 /Tp_group/Thumb/150x100/201410/5442493ca5efc.jpeg
INFO: [ route_check ] --START--
INFO: CheckRoute Behavior ::run [ RunTime:0.008000s ]
INFO: [ route_check ] --END-- [ RunTime:0.011000s ]
ERR: 无法加载模块:Thumb

[ 2014-11-28T21:14:12+08:00 ] 0.0.0.0 /Tp_group/Thumb/150x100/201410/5442493ca5efc.jpeg
INFO: [ route_check ] --START--
INFO: CheckRoute Behavior ::run [ RunTime:0.004000s ]
INFO: [ route_check ] --END-- [ RunTime:0.006001s ]
ERR: 无法加载模块:Thumb

[ 2014-11-28T21:14:30+08:00 ] 0.0.0.0 /Tp_group/Thumb/150x100/201410/5442493ca5efc.jpeg
INFO: [ route_check ] --START--
INFO: CheckRoute Behavior ::run [ RunTime:0.006000s ]
INFO: [ route_check ] --END-- [ RunTime:0.007000s ]
ERR: 无法加载模块:Thumb

[ 2014-11-28T21:15:45+08:00 ] 0.0.0.0 /Tp_group/Thumb/150x100/201410/5442493ca5efc.jpeg
INFO: [ route_check ] --START--
INFO: CheckRoute Behavior ::run [ RunTime:0.006000s ]
INFO: [ route_check ] --END-- [ RunTime:0.006000s ]
ERR: 无法加载模块:Thumb

[ 2014-11-28T21:15:56+08:00 ] 0.0.0.0 /Tp_group/Thumb/150x100/201410/5442493ca5efc.jpeg
INFO: [ route_check ] --START--
INFO: CheckRoute Behavior ::run [ RunTime:0.007001s ]
INFO: [ route_check ] --END-- [ RunTime:0.008001s ]
ERR: 无法加载模块:Thumb

[ 2014-11-28T21:16:10+08:00 ] 0.0.0.0 /Tp_group/Thumb/150x100/201410/5442493ca5efc.jpeg
INFO: [ route_check ] --START--
INFO: CheckRoute Behavior ::run [ RunTime:0.003001s ]
INFO: [ route_check ] --END-- [ RunTime:0.006001s ]
ERR: 无法加载模块:Thumb

[ 2014-11-28T21:16:24+08:00 ] 0.0.0.0 /Tp_group/Thumb/150x100/201410/5442493ca5efc.jpeg
INFO: [ route_check ] --START--
INFO: CheckRoute Behavior ::run [ RunTime:0.004000s ]
INFO: [ route_check ] --END-- [ RunTime:0.004000s ]
ERR: 无法加载模块:Thumb

[ 2014-11-28T21:16:35+08:00 ] 0.0.0.0 /Tp_group/Thumb/150x100/201410/5442493ca5efc.jpeg
INFO: [ route_check ] --START--
INFO: CheckRoute Behavior ::run [ RunTime:0.009001s ]
INFO: [ route_check ] --END-- [ RunTime:0.010001s ]
ERR: 无法加载模块:Thumb

[ 2014-11-28T21:17:51+08:00 ] 0.0.0.0 /Tp_group/Thumb/150x100/201410/5442493ca5efc.jpeg
INFO: [ route_check ] --START--
INFO: CheckRoute Behavior ::run [ RunTime:0.012001s ]
INFO: [ route_check ] --END-- [ RunTime:0.016001s ]
ERR: 无法加载模块:Thumb

[ 2014-11-28T21:18:43+08:00 ] 0.0.0.0 /Tp_group/Thumb/150x100/201410/5442493ca5efc.jpeg
INFO: [ route_check ] --START--
INFO: CheckRoute Behavior ::run [ RunTime:0.027002s ]
INFO: [ route_check ] --END-- [ RunTime:0.028002s ]
ERR: 无法加载模块:Thumb

[ 2014-11-28T21:18:52+08:00 ] 0.0.0.0 /Tp_group/Thumb/150x100/201410/5442493ca5efc.jpeg
INFO: [ route_check ] --START--
INFO: CheckRoute Behavior ::run [ RunTime:0.003000s ]
INFO: [ route_check ] --END-- [ RunTime:0.003000s ]
ERR: 无法加载模块:Thumb

[ 2014-11-28T21:19:15+08:00 ] 0.0.0.0 /Tp_group/Thumb/150x100/201410/5442493ca5efc.jpeg
INFO: [ route_check ] --START--
INFO: CheckRoute Behavior ::run [ RunTime:0.009001s ]
INFO: [ route_check ] --END-- [ RunTime:0.011001s ]
ERR: 无法加载模块:Thumb

[ 2014-11-28T21:21:26+08:00 ] 0.0.0.0 /Tp_group/Thumb/150x100/201410/5442493ca5efc.jpeg
INFO: [ route_check ] --START--
INFO: CheckRoute Behavior ::run [ RunTime:0.004000s ]
INFO: [ route_check ] --END-- [ RunTime:0.006000s ]
ERR: 无法加载模块:Thumb

[ 2014-11-28T21:22:11+08:00 ] 0.0.0.0 /Tp_group/Thumb/150x100/201410/5442493ca5efc.jpeg
INFO: [ route_check ] --START--
INFO: CheckRoute Behavior ::run [ RunTime:0.007000s ]
INFO: [ route_check ] --END-- [ RunTime:0.009000s ]
ERR: 无法加载模块:Thumb

[ 2014-11-28T21:23:34+08:00 ] 0.0.0.0 /Tp_group/Thumb/150x100/201410/5442493ca5efc.jpeg
INFO: [ route_check ] --START--
INFO: CheckRoute Behavior ::run [ RunTime:0.004000s ]
INFO: [ route_check ] --END-- [ RunTime:0.005000s ]
ERR: 无法加载模块:Thumb

[ 2014-11-28T21:23:45+08:00 ] 0.0.0.0 /Tp_group/Thumb/150x100/201410/5442493ca5efc.jpeg
INFO: [ route_check ] --START--
INFO: CheckRoute Behavior ::run [ RunTime:0.003000s ]
INFO: [ route_check ] --END-- [ RunTime:0.005000s ]
ERR: 无法加载模块:Thumb

[ 2014-11-28T21:24:04+08:00 ] 0.0.0.0 /Tp_group/Thumb/150x100/201410/5442493ca5efc.jpeg
INFO: [ route_check ] --START--
INFO: CheckRoute Behavior ::run [ RunTime:0.002000s ]
INFO: [ route_check ] --END-- [ RunTime:0.003000s ]
ERR: 无法加载模块:Thumb

[ 2014-11-28T21:24:13+08:00 ] 0.0.0.0 /Tp_group/Thumb/150x100/201410/5442493ca5efc.jpeg
INFO: [ route_check ] --START--
INFO: CheckRoute Behavior ::run [ RunTime:0.011001s ]
INFO: [ route_check ] --END-- [ RunTime:0.016001s ]
ERR: 无法加载模块:Thumb

[ 2014-11-28T21:24:22+08:00 ] 0.0.0.0 /Tp_group/Thumb/150x100/201410/5442493ca5efc.jpeg
INFO: [ route_check ] --START--
INFO: CheckRoute Behavior ::run [ RunTime:0.014001s ]
INFO: [ route_check ] --END-- [ RunTime:0.014001s ]
ERR: 无法加载模块:Thumb

[ 2014-11-28T21:24:30+08:00 ] 0.0.0.0 /Tp_group/Thumb/150x100/201410/5442493ca5efc.jpeg
INFO: [ route_check ] --START--
INFO: CheckRoute Behavior ::run [ RunTime:0.002000s ]
INFO: [ route_check ] --END-- [ RunTime:0.004000s ]
ERR: 无法加载模块:Thumb

[ 2014-11-28T21:25:39+08:00 ] 0.0.0.0 /Tp_group/Thumb/150x100/201410/5442493ca5efc.jpeg
INFO: [ route_check ] --START--
INFO: CheckRoute Behavior ::run [ RunTime:0.003000s ]
INFO: [ route_check ] --END-- [ RunTime:0.004000s ]
ERR: 无法加载模块:Thumb

[ 2014-11-28T21:26:38+08:00 ] 0.0.0.0 /Tp_group/Thumb/150x100/201410/5442493ca5efc.jpeg
INFO: [ route_check ] --START--
INFO: CheckRoute Behavior ::run [ RunTime:0.004001s ]
INFO: [ route_check ] --END-- [ RunTime:0.005001s ]
ERR: 无法加载模块:Thumb

[ 2014-11-28T21:27:40+08:00 ] 0.0.0.0 /Tp_group/Thumb/150x100/201410/5442493ca5efc.jpeg
INFO: [ route_check ] --START--
INFO: CheckRoute Behavior ::run [ RunTime:0.005001s ]
INFO: [ route_check ] --END-- [ RunTime:0.016001s ]
ERR: 无法加载模块:Thumb

[ 2014-11-28T21:28:06+08:00 ] 0.0.0.0 /Tp_group/Thumb/150x100/201410/5442493ca5efc.jpeg
INFO: [ route_check ] --START--
INFO: CheckRoute Behavior ::run [ RunTime:0.007001s ]
INFO: [ route_check ] --END-- [ RunTime:0.007001s ]
ERR: 无法加载模块:Thumb

[ 2014-11-28T21:28:27+08:00 ] 0.0.0.0 /Tp_group/Thumb/150x100/201410/5442493ca5efc.jpeg
INFO: [ route_check ] --START--
INFO: CheckRoute Behavior ::run [ RunTime:0.003000s ]
INFO: [ route_check ] --END-- [ RunTime:0.004000s ]
ERR: 无法加载模块:Thumb

[ 2014-11-28T21:29:39+08:00 ] 0.0.0.0 /Tp_group/Thumb/150x100/201410/5442493ca5efc.jpeg
INFO: [ route_check ] --START--
INFO: CheckRoute Behavior ::run [ RunTime:0.005000s ]
INFO: [ route_check ] --END-- [ RunTime:0.008001s ]
ERR: 无法加载模块:Thumb

[ 2014-11-28T21:29:51+08:00 ] 0.0.0.0 /Tp_group/Thumb/150x100/201410/5442493ca5efc.jpeg
INFO: [ route_check ] --START--
INFO: CheckRoute Behavior ::run [ RunTime:0.003000s ]
INFO: [ route_check ] --END-- [ RunTime:0.005000s ]
ERR: 无法加载模块:Thumb

[ 2014-11-28T21:30:08+08:00 ] 0.0.0.0 /Tp_group/Thumb/150x100/201410/5442493ca5efc.jpeg
INFO: [ route_check ] --START--
INFO: CheckRoute Behavior ::run [ RunTime:0.005000s ]
INFO: [ route_check ] --END-- [ RunTime:0.005000s ]
ERR: 无法加载模块:Thumb

[ 2014-11-28T21:30:24+08:00 ] 0.0.0.0 /Tp_group/Thumb/150x100/201410/5442493ca5efc.jpeg
INFO: [ route_check ] --START--
INFO: CheckRoute Behavior ::run [ RunTime:0.009001s ]
INFO: [ route_check ] --END-- [ RunTime:0.009001s ]
ERR: 无法加载模块:Thumb

[ 2014-11-28T21:30:52+08:00 ] 0.0.0.0 /Tp_group/Thumb/150x100/201410/5442493ca5efc.jpeg
INFO: [ route_check ] --START--
INFO: CheckRoute Behavior ::run [ RunTime:0.003000s ]
INFO: [ route_check ] --END-- [ RunTime:0.003000s ]
ERR: 无法加载模块:Thumb

[ 2014-11-28T21:31:08+08:00 ] 0.0.0.0 /Tp_group/Thumb/150x100/201410/5442493ca5efc.jpeg
INFO: [ route_check ] --START--
INFO: CheckRoute Behavior ::run [ RunTime:0.003000s ]
INFO: [ route_check ] --END-- [ RunTime:0.005000s ]
ERR: 无法加载模块:Thumb

[ 2014-11-28T21:31:17+08:00 ] 0.0.0.0 /Tp_group/Thumb/150x100/201410/5442493ca5efc.jpeg
INFO: [ route_check ] --START--
INFO: CheckRoute Behavior ::run [ RunTime:0.023001s ]
INFO: [ route_check ] --END-- [ RunTime:0.028002s ]
ERR: 无法加载模块:Thumb

[ 2014-11-28T21:31:36+08:00 ] 0.0.0.0 /Tp_group/Thumb/150x100/201410/5442493ca5efc.jpeg
INFO: [ route_check ] --START--
INFO: CheckRoute Behavior ::run [ RunTime:0.016001s ]
INFO: [ route_check ] --END-- [ RunTime:0.019001s ]
ERR: 无法加载模块:Thumb

[ 2014-11-28T21:31:57+08:00 ] 0.0.0.0 /Tp_group/Thumb/150x100/201410/5442493ca5efc.jpeg
INFO: [ route_check ] --START--
INFO: CheckRoute Behavior ::run [ RunTime:0.009001s ]
INFO: [ route_check ] --END-- [ RunTime:0.015001s ]
ERR: 无法加载模块:Thumb

[ 2014-11-28T21:33:12+08:00 ] 0.0.0.0 /Tp_group/Thumb/150x100/201410/5442493ca5efc.jpeg
INFO: [ route_check ] --START--
INFO: CheckRoute Behavior ::run [ RunTime:0.013001s ]
INFO: [ route_check ] --END-- [ RunTime:0.016001s ]
ERR: 无法加载模块:Thumb

[ 2014-11-28T21:33:51+08:00 ] 0.0.0.0 /Tp_group/Thumb/150x100/201410/5442493ca5efc.jpeg
INFO: [ route_check ] --START--
INFO: CheckRoute Behavior ::run [ RunTime:0.003000s ]
INFO: [ route_check ] --END-- [ RunTime:0.004001s ]
ERR: 无法加载模块:Thumb

[ 2014-11-28T21:34:00+08:00 ] 0.0.0.0 /Tp_group/Thumb/150x100/201410/5442493ca5efc.jpeg
INFO: [ route_check ] --START--
INFO: CheckRoute Behavior ::run [ RunTime:0.022002s ]
INFO: [ route_check ] --END-- [ RunTime:0.024002s ]
ERR: 无法加载模块:Thumb

[ 2014-11-28T21:35:15+08:00 ] 0.0.0.0 /Tp_group/Thumb/150x100/201410/5442493ca5efc.jpeg
INFO: [ route_check ] --START--
INFO: CheckRoute Behavior ::run [ RunTime:0.017001s ]
INFO: [ route_check ] --END-- [ RunTime:0.026002s ]
ERR: 无法加载模块:Thumb

[ 2014-11-28T21:35:53+08:00 ] 0.0.0.0 /Tp_group/Thumb/150x100/201410/5442493ca5efc.jpeg
INFO: [ route_check ] --START--
INFO: CheckRoute Behavior ::run [ RunTime:0.005000s ]
INFO: [ route_check ] --END-- [ RunTime:0.008001s ]
ERR: 无法加载模块:Thumb

[ 2014-11-28T21:36:02+08:00 ] 0.0.0.0 /Tp_group/Thumb/150x100/201410/5442493ca5efc.jpeg
INFO: [ route_check ] --START--
INFO: CheckRoute Behavior ::run [ RunTime:0.003000s ]
INFO: [ route_check ] --END-- [ RunTime:0.003000s ]
ERR: 无法加载模块:Thumb

[ 2014-11-28T21:38:22+08:00 ] 0.0.0.0 /Tp_group/Thumb/150x100/201410/5442493ca5efc.jpeg
INFO: [ route_check ] --START--
INFO: CheckRoute Behavior ::run [ RunTime:0.003000s ]
INFO: [ route_check ] --END-- [ RunTime:0.004000s ]
ERR: 无法加载模块:Thumb

[ 2014-11-28T21:39:27+08:00 ] 0.0.0.0 /Tp_group/Thumb/150x100/201410/5442493ca5efc.jpeg
INFO: [ route_check ] --START--
INFO: CheckRoute Behavior ::run [ RunTime:0.015001s ]
INFO: [ route_check ] --END-- [ RunTime:0.021001s ]
ERR: 无法加载模块:Thumb

[ 2014-11-28T21:40:17+08:00 ] 0.0.0.0 /Tp_group/Thumb/150x100/201410/5442493ca5efc.jpeg
INFO: [ route_check ] --START--
INFO: CheckRoute Behavior ::run [ RunTime:0.052003s ]
INFO: [ route_check ] --END-- [ RunTime:0.056003s ]
ERR: 无法加载模块:Thumb

[ 2014-11-28T21:41:32+08:00 ] 0.0.0.0 /Tp_group/Thumb/150x100/201410/5442493ca5efc.jpeg
INFO: [ route_check ] --START--
INFO: CheckRoute Behavior ::run [ RunTime:0.003000s ]
INFO: [ route_check ] --END-- [ RunTime:0.003000s ]
ERR: 无法加载模块:Thumb

[ 2014-11-28T21:43:21+08:00 ] 0.0.0.0 /Tp_group/Thumb/150x100/201410/5442493ca5efc.jpeg
INFO: [ route_check ] --START--
INFO: CheckRoute Behavior ::run [ RunTime:0.004001s ]
INFO: [ route_check ] --END-- [ RunTime:0.004001s ]
ERR: 无法加载模块:Thumb

[ 2014-11-28T21:43:45+08:00 ] 0.0.0.0 /Tp_group/Thumb/150x100/201410/5442493ca5efc.jpeg
INFO: [ route_check ] --START--
INFO: CheckRoute Behavior ::run [ RunTime:0.008001s ]
INFO: [ route_check ] --END-- [ RunTime:0.008001s ]
ERR: 无法加载模块:Thumb

[ 2014-11-28T21:44:05+08:00 ] 0.0.0.0 /Tp_group/Thumb/150x100/201410/5442493ca5efc.jpeg
INFO: [ route_check ] --START--
INFO: CheckRoute Behavior ::run [ RunTime:0.009001s ]
INFO: [ route_check ] --END-- [ RunTime:0.009001s ]
ERR: 无法加载模块:Thumb

[ 2014-11-28T21:44:19+08:00 ] 0.0.0.0 /Tp_group/Thumb/150x100/201410/5442493ca5efc.jpeg
INFO: [ route_check ] --START--
INFO: CheckRoute Behavior ::run [ RunTime:0.018001s ]
INFO: [ route_check ] --END-- [ RunTime:0.020001s ]
ERR: 无法加载模块:Thumb

[ 2014-11-28T21:44:52+08:00 ] 0.0.0.0 /Tp_group/Thumb/150x100/201410/5442493ca5efc.jpeg
INFO: [ route_check ] --START--
INFO: CheckRoute Behavior ::run [ RunTime:0.003001s ]
INFO: [ route_check ] --END-- [ RunTime:0.003001s ]
ERR: 无法加载模块:Thumb

[ 2014-11-28T21:45:19+08:00 ] 0.0.0.0 /Tp_group/Thumb/150x100/201410/5442493ca5efc.jpeg
INFO: [ route_check ] --START--
INFO: CheckRoute Behavior ::run [ RunTime:0.007000s ]
INFO: [ route_check ] --END-- [ RunTime:0.008000s ]
ERR: 无法加载模块:Thumb

[ 2014-11-28T21:46:19+08:00 ] 0.0.0.0 /Tp_group/Thumb/150x100/201410/5442493ca5efc.jpeg
INFO: [ route_check ] --START--
INFO: CheckRoute Behavior ::run [ RunTime:0.004000s ]
INFO: [ route_check ] --END-- [ RunTime:0.005000s ]
ERR: 无法加载模块:Thumb

[ 2014-11-28T21:58:03+08:00 ] 0.0.0.0 /Tp_group/Thumb/150x100/201410/5442493ca5efc.jpeg
INFO: [ route_check ] --START--
INFO: CheckRoute Behavior ::run [ RunTime:0.014001s ]
INFO: [ route_check ] --END-- [ RunTime:0.015001s ]
ERR: 无法加载模块:Thumb

[ 2014-11-28T21:59:06+08:00 ] 0.0.0.0 /Tp_group/Thumb/150x100/201410/5442493ca5efc.jpeg
INFO: [ route_check ] --START--
INFO: CheckRoute Behavior ::run [ RunTime:0.004000s ]
INFO: [ route_check ] --END-- [ RunTime:0.005000s ]
ERR: 无法加载模块:Thumb

[ 2014-11-28T21:59:24+08:00 ] 0.0.0.0 /Tp_group/Thumb/150x100/201410/5442493ca5efc.jpeg
INFO: [ route_check ] --START--
INFO: CheckRoute Behavior ::run [ RunTime:0.006000s ]
INFO: [ route_check ] --END-- [ RunTime:0.007000s ]
ERR: 无法加载模块:Thumb

[ 2014-11-28T22:00:03+08:00 ] 0.0.0.0 /Tp_group/Thumb/150x100/201410/5442493ca5efc.jpeg
INFO: [ route_check ] --START--
INFO: CheckRoute Behavior ::run [ RunTime:0.005000s ]
INFO: [ route_check ] --END-- [ RunTime:0.005000s ]
ERR: 无法加载模块:Thumb

[ 2014-11-28T22:00:25+08:00 ] 0.0.0.0 /Tp_group/Thumb/150x100/201410/5442493ca5efc.jpeg
INFO: [ route_check ] --START--
INFO: CheckRoute Behavior ::run [ RunTime:0.003000s ]
INFO: [ route_check ] --END-- [ RunTime:0.004000s ]
ERR: 无法加载模块:Thumb

[ 2014-11-28T22:01:23+08:00 ] 0.0.0.0 /Tp_group/Thumb/150x100/201410/5442493ca5efc.jpeg
INFO: [ route_check ] --START--
INFO: CheckRoute Behavior ::run [ RunTime:0.033002s ]
INFO: [ route_check ] --END-- [ RunTime:0.033002s ]
ERR: 无法加载模块:Thumb

[ 2014-11-28T22:02:07+08:00 ] 0.0.0.0 /Tp_group/Thumb/150x100/201410/5442493ca5efc.jpeg
INFO: [ route_check ] --START--
INFO: CheckRoute Behavior ::run [ RunTime:0.005000s ]
INFO: [ route_check ] --END-- [ RunTime:0.005000s ]
ERR: 无法加载模块:Thumb

