[ 2014-12-06T14:00:03+08:00 ] 0.0.0.0 /Tp_group/Thumb/150x100/201410/5442493ca5efc.jpeg
INFO: [ route_check ] --START--
INFO: CheckRoute Behavior ::run [ RunTime:0.024405s ]
INFO: [ route_check ] --END-- [ RunTime:0.024582s ]
ERR: 无法加载模块:Thumb

[ 2014-12-06T14:00:16+08:00 ] 0.0.0.0 /Tp_group/23
INFO: [ route_check ] --START--
INFO: CheckRoute Behavior ::run [ RunTime:0.001283s ]
INFO: [ route_check ] --END-- [ RunTime:0.001421s ]

[ 2014-12-06T14:00:17+08:00 ] 0.0.0.0 /Tp_group/Home/Show/click/id/23
INFO: [ route_check ] --START--
INFO: CheckRoute Behavior ::run [ RunTime:0.001502s ]
INFO: [ route_check ] --END-- [ RunTime:0.001694s ]

[ 2014-12-06T14:00:17+08:00 ] 0.0.0.0 /Tp_group/23
INFO: [ route_check ] --START--
INFO: CheckRoute Behavior ::run [ RunTime:0.001449s ]
INFO: [ route_check ] --END-- [ RunTime:0.001613s ]

[ 2014-12-06T14:03:05+08:00 ] 0.0.0.0 /Tp_group/Thumb/150x100/201410/5442493ca5efc.jpeg
INFO: [ route_check ] --START--
INFO: CheckRoute Behavior ::run [ RunTime:0.001146s ]
INFO: [ route_check ] --END-- [ RunTime:0.001311s ]
ERR: 无法加载模块:Thumb

[ 2014-12-06T14:03:09+08:00 ] 0.0.0.0 /Tp_group/23
INFO: [ route_check ] --START--
INFO: CheckRoute Behavior ::run [ RunTime:0.000983s ]
INFO: [ route_check ] --END-- [ RunTime:0.001110s ]

[ 2014-12-06T14:03:10+08:00 ] 0.0.0.0 /Tp_group/Home/Show/click/id/23
INFO: [ route_check ] --START--
INFO: CheckRoute Behavior ::run [ RunTime:0.001324s ]
INFO: [ route_check ] --END-- [ RunTime:0.001574s ]

[ 2014-12-06T14:03:10+08:00 ] 0.0.0.0 /Tp_group/23
INFO: [ route_check ] --START--
INFO: CheckRoute Behavior ::run [ RunTime:0.001528s ]
INFO: [ route_check ] --END-- [ RunTime:0.001667s ]

[ 2014-12-06T14:03:22+08:00 ] 0.0.0.0 /Tp_group/Thumb/150x100/201410/5442493ca5efc.jpeg
INFO: [ route_check ] --START--
INFO: CheckRoute Behavior ::run [ RunTime:0.006115s ]
INFO: [ route_check ] --END-- [ RunTime:0.006316s ]
ERR: 无法加载模块:Thumb

[ 2014-12-06T14:03:25+08:00 ] 0.0.0.0 /Tp_group/23
INFO: [ route_check ] --START--
INFO: CheckRoute Behavior ::run [ RunTime:0.000910s ]
INFO: [ route_check ] --END-- [ RunTime:0.001019s ]

[ 2014-12-06T14:03:25+08:00 ] 0.0.0.0 /Tp_group/Home/Show/click/id/23
INFO: [ route_check ] --START--
INFO: CheckRoute Behavior ::run [ RunTime:0.000839s ]
INFO: [ route_check ] --END-- [ RunTime:0.000954s ]

[ 2014-12-06T14:03:25+08:00 ] 0.0.0.0 /Tp_group/23
INFO: [ route_check ] --START--
INFO: CheckRoute Behavior ::run [ RunTime:0.000865s ]
INFO: [ route_check ] --END-- [ RunTime:0.000971s ]

[ 2014-12-06T14:04:40+08:00 ] 0.0.0.0 /Tp_group/Thumb/150x100/201410/5442493ca5efc.jpeg
INFO: [ route_check ] --START--
INFO: CheckRoute Behavior ::run [ RunTime:0.002365s ]
INFO: [ route_check ] --END-- [ RunTime:0.002531s ]
ERR: 无法加载模块:Thumb

[ 2014-12-06T14:04:43+08:00 ] 0.0.0.0 /Tp_group/23
INFO: [ route_check ] --START--
INFO: CheckRoute Behavior ::run [ RunTime:0.000846s ]
INFO: [ route_check ] --END-- [ RunTime:0.000952s ]

[ 2014-12-06T14:04:44+08:00 ] 0.0.0.0 /Tp_group/23
INFO: [ route_check ] --START--
INFO: CheckRoute Behavior ::run [ RunTime:0.000844s ]
INFO: [ route_check ] --END-- [ RunTime:0.000958s ]

[ 2014-12-06T14:04:44+08:00 ] 0.0.0.0 /Tp_group/Home/Show/click/id/23
INFO: [ route_check ] --START--
INFO: CheckRoute Behavior ::run [ RunTime:0.001299s ]
INFO: [ route_check ] --END-- [ RunTime:0.001486s ]

[ 2014-12-06T14:04:44+08:00 ] 0.0.0.0 /Tp_group/23
INFO: [ route_check ] --START--
INFO: CheckRoute Behavior ::run [ RunTime:0.001097s ]
INFO: [ route_check ] --END-- [ RunTime:0.001250s ]

[ 2014-12-06T14:11:10+08:00 ] 0.0.0.0 /Tp_group/Thumb/150x100/201410/5442493ca5efc.jpeg
INFO: [ route_check ] --START--
INFO: CheckRoute Behavior ::run [ RunTime:0.003620s ]
INFO: [ route_check ] --END-- [ RunTime:0.003812s ]
ERR: 无法加载模块:Thumb

[ 2014-12-06T14:11:13+08:00 ] 0.0.0.0 /Tp_group/23
INFO: [ route_check ] --START--
INFO: CheckRoute Behavior ::run [ RunTime:0.000889s ]
INFO: [ route_check ] --END-- [ RunTime:0.001009s ]

[ 2014-12-06T14:11:13+08:00 ] 0.0.0.0 /Tp_group/Home/Show/click/id/23
INFO: [ route_check ] --START--
INFO: CheckRoute Behavior ::run [ RunTime:0.002441s ]
INFO: [ route_check ] --END-- [ RunTime:0.002628s ]

[ 2014-12-06T14:11:13+08:00 ] 0.0.0.0 /Tp_group/23
INFO: [ route_check ] --START--
INFO: CheckRoute Behavior ::run [ RunTime:0.001718s ]
INFO: [ route_check ] --END-- [ RunTime:0.001881s ]

[ 2014-12-06T14:15:56+08:00 ] 0.0.0.0 /Tp_group/Thumb/150x100/201410/5442493ca5efc.jpeg
INFO: [ route_check ] --START--
INFO: CheckRoute Behavior ::run [ RunTime:0.002262s ]
INFO: [ route_check ] --END-- [ RunTime:0.002551s ]
ERR: 无法加载模块:Thumb

[ 2014-12-06T14:15:59+08:00 ] 0.0.0.0 /Tp_group/23
INFO: [ route_check ] --START--
INFO: CheckRoute Behavior ::run [ RunTime:0.001021s ]
INFO: [ route_check ] --END-- [ RunTime:0.001142s ]

[ 2014-12-06T14:16:00+08:00 ] 0.0.0.0 /Tp_group/Home/Show/click/id/23
INFO: [ route_check ] --START--
INFO: CheckRoute Behavior ::run [ RunTime:0.001356s ]
INFO: [ route_check ] --END-- [ RunTime:0.001553s ]

[ 2014-12-06T14:16:00+08:00 ] 0.0.0.0 /Tp_group/23
INFO: [ route_check ] --START--
INFO: CheckRoute Behavior ::run [ RunTime:0.002486s ]
INFO: [ route_check ] --END-- [ RunTime:0.002616s ]

[ 2014-12-06T14:16:24+08:00 ] 0.0.0.0 /Tp_group/23
INFO: [ route_check ] --START--
INFO: CheckRoute Behavior ::run [ RunTime:0.001264s ]
INFO: [ route_check ] --END-- [ RunTime:0.001384s ]

[ 2014-12-06T14:16:24+08:00 ] 0.0.0.0 /Tp_group/Home/Show/click/id/23
INFO: [ route_check ] --START--
INFO: CheckRoute Behavior ::run [ RunTime:0.000925s ]
INFO: [ route_check ] --END-- [ RunTime:0.001034s ]

[ 2014-12-06T14:16:24+08:00 ] 0.0.0.0 /Tp_group/23
INFO: [ route_check ] --START--
INFO: CheckRoute Behavior ::run [ RunTime:0.001024s ]
INFO: [ route_check ] --END-- [ RunTime:0.001149s ]

[ 2014-12-06T14:34:20+08:00 ] 0.0.0.0 /Tp_group/Admin
INFO: [ route_check ] --START--
INFO: CheckRoute Behavior ::run [ RunTime:0.000900s ]
INFO: [ route_check ] --END-- [ RunTime:0.001012s ]

[ 2014-12-06T14:34:20+08:00 ] 0.0.0.0 /Tp_group/Admin/Login/index
INFO: [ route_check ] --START--
INFO: CheckRoute Behavior ::run [ RunTime:0.001322s ]
INFO: [ route_check ] --END-- [ RunTime:0.001519s ]

[ 2014-12-06T14:34:21+08:00 ] 0.0.0.0 /Tp_group/Admin/Login/imagecode
INFO: [ route_check ] --START--
INFO: CheckRoute Behavior ::run [ RunTime:0.001144s ]
INFO: [ route_check ] --END-- [ RunTime:0.001271s ]

[ 2014-12-06T14:34:25+08:00 ] 0.0.0.0 /Tp_group/Admin/Login/imagecode/0.4555316483601928
INFO: [ route_check ] --START--
INFO: CheckRoute Behavior ::run [ RunTime:0.001310s ]
INFO: [ route_check ] --END-- [ RunTime:0.001608s ]

[ 2014-12-06T14:34:28+08:00 ] 0.0.0.0 /Tp_group/Admin/Login/login
INFO: [ route_check ] --START--
INFO: CheckRoute Behavior ::run [ RunTime:0.000802s ]
INFO: [ route_check ] --END-- [ RunTime:0.000908s ]

[ 2014-12-06T14:34:28+08:00 ] 0.0.0.0 /Tp_group/Admin/Index/index
INFO: [ route_check ] --START--
INFO: CheckRoute Behavior ::run [ RunTime:0.001162s ]
INFO: [ route_check ] --END-- [ RunTime:0.001314s ]

[ 2014-12-06T14:34:31+08:00 ] 0.0.0.0 /Tp_group/Admin/Blog/addBlog
INFO: [ route_check ] --START--
INFO: CheckRoute Behavior ::run [ RunTime:0.000792s ]
INFO: [ route_check ] --END-- [ RunTime:0.000904s ]

[ 2014-12-06T15:04:05+08:00 ] 0.0.0.0 /Tp_group/Thumb/150x100/201410/5442493ca5efc.jpeg
INFO: [ route_check ] --START--
INFO: CheckRoute Behavior ::run [ RunTime:0.014331s ]
INFO: [ route_check ] --END-- [ RunTime:0.014483s ]
ERR: 无法加载模块:Thumb

[ 2014-12-06T15:04:08+08:00 ] 0.0.0.0 /Tp_group/21
INFO: [ route_check ] --START--
INFO: CheckRoute Behavior ::run [ RunTime:0.001193s ]
INFO: [ route_check ] --END-- [ RunTime:0.001330s ]

[ 2014-12-06T15:04:09+08:00 ] 0.0.0.0 /Tp_group/Home/Show/click/id/21
INFO: [ route_check ] --START--
INFO: CheckRoute Behavior ::run [ RunTime:0.000978s ]
INFO: [ route_check ] --END-- [ RunTime:0.001105s ]

[ 2014-12-06T15:04:09+08:00 ] 0.0.0.0 /Tp_group/21
INFO: [ route_check ] --START--
INFO: CheckRoute Behavior ::run [ RunTime:0.001044s ]
INFO: [ route_check ] --END-- [ RunTime:0.001163s ]

[ 2014-12-06T15:04:19+08:00 ] 0.0.0.0 /Tp_group/19
INFO: [ route_check ] --START--
INFO: CheckRoute Behavior ::run [ RunTime:0.001041s ]
INFO: [ route_check ] --END-- [ RunTime:0.001164s ]

[ 2014-12-06T15:04:19+08:00 ] 0.0.0.0 /Tp_group/Home/Show/click/id/19
INFO: [ route_check ] --START--
INFO: CheckRoute Behavior ::run [ RunTime:0.001316s ]
INFO: [ route_check ] --END-- [ RunTime:0.001504s ]

[ 2014-12-06T15:04:19+08:00 ] 0.0.0.0 /Tp_group/19
INFO: [ route_check ] --START--
INFO: CheckRoute Behavior ::run [ RunTime:0.001643s ]
INFO: [ route_check ] --END-- [ RunTime:0.001849s ]

[ 2014-12-06T15:04:33+08:00 ] 0.0.0.0 /Tp_group/16
INFO: [ route_check ] --START--
INFO: CheckRoute Behavior ::run [ RunTime:0.001550s ]
INFO: [ route_check ] --END-- [ RunTime:0.001731s ]

[ 2014-12-06T15:04:34+08:00 ] 0.0.0.0 /Tp_group/Home/Show/click/id/16
INFO: [ route_check ] --START--
INFO: CheckRoute Behavior ::run [ RunTime:0.001358s ]
INFO: [ route_check ] --END-- [ RunTime:0.001544s ]

[ 2014-12-06T15:04:34+08:00 ] 0.0.0.0 /Tp_group/16
INFO: [ route_check ] --START--
INFO: CheckRoute Behavior ::run [ RunTime:0.000998s ]
INFO: [ route_check ] --END-- [ RunTime:0.001106s ]

[ 2014-12-06T15:05:15+08:00 ] 0.0.0.0 /Tp_group/Admin
INFO: [ route_check ] --START--
INFO: CheckRoute Behavior ::run [ RunTime:0.000806s ]
INFO: [ route_check ] --END-- [ RunTime:0.000917s ]

[ 2014-12-06T15:05:18+08:00 ] 0.0.0.0 /Tp_group/Admin/Blog/index
INFO: [ route_check ] --START--
INFO: CheckRoute Behavior ::run [ RunTime:0.000998s ]
INFO: [ route_check ] --END-- [ RunTime:0.001132s ]

[ 2014-12-06T15:05:30+08:00 ] 0.0.0.0 /Tp_group/Admin/Blog/toTrach/id/11/type/1
INFO: [ route_check ] --START--
INFO: CheckRoute Behavior ::run [ RunTime:0.001954s ]
INFO: [ route_check ] --END-- [ RunTime:0.002206s ]

[ 2014-12-06T15:05:31+08:00 ] 0.0.0.0 /Tp_group/Admin/Blog/index
INFO: [ route_check ] --START--
INFO: CheckRoute Behavior ::run [ RunTime:0.001014s ]
INFO: [ route_check ] --END-- [ RunTime:0.001153s ]

[ 2014-12-06T15:05:39+08:00 ] 0.0.0.0 /Tp_group/Thumb/150x100/201410/5442493ca5efc.jpeg
INFO: [ route_check ] --START--
INFO: CheckRoute Behavior ::run [ RunTime:0.001793s ]
INFO: [ route_check ] --END-- [ RunTime:0.001987s ]
ERR: 无法加载模块:Thumb

[ 2014-12-06T15:06:07+08:00 ] 0.0.0.0 /Tp_group/Admin/Blog/toTrach/id/1/type/1
INFO: [ route_check ] --START--
INFO: CheckRoute Behavior ::run [ RunTime:0.001330s ]
INFO: [ route_check ] --END-- [ RunTime:0.001493s ]

[ 2014-12-06T15:06:08+08:00 ] 0.0.0.0 /Tp_group/Admin/Blog/index
INFO: [ route_check ] --START--
INFO: CheckRoute Behavior ::run [ RunTime:0.000861s ]
INFO: [ route_check ] --END-- [ RunTime:0.000969s ]

[ 2014-12-06T15:06:09+08:00 ] 0.0.0.0 /Tp_group/Admin/Blog/toTrach/id/2/type/1
INFO: [ route_check ] --START--
INFO: CheckRoute Behavior ::run [ RunTime:0.000830s ]
INFO: [ route_check ] --END-- [ RunTime:0.000942s ]

[ 2014-12-06T15:06:10+08:00 ] 0.0.0.0 /Tp_group/Admin/Blog/index
INFO: [ route_check ] --START--
INFO: CheckRoute Behavior ::run [ RunTime:0.000895s ]
INFO: [ route_check ] --END-- [ RunTime:0.001005s ]

[ 2014-12-06T15:06:11+08:00 ] 0.0.0.0 /Tp_group/Admin/Blog/toTrach/id/3/type/1
INFO: [ route_check ] --START--
INFO: CheckRoute Behavior ::run [ RunTime:0.000883s ]
INFO: [ route_check ] --END-- [ RunTime:0.000997s ]

[ 2014-12-06T15:06:12+08:00 ] 0.0.0.0 /Tp_group/Admin/Blog/index
INFO: [ route_check ] --START--
INFO: CheckRoute Behavior ::run [ RunTime:0.001244s ]
INFO: [ route_check ] --END-- [ RunTime:0.001397s ]

[ 2014-12-06T15:06:13+08:00 ] 0.0.0.0 /Tp_group/Admin/Blog/toTrach/id/5/type/1
INFO: [ route_check ] --START--
INFO: CheckRoute Behavior ::run [ RunTime:0.000878s ]
INFO: [ route_check ] --END-- [ RunTime:0.000985s ]

[ 2014-12-06T15:06:15+08:00 ] 0.0.0.0 /Tp_group/Admin/Blog/index
INFO: [ route_check ] --START--
INFO: CheckRoute Behavior ::run [ RunTime:0.001428s ]
INFO: [ route_check ] --END-- [ RunTime:0.001597s ]

[ 2014-12-06T15:06:16+08:00 ] 0.0.0.0 /Tp_group/Admin/Blog/toTrach/id/6/type/1
INFO: [ route_check ] --START--
INFO: CheckRoute Behavior ::run [ RunTime:0.001373s ]
INFO: [ route_check ] --END-- [ RunTime:0.001532s ]

[ 2014-12-06T15:06:17+08:00 ] 0.0.0.0 /Tp_group/Admin/Blog/index
INFO: [ route_check ] --START--
INFO: CheckRoute Behavior ::run [ RunTime:0.000889s ]
INFO: [ route_check ] --END-- [ RunTime:0.000993s ]

[ 2014-12-06T15:06:18+08:00 ] 0.0.0.0 /Tp_group/Admin/Blog/toTrach/id/7/type/1
INFO: [ route_check ] --START--
INFO: CheckRoute Behavior ::run [ RunTime:0.000829s ]
INFO: [ route_check ] --END-- [ RunTime:0.000934s ]

[ 2014-12-06T15:06:19+08:00 ] 0.0.0.0 /Tp_group/Admin/Blog/index
INFO: [ route_check ] --START--
INFO: CheckRoute Behavior ::run [ RunTime:0.001172s ]
INFO: [ route_check ] --END-- [ RunTime:0.001317s ]

[ 2014-12-06T15:06:20+08:00 ] 0.0.0.0 /Tp_group/Admin/Blog/toTrach/id/9/type/1
INFO: [ route_check ] --START--
INFO: CheckRoute Behavior ::run [ RunTime:0.001267s ]
INFO: [ route_check ] --END-- [ RunTime:0.001416s ]

[ 2014-12-06T15:06:21+08:00 ] 0.0.0.0 /Tp_group/Admin/Blog/index
INFO: [ route_check ] --START--
INFO: CheckRoute Behavior ::run [ RunTime:0.000870s ]
INFO: [ route_check ] --END-- [ RunTime:0.001004s ]

[ 2014-12-06T15:06:22+08:00 ] 0.0.0.0 /Tp_group/Admin/Blog/toTrach/id/10/type/1
INFO: [ route_check ] --START--
INFO: CheckRoute Behavior ::run [ RunTime:0.000854s ]
INFO: [ route_check ] --END-- [ RunTime:0.000961s ]

[ 2014-12-06T15:06:23+08:00 ] 0.0.0.0 /Tp_group/Admin/Blog/index
INFO: [ route_check ] --START--
INFO: CheckRoute Behavior ::run [ RunTime:0.001039s ]
INFO: [ route_check ] --END-- [ RunTime:0.001171s ]

[ 2014-12-06T15:06:25+08:00 ] 0.0.0.0 /Tp_group/Thumb/150x100/201410/5442493ca5efc.jpeg
INFO: [ route_check ] --START--
INFO: CheckRoute Behavior ::run [ RunTime:0.001545s ]
INFO: [ route_check ] --END-- [ RunTime:0.001732s ]
ERR: 无法加载模块:Thumb

[ 2014-12-06T15:08:16+08:00 ] 0.0.0.0 /Tp_group/s/3
INFO: [ route_check ] --START--
INFO: CheckRoute Behavior ::run [ RunTime:0.000834s ]
INFO: [ route_check ] --END-- [ RunTime:0.000946s ]

[ 2014-12-06T15:08:16+08:00 ] 0.0.0.0 /Tp_group/s/3
INFO: [ route_check ] --START--
INFO: CheckRoute Behavior ::run [ RunTime:0.001319s ]
INFO: [ route_check ] --END-- [ RunTime:0.001479s ]

[ 2014-12-06T15:08:19+08:00 ] 0.0.0.0 /Tp_group/Thumb/150x100/201410/5442493ca5efc.jpeg
INFO: [ route_check ] --START--
INFO: CheckRoute Behavior ::run [ RunTime:0.001297s ]
INFO: [ route_check ] --END-- [ RunTime:0.001475s ]
ERR: 无法加载模块:Thumb

[ 2014-12-06T15:08:31+08:00 ] 0.0.0.0 /Tp_group/Admin
INFO: [ route_check ] --START--
INFO: CheckRoute Behavior ::run [ RunTime:0.001105s ]
INFO: [ route_check ] --END-- [ RunTime:0.001219s ]

[ 2014-12-06T15:08:47+08:00 ] 0.0.0.0 /Tp_group/Admin/Animate/index
INFO: [ route_check ] --START--
INFO: CheckRoute Behavior ::run [ RunTime:0.001521s ]
INFO: [ route_check ] --END-- [ RunTime:0.001658s ]

[ 2014-12-06T15:08:58+08:00 ] 0.0.0.0 /Tp_group/Admin/Animate/index/p/2
INFO: [ route_check ] --START--
INFO: CheckRoute Behavior ::run [ RunTime:0.000997s ]
INFO: [ route_check ] --END-- [ RunTime:0.001139s ]

[ 2014-12-06T15:09:00+08:00 ] 0.0.0.0 /Tp_group/Admin/Animate/index/p/1
INFO: [ route_check ] --START--
INFO: CheckRoute Behavior ::run [ RunTime:0.001453s ]
INFO: [ route_check ] --END-- [ RunTime:0.001604s ]

[ 2014-12-06T15:09:12+08:00 ] 0.0.0.0 /Tp_group/Thumb/150x100/201410/5442493ca5efc.jpeg
INFO: [ route_check ] --START--
INFO: CheckRoute Behavior ::run [ RunTime:0.001694s ]
INFO: [ route_check ] --END-- [ RunTime:0.001877s ]
ERR: 无法加载模块:Thumb

[ 2014-12-06T15:11:52+08:00 ] 0.0.0.0 /Tp_group/23
INFO: [ route_check ] --START--
INFO: CheckRoute Behavior ::run [ RunTime:0.003511s ]
INFO: [ route_check ] --END-- [ RunTime:0.003708s ]

[ 2014-12-06T15:11:52+08:00 ] 0.0.0.0 /Tp_group/Home/Show/click/id/23
INFO: [ route_check ] --START--
INFO: CheckRoute Behavior ::run [ RunTime:0.001117s ]
INFO: [ route_check ] --END-- [ RunTime:0.001271s ]

[ 2014-12-06T15:11:52+08:00 ] 0.0.0.0 /Tp_group/23
INFO: [ route_check ] --START--
INFO: CheckRoute Behavior ::run [ RunTime:0.001745s ]
INFO: [ route_check ] --END-- [ RunTime:0.001875s ]

[ 2014-12-06T15:11:58+08:00 ] 0.0.0.0 /Tp_group/Admin
INFO: [ route_check ] --START--
INFO: CheckRoute Behavior ::run [ RunTime:0.000910s ]
INFO: [ route_check ] --END-- [ RunTime:0.001053s ]

[ 2014-12-06T15:12:02+08:00 ] 0.0.0.0 /Tp_group/Admin/Blog/index
INFO: [ route_check ] --START--
INFO: CheckRoute Behavior ::run [ RunTime:0.000825s ]
INFO: [ route_check ] --END-- [ RunTime:0.000942s ]

[ 2014-12-06T15:12:06+08:00 ] 0.0.0.0 /Tp_group/Admin/Blog/index
INFO: [ route_check ] --START--
INFO: CheckRoute Behavior ::run [ RunTime:0.000875s ]
INFO: [ route_check ] --END-- [ RunTime:0.000993s ]

[ 2014-12-06T15:12:09+08:00 ] 0.0.0.0 /Tp_group/Admin/Blog/index
INFO: [ route_check ] --START--
INFO: CheckRoute Behavior ::run [ RunTime:0.001044s ]
INFO: [ route_check ] --END-- [ RunTime:0.001152s ]

[ 2014-12-06T15:12:25+08:00 ] 0.0.0.0 /Tp_group/Thumb/150x100/201410/5442493ca5efc.jpeg
INFO: [ route_check ] --START--
INFO: CheckRoute Behavior ::run [ RunTime:0.001579s ]
INFO: [ route_check ] --END-- [ RunTime:0.001767s ]
ERR: 无法加载模块:Thumb

[ 2014-12-06T15:12:29+08:00 ] 0.0.0.0 /Tp_group/23
INFO: [ route_check ] --START--
INFO: CheckRoute Behavior ::run [ RunTime:0.000874s ]
INFO: [ route_check ] --END-- [ RunTime:0.000989s ]

[ 2014-12-06T15:12:30+08:00 ] 0.0.0.0 /Tp_group/Home/Show/click/id/23
INFO: [ route_check ] --START--
INFO: CheckRoute Behavior ::run [ RunTime:0.001364s ]
INFO: [ route_check ] --END-- [ RunTime:0.001575s ]

[ 2014-12-06T15:12:30+08:00 ] 0.0.0.0 /Tp_group/23
INFO: [ route_check ] --START--
INFO: CheckRoute Behavior ::run [ RunTime:0.001198s ]
INFO: [ route_check ] --END-- [ RunTime:0.001312s ]

[ 2014-12-06T15:16:35+08:00 ] 0.0.0.0 /Tp_group/Thumb/150x100/201410/5442493ca5efc.jpeg
INFO: [ route_check ] --START--
INFO: CheckRoute Behavior ::run [ RunTime:0.000969s ]
INFO: [ route_check ] --END-- [ RunTime:0.001079s ]
ERR: 无法加载模块:Thumb

[ 2014-12-06T15:16:49+08:00 ] 0.0.0.0 /Tp_group/Thumb/150x100/201410/5442493ca5efc.jpeg
INFO: [ route_check ] --START--
INFO: CheckRoute Behavior ::run [ RunTime:0.001396s ]
INFO: [ route_check ] --END-- [ RunTime:0.001516s ]
ERR: 无法加载模块:Thumb

[ 2014-12-06T15:19:46+08:00 ] 0.0.0.0 /Tp_group/Thumb/150x100/201410/5442493ca5efc.jpeg
INFO: [ route_check ] --START--
INFO: CheckRoute Behavior ::run [ RunTime:0.002141s ]
INFO: [ route_check ] --END-- [ RunTime:0.002352s ]
ERR: 无法加载模块:Thumb

[ 2014-12-06T15:19:54+08:00 ] 0.0.0.0 /Tp_group/23
INFO: [ route_check ] --START--
INFO: CheckRoute Behavior ::run [ RunTime:0.001364s ]
INFO: [ route_check ] --END-- [ RunTime:0.001482s ]

[ 2014-12-06T15:19:55+08:00 ] 0.0.0.0 /Tp_group/Home/Show/click/id/23
INFO: [ route_check ] --START--
INFO: CheckRoute Behavior ::run [ RunTime:0.001167s ]
INFO: [ route_check ] --END-- [ RunTime:0.001516s ]

[ 2014-12-06T15:19:55+08:00 ] 0.0.0.0 /Tp_group/23
INFO: [ route_check ] --START--
INFO: CheckRoute Behavior ::run [ RunTime:0.001434s ]
INFO: [ route_check ] --END-- [ RunTime:0.001594s ]

[ 2014-12-06T16:15:54+08:00 ] 0.0.0.0 /Tp_group/Thumb/150x100/201410/5442493ca5efc.jpeg
INFO: [ route_check ] --START--
INFO: CheckRoute Behavior ::run [ RunTime:0.055136s ]
INFO: [ route_check ] --END-- [ RunTime:0.055276s ]
ERR: 无法加载模块:Thumb

[ 2014-12-06T16:16:22+08:00 ] 0.0.0.0 /Tp_group/5
INFO: [ route_check ] --START--
INFO: CheckRoute Behavior ::run [ RunTime:0.000910s ]
INFO: [ route_check ] --END-- [ RunTime:0.001019s ]

[ 2014-12-06T16:16:23+08:00 ] 0.0.0.0 /Tp_group/Home/Show/click/id/5
INFO: [ route_check ] --START--
INFO: CheckRoute Behavior ::run [ RunTime:0.001510s ]
INFO: [ route_check ] --END-- [ RunTime:0.001701s ]

[ 2014-12-06T16:16:23+08:00 ] 0.0.0.0 /Tp_group/5
INFO: [ route_check ] --START--
INFO: CheckRoute Behavior ::run [ RunTime:0.081522s ]
INFO: [ route_check ] --END-- [ RunTime:0.081690s ]

[ 2014-12-06T16:16:28+08:00 ] 0.0.0.0 /Tp_group/16
INFO: [ route_check ] --START--
INFO: CheckRoute Behavior ::run [ RunTime:0.001633s ]
INFO: [ route_check ] --END-- [ RunTime:0.001897s ]

[ 2014-12-06T16:16:28+08:00 ] 0.0.0.0 /Tp_group/Home/Show/click/id/16
INFO: [ route_check ] --START--
INFO: CheckRoute Behavior ::run [ RunTime:0.003028s ]
INFO: [ route_check ] --END-- [ RunTime:0.003478s ]

[ 2014-12-06T16:16:29+08:00 ] 0.0.0.0 /Tp_group/16
INFO: [ route_check ] --START--
INFO: CheckRoute Behavior ::run [ RunTime:0.000954s ]
INFO: [ route_check ] --END-- [ RunTime:0.001093s ]

[ 2014-12-06T16:16:34+08:00 ] 0.0.0.0 /Tp_group/16
INFO: [ route_check ] --START--
INFO: CheckRoute Behavior ::run [ RunTime:0.002568s ]
INFO: [ route_check ] --END-- [ RunTime:0.002725s ]

[ 2014-12-06T16:16:34+08:00 ] 0.0.0.0 /Tp_group/Home/Show/click/id/16
INFO: [ route_check ] --START--
INFO: CheckRoute Behavior ::run [ RunTime:0.001551s ]
INFO: [ route_check ] --END-- [ RunTime:0.001736s ]

[ 2014-12-06T16:16:34+08:00 ] 0.0.0.0 /Tp_group/16
INFO: [ route_check ] --START--
INFO: CheckRoute Behavior ::run [ RunTime:0.001127s ]
INFO: [ route_check ] --END-- [ RunTime:0.001265s ]

[ 2014-12-06T16:16:41+08:00 ] 0.0.0.0 /Tp_group/16
INFO: [ route_check ] --START--
INFO: CheckRoute Behavior ::run [ RunTime:0.000868s ]
INFO: [ route_check ] --END-- [ RunTime:0.000983s ]

[ 2014-12-06T16:16:41+08:00 ] 0.0.0.0 /Tp_group/Home/Show/click/id/16
INFO: [ route_check ] --START--
INFO: CheckRoute Behavior ::run [ RunTime:0.001146s ]
INFO: [ route_check ] --END-- [ RunTime:0.001305s ]

[ 2014-12-06T16:16:41+08:00 ] 0.0.0.0 /Tp_group/16
INFO: [ route_check ] --START--
INFO: CheckRoute Behavior ::run [ RunTime:0.001391s ]
INFO: [ route_check ] --END-- [ RunTime:0.001590s ]

[ 2014-12-06T16:16:44+08:00 ] 0.0.0.0 /Tp_group/16
INFO: [ route_check ] --START--
INFO: CheckRoute Behavior ::run [ RunTime:0.001654s ]
INFO: [ route_check ] --END-- [ RunTime:0.001840s ]

[ 2014-12-06T16:16:44+08:00 ] 0.0.0.0 /Tp_group/Home/Show/click/id/16
INFO: [ route_check ] --START--
INFO: CheckRoute Behavior ::run [ RunTime:0.000927s ]
INFO: [ route_check ] --END-- [ RunTime:0.001074s ]

[ 2014-12-06T16:16:44+08:00 ] 0.0.0.0 /Tp_group/16
INFO: [ route_check ] --START--
INFO: CheckRoute Behavior ::run [ RunTime:0.001408s ]
INFO: [ route_check ] --END-- [ RunTime:0.001617s ]

[ 2014-12-06T16:16:45+08:00 ] 0.0.0.0 /Tp_group/16
INFO: [ route_check ] --START--
INFO: CheckRoute Behavior ::run [ RunTime:0.000838s ]
INFO: [ route_check ] --END-- [ RunTime:0.000959s ]

[ 2014-12-06T16:16:45+08:00 ] 0.0.0.0 /Tp_group/Home/Show/click/id/16
INFO: [ route_check ] --START--
INFO: CheckRoute Behavior ::run [ RunTime:0.000853s ]
INFO: [ route_check ] --END-- [ RunTime:0.000989s ]

[ 2014-12-06T16:16:45+08:00 ] 0.0.0.0 /Tp_group/16
INFO: [ route_check ] --START--
INFO: CheckRoute Behavior ::run [ RunTime:0.001750s ]
INFO: [ route_check ] --END-- [ RunTime:0.001934s ]

[ 2014-12-06T16:16:46+08:00 ] 0.0.0.0 /Tp_group/2
INFO: [ route_check ] --START--
INFO: CheckRoute Behavior ::run [ RunTime:0.000950s ]
INFO: [ route_check ] --END-- [ RunTime:0.001073s ]

[ 2014-12-06T16:16:46+08:00 ] 0.0.0.0 /Tp_group/2
INFO: [ route_check ] --START--
INFO: CheckRoute Behavior ::run [ RunTime:0.001030s ]
INFO: [ route_check ] --END-- [ RunTime:0.001200s ]

[ 2014-12-06T16:16:46+08:00 ] 0.0.0.0 /Tp_group/Home/Show/click/id/2
INFO: [ route_check ] --START--
INFO: CheckRoute Behavior ::run [ RunTime:0.000921s ]
INFO: [ route_check ] --END-- [ RunTime:0.001028s ]

[ 2014-12-06T16:16:47+08:00 ] 0.0.0.0 /Tp_group/2
INFO: [ route_check ] --START--
INFO: CheckRoute Behavior ::run [ RunTime:0.000885s ]
INFO: [ route_check ] --END-- [ RunTime:0.001021s ]

[ 2014-12-06T16:29:21+08:00 ] 0.0.0.0 /Tp_group/Admin
INFO: [ route_check ] --START--
INFO: CheckRoute Behavior ::run [ RunTime:0.010944s ]
INFO: [ route_check ] --END-- [ RunTime:0.011073s ]

[ 2014-12-06T16:29:21+08:00 ] 0.0.0.0 /Tp_group/Admin/Login/index
INFO: [ route_check ] --START--
INFO: CheckRoute Behavior ::run [ RunTime:0.000894s ]
INFO: [ route_check ] --END-- [ RunTime:0.001006s ]

[ 2014-12-06T16:29:23+08:00 ] 0.0.0.0 /Tp_group/Admin/Login/imagecode
INFO: [ route_check ] --START--
INFO: CheckRoute Behavior ::run [ RunTime:0.000856s ]
INFO: [ route_check ] --END-- [ RunTime:0.000973s ]

[ 2014-12-06T16:29:26+08:00 ] 0.0.0.0 /Tp_group/Admin/Login/login
INFO: [ route_check ] --START--
INFO: CheckRoute Behavior ::run [ RunTime:0.000771s ]
INFO: [ route_check ] --END-- [ RunTime:0.000873s ]

[ 2014-12-06T16:29:34+08:00 ] 0.0.0.0 /Tp_group/Admin/Login/login
INFO: [ route_check ] --START--
INFO: CheckRoute Behavior ::run [ RunTime:0.000980s ]
INFO: [ route_check ] --END-- [ RunTime:0.001092s ]

[ 2014-12-06T16:29:41+08:00 ] 0.0.0.0 /Tp_group/Admin/Login/login
INFO: [ route_check ] --START--
INFO: CheckRoute Behavior ::run [ RunTime:0.000872s ]
INFO: [ route_check ] --END-- [ RunTime:0.000982s ]

[ 2014-12-06T16:29:41+08:00 ] 0.0.0.0 /Tp_group/Admin/Index/index
INFO: [ route_check ] --START--
INFO: CheckRoute Behavior ::run [ RunTime:0.001251s ]
INFO: [ route_check ] --END-- [ RunTime:0.001422s ]

[ 2014-12-06T16:29:48+08:00 ] 0.0.0.0 /Tp_group/Admin/Blog/addBlog
INFO: [ route_check ] --START--
INFO: CheckRoute Behavior ::run [ RunTime:0.000794s ]
INFO: [ route_check ] --END-- [ RunTime:0.000904s ]

[ 2014-12-06T16:41:19+08:00 ] 0.0.0.0 /Tp_group/Thumb/150x100/201410/5442493ca5efc.jpeg
INFO: [ route_check ] --START--
INFO: CheckRoute Behavior ::run [ RunTime:0.001431s ]
INFO: [ route_check ] --END-- [ RunTime:0.001611s ]
ERR: 无法加载模块:Thumb

[ 2014-12-06T16:41:38+08:00 ] 0.0.0.0 /Tp_group/Admin
INFO: [ route_check ] --START--
INFO: CheckRoute Behavior ::run [ RunTime:0.036805s ]
INFO: [ route_check ] --END-- [ RunTime:0.037016s ]

[ 2014-12-06T16:41:42+08:00 ] 0.0.0.0 /Tp_group/Admin/Blog/addBlog
INFO: [ route_check ] --START--
INFO: CheckRoute Behavior ::run [ RunTime:0.000845s ]
INFO: [ route_check ] --END-- [ RunTime:0.000959s ]

[ 2014-12-06T16:44:56+08:00 ] 0.0.0.0 /Tp_group/Thumb/150x100/201410/5442493ca5efc.jpeg
INFO: [ route_check ] --START--
INFO: CheckRoute Behavior ::run [ RunTime:0.001113s ]
INFO: [ route_check ] --END-- [ RunTime:0.001263s ]
ERR: 无法加载模块:Thumb

[ 2014-12-06T16:45:04+08:00 ] 0.0.0.0 /Tp_group/21
INFO: [ route_check ] --START--
INFO: CheckRoute Behavior ::run [ RunTime:0.001170s ]
INFO: [ route_check ] --END-- [ RunTime:0.001297s ]

[ 2014-12-06T16:45:05+08:00 ] 0.0.0.0 /Tp_group/Home/Show/click/id/21
INFO: [ route_check ] --START--
INFO: CheckRoute Behavior ::run [ RunTime:0.000894s ]
INFO: [ route_check ] --END-- [ RunTime:0.001006s ]

[ 2014-12-06T16:45:05+08:00 ] 0.0.0.0 /Tp_group/21
INFO: [ route_check ] --START--
INFO: CheckRoute Behavior ::run [ RunTime:0.000947s ]
INFO: [ route_check ] --END-- [ RunTime:0.001097s ]

[ 2014-12-06T16:45:23+08:00 ] 0.0.0.0 /Tp_group/Thumb/150x100/201410/5442493ca5efc.jpeg
INFO: [ route_check ] --START--
INFO: CheckRoute Behavior ::run [ RunTime:0.005969s ]
INFO: [ route_check ] --END-- [ RunTime:0.006167s ]
ERR: 无法加载模块:Thumb

[ 2014-12-06T16:45:25+08:00 ] 0.0.0.0 /Tp_group/19
INFO: [ route_check ] --START--
INFO: CheckRoute Behavior ::run [ RunTime:0.001316s ]
INFO: [ route_check ] --END-- [ RunTime:0.001496s ]

[ 2014-12-06T16:45:26+08:00 ] 0.0.0.0 /Tp_group/Home/Show/click/id/19
INFO: [ route_check ] --START--
INFO: CheckRoute Behavior ::run [ RunTime:0.001391s ]
INFO: [ route_check ] --END-- [ RunTime:0.001553s ]

[ 2014-12-06T16:45:26+08:00 ] 0.0.0.0 /Tp_group/19
INFO: [ route_check ] --START--
INFO: CheckRoute Behavior ::run [ RunTime:0.001100s ]
INFO: [ route_check ] --END-- [ RunTime:0.001252s ]

[ 2014-12-06T16:47:46+08:00 ] 0.0.0.0 /Tp_group/Admin/Blog/upload?dir=image
INFO: [ route_check ] --START--
INFO: CheckRoute Behavior ::run [ RunTime:0.001075s ]
INFO: [ route_check ] --END-- [ RunTime:0.001192s ]

[ 2014-12-06T16:52:00+08:00 ] 0.0.0.0 /Tp_group/Admin/Blog/upload?dir=image
INFO: [ route_check ] --START--
INFO: CheckRoute Behavior ::run [ RunTime:0.001130s ]
INFO: [ route_check ] --END-- [ RunTime:0.001253s ]

[ 2014-12-06T16:53:57+08:00 ] 0.0.0.0 /Tp_group/Admin/Blog/upload?dir=image
INFO: [ route_check ] --START--
INFO: CheckRoute Behavior ::run [ RunTime:0.001376s ]
INFO: [ route_check ] --END-- [ RunTime:0.001608s ]

[ 2014-12-06T16:55:31+08:00 ] 0.0.0.0 /Tp_group/Admin/Blog/upload?dir=image
INFO: [ route_check ] --START--
INFO: CheckRoute Behavior ::run [ RunTime:0.001085s ]
INFO: [ route_check ] --END-- [ RunTime:0.001212s ]

[ 2014-12-06T16:56:00+08:00 ] 0.0.0.0 /Tp_group/Admin/Blog/upload?dir=image
INFO: [ route_check ] --START--
INFO: CheckRoute Behavior ::run [ RunTime:0.001166s ]
INFO: [ route_check ] --END-- [ RunTime:0.001275s ]

[ 2014-12-06T16:56:29+08:00 ] 0.0.0.0 /Tp_group/Admin/Blog/upload?dir=image
INFO: [ route_check ] --START--
INFO: CheckRoute Behavior ::run [ RunTime:0.001132s ]
INFO: [ route_check ] --END-- [ RunTime:0.001242s ]

[ 2014-12-06T17:01:57+08:00 ] 0.0.0.0 /Tp_group/Admin/Blog/upload?dir=image
INFO: [ route_check ] --START--
INFO: CheckRoute Behavior ::run [ RunTime:0.001140s ]
INFO: [ route_check ] --END-- [ RunTime:0.001270s ]

[ 2014-12-06T17:19:41+08:00 ] 0.0.0.0 /Tp_group/Admin/Blog/upload?dir=image
INFO: [ route_check ] --START--
INFO: CheckRoute Behavior ::run [ RunTime:0.001169s ]
INFO: [ route_check ] --END-- [ RunTime:0.001283s ]

[ 2014-12-06T17:22:10+08:00 ] 0.0.0.0 /Tp_group/Admin/Blog/upload?dir=image
INFO: [ route_check ] --START--
INFO: CheckRoute Behavior ::run [ RunTime:0.001333s ]
INFO: [ route_check ] --END-- [ RunTime:0.001476s ]

[ 2014-12-06T17:26:12+08:00 ] 0.0.0.0 /Tp_group/Admin/Blog/upload?dir=image
INFO: [ route_check ] --START--
INFO: CheckRoute Behavior ::run [ RunTime:0.001160s ]
INFO: [ route_check ] --END-- [ RunTime:0.001278s ]

[ 2014-12-06T17:27:37+08:00 ] 0.0.0.0 /Tp_group/Admin/Blog/upload?dir=image
INFO: [ route_check ] --START--
INFO: CheckRoute Behavior ::run [ RunTime:0.001469s ]
INFO: [ route_check ] --END-- [ RunTime:0.001593s ]

[ 2014-12-06T17:31:46+08:00 ] 0.0.0.0 /Tp_group/Admin/Blog/handelAddBlog
INFO: [ route_check ] --START--
INFO: CheckRoute Behavior ::run [ RunTime:0.000970s ]
INFO: [ route_check ] --END-- [ RunTime:0.001092s ]

[ 2014-12-06T17:31:47+08:00 ] 0.0.0.0 /Tp_group/Admin/Blog/index
INFO: [ route_check ] --START--
INFO: CheckRoute Behavior ::run [ RunTime:0.001147s ]
INFO: [ route_check ] --END-- [ RunTime:0.001284s ]

[ 2014-12-06T17:31:55+08:00 ] 0.0.0.0 /Tp_group/Thumb/150x100/201410/5442493ca5efc.jpeg
INFO: [ route_check ] --START--
INFO: CheckRoute Behavior ::run [ RunTime:0.000969s ]
INFO: [ route_check ] --END-- [ RunTime:0.001086s ]
ERR: 无法加载模块:Thumb

[ 2014-12-06T17:31:59+08:00 ] 0.0.0.0 /Tp_group/24
INFO: [ route_check ] --START--
INFO: CheckRoute Behavior ::run [ RunTime:0.001330s ]
INFO: [ route_check ] --END-- [ RunTime:0.001496s ]

[ 2014-12-06T17:31:59+08:00 ] 0.0.0.0 /Tp_group/Home/Show/click/id/24
INFO: [ route_check ] --START--
INFO: CheckRoute Behavior ::run [ RunTime:0.001881s ]
INFO: [ route_check ] --END-- [ RunTime:0.002043s ]

[ 2014-12-06T17:31:59+08:00 ] 0.0.0.0 /Tp_group/24
INFO: [ route_check ] --START--
INFO: CheckRoute Behavior ::run [ RunTime:0.001562s ]
INFO: [ route_check ] --END-- [ RunTime:0.001740s ]

[ 2014-12-06T17:32:05+08:00 ] 0.0.0.0 /Tp_group/Thumb/150x100/201410/5442493ca5efc.jpeg
INFO: [ route_check ] --START--
INFO: CheckRoute Behavior ::run [ RunTime:0.001442s ]
INFO: [ route_check ] --END-- [ RunTime:0.001652s ]
ERR: 无法加载模块:Thumb

[ 2014-12-06T17:32:06+08:00 ] 0.0.0.0 /Tp_group/23
INFO: [ route_check ] --START--
INFO: CheckRoute Behavior ::run [ RunTime:0.000853s ]
INFO: [ route_check ] --END-- [ RunTime:0.000962s ]

[ 2014-12-06T17:32:06+08:00 ] 0.0.0.0 /Tp_group/Home/Show/click/id/23
INFO: [ route_check ] --START--
INFO: CheckRoute Behavior ::run [ RunTime:0.000964s ]
INFO: [ route_check ] --END-- [ RunTime:0.001091s ]

[ 2014-12-06T17:32:07+08:00 ] 0.0.0.0 /Tp_group/23
INFO: [ route_check ] --START--
INFO: CheckRoute Behavior ::run [ RunTime:0.001181s ]
INFO: [ route_check ] --END-- [ RunTime:0.001319s ]

[ 2014-12-06T17:32:39+08:00 ] 0.0.0.0 /Tp_group/Thumb/150x100/201410/5442493ca5efc.jpeg
INFO: [ route_check ] --START--
INFO: CheckRoute Behavior ::run [ RunTime:0.001711s ]
INFO: [ route_check ] --END-- [ RunTime:0.001946s ]
ERR: 无法加载模块:Thumb

[ 2014-12-06T17:32:40+08:00 ] 0.0.0.0 /Tp_group/24
INFO: [ route_check ] --START--
INFO: CheckRoute Behavior ::run [ RunTime:0.000972s ]
INFO: [ route_check ] --END-- [ RunTime:0.001083s ]

[ 2014-12-06T17:32:40+08:00 ] 0.0.0.0 /Tp_group/Home/Show/click/id/24
INFO: [ route_check ] --START--
INFO: CheckRoute Behavior ::run [ RunTime:0.001392s ]
INFO: [ route_check ] --END-- [ RunTime:0.001573s ]

[ 2014-12-06T17:32:41+08:00 ] 0.0.0.0 /Tp_group/24
INFO: [ route_check ] --START--
INFO: CheckRoute Behavior ::run [ RunTime:0.001395s ]
INFO: [ route_check ] --END-- [ RunTime:0.001572s ]

[ 2014-12-06T17:32:48+08:00 ] 0.0.0.0 /Tp_group/Thumb/150x100/201410/5442493ca5efc.jpeg
INFO: [ route_check ] --START--
INFO: CheckRoute Behavior ::run [ RunTime:0.001538s ]
INFO: [ route_check ] --END-- [ RunTime:0.001737s ]
ERR: 无法加载模块:Thumb

[ 2014-12-06T17:32:55+08:00 ] 0.0.0.0 /Tp_group/21
INFO: [ route_check ] --START--
INFO: CheckRoute Behavior ::run [ RunTime:0.000904s ]
INFO: [ route_check ] --END-- [ RunTime:0.001033s ]

[ 2014-12-06T17:32:55+08:00 ] 0.0.0.0 /Tp_group/21
INFO: [ route_check ] --START--
INFO: CheckRoute Behavior ::run [ RunTime:0.001467s ]
INFO: [ route_check ] --END-- [ RunTime:0.001651s ]

[ 2014-12-06T17:32:55+08:00 ] 0.0.0.0 /Tp_group/Home/Show/click/id/21
INFO: [ route_check ] --START--
INFO: CheckRoute Behavior ::run [ RunTime:0.001386s ]
INFO: [ route_check ] --END-- [ RunTime:0.001555s ]

[ 2014-12-06T17:32:55+08:00 ] 0.0.0.0 /Tp_group/21
INFO: [ route_check ] --START--
INFO: CheckRoute Behavior ::run [ RunTime:0.000919s ]
INFO: [ route_check ] --END-- [ RunTime:0.001042s ]

[ 2014-12-06T18:15:54+08:00 ] 0.0.0.0 /Tp_group/21
INFO: [ route_check ] --START--
INFO: CheckRoute Behavior ::run [ RunTime:0.003477s ]
INFO: [ route_check ] --END-- [ RunTime:0.004452s ]

[ 2014-12-06T18:15:54+08:00 ] 0.0.0.0 /Tp_group/Home/Show/click/id/21
INFO: [ route_check ] --START--
INFO: CheckRoute Behavior ::run [ RunTime:0.001411s ]
INFO: [ route_check ] --END-- [ RunTime:0.001611s ]

[ 2014-12-06T18:15:55+08:00 ] 0.0.0.0 /Tp_group/21
INFO: [ route_check ] --START--
INFO: CheckRoute Behavior ::run [ RunTime:0.033524s ]
INFO: [ route_check ] --END-- [ RunTime:0.034055s ]

[ 2014-12-06T18:15:56+08:00 ] 0.0.0.0 /Tp_group/20
INFO: [ route_check ] --START--
INFO: CheckRoute Behavior ::run [ RunTime:0.002851s ]
INFO: [ route_check ] --END-- [ RunTime:0.003212s ]

[ 2014-12-06T18:15:57+08:00 ] 0.0.0.0 /Tp_group/20
INFO: [ route_check ] --START--
INFO: CheckRoute Behavior ::run [ RunTime:0.002232s ]
INFO: [ route_check ] --END-- [ RunTime:0.002419s ]

[ 2014-12-06T18:15:57+08:00 ] 0.0.0.0 /Tp_group/Home/Show/click/id/20
INFO: [ route_check ] --START--
INFO: CheckRoute Behavior ::run [ RunTime:0.004299s ]
INFO: [ route_check ] --END-- [ RunTime:0.004607s ]

[ 2014-12-06T18:15:57+08:00 ] 0.0.0.0 /Tp_group/20
INFO: [ route_check ] --START--
INFO: CheckRoute Behavior ::run [ RunTime:0.002447s ]
INFO: [ route_check ] --END-- [ RunTime:0.002639s ]

[ 2014-12-06T18:15:59+08:00 ] 0.0.0.0 /Tp_group/19
INFO: [ route_check ] --START--
INFO: CheckRoute Behavior ::run [ RunTime:0.002449s ]
INFO: [ route_check ] --END-- [ RunTime:0.002643s ]

[ 2014-12-06T18:15:59+08:00 ] 0.0.0.0 /Tp_group/19
INFO: [ route_check ] --START--
INFO: CheckRoute Behavior ::run [ RunTime:0.001527s ]
INFO: [ route_check ] --END-- [ RunTime:0.001930s ]

[ 2014-12-06T18:15:59+08:00 ] 0.0.0.0 /Tp_group/Home/Show/click/id/19
INFO: [ route_check ] --START--
INFO: CheckRoute Behavior ::run [ RunTime:0.002842s ]
INFO: [ route_check ] --END-- [ RunTime:0.003034s ]

[ 2014-12-06T18:18:12+08:00 ] 0.0.0.0 /Tp_group/Admin
INFO: [ route_check ] --START--
INFO: CheckRoute Behavior ::run [ RunTime:0.003050s ]
INFO: [ route_check ] --END-- [ RunTime:0.003305s ]

[ 2014-12-06T18:18:20+08:00 ] 0.0.0.0 /Tp_group/Admin/Animate/addAnimate
INFO: [ route_check ] --START--
INFO: CheckRoute Behavior ::run [ RunTime:0.001917s ]
INFO: [ route_check ] --END-- [ RunTime:0.002101s ]

[ 2014-12-06T18:18:40+08:00 ] 0.0.0.0 /Tp_group/Thumb/150x100/201410/5442493ca5efc.jpeg
INFO: [ route_check ] --START--
INFO: CheckRoute Behavior ::run [ RunTime:0.002380s ]
INFO: [ route_check ] --END-- [ RunTime:0.002660s ]
ERR: 无法加载模块:Thumb

