[ 2014-10-19T12:04:46+08:00 ] 0.0.0.0 /Tp_group/User
INFO: [ route_check ] --START--
INFO: CheckRoute Behavior ::run [ RunTime:0.003001s ]
INFO: [ route_check ] --END-- [ RunTime:0.003001s ]

[ 2014-10-19T12:05:00+08:00 ] 0.0.0.0 /Tp_group/User/letter
INFO: [ route_check ] --START--
INFO: CheckRoute Behavior ::run [ RunTime:0.003001s ]
INFO: [ route_check ] --END-- [ RunTime:0.003001s ]

[ 2014-10-19T12:05:12+08:00 ] 0.0.0.0 /Tp_group/User/letter
INFO: [ route_check ] --START--
INFO: CheckRoute Behavior ::run [ RunTime:0.003001s ]
INFO: [ route_check ] --END-- [ RunTime:0.003001s ]

[ 2014-10-19T12:05:53+08:00 ] 0.0.0.0 /Tp_group/Home/User/letterSend.html
INFO: [ route_check ] --START--
INFO: CheckRoute Behavior ::run [ RunTime:0.002000s ]
INFO: [ route_check ] --END-- [ RunTime:0.003000s ]

[ 2014-10-19T12:13:14+08:00 ] 0.0.0.0 /Tp_group/Home/User/letterSend.html
INFO: [ route_check ] --START--
INFO: CheckRoute Behavior ::run [ RunTime:0.002000s ]
INFO: [ route_check ] --END-- [ RunTime:0.004000s ]

[ 2014-10-19T12:13:32+08:00 ] 0.0.0.0 /Tp_group/Home/User/letterSend.html
INFO: [ route_check ] --START--
INFO: CheckRoute Behavior ::run [ RunTime:0.003000s ]
INFO: [ route_check ] --END-- [ RunTime:0.003000s ]

[ 2014-10-19T12:13:52+08:00 ] 0.0.0.0 /Tp_group/Home/User/letterSend.html
INFO: [ route_check ] --START--
INFO: CheckRoute Behavior ::run [ RunTime:0.003001s ]
INFO: [ route_check ] --END-- [ RunTime:0.004001s ]

[ 2014-10-19T12:13:54+08:00 ] 0.0.0.0 /Tp_group/Home/User/letter.html
INFO: [ route_check ] --START--
INFO: CheckRoute Behavior ::run [ RunTime:0.003000s ]
INFO: [ route_check ] --END-- [ RunTime:0.003000s ]

[ 2014-10-19T12:22:11+08:00 ] 0.0.0.0 /Tp_group/Home/User/letter.html
INFO: [ route_check ] --START--
INFO: CheckRoute Behavior ::run [ RunTime:0.003000s ]
INFO: [ route_check ] --END-- [ RunTime:0.003000s ]

[ 2014-10-19T12:22:20+08:00 ] 0.0.0.0 /Tp_group/Home/User/letter
INFO: [ route_check ] --START--
INFO: CheckRoute Behavior ::run [ RunTime:0.002000s ]
INFO: [ route_check ] --END-- [ RunTime:0.002000s ]

[ 2014-10-19T12:22:51+08:00 ] 0.0.0.0 /Tp_group/Home/User/letter
INFO: [ route_check ] --START--
INFO: CheckRoute Behavior ::run [ RunTime:0.003000s ]
INFO: [ route_check ] --END-- [ RunTime:0.003000s ]

[ 2014-10-19T12:23:12+08:00 ] 0.0.0.0 /Tp_group/Home/User/letter
INFO: [ route_check ] --START--
INFO: CheckRoute Behavior ::run [ RunTime:0.002000s ]
INFO: [ route_check ] --END-- [ RunTime:0.003000s ]

[ 2014-10-19T12:23:14+08:00 ] 0.0.0.0 /Tp_group/Home/User/letter
INFO: [ route_check ] --START--
INFO: CheckRoute Behavior ::run [ RunTime:0.003000s ]
INFO: [ route_check ] --END-- [ RunTime:0.003000s ]

[ 2014-10-19T12:37:49+08:00 ] 0.0.0.0 /Tp_group/Home/User/letter
INFO: [ route_check ] --START--
INFO: CheckRoute Behavior ::run [ RunTime:0.003001s ]
INFO: [ route_check ] --END-- [ RunTime:0.003001s ]

[ 2014-10-19T12:38:09+08:00 ] 0.0.0.0 /Tp_group/Home/User/letter
INFO: [ route_check ] --START--
INFO: CheckRoute Behavior ::run [ RunTime:0.003001s ]
INFO: [ route_check ] --END-- [ RunTime:0.003001s ]

[ 2014-10-19T12:41:09+08:00 ] 0.0.0.0 /Tp_group/Home/User/letterSend.html
INFO: [ route_check ] --START--
INFO: CheckRoute Behavior ::run [ RunTime:0.003000s ]
INFO: [ route_check ] --END-- [ RunTime:0.003000s ]

[ 2014-10-19T12:41:10+08:00 ] 0.0.0.0 /Tp_group/Home/User/letter.html
INFO: [ route_check ] --START--
INFO: CheckRoute Behavior ::run [ RunTime:0.002000s ]
INFO: [ route_check ] --END-- [ RunTime:0.004000s ]

[ 2014-10-19T12:41:26+08:00 ] 0.0.0.0 /Tp_group/Home/User/letterSend.html
INFO: [ route_check ] --START--
INFO: CheckRoute Behavior ::run [ RunTime:0.003000s ]
INFO: [ route_check ] --END-- [ RunTime:0.003000s ]

[ 2014-10-19T12:41:55+08:00 ] 0.0.0.0 /Tp_group/Home/User/letter.html
INFO: [ route_check ] --START--
INFO: CheckRoute Behavior ::run [ RunTime:0.003000s ]
INFO: [ route_check ] --END-- [ RunTime:0.003000s ]

[ 2014-10-19T12:43:17+08:00 ] 0.0.0.0 /Tp_group/Home/User/letterSend.html
INFO: [ route_check ] --START--
INFO: CheckRoute Behavior ::run [ RunTime:0.002000s ]
INFO: [ route_check ] --END-- [ RunTime:0.003000s ]

[ 2014-10-19T12:43:19+08:00 ] 0.0.0.0 /Tp_group/Home/User/letter.html
INFO: [ route_check ] --START--
INFO: CheckRoute Behavior ::run [ RunTime:0.002000s ]
INFO: [ route_check ] --END-- [ RunTime:0.004000s ]

[ 2014-10-19T12:43:50+08:00 ] 0.0.0.0 /Tp_group/Home/User/letter.html
INFO: [ route_check ] --START--
INFO: CheckRoute Behavior ::run [ RunTime:0.003001s ]
INFO: [ route_check ] --END-- [ RunTime:0.003001s ]

[ 2014-10-19T12:44:12+08:00 ] 0.0.0.0 /Tp_group/Home/User/letter.html
INFO: [ route_check ] --START--
INFO: CheckRoute Behavior ::run [ RunTime:0.003000s ]
INFO: [ route_check ] --END-- [ RunTime:0.003000s ]

[ 2014-10-19T12:53:18+08:00 ] 0.0.0.0 /Tp_group/Home/User/letter.html
INFO: [ route_check ] --START--
INFO: CheckRoute Behavior ::run [ RunTime:0.004000s ]
INFO: [ route_check ] --END-- [ RunTime:0.005001s ]

[ 2014-10-19T12:53:18+08:00 ] 0.0.0.0 /Tp_group/Public/Js/juqery.js
INFO: [ route_check ] --START--
INFO: CheckRoute Behavior ::run [ RunTime:0.004000s ]
INFO: [ route_check ] --END-- [ RunTime:0.004000s ]
ERR: 无法加载模块:Public

[ 2014-10-19T12:53:34+08:00 ] 0.0.0.0 /Tp_group/Home/User/letter.html
INFO: [ route_check ] --START--
INFO: CheckRoute Behavior ::run [ RunTime:0.002001s ]
INFO: [ route_check ] --END-- [ RunTime:0.003001s ]

[ 2014-10-19T12:53:34+08:00 ] 0.0.0.0 /Tp_group/Public/Js/juqery.js
INFO: [ route_check ] --START--
INFO: CheckRoute Behavior ::run [ RunTime:0.003000s ]
INFO: [ route_check ] --END-- [ RunTime:0.003000s ]
ERR: 无法加载模块:Public

[ 2014-10-19T12:54:05+08:00 ] 0.0.0.0 /Tp_group/Home/User/letter.html
INFO: [ route_check ] --START--
INFO: CheckRoute Behavior ::run [ RunTime:0.003000s ]
INFO: [ route_check ] --END-- [ RunTime:0.003000s ]

[ 2014-10-19T12:54:05+08:00 ] 0.0.0.0 /Tp_group/Public/Js/juqery.js
INFO: [ route_check ] --START--
INFO: CheckRoute Behavior ::run [ RunTime:0.003000s ]
INFO: [ route_check ] --END-- [ RunTime:0.003000s ]
ERR: 无法加载模块:Public

[ 2014-10-19T12:54:21+08:00 ] 0.0.0.0 /Tp_group/Home/User/letter.html
INFO: [ route_check ] --START--
INFO: CheckRoute Behavior ::run [ RunTime:0.002000s ]
INFO: [ route_check ] --END-- [ RunTime:0.003000s ]

[ 2014-10-19T12:54:21+08:00 ] 0.0.0.0 /Tp_group/Public/Js/juqery.js
INFO: [ route_check ] --START--
INFO: CheckRoute Behavior ::run [ RunTime:0.002000s ]
INFO: [ route_check ] --END-- [ RunTime:0.003000s ]
ERR: 无法加载模块:Public

[ 2014-10-19T12:54:45+08:00 ] 0.0.0.0 /Tp_group/Home/User/letter.html
INFO: [ route_check ] --START--
INFO: CheckRoute Behavior ::run [ RunTime:0.002000s ]
INFO: [ route_check ] --END-- [ RunTime:0.003000s ]

[ 2014-10-19T12:55:00+08:00 ] 0.0.0.0 /Tp_group/Home/User/letter.html
INFO: [ route_check ] --START--
INFO: CheckRoute Behavior ::run [ RunTime:0.003000s ]
INFO: [ route_check ] --END-- [ RunTime:0.003000s ]

[ 2014-10-19T13:05:39+08:00 ] 0.0.0.0 /Tp_group/Home/User/letter.html
INFO: [ route_check ] --START--
INFO: CheckRoute Behavior ::run [ RunTime:0.002000s ]
INFO: [ route_check ] --END-- [ RunTime:0.003000s ]

[ 2014-10-19T13:06:05+08:00 ] 0.0.0.0 /Tp_group/Home/User/letterSend.html
INFO: [ route_check ] --START--
INFO: CheckRoute Behavior ::run [ RunTime:0.003000s ]
INFO: [ route_check ] --END-- [ RunTime:0.003000s ]

[ 2014-10-19T13:06:08+08:00 ] 0.0.0.0 /Tp_group/Home/User/letter.html
INFO: [ route_check ] --START--
INFO: CheckRoute Behavior ::run [ RunTime:0.002000s ]
INFO: [ route_check ] --END-- [ RunTime:0.004000s ]

[ 2014-10-19T13:06:18+08:00 ] 0.0.0.0 /Tp_group/Home/User/letterSend.html
INFO: [ route_check ] --START--
INFO: CheckRoute Behavior ::run [ RunTime:0.002000s ]
INFO: [ route_check ] --END-- [ RunTime:0.004000s ]

[ 2014-10-19T13:06:20+08:00 ] 0.0.0.0 /Tp_group/Home/User/letter.html
INFO: [ route_check ] --START--
INFO: CheckRoute Behavior ::run [ RunTime:0.003001s ]
INFO: [ route_check ] --END-- [ RunTime:0.004001s ]

[ 2014-10-19T13:06:57+08:00 ] 0.0.0.0 /Tp_group/Home/User/letter.html
INFO: [ route_check ] --START--
INFO: CheckRoute Behavior ::run [ RunTime:0.002000s ]
INFO: [ route_check ] --END-- [ RunTime:0.003000s ]

[ 2014-10-19T13:07:14+08:00 ] 0.0.0.0 /Tp_group/Home/User/letter.html
INFO: [ route_check ] --START--
INFO: CheckRoute Behavior ::run [ RunTime:0.003000s ]
INFO: [ route_check ] --END-- [ RunTime:0.004000s ]

[ 2014-10-19T13:07:15+08:00 ] 0.0.0.0 /Tp_group/Home/User/letter.html
INFO: [ route_check ] --START--
INFO: CheckRoute Behavior ::run [ RunTime:0.003000s ]
INFO: [ route_check ] --END-- [ RunTime:0.003000s ]

[ 2014-10-19T13:07:23+08:00 ] 0.0.0.0 /Tp_group/Home/User/letter.html
INFO: [ route_check ] --START--
INFO: CheckRoute Behavior ::run [ RunTime:0.002000s ]
INFO: [ route_check ] --END-- [ RunTime:0.004000s ]

[ 2014-10-19T13:07:32+08:00 ] 0.0.0.0 /Tp_group/Home/User/letter.html
INFO: [ route_check ] --START--
INFO: CheckRoute Behavior ::run [ RunTime:0.003000s ]
INFO: [ route_check ] --END-- [ RunTime:0.003000s ]

[ 2014-10-19T13:08:37+08:00 ] 0.0.0.0 /Tp_group/Home/User/letter.html
INFO: [ route_check ] --START--
INFO: CheckRoute Behavior ::run [ RunTime:0.002000s ]
INFO: [ route_check ] --END-- [ RunTime:0.002000s ]

[ 2014-10-19T13:09:49+08:00 ] 0.0.0.0 /Tp_group/Home/User/letter.html
INFO: [ route_check ] --START--
INFO: CheckRoute Behavior ::run [ RunTime:0.003000s ]
INFO: [ route_check ] --END-- [ RunTime:0.003000s ]

[ 2014-10-19T13:11:05+08:00 ] 0.0.0.0 /Tp_group/Home/User/letter.html
INFO: [ route_check ] --START--
INFO: CheckRoute Behavior ::run [ RunTime:0.003000s ]
INFO: [ route_check ] --END-- [ RunTime:0.004000s ]

[ 2014-10-19T13:13:19+08:00 ] 0.0.0.0 /Tp_group/Home/User/letter.html
INFO: [ route_check ] --START--
INFO: CheckRoute Behavior ::run [ RunTime:0.003001s ]
INFO: [ route_check ] --END-- [ RunTime:0.003001s ]

[ 2014-10-19T13:13:52+08:00 ] 0.0.0.0 /Tp_group/Home/User/letter
INFO: [ route_check ] --START--
INFO: CheckRoute Behavior ::run [ RunTime:0.003000s ]
INFO: [ route_check ] --END-- [ RunTime:0.003000s ]

[ 2014-10-19T13:14:01+08:00 ] 0.0.0.0 /Tp_group/Home/User/letterdel
INFO: [ route_check ] --START--
INFO: CheckRoute Behavior ::run [ RunTime:0.002001s ]
INFO: [ route_check ] --END-- [ RunTime:0.002001s ]

[ 2014-10-19T13:14:06+08:00 ] 0.0.0.0 /Tp_group/Home/User/letterDel
INFO: [ route_check ] --START--
INFO: CheckRoute Behavior ::run [ RunTime:0.003000s ]
INFO: [ route_check ] --END-- [ RunTime:0.003000s ]

[ 2014-10-19T13:16:28+08:00 ] 0.0.0.0 /Tp_group/Home/User/letter
INFO: [ route_check ] --START--
INFO: CheckRoute Behavior ::run [ RunTime:0.002000s ]
INFO: [ route_check ] --END-- [ RunTime:0.003000s ]

[ 2014-10-19T13:16:33+08:00 ] 0.0.0.0 /Tp_group/Home/User/letterDel
INFO: [ route_check ] --START--
INFO: CheckRoute Behavior ::run [ RunTime:0.003000s ]
INFO: [ route_check ] --END-- [ RunTime:0.003000s ]
INFO: [ app_begin ] --START--
INFO: ReadHtmlCache Behavior ::run [ RunTime:0.002000s ]
INFO: [ app_begin ] --END-- [ RunTime:0.002000s ]
SQL: SHOW COLUMNS FROM `think_news` [ RunTime:0.004001s ]
SQL: DELETE FROM `think_news` WHERE ( `id` = 17 ) [ RunTime:0.016001s ]

[ 2014-10-19T13:16:44+08:00 ] 0.0.0.0 /Tp_group/Home/User/letter
INFO: [ route_check ] --START--
INFO: CheckRoute Behavior ::run [ RunTime:0.002000s ]
INFO: [ route_check ] --END-- [ RunTime:0.003000s ]

[ 2014-10-19T13:17:03+08:00 ] 0.0.0.0 /Tp_group/Home/User/letterDel
INFO: [ route_check ] --START--
INFO: CheckRoute Behavior ::run [ RunTime:0.002000s ]
INFO: [ route_check ] --END-- [ RunTime:0.003000s ]
INFO: [ app_begin ] --START--
INFO: ReadHtmlCache Behavior ::run [ RunTime:0.002000s ]
INFO: [ app_begin ] --END-- [ RunTime:0.003000s ]
SQL: SHOW COLUMNS FROM `think_news` [ RunTime:0.004000s ]
SQL: DELETE FROM `think_news` WHERE ( `id` = 19 ) [ RunTime:0.008001s ]

[ 2014-10-19T13:17:06+08:00 ] 0.0.0.0 /Tp_group/Home/User/letter
INFO: [ route_check ] --START--
INFO: CheckRoute Behavior ::run [ RunTime:0.003000s ]
INFO: [ route_check ] --END-- [ RunTime:0.003000s ]

[ 2014-10-19T13:17:24+08:00 ] 0.0.0.0 /Tp_group/Home/User/letterDel
INFO: [ route_check ] --START--
INFO: CheckRoute Behavior ::run [ RunTime:0.003000s ]
INFO: [ route_check ] --END-- [ RunTime:0.003000s ]
INFO: [ app_begin ] --START--
INFO: ReadHtmlCache Behavior ::run [ RunTime:0.002000s ]
INFO: [ app_begin ] --END-- [ RunTime:0.003000s ]
SQL: SHOW COLUMNS FROM `think_news` [ RunTime:0.004000s ]
SQL: DELETE FROM `think_news` WHERE ( `id` = 18 ) [ RunTime:0.002000s ]

[ 2014-10-19T13:18:44+08:00 ] 0.0.0.0 /Tp_group/Home/User/letter
INFO: [ route_check ] --START--
INFO: CheckRoute Behavior ::run [ RunTime:0.002001s ]
INFO: [ route_check ] --END-- [ RunTime:0.003001s ]

[ 2014-10-19T13:19:22+08:00 ] 0.0.0.0 /Tp_group/Home/User/letterSend
INFO: [ route_check ] --START--
INFO: CheckRoute Behavior ::run [ RunTime:0.003000s ]
INFO: [ route_check ] --END-- [ RunTime:0.003000s ]

[ 2014-10-19T13:19:24+08:00 ] 0.0.0.0 /Tp_group/Home/User/letter
INFO: [ route_check ] --START--
INFO: CheckRoute Behavior ::run [ RunTime:0.003000s ]
INFO: [ route_check ] --END-- [ RunTime:0.003000s ]

[ 2014-10-19T13:19:32+08:00 ] 0.0.0.0 /Tp_group/Home/User/letterDel
INFO: [ route_check ] --START--
INFO: CheckRoute Behavior ::run [ RunTime:0.003000s ]
INFO: [ route_check ] --END-- [ RunTime:0.004000s ]
INFO: [ app_begin ] --START--
INFO: ReadHtmlCache Behavior ::run [ RunTime:0.003000s ]
INFO: [ app_begin ] --END-- [ RunTime:0.003000s ]
SQL: SHOW COLUMNS FROM `think_news` [ RunTime:0.004000s ]
SQL: DELETE FROM `think_news` WHERE ( `id` = 20 ) [ RunTime:0.002000s ]

[ 2014-10-19T13:19:34+08:00 ] 0.0.0.0 /Tp_group/Home/User/letter
INFO: [ route_check ] --START--
INFO: CheckRoute Behavior ::run [ RunTime:0.003001s ]
INFO: [ route_check ] --END-- [ RunTime:0.003001s ]

[ 2014-10-19T13:21:23+08:00 ] 0.0.0.0 /Tp_group/Home/User/letter
INFO: [ route_check ] --START--
INFO: CheckRoute Behavior ::run [ RunTime:0.003001s ]
INFO: [ route_check ] --END-- [ RunTime:0.004001s ]

[ 2014-10-19T13:21:54+08:00 ] 0.0.0.0 /Tp_group/Home/User/letter
INFO: [ route_check ] --START--
INFO: CheckRoute Behavior ::run [ RunTime:0.003000s ]
INFO: [ route_check ] --END-- [ RunTime:0.003000s ]

[ 2014-10-19T13:22:05+08:00 ] 0.0.0.0 /Tp_group/Home/User/letter
INFO: [ route_check ] --START--
INFO: CheckRoute Behavior ::run [ RunTime:0.002000s ]
INFO: [ route_check ] --END-- [ RunTime:0.003000s ]

[ 2014-10-19T13:23:30+08:00 ] 0.0.0.0 /Tp_group/Home/User/letter
INFO: [ route_check ] --START--
INFO: CheckRoute Behavior ::run [ RunTime:0.002000s ]
INFO: [ route_check ] --END-- [ RunTime:0.003000s ]

[ 2014-10-19T13:26:15+08:00 ] 0.0.0.0 /Tp_group/Home/User/letter
INFO: [ route_check ] --START--
INFO: CheckRoute Behavior ::run [ RunTime:0.003001s ]
INFO: [ route_check ] --END-- [ RunTime:0.004001s ]

[ 2014-10-19T13:26:31+08:00 ] 0.0.0.0 /Tp_group/Home/User/letterSend
INFO: [ route_check ] --START--
INFO: CheckRoute Behavior ::run [ RunTime:0.003001s ]
INFO: [ route_check ] --END-- [ RunTime:0.003001s ]

[ 2014-10-19T13:26:34+08:00 ] 0.0.0.0 /Tp_group/Home/User/letter
INFO: [ route_check ] --START--
INFO: CheckRoute Behavior ::run [ RunTime:0.003000s ]
INFO: [ route_check ] --END-- [ RunTime:0.003000s ]

[ 2014-10-19T13:26:47+08:00 ] 0.0.0.0 /Tp_group/Home/User/letterSend
INFO: [ route_check ] --START--
INFO: CheckRoute Behavior ::run [ RunTime:0.003000s ]
INFO: [ route_check ] --END-- [ RunTime:0.003000s ]

[ 2014-10-19T13:26:49+08:00 ] 0.0.0.0 /Tp_group/Home/User/letter
INFO: [ route_check ] --START--
INFO: CheckRoute Behavior ::run [ RunTime:0.003000s ]
INFO: [ route_check ] --END-- [ RunTime:0.003000s ]

[ 2014-10-19T13:27:59+08:00 ] 0.0.0.0 /Tp_group/Home/User/letterDel
INFO: [ route_check ] --START--
INFO: CheckRoute Behavior ::run [ RunTime:0.003001s ]
INFO: [ route_check ] --END-- [ RunTime:0.003001s ]
INFO: [ app_begin ] --START--
INFO: ReadHtmlCache Behavior ::run [ RunTime:0.004000s ]
INFO: [ app_begin ] --END-- [ RunTime:0.004000s ]
SQL: SHOW COLUMNS FROM `think_news` [ RunTime:0.006000s ]
SQL: DELETE FROM `think_news` WHERE ( `id` = 22 ) [ RunTime:0.003001s ]

[ 2014-10-19T13:28:14+08:00 ] 0.0.0.0 /Tp_group/Home/User/letter
INFO: [ route_check ] --START--
INFO: CheckRoute Behavior ::run [ RunTime:0.002000s ]
INFO: [ route_check ] --END-- [ RunTime:0.003000s ]

[ 2014-10-19T13:28:16+08:00 ] 0.0.0.0 /Tp_group/Home/User/letterDel
INFO: [ route_check ] --START--
INFO: CheckRoute Behavior ::run [ RunTime:0.003000s ]
INFO: [ route_check ] --END-- [ RunTime:0.004000s ]
INFO: [ app_begin ] --START--
INFO: ReadHtmlCache Behavior ::run [ RunTime:0.002001s ]
INFO: [ app_begin ] --END-- [ RunTime:0.002001s ]
SQL: SHOW COLUMNS FROM `think_news` [ RunTime:0.010001s ]
SQL: DELETE FROM `think_news` WHERE ( `id` = 21 ) [ RunTime:0.004000s ]

[ 2014-10-19T13:28:56+08:00 ] 0.0.0.0 /Tp_group/Home/User/letter
INFO: [ route_check ] --START--
INFO: CheckRoute Behavior ::run [ RunTime:0.002001s ]
INFO: [ route_check ] --END-- [ RunTime:0.003001s ]

[ 2014-10-19T13:29:04+08:00 ] 0.0.0.0 /Tp_group/Home/User/letterDel
INFO: [ route_check ] --START--
INFO: CheckRoute Behavior ::run [ RunTime:0.003000s ]
INFO: [ route_check ] --END-- [ RunTime:0.003000s ]
INFO: [ app_begin ] --START--
INFO: ReadHtmlCache Behavior ::run [ RunTime:0.002001s ]
INFO: [ app_begin ] --END-- [ RunTime:0.004001s ]
SQL: SHOW COLUMNS FROM `think_news` [ RunTime:0.005000s ]
SQL: DELETE FROM `think_news` WHERE ( `id` = 16 ) [ RunTime:0.003000s ]

[ 2014-10-19T13:30:08+08:00 ] 0.0.0.0 /Tp_group/Home/User/letter
INFO: [ route_check ] --START--
INFO: CheckRoute Behavior ::run [ RunTime:0.003000s ]
INFO: [ route_check ] --END-- [ RunTime:0.003000s ]

[ 2014-10-19T13:30:20+08:00 ] 0.0.0.0 /Tp_group/Home/User/letter
INFO: [ route_check ] --START--
INFO: CheckRoute Behavior ::run [ RunTime:0.002000s ]
INFO: [ route_check ] --END-- [ RunTime:0.003000s ]

[ 2014-10-19T13:30:26+08:00 ] 0.0.0.0 /Tp_group/Home/User/letter
INFO: [ route_check ] --START--
INFO: CheckRoute Behavior ::run [ RunTime:0.002000s ]
INFO: [ route_check ] --END-- [ RunTime:0.003000s ]

[ 2014-10-19T13:30:47+08:00 ] 0.0.0.0 /Tp_group/Home/User/letterSend
INFO: [ route_check ] --START--
INFO: CheckRoute Behavior ::run [ RunTime:0.002000s ]
INFO: [ route_check ] --END-- [ RunTime:0.003000s ]

[ 2014-10-19T13:30:50+08:00 ] 0.0.0.0 /Tp_group/Home/User/letter
INFO: [ route_check ] --START--
INFO: CheckRoute Behavior ::run [ RunTime:0.003001s ]
INFO: [ route_check ] --END-- [ RunTime:0.003001s ]

[ 2014-10-19T13:30:54+08:00 ] 0.0.0.0 /Tp_group/Home/User/letterDel
INFO: [ route_check ] --START--
INFO: CheckRoute Behavior ::run [ RunTime:0.002000s ]
INFO: [ route_check ] --END-- [ RunTime:0.004000s ]
INFO: [ app_begin ] --START--
INFO: ReadHtmlCache Behavior ::run [ RunTime:0.002000s ]
INFO: [ app_begin ] --END-- [ RunTime:0.002000s ]
SQL: SHOW COLUMNS FROM `think_news` [ RunTime:0.004001s ]
SQL: DELETE FROM `think_news` WHERE ( `id` = 23 ) [ RunTime:0.002000s ]

[ 2014-10-19T13:31:39+08:00 ] 0.0.0.0 /Tp_group/Home/User/letter
INFO: [ route_check ] --START--
INFO: CheckRoute Behavior ::run [ RunTime:0.002000s ]
INFO: [ route_check ] --END-- [ RunTime:0.004000s ]

[ 2014-10-19T13:31:50+08:00 ] 0.0.0.0 /Tp_group/Home/User/letterSend
INFO: [ route_check ] --START--
INFO: CheckRoute Behavior ::run [ RunTime:0.002000s ]
INFO: [ route_check ] --END-- [ RunTime:0.003000s ]

[ 2014-10-19T13:31:54+08:00 ] 0.0.0.0 /Tp_group/Home/User/letter
INFO: [ route_check ] --START--
INFO: CheckRoute Behavior ::run [ RunTime:0.003000s ]
INFO: [ route_check ] --END-- [ RunTime:0.003000s ]

[ 2014-10-19T13:32:05+08:00 ] 0.0.0.0 /Tp_group/Home/User/letter
INFO: [ route_check ] --START--
INFO: CheckRoute Behavior ::run [ RunTime:0.002000s ]
INFO: [ route_check ] --END-- [ RunTime:0.003001s ]

[ 2014-10-19T13:32:08+08:00 ] 0.0.0.0 /Tp_group/Home/User/letterDel
INFO: [ route_check ] --START--
INFO: CheckRoute Behavior ::run [ RunTime:0.003000s ]
INFO: [ route_check ] --END-- [ RunTime:0.003000s ]
INFO: [ app_begin ] --START--
INFO: ReadHtmlCache Behavior ::run [ RunTime:0.002000s ]
INFO: [ app_begin ] --END-- [ RunTime:0.002000s ]
SQL: SHOW COLUMNS FROM `think_news` [ RunTime:0.004001s ]
SQL: DELETE FROM `think_news` WHERE ( `id` = 24 ) [ RunTime:0.002000s ]

[ 2014-10-19T13:34:19+08:00 ] 0.0.0.0 /Tp_group/Home/User/letter
INFO: [ route_check ] --START--
INFO: CheckRoute Behavior ::run [ RunTime:0.003000s ]
INFO: [ route_check ] --END-- [ RunTime:0.003000s ]

[ 2014-10-19T13:34:26+08:00 ] 0.0.0.0 /Tp_group/Home/User/letterSend
INFO: [ route_check ] --START--
INFO: CheckRoute Behavior ::run [ RunTime:0.002001s ]
INFO: [ route_check ] --END-- [ RunTime:0.003001s ]

[ 2014-10-19T13:34:28+08:00 ] 0.0.0.0 /Tp_group/Home/User/letter
INFO: [ route_check ] --START--
INFO: CheckRoute Behavior ::run [ RunTime:0.002000s ]
INFO: [ route_check ] --END-- [ RunTime:0.003000s ]

[ 2014-10-19T13:34:31+08:00 ] 0.0.0.0 /Tp_group/Home/User/letterDel
INFO: [ route_check ] --START--
INFO: CheckRoute Behavior ::run [ RunTime:0.002000s ]
INFO: [ route_check ] --END-- [ RunTime:0.003000s ]
INFO: [ app_begin ] --START--
INFO: ReadHtmlCache Behavior ::run [ RunTime:0.002000s ]
INFO: [ app_begin ] --END-- [ RunTime:0.003000s ]
SQL: SHOW COLUMNS FROM `think_news` [ RunTime:0.005000s ]
SQL: DELETE FROM `think_news` WHERE ( `id` = 25 ) [ RunTime:0.002000s ]

[ 2014-10-19T13:34:38+08:00 ] 0.0.0.0 /Tp_group/Home/User/letter
INFO: [ route_check ] --START--
INFO: CheckRoute Behavior ::run [ RunTime:0.003000s ]
INFO: [ route_check ] --END-- [ RunTime:0.003000s ]

[ 2014-10-19T13:35:32+08:00 ] 0.0.0.0 /Tp_group/Home/User/letter
INFO: [ route_check ] --START--
INFO: CheckRoute Behavior ::run [ RunTime:0.003000s ]
INFO: [ route_check ] --END-- [ RunTime:0.003000s ]

[ 2014-10-19T13:35:37+08:00 ] 0.0.0.0 /Tp_group/Home/User/letterSend
INFO: [ route_check ] --START--
INFO: CheckRoute Behavior ::run [ RunTime:0.003001s ]
INFO: [ route_check ] --END-- [ RunTime:0.003001s ]

[ 2014-10-19T13:35:40+08:00 ] 0.0.0.0 /Tp_group/Home/User/letter
INFO: [ route_check ] --START--
INFO: CheckRoute Behavior ::run [ RunTime:0.003000s ]
INFO: [ route_check ] --END-- [ RunTime:0.003000s ]

[ 2014-10-19T13:36:24+08:00 ] 0.0.0.0 /Tp_group/Home/User/letter
INFO: [ route_check ] --START--
INFO: CheckRoute Behavior ::run [ RunTime:0.003000s ]
INFO: [ route_check ] --END-- [ RunTime:0.003000s ]

[ 2014-10-19T13:36:27+08:00 ] 0.0.0.0 /Tp_group/Home/User/letterDel
INFO: [ route_check ] --START--
INFO: CheckRoute Behavior ::run [ RunTime:0.002000s ]
INFO: [ route_check ] --END-- [ RunTime:0.003000s ]
INFO: [ app_begin ] --START--
INFO: ReadHtmlCache Behavior ::run [ RunTime:0.002001s ]
INFO: [ app_begin ] --END-- [ RunTime:0.003001s ]
SQL: SHOW COLUMNS FROM `think_news` [ RunTime:0.004000s ]
SQL: DELETE FROM `think_news` WHERE ( `id` = 26 ) [ RunTime:0.003000s ]

[ 2014-10-19T13:36:30+08:00 ] 0.0.0.0 /Tp_group/Home/User/letter
INFO: [ route_check ] --START--
INFO: CheckRoute Behavior ::run [ RunTime:0.003001s ]
INFO: [ route_check ] --END-- [ RunTime:0.003001s ]

[ 2014-10-19T13:36:43+08:00 ] 0.0.0.0 /Tp_group/Home/User/letterSend
INFO: [ route_check ] --START--
INFO: CheckRoute Behavior ::run [ RunTime:0.002000s ]
INFO: [ route_check ] --END-- [ RunTime:0.003000s ]

[ 2014-10-19T13:36:45+08:00 ] 0.0.0.0 /Tp_group/Home/User/letter
INFO: [ route_check ] --START--
INFO: CheckRoute Behavior ::run [ RunTime:0.002000s ]
INFO: [ route_check ] --END-- [ RunTime:0.003000s ]

[ 2014-10-19T13:36:49+08:00 ] 0.0.0.0 /Tp_group/Home/User/letterDel
INFO: [ route_check ] --START--
INFO: CheckRoute Behavior ::run [ RunTime:0.007000s ]
INFO: [ route_check ] --END-- [ RunTime:0.008000s ]
INFO: [ app_begin ] --START--
INFO: ReadHtmlCache Behavior ::run [ RunTime:0.005000s ]
INFO: [ app_begin ] --END-- [ RunTime:0.005000s ]
SQL: SHOW COLUMNS FROM `think_news` [ RunTime:0.005000s ]
SQL: DELETE FROM `think_news` WHERE ( `id` = 27 ) [ RunTime:0.002000s ]

[ 2014-10-19T13:37:01+08:00 ] 0.0.0.0 /Tp_group/Home/User/letter
INFO: [ route_check ] --START--
INFO: CheckRoute Behavior ::run [ RunTime:0.002000s ]
INFO: [ route_check ] --END-- [ RunTime:0.003000s ]

[ 2014-10-19T13:37:08+08:00 ] 0.0.0.0 /Tp_group/Home/User/letterSend
INFO: [ route_check ] --START--
INFO: CheckRoute Behavior ::run [ RunTime:0.002000s ]
INFO: [ route_check ] --END-- [ RunTime:0.003000s ]

[ 2014-10-19T13:37:11+08:00 ] 0.0.0.0 /Tp_group/Home/User/letter
INFO: [ route_check ] --START--
INFO: CheckRoute Behavior ::run [ RunTime:0.002000s ]
INFO: [ route_check ] --END-- [ RunTime:0.002000s ]

[ 2014-10-19T13:37:13+08:00 ] 0.0.0.0 /Tp_group/Home/User/letterDel
INFO: [ route_check ] --START--
INFO: CheckRoute Behavior ::run [ RunTime:0.002000s ]
INFO: [ route_check ] --END-- [ RunTime:0.003000s ]
INFO: [ app_begin ] --START--
INFO: ReadHtmlCache Behavior ::run [ RunTime:0.004001s ]
INFO: [ app_begin ] --END-- [ RunTime:0.004001s ]
SQL: SHOW COLUMNS FROM `think_news` [ RunTime:0.004000s ]
SQL: DELETE FROM `think_news` WHERE ( `id` = 28 ) [ RunTime:0.002000s ]

[ 2014-10-19T13:37:19+08:00 ] 0.0.0.0 /Tp_group/Home/User/letter
INFO: [ route_check ] --START--
INFO: CheckRoute Behavior ::run [ RunTime:0.002000s ]
INFO: [ route_check ] --END-- [ RunTime:0.003000s ]

[ 2014-10-19T13:37:42+08:00 ] 0.0.0.0 /Tp_group/Home/User/letter
INFO: [ route_check ] --START--
INFO: CheckRoute Behavior ::run [ RunTime:0.003000s ]
INFO: [ route_check ] --END-- [ RunTime:0.003000s ]

[ 2014-10-19T13:38:20+08:00 ] 0.0.0.0 /Tp_group/Home/User/letterSend
INFO: [ route_check ] --START--
INFO: CheckRoute Behavior ::run [ RunTime:0.003000s ]
INFO: [ route_check ] --END-- [ RunTime:0.003000s ]

[ 2014-10-19T13:38:22+08:00 ] 0.0.0.0 /Tp_group/Home/User/letter
INFO: [ route_check ] --START--
INFO: CheckRoute Behavior ::run [ RunTime:0.002000s ]
INFO: [ route_check ] --END-- [ RunTime:0.003000s ]

[ 2014-10-19T13:39:45+08:00 ] 0.0.0.0 /Tp_group/Home/User/letter
INFO: [ route_check ] --START--
INFO: CheckRoute Behavior ::run [ RunTime:0.004000s ]
INFO: [ route_check ] --END-- [ RunTime:0.004000s ]

[ 2014-10-19T14:07:12+08:00 ] 0.0.0.0 /Tp_group/Home/User/letter
INFO: [ route_check ] --START--
INFO: CheckRoute Behavior ::run [ RunTime:0.002000s ]
INFO: [ route_check ] --END-- [ RunTime:0.002000s ]

[ 2014-10-19T14:07:35+08:00 ] 0.0.0.0 /Tp_group/Home/User/letterSend
INFO: [ route_check ] --START--
INFO: CheckRoute Behavior ::run [ RunTime:0.002000s ]
INFO: [ route_check ] --END-- [ RunTime:0.003000s ]

[ 2014-10-19T14:07:38+08:00 ] 0.0.0.0 /Tp_group/Home/User/letter
INFO: [ route_check ] --START--
INFO: CheckRoute Behavior ::run [ RunTime:0.002000s ]
INFO: [ route_check ] --END-- [ RunTime:0.003000s ]

[ 2014-10-19T14:16:40+08:00 ] 0.0.0.0 /Tp_group/Admin
INFO: [ route_check ] --START--
INFO: CheckRoute Behavior ::run [ RunTime:0.003000s ]
INFO: [ route_check ] --END-- [ RunTime:0.003000s ]

[ 2014-10-19T14:16:40+08:00 ] 0.0.0.0 /Tp_group/Admin/Login/index
INFO: [ route_check ] --START--
INFO: CheckRoute Behavior ::run [ RunTime:0.003000s ]
INFO: [ route_check ] --END-- [ RunTime:0.003000s ]

[ 2014-10-19T14:16:41+08:00 ] 0.0.0.0 /Tp_group/Admin/Login/imagecode
INFO: [ route_check ] --START--
INFO: CheckRoute Behavior ::run [ RunTime:0.003001s ]
INFO: [ route_check ] --END-- [ RunTime:0.004001s ]

[ 2014-10-19T14:16:50+08:00 ] 0.0.0.0 /Tp_group/Admin/Login/login
INFO: [ route_check ] --START--
INFO: CheckRoute Behavior ::run [ RunTime:0.002000s ]
INFO: [ route_check ] --END-- [ RunTime:0.003000s ]

[ 2014-10-19T14:16:50+08:00 ] 0.0.0.0 /Tp_group/Admin/Index/index
INFO: [ route_check ] --START--
INFO: CheckRoute Behavior ::run [ RunTime:0.002000s ]
INFO: [ route_check ] --END-- [ RunTime:0.003000s ]

[ 2014-10-19T14:17:00+08:00 ] 0.0.0.0 /Tp_group/Admin/MsgManage/index
INFO: [ route_check ] --START--
INFO: CheckRoute Behavior ::run [ RunTime:0.002000s ]
INFO: [ route_check ] --END-- [ RunTime:0.003000s ]

[ 2014-10-19T14:26:42+08:00 ] 0.0.0.0 /Tp_group/Admin
INFO: [ route_check ] --START--
INFO: CheckRoute Behavior ::run [ RunTime:0.003000s ]
INFO: [ route_check ] --END-- [ RunTime:0.004000s ]

[ 2014-10-19T14:26:46+08:00 ] 0.0.0.0 /Tp_group/Admin/Animate/index
INFO: [ route_check ] --START--
INFO: CheckRoute Behavior ::run [ RunTime:0.002000s ]
INFO: [ route_check ] --END-- [ RunTime:0.003001s ]

[ 2014-10-19T14:26:57+08:00 ] 0.0.0.0 /Tp_group/Admin/Animate/addPpt/id/3/name/123123
INFO: [ route_check ] --START--
INFO: CheckRoute Behavior ::run [ RunTime:0.003000s ]
INFO: [ route_check ] --END-- [ RunTime:0.003000s ]

[ 2014-10-19T14:27:20+08:00 ] 0.0.0.0 /Tp_group/Admin/Animate/handelAddPpt
INFO: [ route_check ] --START--
INFO: CheckRoute Behavior ::run [ RunTime:0.003001s ]
INFO: [ route_check ] --END-- [ RunTime:0.003001s ]

[ 2014-10-19T14:27:21+08:00 ] 0.0.0.0 /Tp_group/Admin/Animate/ppt
INFO: [ route_check ] --START--
INFO: CheckRoute Behavior ::run [ RunTime:0.003001s ]
INFO: [ route_check ] --END-- [ RunTime:0.003001s ]

[ 2014-10-19T14:27:46+08:00 ] 0.0.0.0 /Tp_group/Admin/Animate/addPpt/id/5/name/1231
INFO: [ route_check ] --START--
INFO: CheckRoute Behavior ::run [ RunTime:0.002000s ]
INFO: [ route_check ] --END-- [ RunTime:0.003000s ]

[ 2014-10-19T14:28:04+08:00 ] 0.0.0.0 /Tp_group/Admin/Animate/handelAddPpt
INFO: [ route_check ] --START--
INFO: CheckRoute Behavior ::run [ RunTime:0.003000s ]
INFO: [ route_check ] --END-- [ RunTime:0.004000s ]

[ 2014-10-19T14:28:08+08:00 ] 0.0.0.0 /Tp_group/Admin/Animate/ppt
INFO: [ route_check ] --START--
INFO: CheckRoute Behavior ::run [ RunTime:0.002000s ]
INFO: [ route_check ] --END-- [ RunTime:0.003000s ]

[ 2014-10-19T15:06:07+08:00 ] 0.0.0.0 /Tp_group/Public/Home-index.js
INFO: [ route_check ] --START--
INFO: CheckRoute Behavior ::run [ RunTime:0.003000s ]
INFO: [ route_check ] --END-- [ RunTime:0.004000s ]
ERR: 无法加载模块:Public

[ 2014-10-19T15:07:02+08:00 ] 0.0.0.0 /Tp_group/Public/Home-index.js
INFO: [ route_check ] --START--
INFO: CheckRoute Behavior ::run [ RunTime:0.003000s ]
INFO: [ route_check ] --END-- [ RunTime:0.003000s ]
ERR: 无法加载模块:Public

[ 2014-10-19T15:11:58+08:00 ] 0.0.0.0 /Tp_group/2
INFO: [ route_check ] --START--
INFO: CheckRoute Behavior ::run [ RunTime:0.003001s ]
INFO: [ route_check ] --END-- [ RunTime:0.004001s ]

[ 2014-10-19T15:11:58+08:00 ] 0.0.0.0 /Tp_group/Home/Show/click/id/2.html
INFO: [ route_check ] --START--
INFO: CheckRoute Behavior ::run [ RunTime:0.006000s ]
INFO: [ route_check ] --END-- [ RunTime:0.007000s ]

