[ 2014-11-01T11:27:49+08:00 ] 0.0.0.0 /Tp_group/Admin
INFO: [ route_check ] --START--
INFO: CheckRoute Behavior ::run [ RunTime:0.002001s ]
INFO: [ route_check ] --END-- [ RunTime:0.002001s ]

[ 2014-11-01T11:27:49+08:00 ] 0.0.0.0 /Tp_group/Admin/Login/index
INFO: [ route_check ] --START--
INFO: CheckRoute Behavior ::run [ RunTime:0.002000s ]
INFO: [ route_check ] --END-- [ RunTime:0.003000s ]

[ 2014-11-01T11:27:49+08:00 ] 0.0.0.0 /Tp_group/Admin/Login/imagecode
INFO: [ route_check ] --START--
INFO: CheckRoute Behavior ::run [ RunTime:0.003000s ]
INFO: [ route_check ] --END-- [ RunTime:0.003000s ]

[ 2014-11-01T11:27:58+08:00 ] 0.0.0.0 /Tp_group/Admin/Login/login
INFO: [ route_check ] --START--
INFO: CheckRoute Behavior ::run [ RunTime:0.003000s ]
INFO: [ route_check ] --END-- [ RunTime:0.003000s ]

[ 2014-11-01T11:27:58+08:00 ] 0.0.0.0 /Tp_group/Admin/Index/index
INFO: [ route_check ] --START--
INFO: CheckRoute Behavior ::run [ RunTime:0.002000s ]
INFO: [ route_check ] --END-- [ RunTime:0.003000s ]

[ 2014-11-01T11:28:01+08:00 ] 0.0.0.0 /Tp_group/Admin/ThinkImg/index
INFO: [ route_check ] --START--
INFO: CheckRoute Behavior ::run [ RunTime:0.003000s ]
INFO: [ route_check ] --END-- [ RunTime:0.003000s ]
NOTIC: 建议使用I方法替代_server
NOTIC: 建议使用I方法替代_server
NOTIC: 建议使用I方法替代_server
NOTIC: 建议使用I方法替代_server
NOTIC: 建议使用I方法替代_server
NOTIC: 建议使用I方法替代_server
NOTIC: 建议使用I方法替代_server
NOTIC: 建议使用I方法替代_server
NOTIC: 建议使用I方法替代_server
NOTIC: 建议使用I方法替代_server
NOTIC: 建议使用I方法替代_server
NOTIC: 建议使用I方法替代_server
NOTIC: 建议使用I方法替代_server
NOTIC: 建议使用I方法替代_server
NOTIC: 建议使用I方法替代_server
NOTIC: 建议使用I方法替代_server
NOTIC: 建议使用I方法替代_server
NOTIC: 建议使用I方法替代_server
NOTIC: 建议使用I方法替代_server
NOTIC: 建议使用I方法替代_server
NOTIC: 建议使用I方法替代_server
NOTIC: 建议使用I方法替代_server
NOTIC: 建议使用I方法替代_server
NOTIC: 建议使用I方法替代_server
NOTIC: 建议使用I方法替代_server
NOTIC: 建议使用I方法替代_server
NOTIC: 建议使用I方法替代_server
NOTIC: 建议使用I方法替代_server
NOTIC: 建议使用I方法替代_server
NOTIC: 建议使用I方法替代_server

[ 2014-11-01T11:28:11+08:00 ] 0.0.0.0 /Tp_group/Admin/ThinkImg/crop/id/8
INFO: [ route_check ] --START--
INFO: CheckRoute Behavior ::run [ RunTime:0.002000s ]
INFO: [ route_check ] --END-- [ RunTime:0.003000s ]

[ 2014-11-01T11:28:28+08:00 ] 0.0.0.0 /Tp_group/Admin/ThinkImg/cropImage
INFO: [ route_check ] --START--
INFO: CheckRoute Behavior ::run [ RunTime:0.002000s ]
INFO: [ route_check ] --END-- [ RunTime:0.003000s ]
INFO: [ app_begin ] --START--
INFO: ReadHtmlCache Behavior ::run [ RunTime:0.002000s ]
INFO: [ app_begin ] --END-- [ RunTime:0.002000s ]
NOTIC: 建议使用I方法替代_post
NOTIC: [8] Undefined variable: info D:\wamp\www\Tp_group\App\Modules\Admin\Action\ThinkImgAction.class.php 第 60 行.

[ 2014-11-01T11:42:09+08:00 ] 0.0.0.0 /Tp_group/Admin/ThinkImg/crop/id/1
INFO: [ route_check ] --START--
INFO: CheckRoute Behavior ::run [ RunTime:0.002000s ]
INFO: [ route_check ] --END-- [ RunTime:0.003000s ]

[ 2014-11-01T11:42:13+08:00 ] 0.0.0.0 /Tp_group/Admin/ThinkImg/cropImage
INFO: [ route_check ] --START--
INFO: CheckRoute Behavior ::run [ RunTime:0.002000s ]
INFO: [ route_check ] --END-- [ RunTime:0.003000s ]
INFO: [ app_begin ] --START--
INFO: ReadHtmlCache Behavior ::run [ RunTime:0.002000s ]
INFO: [ app_begin ] --END-- [ RunTime:0.002000s ]
NOTIC: 建议使用I方法替代_post
NOTIC: [2] imagecreatetruecolor() expects parameter 1 to be long, string given D:\wamp\www\Tp_group\ThinkPHP\Extend\Library\ORG\Util\Image\Driver\ImageGd.class.php 第 169 行.
NOTIC: [2] imagecolorallocate() expects parameter 1 to be resource, null given D:\wamp\www\Tp_group\ThinkPHP\Extend\Library\ORG\Util\Image\Driver\ImageGd.class.php 第 171 行.
NOTIC: [2] imagefill() expects parameter 1 to be resource, null given D:\wamp\www\Tp_group\ThinkPHP\Extend\Library\ORG\Util\Image\Driver\ImageGd.class.php 第 172 行.
NOTIC: [2] imagecopyresampled() expects parameter 1 to be resource, null given D:\wamp\www\Tp_group\ThinkPHP\Extend\Library\ORG\Util\Image\Driver\ImageGd.class.php 第 175 行.
ERR: 没有可以被缩略的图像资源

[ 2014-11-01T11:42:25+08:00 ] 0.0.0.0 /Tp_group/Admin/ThinkImg/cropImage
INFO: [ route_check ] --START--
INFO: CheckRoute Behavior ::run [ RunTime:0.003000s ]
INFO: [ route_check ] --END-- [ RunTime:0.003000s ]
INFO: [ app_begin ] --START--
INFO: ReadHtmlCache Behavior ::run [ RunTime:0.002000s ]
INFO: [ app_begin ] --END-- [ RunTime:0.002000s ]
NOTIC: 建议使用I方法替代_post
NOTIC: [2] imagejpeg(./Thumb/200x250/201410/54451474c3b31.jpg): failed to open stream: No such file or directory D:\wamp\www\Tp_group\ThinkPHP\Extend\Library\ORG\Util\Image\Driver\ImageGd.class.php 第 102 行.
NOTIC: [8] Undefined variable: info D:\wamp\www\Tp_group\App\Modules\Admin\Action\ThinkImgAction.class.php 第 94 行.

[ 2014-11-01T11:42:29+08:00 ] 0.0.0.0 /Tp_group/App/Modules/Admin/Tpl/Public/Js/jquery-1.10.2.min.map
INFO: [ route_check ] --START--
INFO: CheckRoute Behavior ::run [ RunTime:0.002000s ]
INFO: [ route_check ] --END-- [ RunTime:0.003000s ]
ERR: 无法加载模块:App

[ 2014-11-01T11:43:54+08:00 ] 0.0.0.0 /Tp_group/Admin/ThinkImg/cropImage
INFO: [ route_check ] --START--
INFO: CheckRoute Behavior ::run [ RunTime:0.003000s ]
INFO: [ route_check ] --END-- [ RunTime:0.003000s ]
INFO: [ app_begin ] --START--
INFO: ReadHtmlCache Behavior ::run [ RunTime:0.002000s ]
INFO: [ app_begin ] --END-- [ RunTime:0.002000s ]
NOTIC: 建议使用I方法替代_post
NOTIC: [2] imagejpeg(./Thumb/200x250/201410/54451474c3b31.jpg): failed to open stream: No such file or directory D:\wamp\www\Tp_group\ThinkPHP\Extend\Library\ORG\Util\Image\Driver\ImageGd.class.php 第 102 行.
NOTIC: [8] Undefined variable: info D:\wamp\www\Tp_group\App\Modules\Admin\Action\ThinkImgAction.class.php 第 94 行.

[ 2014-11-01T11:44:01+08:00 ] 0.0.0.0 /Tp_group/Admin/ThinkImg/crop/id/1
INFO: [ route_check ] --START--
INFO: CheckRoute Behavior ::run [ RunTime:0.003000s ]
INFO: [ route_check ] --END-- [ RunTime:0.003000s ]

[ 2014-11-01T11:44:01+08:00 ] 0.0.0.0 /Tp_group/App/Modules/Admin/Tpl/Public/Js/jquery-1.10.2.min.map
INFO: [ route_check ] --START--
INFO: CheckRoute Behavior ::run [ RunTime:0.003000s ]
INFO: [ route_check ] --END-- [ RunTime:0.004000s ]
ERR: 无法加载模块:App

[ 2014-11-01T11:46:50+08:00 ] 0.0.0.0 /Tp_group/Admin/ThinkImg/cropImage
INFO: [ route_check ] --START--
INFO: CheckRoute Behavior ::run [ RunTime:0.003000s ]
INFO: [ route_check ] --END-- [ RunTime:0.003000s ]
INFO: [ app_begin ] --START--
INFO: ReadHtmlCache Behavior ::run [ RunTime:0.002000s ]
INFO: [ app_begin ] --END-- [ RunTime:0.002000s ]
NOTIC: 建议使用I方法替代_post
NOTIC: [8] Undefined variable: info D:\wamp\www\Tp_group\App\Modules\Admin\Action\ThinkImgAction.class.php 第 94 行.

[ 2014-11-01T11:47:47+08:00 ] 0.0.0.0 /Tp_group/Admin/ThinkImg/cropImage
INFO: [ route_check ] --START--
INFO: CheckRoute Behavior ::run [ RunTime:0.003000s ]
INFO: [ route_check ] --END-- [ RunTime:0.003000s ]
INFO: [ app_begin ] --START--
INFO: ReadHtmlCache Behavior ::run [ RunTime:0.002000s ]
INFO: [ app_begin ] --END-- [ RunTime:0.002000s ]
NOTIC: 建议使用I方法替代_post
NOTIC: [8] Undefined variable: info D:\wamp\www\Tp_group\App\Modules\Admin\Action\ThinkImgAction.class.php 第 94 行.

[ 2014-11-01T12:07:29+08:00 ] 0.0.0.0 /Tp_group/Admin/ThinkImg/cropImage
INFO: [ route_check ] --START--
INFO: CheckRoute Behavior ::run [ RunTime:0.003000s ]
INFO: [ route_check ] --END-- [ RunTime:0.003000s ]
INFO: [ app_begin ] --START--
INFO: ReadHtmlCache Behavior ::run [ RunTime:0.002000s ]
INFO: [ app_begin ] --END-- [ RunTime:0.003000s ]
NOTIC: 建议使用I方法替代_post
NOTIC: [2] imagejpeg(./Thumb/150x200/201410/54451474c3b31.jpg): failed to open stream: No such file or directory D:\wamp\www\Tp_group\ThinkPHP\Extend\Library\ORG\Util\Image\Driver\ImageGd.class.php 第 102 行.
NOTIC: [8] Undefined variable: info D:\wamp\www\Tp_group\App\Modules\Admin\Action\ThinkImgAction.class.php 第 95 行.

[ 2014-11-01T12:09:08+08:00 ] 0.0.0.0 /Tp_group/Admin/ThinkImg/crop/id/1
INFO: [ route_check ] --START--
INFO: CheckRoute Behavior ::run [ RunTime:0.005000s ]
INFO: [ route_check ] --END-- [ RunTime:0.005000s ]

[ 2014-11-01T12:09:09+08:00 ] 0.0.0.0 /Tp_group/App/Modules/Admin/Tpl/Public/Js/jquery-1.10.2.min.map
INFO: [ route_check ] --START--
INFO: CheckRoute Behavior ::run [ RunTime:0.002001s ]
INFO: [ route_check ] --END-- [ RunTime:0.003001s ]
ERR: 无法加载模块:App

[ 2014-11-01T12:09:19+08:00 ] 0.0.0.0 /Tp_group/Admin/ThinkImg/cropImage
INFO: [ route_check ] --START--
INFO: CheckRoute Behavior ::run [ RunTime:0.003000s ]
INFO: [ route_check ] --END-- [ RunTime:0.003000s ]
INFO: [ app_begin ] --START--
INFO: ReadHtmlCache Behavior ::run [ RunTime:0.002001s ]
INFO: [ app_begin ] --END-- [ RunTime:0.002001s ]
NOTIC: 建议使用I方法替代_post
NOTIC: [2] mkdir(): File exists D:\wamp\www\Tp_group\App\Modules\Admin\Action\ThinkImgAction.class.php 第 90 行.

[ 2014-11-01T12:11:19+08:00 ] 0.0.0.0 /Tp_group/Admin/ThinkImg/crop/id/1
INFO: [ route_check ] --START--
INFO: CheckRoute Behavior ::run [ RunTime:0.002001s ]
INFO: [ route_check ] --END-- [ RunTime:0.004001s ]

[ 2014-11-01T12:11:19+08:00 ] 0.0.0.0 /Tp_group/App/Modules/Admin/Tpl/Public/Js/jquery-1.10.2.min.map
INFO: [ route_check ] --START--
INFO: CheckRoute Behavior ::run [ RunTime:0.003001s ]
INFO: [ route_check ] --END-- [ RunTime:0.003001s ]
ERR: 无法加载模块:App

[ 2014-11-01T12:11:24+08:00 ] 0.0.0.0 /Tp_group/Admin/ThinkImg/cropImage
INFO: [ route_check ] --START--
INFO: CheckRoute Behavior ::run [ RunTime:0.002000s ]
INFO: [ route_check ] --END-- [ RunTime:0.003000s ]
INFO: [ app_begin ] --START--
INFO: ReadHtmlCache Behavior ::run [ RunTime:0.002000s ]
INFO: [ app_begin ] --END-- [ RunTime:0.002000s ]
NOTIC: 建议使用I方法替代_post

[ 2014-11-01T12:11:59+08:00 ] 0.0.0.0 /Tp_group/Admin/ThinkImg/crop/id/1
INFO: [ route_check ] --START--
INFO: CheckRoute Behavior ::run [ RunTime:0.002000s ]
INFO: [ route_check ] --END-- [ RunTime:0.003000s ]

[ 2014-11-01T12:12:00+08:00 ] 0.0.0.0 /Tp_group/App/Modules/Admin/Tpl/Public/Js/jquery-1.10.2.min.map
INFO: [ route_check ] --START--
INFO: CheckRoute Behavior ::run [ RunTime:0.003000s ]
INFO: [ route_check ] --END-- [ RunTime:0.003000s ]
ERR: 无法加载模块:App

[ 2014-11-01T12:12:13+08:00 ] 0.0.0.0 /Tp_group/Admin/ThinkImg/cropImage
INFO: [ route_check ] --START--
INFO: CheckRoute Behavior ::run [ RunTime:0.002000s ]
INFO: [ route_check ] --END-- [ RunTime:0.004000s ]
INFO: [ app_begin ] --START--
INFO: ReadHtmlCache Behavior ::run [ RunTime:0.002000s ]
INFO: [ app_begin ] --END-- [ RunTime:0.002000s ]
NOTIC: 建议使用I方法替代_post
NOTIC: [8] Undefined variable: info D:\wamp\www\Tp_group\App\Modules\Admin\Action\ThinkImgAction.class.php 第 97 行.

[ 2014-11-01T12:12:25+08:00 ] 0.0.0.0 /Tp_group/Admin/ThinkImg/cropImage
INFO: [ route_check ] --START--
INFO: CheckRoute Behavior ::run [ RunTime:0.002000s ]
INFO: [ route_check ] --END-- [ RunTime:0.003000s ]
INFO: [ app_begin ] --START--
INFO: ReadHtmlCache Behavior ::run [ RunTime:0.001000s ]
INFO: [ app_begin ] --END-- [ RunTime:0.003000s ]
NOTIC: 建议使用I方法替代_post
NOTIC: [2] mkdir(): File exists D:\wamp\www\Tp_group\App\Modules\Admin\Action\ThinkImgAction.class.php 第 91 行.
NOTIC: [8] Undefined variable: info D:\wamp\www\Tp_group\App\Modules\Admin\Action\ThinkImgAction.class.php 第 97 行.

[ 2014-11-01T12:13:52+08:00 ] 0.0.0.0 /Tp_group/Admin/ThinkImg/crop/id/2
INFO: [ route_check ] --START--
INFO: CheckRoute Behavior ::run [ RunTime:0.002000s ]
INFO: [ route_check ] --END-- [ RunTime:0.003000s ]

[ 2014-11-01T12:13:52+08:00 ] 0.0.0.0 /Tp_group/App/Modules/Admin/Tpl/Public/Js/jquery-1.10.2.min.map
INFO: [ route_check ] --START--
INFO: CheckRoute Behavior ::run [ RunTime:0.003000s ]
INFO: [ route_check ] --END-- [ RunTime:0.003000s ]
ERR: 无法加载模块:App

[ 2014-11-01T12:14:13+08:00 ] 0.0.0.0 /Tp_group/Admin/ThinkImg/cropImage
INFO: [ route_check ] --START--
INFO: CheckRoute Behavior ::run [ RunTime:0.002001s ]
INFO: [ route_check ] --END-- [ RunTime:0.003001s ]
INFO: [ app_begin ] --START--
INFO: ReadHtmlCache Behavior ::run [ RunTime:0.001000s ]
INFO: [ app_begin ] --END-- [ RunTime:0.003000s ]
NOTIC: 建议使用I方法替代_post
NOTIC: [2] mkdir(): File exists D:\wamp\www\Tp_group\App\Modules\Admin\Action\ThinkImgAction.class.php 第 91 行.
NOTIC: [8] Undefined variable: info D:\wamp\www\Tp_group\App\Modules\Admin\Action\ThinkImgAction.class.php 第 97 行.

[ 2014-11-01T12:14:41+08:00 ] 0.0.0.0 /Tp_group/Admin/ThinkImg/cropImage
INFO: [ route_check ] --START--
INFO: CheckRoute Behavior ::run [ RunTime:0.003000s ]
INFO: [ route_check ] --END-- [ RunTime:0.003000s ]
INFO: [ app_begin ] --START--
INFO: ReadHtmlCache Behavior ::run [ RunTime:0.002000s ]
INFO: [ app_begin ] --END-- [ RunTime:0.002000s ]
NOTIC: 建议使用I方法替代_post
NOTIC: [2] mkdir(): File exists D:\wamp\www\Tp_group\App\Modules\Admin\Action\ThinkImgAction.class.php 第 91 行.
NOTIC: [8] Undefined variable: info D:\wamp\www\Tp_group\App\Modules\Admin\Action\ThinkImgAction.class.php 第 97 行.

[ 2014-11-01T12:15:41+08:00 ] 0.0.0.0 /Tp_group/Admin/ThinkImg/crop/id/3
INFO: [ route_check ] --START--
INFO: CheckRoute Behavior ::run [ RunTime:0.003000s ]
INFO: [ route_check ] --END-- [ RunTime:0.004000s ]

[ 2014-11-01T12:16:41+08:00 ] 0.0.0.0 /Tp_group/Admin/ThinkImg/cropImage
INFO: [ route_check ] --START--
INFO: CheckRoute Behavior ::run [ RunTime:0.003000s ]
INFO: [ route_check ] --END-- [ RunTime:0.003000s ]
INFO: [ app_begin ] --START--
INFO: ReadHtmlCache Behavior ::run [ RunTime:0.001000s ]
INFO: [ app_begin ] --END-- [ RunTime:0.003000s ]
NOTIC: 建议使用I方法替代_post
NOTIC: [2] mkdir(): File exists D:\wamp\www\Tp_group\App\Modules\Admin\Action\ThinkImgAction.class.php 第 91 行.
NOTIC: [8] Undefined variable: info D:\wamp\www\Tp_group\App\Modules\Admin\Action\ThinkImgAction.class.php 第 97 行.

[ 2014-11-01T12:17:05+08:00 ] 0.0.0.0 /Tp_group/Admin/ThinkImg/cropImage
INFO: [ route_check ] --START--
INFO: CheckRoute Behavior ::run [ RunTime:0.002000s ]
INFO: [ route_check ] --END-- [ RunTime:0.003000s ]
INFO: [ app_begin ] --START--
INFO: ReadHtmlCache Behavior ::run [ RunTime:0.002000s ]
INFO: [ app_begin ] --END-- [ RunTime:0.002000s ]
NOTIC: 建议使用I方法替代_post
NOTIC: [2] mkdir(): File exists D:\wamp\www\Tp_group\App\Modules\Admin\Action\ThinkImgAction.class.php 第 91 行.
NOTIC: [8] Undefined variable: info D:\wamp\www\Tp_group\App\Modules\Admin\Action\ThinkImgAction.class.php 第 97 行.

[ 2014-11-01T12:17:18+08:00 ] 0.0.0.0 /Tp_group/Admin/ThinkImg/crop/id/4
INFO: [ route_check ] --START--
INFO: CheckRoute Behavior ::run [ RunTime:0.003000s ]
INFO: [ route_check ] --END-- [ RunTime:0.003000s ]

[ 2014-11-01T12:17:30+08:00 ] 0.0.0.0 /Tp_group/Admin/ThinkImg/cropImage
INFO: [ route_check ] --START--
INFO: CheckRoute Behavior ::run [ RunTime:0.003000s ]
INFO: [ route_check ] --END-- [ RunTime:0.003000s ]
INFO: [ app_begin ] --START--
INFO: ReadHtmlCache Behavior ::run [ RunTime:0.002000s ]
INFO: [ app_begin ] --END-- [ RunTime:0.002000s ]
NOTIC: 建议使用I方法替代_post
NOTIC: [2] mkdir(): File exists D:\wamp\www\Tp_group\App\Modules\Admin\Action\ThinkImgAction.class.php 第 91 行.
NOTIC: [8] Undefined variable: info D:\wamp\www\Tp_group\App\Modules\Admin\Action\ThinkImgAction.class.php 第 97 行.

[ 2014-11-01T12:17:48+08:00 ] 0.0.0.0 /Tp_group/Admin/ThinkImg/cropImage
INFO: [ route_check ] --START--
INFO: CheckRoute Behavior ::run [ RunTime:0.002000s ]
INFO: [ route_check ] --END-- [ RunTime:0.003000s ]
INFO: [ app_begin ] --START--
INFO: ReadHtmlCache Behavior ::run [ RunTime:0.002000s ]
INFO: [ app_begin ] --END-- [ RunTime:0.002000s ]
NOTIC: 建议使用I方法替代_post
NOTIC: [2] mkdir(): File exists D:\wamp\www\Tp_group\App\Modules\Admin\Action\ThinkImgAction.class.php 第 91 行.
NOTIC: [8] Undefined variable: info D:\wamp\www\Tp_group\App\Modules\Admin\Action\ThinkImgAction.class.php 第 97 行.

[ 2014-11-01T12:18:05+08:00 ] 0.0.0.0 /Tp_group/Admin/ThinkImg/crop/id/9
INFO: [ route_check ] --START--
INFO: CheckRoute Behavior ::run [ RunTime:0.002000s ]
INFO: [ route_check ] --END-- [ RunTime:0.003000s ]

[ 2014-11-01T12:18:16+08:00 ] 0.0.0.0 /Tp_group/Admin/ThinkImg/cropImage
INFO: [ route_check ] --START--
INFO: CheckRoute Behavior ::run [ RunTime:0.003001s ]
INFO: [ route_check ] --END-- [ RunTime:0.003001s ]
INFO: [ app_begin ] --START--
INFO: ReadHtmlCache Behavior ::run [ RunTime:0.001000s ]
INFO: [ app_begin ] --END-- [ RunTime:0.003000s ]
NOTIC: 建议使用I方法替代_post
NOTIC: [2] mkdir(): File exists D:\wamp\www\Tp_group\App\Modules\Admin\Action\ThinkImgAction.class.php 第 91 行.
NOTIC: [8] Undefined variable: info D:\wamp\www\Tp_group\App\Modules\Admin\Action\ThinkImgAction.class.php 第 97 行.

[ 2014-11-01T12:53:21+08:00 ] 0.0.0.0 /Tp_group/Admin/ThinkImg/crop/id/6
INFO: [ route_check ] --START--
INFO: CheckRoute Behavior ::run [ RunTime:0.003000s ]
INFO: [ route_check ] --END-- [ RunTime:0.003000s ]

[ 2014-11-01T12:53:36+08:00 ] 0.0.0.0 /Tp_group/Admin/ThinkImg/cropImage
INFO: [ route_check ] --START--
INFO: CheckRoute Behavior ::run [ RunTime:0.002000s ]
INFO: [ route_check ] --END-- [ RunTime:0.003000s ]
INFO: [ app_begin ] --START--
INFO: ReadHtmlCache Behavior ::run [ RunTime:0.001000s ]
INFO: [ app_begin ] --END-- [ RunTime:0.003000s ]
NOTIC: 建议使用I方法替代_post
NOTIC: [2] mkdir(): File exists D:\wamp\www\Tp_group\App\Modules\Admin\Action\ThinkImgAction.class.php 第 91 行.
NOTIC: [8] Undefined variable: info D:\wamp\www\Tp_group\App\Modules\Admin\Action\ThinkImgAction.class.php 第 97 行.

[ 2014-11-01T12:53:50+08:00 ] 0.0.0.0 /Tp_group/Admin/ThinkImg/cropImage
INFO: [ route_check ] --START--
INFO: CheckRoute Behavior ::run [ RunTime:0.002000s ]
INFO: [ route_check ] --END-- [ RunTime:0.003000s ]
INFO: [ app_begin ] --START--
INFO: ReadHtmlCache Behavior ::run [ RunTime:0.002000s ]
INFO: [ app_begin ] --END-- [ RunTime:0.002000s ]
NOTIC: 建议使用I方法替代_post
NOTIC: [2] mkdir(): File exists D:\wamp\www\Tp_group\App\Modules\Admin\Action\ThinkImgAction.class.php 第 91 行.
NOTIC: [8] Undefined variable: info D:\wamp\www\Tp_group\App\Modules\Admin\Action\ThinkImgAction.class.php 第 97 行.

[ 2014-11-01T20:37:27+08:00 ] 0.0.0.0 /Tp_group/Admin
INFO: [ route_check ] --START--
INFO: CheckRoute Behavior ::run [ RunTime:0.023001s ]
INFO: [ route_check ] --END-- [ RunTime:0.024002s ]

[ 2014-11-01T20:37:27+08:00 ] 0.0.0.0 /Tp_group/Admin/Login/index
INFO: [ route_check ] --START--
INFO: CheckRoute Behavior ::run [ RunTime:0.002000s ]
INFO: [ route_check ] --END-- [ RunTime:0.004000s ]

[ 2014-11-01T20:37:28+08:00 ] 0.0.0.0 /Tp_group/Admin/Login/imagecode
INFO: [ route_check ] --START--
INFO: CheckRoute Behavior ::run [ RunTime:0.003000s ]
INFO: [ route_check ] --END-- [ RunTime:0.004000s ]

[ 2014-11-01T20:37:35+08:00 ] 0.0.0.0 /Tp_group/Admin/Login/login
INFO: [ route_check ] --START--
INFO: CheckRoute Behavior ::run [ RunTime:0.003000s ]
INFO: [ route_check ] --END-- [ RunTime:0.003000s ]

[ 2014-11-01T20:37:36+08:00 ] 0.0.0.0 /Tp_group/Admin/Index/index
INFO: [ route_check ] --START--
INFO: CheckRoute Behavior ::run [ RunTime:0.003000s ]
INFO: [ route_check ] --END-- [ RunTime:0.003000s ]

[ 2014-11-01T20:37:43+08:00 ] 0.0.0.0 /Tp_group/Admin/ThinkImg/index
INFO: [ route_check ] --START--
INFO: CheckRoute Behavior ::run [ RunTime:0.002001s ]
INFO: [ route_check ] --END-- [ RunTime:0.003001s ]
NOTIC: 建议使用I方法替代_server
NOTIC: 建议使用I方法替代_server
NOTIC: 建议使用I方法替代_server
NOTIC: 建议使用I方法替代_server
NOTIC: 建议使用I方法替代_server
NOTIC: 建议使用I方法替代_server
NOTIC: 建议使用I方法替代_server
NOTIC: 建议使用I方法替代_server
NOTIC: 建议使用I方法替代_server
NOTIC: 建议使用I方法替代_server
NOTIC: 建议使用I方法替代_server
NOTIC: 建议使用I方法替代_server
NOTIC: 建议使用I方法替代_server
NOTIC: 建议使用I方法替代_server
NOTIC: 建议使用I方法替代_server
NOTIC: 建议使用I方法替代_server
NOTIC: 建议使用I方法替代_server
NOTIC: 建议使用I方法替代_server
NOTIC: 建议使用I方法替代_server
NOTIC: 建议使用I方法替代_server
NOTIC: 建议使用I方法替代_server
NOTIC: 建议使用I方法替代_server
NOTIC: 建议使用I方法替代_server
NOTIC: 建议使用I方法替代_server
NOTIC: 建议使用I方法替代_server
NOTIC: 建议使用I方法替代_server
NOTIC: 建议使用I方法替代_server
NOTIC: 建议使用I方法替代_server
NOTIC: 建议使用I方法替代_server
NOTIC: 建议使用I方法替代_server

[ 2014-11-01T20:37:49+08:00 ] 0.0.0.0 /Tp_group/Admin/ThinkImg/crop/id/5
INFO: [ route_check ] --START--
INFO: CheckRoute Behavior ::run [ RunTime:0.002000s ]
INFO: [ route_check ] --END-- [ RunTime:0.003000s ]

[ 2014-11-01T20:38:04+08:00 ] 0.0.0.0 /Tp_group/Admin/ThinkImg/cropImage
INFO: [ route_check ] --START--
INFO: CheckRoute Behavior ::run [ RunTime:0.002000s ]
INFO: [ route_check ] --END-- [ RunTime:0.003000s ]
INFO: [ app_begin ] --START--
INFO: ReadHtmlCache Behavior ::run [ RunTime:0.002000s ]
INFO: [ app_begin ] --END-- [ RunTime:0.002000s ]
NOTIC: 建议使用I方法替代_post
NOTIC: [2] mkdir(): File exists D:\wamp\www\Tp_group\App\Modules\Admin\Action\ThinkImgAction.class.php 第 91 行.
NOTIC: [8] Undefined variable: info D:\wamp\www\Tp_group\App\Modules\Admin\Action\ThinkImgAction.class.php 第 97 行.

[ 2014-11-01T20:38:13+08:00 ] 0.0.0.0 /Tp_group/Admin/ThinkImg/cropImage
INFO: [ route_check ] --START--
INFO: CheckRoute Behavior ::run [ RunTime:0.002000s ]
INFO: [ route_check ] --END-- [ RunTime:0.004001s ]
INFO: [ app_begin ] --START--
INFO: ReadHtmlCache Behavior ::run [ RunTime:0.002000s ]
INFO: [ app_begin ] --END-- [ RunTime:0.002000s ]
NOTIC: 建议使用I方法替代_post
NOTIC: [2] mkdir(): File exists D:\wamp\www\Tp_group\App\Modules\Admin\Action\ThinkImgAction.class.php 第 91 行.
NOTIC: [8] Undefined variable: info D:\wamp\www\Tp_group\App\Modules\Admin\Action\ThinkImgAction.class.php 第 97 行.

[ 2014-11-01T20:38:27+08:00 ] 0.0.0.0 /Tp_group/Admin/ThinkImg/crop/id/7
INFO: [ route_check ] --START--
INFO: CheckRoute Behavior ::run [ RunTime:0.003001s ]
INFO: [ route_check ] --END-- [ RunTime:0.003001s ]

[ 2014-11-01T20:38:37+08:00 ] 0.0.0.0 /Tp_group/Admin/ThinkImg/cropImage
INFO: [ route_check ] --START--
INFO: CheckRoute Behavior ::run [ RunTime:0.002000s ]
INFO: [ route_check ] --END-- [ RunTime:0.003000s ]
INFO: [ app_begin ] --START--
INFO: ReadHtmlCache Behavior ::run [ RunTime:0.002000s ]
INFO: [ app_begin ] --END-- [ RunTime:0.003000s ]
NOTIC: 建议使用I方法替代_post
NOTIC: [2] mkdir(): File exists D:\wamp\www\Tp_group\App\Modules\Admin\Action\ThinkImgAction.class.php 第 91 行.
NOTIC: [8] Undefined variable: info D:\wamp\www\Tp_group\App\Modules\Admin\Action\ThinkImgAction.class.php 第 97 行.

[ 2014-11-01T20:38:43+08:00 ] 0.0.0.0 /Tp_group/Admin/ThinkImg/cropImage
INFO: [ route_check ] --START--
INFO: CheckRoute Behavior ::run [ RunTime:0.003000s ]
INFO: [ route_check ] --END-- [ RunTime:0.003000s ]
INFO: [ app_begin ] --START--
INFO: ReadHtmlCache Behavior ::run [ RunTime:0.002000s ]
INFO: [ app_begin ] --END-- [ RunTime:0.002000s ]
NOTIC: 建议使用I方法替代_post
NOTIC: [2] mkdir(): File exists D:\wamp\www\Tp_group\App\Modules\Admin\Action\ThinkImgAction.class.php 第 91 行.
NOTIC: [8] Undefined variable: info D:\wamp\www\Tp_group\App\Modules\Admin\Action\ThinkImgAction.class.php 第 97 行.

[ 2014-11-01T20:38:56+08:00 ] 0.0.0.0 /Tp_group/Admin/ThinkImg/crop/id/8
INFO: [ route_check ] --START--
INFO: CheckRoute Behavior ::run [ RunTime:0.003001s ]
INFO: [ route_check ] --END-- [ RunTime:0.003001s ]

[ 2014-11-01T20:39:04+08:00 ] 0.0.0.0 /Tp_group/Admin/ThinkImg/cropImage
INFO: [ route_check ] --START--
INFO: CheckRoute Behavior ::run [ RunTime:0.003000s ]
INFO: [ route_check ] --END-- [ RunTime:0.003000s ]
INFO: [ app_begin ] --START--
INFO: ReadHtmlCache Behavior ::run [ RunTime:0.002000s ]
INFO: [ app_begin ] --END-- [ RunTime:0.002000s ]
NOTIC: 建议使用I方法替代_post
NOTIC: [2] mkdir(): File exists D:\wamp\www\Tp_group\App\Modules\Admin\Action\ThinkImgAction.class.php 第 91 行.
NOTIC: [8] Undefined variable: info D:\wamp\www\Tp_group\App\Modules\Admin\Action\ThinkImgAction.class.php 第 97 行.

[ 2014-11-01T20:39:20+08:00 ] 0.0.0.0 /Tp_group/Admin/ThinkImg/cropImage
INFO: [ route_check ] --START--
INFO: CheckRoute Behavior ::run [ RunTime:0.003000s ]
INFO: [ route_check ] --END-- [ RunTime:0.004000s ]
INFO: [ app_begin ] --START--
INFO: ReadHtmlCache Behavior ::run [ RunTime:0.001000s ]
INFO: [ app_begin ] --END-- [ RunTime:0.002000s ]
NOTIC: 建议使用I方法替代_post
NOTIC: [2] mkdir(): File exists D:\wamp\www\Tp_group\App\Modules\Admin\Action\ThinkImgAction.class.php 第 91 行.
NOTIC: [8] Undefined variable: info D:\wamp\www\Tp_group\App\Modules\Admin\Action\ThinkImgAction.class.php 第 97 行.

[ 2014-11-01T20:39:37+08:00 ] 0.0.0.0 /Tp_group/Admin/ThinkImg/crop/id/9
INFO: [ route_check ] --START--
INFO: CheckRoute Behavior ::run [ RunTime:0.003000s ]
INFO: [ route_check ] --END-- [ RunTime:0.003000s ]

[ 2014-11-01T20:39:49+08:00 ] 0.0.0.0 /Tp_group/Admin/ThinkImg/cropImage
INFO: [ route_check ] --START--
INFO: CheckRoute Behavior ::run [ RunTime:0.003000s ]
INFO: [ route_check ] --END-- [ RunTime:0.003000s ]
INFO: [ app_begin ] --START--
INFO: ReadHtmlCache Behavior ::run [ RunTime:0.002000s ]
INFO: [ app_begin ] --END-- [ RunTime:0.002000s ]
NOTIC: 建议使用I方法替代_post
NOTIC: [2] mkdir(): File exists D:\wamp\www\Tp_group\App\Modules\Admin\Action\ThinkImgAction.class.php 第 91 行.
NOTIC: [8] Undefined variable: info D:\wamp\www\Tp_group\App\Modules\Admin\Action\ThinkImgAction.class.php 第 97 行.

[ 2014-11-01T20:39:57+08:00 ] 0.0.0.0 /Tp_group/Admin/ThinkImg/cropImage
INFO: [ route_check ] --START--
INFO: CheckRoute Behavior ::run [ RunTime:0.003000s ]
INFO: [ route_check ] --END-- [ RunTime:0.003000s ]
INFO: [ app_begin ] --START--
INFO: ReadHtmlCache Behavior ::run [ RunTime:0.001000s ]
INFO: [ app_begin ] --END-- [ RunTime:0.003000s ]
NOTIC: 建议使用I方法替代_post
NOTIC: [2] mkdir(): File exists D:\wamp\www\Tp_group\App\Modules\Admin\Action\ThinkImgAction.class.php 第 91 行.
NOTIC: [8] Undefined variable: info D:\wamp\www\Tp_group\App\Modules\Admin\Action\ThinkImgAction.class.php 第 97 行.

[ 2014-11-01T20:54:52+08:00 ] 0.0.0.0 /Tp_group/av/6
INFO: [ route_check ] --START--
INFO: CheckRoute Behavior ::run [ RunTime:0.003001s ]
INFO: [ route_check ] --END-- [ RunTime:0.004001s ]

[ 2014-11-01T20:55:04+08:00 ] 0.0.0.0 /Tp_group/AVList/index/id/6/p/2
INFO: [ route_check ] --START--
INFO: CheckRoute Behavior ::run [ RunTime:0.003000s ]
INFO: [ route_check ] --END-- [ RunTime:0.003000s ]

[ 2014-11-01T20:55:09+08:00 ] 0.0.0.0 /Tp_group/Home/Detail/index/id/19
INFO: [ route_check ] --START--
INFO: CheckRoute Behavior ::run [ RunTime:0.002000s ]
INFO: [ route_check ] --END-- [ RunTime:0.004001s ]

[ 2014-11-01T20:56:57+08:00 ] 0.0.0.0 /Tp_group/av/6
INFO: [ route_check ] --START--
INFO: CheckRoute Behavior ::run [ RunTime:0.004000s ]
INFO: [ route_check ] --END-- [ RunTime:0.005000s ]

[ 2014-11-01T20:56:59+08:00 ] 0.0.0.0 /Tp_group/Home/Detail/index/id/14
INFO: [ route_check ] --START--
INFO: CheckRoute Behavior ::run [ RunTime:0.003000s ]
INFO: [ route_check ] --END-- [ RunTime:0.004000s ]

[ 2014-11-01T20:57:03+08:00 ] 0.0.0.0 /Tp_group/v/7
INFO: [ route_check ] --START--
INFO: CheckRoute Behavior ::run [ RunTime:0.004000s ]
INFO: [ route_check ] --END-- [ RunTime:0.004000s ]

[ 2014-11-01T21:26:02+08:00 ] 0.0.0.0 /Tp_group/l/20
INFO: [ route_check ] --START--
INFO: CheckRoute Behavior ::run [ RunTime:0.003000s ]
INFO: [ route_check ] --END-- [ RunTime:0.004000s ]

[ 2014-11-01T21:26:10+08:00 ] 0.0.0.0 /Tp_group/Admin
INFO: [ route_check ] --START--
INFO: CheckRoute Behavior ::run [ RunTime:0.002000s ]
INFO: [ route_check ] --END-- [ RunTime:0.003001s ]

[ 2014-11-01T21:26:14+08:00 ] 0.0.0.0 /Tp_group/Admin/Blog/index
INFO: [ route_check ] --START--
INFO: CheckRoute Behavior ::run [ RunTime:0.002000s ]
INFO: [ route_check ] --END-- [ RunTime:0.003000s ]

[ 2014-11-01T21:26:17+08:00 ] 0.0.0.0 /Tp_group/Admin/Blog/index
INFO: [ route_check ] --START--
INFO: CheckRoute Behavior ::run [ RunTime:0.002000s ]
INFO: [ route_check ] --END-- [ RunTime:0.003000s ]

[ 2014-11-01T21:26:19+08:00 ] 0.0.0.0 /Tp_group/Admin/Blog/index
INFO: [ route_check ] --START--
INFO: CheckRoute Behavior ::run [ RunTime:0.003000s ]
INFO: [ route_check ] --END-- [ RunTime:0.003000s ]

[ 2014-11-01T21:26:26+08:00 ] 0.0.0.0 /Tp_group/Admin/Blog/addBlog
INFO: [ route_check ] --START--
INFO: CheckRoute Behavior ::run [ RunTime:0.002000s ]
INFO: [ route_check ] --END-- [ RunTime:0.003000s ]

[ 2014-11-01T21:26:32+08:00 ] 0.0.0.0 /Tp_group/Admin/Blog/trach
INFO: [ route_check ] --START--
INFO: CheckRoute Behavior ::run [ RunTime:0.003000s ]
INFO: [ route_check ] --END-- [ RunTime:0.003000s ]

[ 2014-11-01T21:26:37+08:00 ] 0.0.0.0 /Tp_group/Admin/Animate/ppt
INFO: [ route_check ] --START--
INFO: CheckRoute Behavior ::run [ RunTime:0.002000s ]
INFO: [ route_check ] --END-- [ RunTime:0.002000s ]

[ 2014-11-01T21:26:44+08:00 ] 0.0.0.0 /Tp_group/Admin/Type/index
INFO: [ route_check ] --START--
INFO: CheckRoute Behavior ::run [ RunTime:0.002000s ]
INFO: [ route_check ] --END-- [ RunTime:0.003000s ]

[ 2014-11-01T21:26:49+08:00 ] 0.0.0.0 /Tp_group/Admin/Type/addType
INFO: [ route_check ] --START--
INFO: CheckRoute Behavior ::run [ RunTime:0.003000s ]
INFO: [ route_check ] --END-- [ RunTime:0.003000s ]

[ 2014-11-01T21:26:52+08:00 ] 0.0.0.0 /Tp_group/Admin/Comment/index
INFO: [ route_check ] --START--
INFO: CheckRoute Behavior ::run [ RunTime:0.002000s ]
INFO: [ route_check ] --END-- [ RunTime:0.003000s ]

[ 2014-11-01T21:26:55+08:00 ] 0.0.0.0 /Tp_group/Admin/Tag/index
INFO: [ route_check ] --START--
INFO: CheckRoute Behavior ::run [ RunTime:0.002000s ]
INFO: [ route_check ] --END-- [ RunTime:0.003000s ]

[ 2014-11-01T21:27:00+08:00 ] 0.0.0.0 /Tp_group/Admin/Type/index
INFO: [ route_check ] --START--
INFO: CheckRoute Behavior ::run [ RunTime:0.003000s ]
INFO: [ route_check ] --END-- [ RunTime:0.003000s ]

[ 2014-11-01T22:07:01+08:00 ] 0.0.0.0 /Tp_group/Admin
INFO: [ route_check ] --START--
INFO: CheckRoute Behavior ::run [ RunTime:0.002000s ]
INFO: [ route_check ] --END-- [ RunTime:0.003000s ]

[ 2014-11-01T22:07:05+08:00 ] 0.0.0.0 /Tp_group/Admin/ThinkImg/index
INFO: [ route_check ] --START--
INFO: CheckRoute Behavior ::run [ RunTime:0.003000s ]
INFO: [ route_check ] --END-- [ RunTime:0.003000s ]
NOTIC: 建议使用I方法替代_server
NOTIC: 建议使用I方法替代_server
NOTIC: 建议使用I方法替代_server
NOTIC: 建议使用I方法替代_server
NOTIC: 建议使用I方法替代_server
NOTIC: 建议使用I方法替代_server
NOTIC: 建议使用I方法替代_server
NOTIC: 建议使用I方法替代_server
NOTIC: 建议使用I方法替代_server
NOTIC: 建议使用I方法替代_server
NOTIC: 建议使用I方法替代_server
NOTIC: 建议使用I方法替代_server
NOTIC: 建议使用I方法替代_server
NOTIC: 建议使用I方法替代_server
NOTIC: 建议使用I方法替代_server
NOTIC: 建议使用I方法替代_server
NOTIC: 建议使用I方法替代_server
NOTIC: 建议使用I方法替代_server
NOTIC: 建议使用I方法替代_server
NOTIC: 建议使用I方法替代_server
NOTIC: 建议使用I方法替代_server
NOTIC: 建议使用I方法替代_server
NOTIC: 建议使用I方法替代_server
NOTIC: 建议使用I方法替代_server
NOTIC: 建议使用I方法替代_server
NOTIC: 建议使用I方法替代_server
NOTIC: 建议使用I方法替代_server
NOTIC: 建议使用I方法替代_server
NOTIC: 建议使用I方法替代_server
NOTIC: 建议使用I方法替代_server

[ 2014-11-01T22:07:12+08:00 ] 0.0.0.0 /Tp_group/Admin/ThinkImg/crop/id/2
INFO: [ route_check ] --START--
INFO: CheckRoute Behavior ::run [ RunTime:0.004000s ]
INFO: [ route_check ] --END-- [ RunTime:0.004000s ]

[ 2014-11-01T22:07:41+08:00 ] 0.0.0.0 /Tp_group/Admin/ThinkImg/cropImage
INFO: [ route_check ] --START--
INFO: CheckRoute Behavior ::run [ RunTime:0.003000s ]
INFO: [ route_check ] --END-- [ RunTime:0.004000s ]
INFO: [ app_begin ] --START--
INFO: ReadHtmlCache Behavior ::run [ RunTime:0.002000s ]
INFO: [ app_begin ] --END-- [ RunTime:0.003000s ]
NOTIC: 建议使用I方法替代_post
NOTIC: [2] mkdir(): File exists D:\wamp\www\Tp_group\App\Modules\Admin\Action\ThinkImgAction.class.php 第 91 行.
NOTIC: [8] Undefined variable: info D:\wamp\www\Tp_group\App\Modules\Admin\Action\ThinkImgAction.class.php 第 97 行.

[ 2014-11-01T22:08:10+08:00 ] 0.0.0.0 /Tp_group/Admin/ThinkImg/cropImage
INFO: [ route_check ] --START--
INFO: CheckRoute Behavior ::run [ RunTime:0.005000s ]
INFO: [ route_check ] --END-- [ RunTime:0.006001s ]
INFO: [ app_begin ] --START--
INFO: ReadHtmlCache Behavior ::run [ RunTime:0.002001s ]
INFO: [ app_begin ] --END-- [ RunTime:0.002001s ]
NOTIC: 建议使用I方法替代_post
NOTIC: [2] mkdir(): File exists D:\wamp\www\Tp_group\App\Modules\Admin\Action\ThinkImgAction.class.php 第 91 行.
NOTIC: [8] Undefined variable: info D:\wamp\www\Tp_group\App\Modules\Admin\Action\ThinkImgAction.class.php 第 97 行.

[ 2014-11-01T22:08:34+08:00 ] 0.0.0.0 /Tp_group/Admin/ThinkImg/crop/id/12
INFO: [ route_check ] --START--
INFO: CheckRoute Behavior ::run [ RunTime:0.002000s ]
INFO: [ route_check ] --END-- [ RunTime:0.002000s ]

[ 2014-11-01T22:08:48+08:00 ] 0.0.0.0 /Tp_group/Admin/ThinkImg/cropImage
INFO: [ route_check ] --START--
INFO: CheckRoute Behavior ::run [ RunTime:0.002000s ]
INFO: [ route_check ] --END-- [ RunTime:0.003000s ]
INFO: [ app_begin ] --START--
INFO: ReadHtmlCache Behavior ::run [ RunTime:0.002000s ]
INFO: [ app_begin ] --END-- [ RunTime:0.002000s ]
NOTIC: 建议使用I方法替代_post
NOTIC: [2] mkdir(): File exists D:\wamp\www\Tp_group\App\Modules\Admin\Action\ThinkImgAction.class.php 第 91 行.
NOTIC: [8] Undefined variable: info D:\wamp\www\Tp_group\App\Modules\Admin\Action\ThinkImgAction.class.php 第 97 行.

[ 2014-11-01T22:09:58+08:00 ] 0.0.0.0 /Tp_group/Admin/ThinkImg/crop/id/13
INFO: [ route_check ] --START--
INFO: CheckRoute Behavior ::run [ RunTime:0.002001s ]
INFO: [ route_check ] --END-- [ RunTime:0.003001s ]

[ 2014-11-01T22:10:08+08:00 ] 0.0.0.0 /Tp_group/Admin/ThinkImg/cropImage
INFO: [ route_check ] --START--
INFO: CheckRoute Behavior ::run [ RunTime:0.003000s ]
INFO: [ route_check ] --END-- [ RunTime:0.003000s ]
INFO: [ app_begin ] --START--
INFO: ReadHtmlCache Behavior ::run [ RunTime:0.002000s ]
INFO: [ app_begin ] --END-- [ RunTime:0.002000s ]
NOTIC: 建议使用I方法替代_post
NOTIC: [2] mkdir(): File exists D:\wamp\www\Tp_group\App\Modules\Admin\Action\ThinkImgAction.class.php 第 91 行.
NOTIC: [8] Undefined variable: info D:\wamp\www\Tp_group\App\Modules\Admin\Action\ThinkImgAction.class.php 第 97 行.

[ 2014-11-01T22:28:35+08:00 ] 0.0.0.0 /Tp_group/
ERR: Action:cate您所请求的方法不存在！

[ 2014-11-01T22:33:59+08:00 ] 0.0.0.0 /Tp_group/10
INFO: [ route_check ] --START--
INFO: CheckRoute Behavior ::run [ RunTime:0.003000s ]
INFO: [ route_check ] --END-- [ RunTime:0.004000s ]

[ 2014-11-01T22:33:59+08:00 ] 0.0.0.0 /Tp_group/Home/Show/click/id/10
INFO: [ route_check ] --START--
INFO: CheckRoute Behavior ::run [ RunTime:0.007000s ]
INFO: [ route_check ] --END-- [ RunTime:0.009000s ]

[ 2014-11-01T22:34:08+08:00 ] 0.0.0.0 /Tp_group/7
INFO: [ route_check ] --START--
INFO: CheckRoute Behavior ::run [ RunTime:0.003000s ]
INFO: [ route_check ] --END-- [ RunTime:0.005000s ]

[ 2014-11-01T22:34:08+08:00 ] 0.0.0.0 /Tp_group/Home/Show/click/id/7
INFO: [ route_check ] --START--
INFO: CheckRoute Behavior ::run [ RunTime:0.011000s ]
INFO: [ route_check ] --END-- [ RunTime:0.012000s ]

[ 2014-11-01T22:34:11+08:00 ] 0.0.0.0 /Tp_group/5
INFO: [ route_check ] --START--
INFO: CheckRoute Behavior ::run [ RunTime:0.003001s ]
INFO: [ route_check ] --END-- [ RunTime:0.003001s ]

[ 2014-11-01T22:34:12+08:00 ] 0.0.0.0 /Tp_group/Home/Show/click/id/5
INFO: [ route_check ] --START--
INFO: CheckRoute Behavior ::run [ RunTime:0.003000s ]
INFO: [ route_check ] --END-- [ RunTime:0.003000s ]

[ 2014-11-01T22:34:18+08:00 ] 0.0.0.0 /Tp_group/5
INFO: [ route_check ] --START--
INFO: CheckRoute Behavior ::run [ RunTime:0.002000s ]
INFO: [ route_check ] --END-- [ RunTime:0.003001s ]

[ 2014-11-01T22:34:18+08:00 ] 0.0.0.0 /Tp_group/Home/Show/click/id/5
INFO: [ route_check ] --START--
INFO: CheckRoute Behavior ::run [ RunTime:0.003000s ]
INFO: [ route_check ] --END-- [ RunTime:0.003000s ]

[ 2014-11-01T22:34:45+08:00 ] 0.0.0.0 /Tp_group/5
INFO: [ route_check ] --START--
INFO: CheckRoute Behavior ::run [ RunTime:0.003000s ]
INFO: [ route_check ] --END-- [ RunTime:0.003000s ]

[ 2014-11-01T22:34:45+08:00 ] 0.0.0.0 /Tp_group/Home/Show/click/id/5
INFO: [ route_check ] --START--
INFO: CheckRoute Behavior ::run [ RunTime:0.010000s ]
INFO: [ route_check ] --END-- [ RunTime:0.010000s ]

[ 2014-11-01T22:35:58+08:00 ] 0.0.0.0 /Tp_group/5
INFO: [ route_check ] --START--
INFO: CheckRoute Behavior ::run [ RunTime:0.003000s ]
INFO: [ route_check ] --END-- [ RunTime:0.004000s ]

[ 2014-11-01T22:35:58+08:00 ] 0.0.0.0 /Tp_group/Home/Show/click/id/5
INFO: [ route_check ] --START--
INFO: CheckRoute Behavior ::run [ RunTime:0.003000s ]
INFO: [ route_check ] --END-- [ RunTime:0.003000s ]

[ 2014-11-01T22:36:07+08:00 ] 0.0.0.0 /Tp_group/6
INFO: [ route_check ] --START--
INFO: CheckRoute Behavior ::run [ RunTime:0.006000s ]
INFO: [ route_check ] --END-- [ RunTime:0.006000s ]

[ 2014-11-01T22:36:07+08:00 ] 0.0.0.0 /Tp_group/Home/Show/click/id/6
INFO: [ route_check ] --START--
INFO: CheckRoute Behavior ::run [ RunTime:0.004001s ]
INFO: [ route_check ] --END-- [ RunTime:0.005001s ]

[ 2014-11-01T22:54:28+08:00 ] 0.0.0.0 /Tp_group/5
INFO: [ route_check ] --START--
INFO: CheckRoute Behavior ::run [ RunTime:0.005000s ]
INFO: [ route_check ] --END-- [ RunTime:0.006000s ]

[ 2014-11-01T22:54:29+08:00 ] 0.0.0.0 /Tp_group/Home/Show/click/id/5
INFO: [ route_check ] --START--
INFO: CheckRoute Behavior ::run [ RunTime:0.003000s ]
INFO: [ route_check ] --END-- [ RunTime:0.003000s ]

