[ 2014-12-04T11:23:49+08:00 ] 0.0.0.0 /Tp_group/Thumb/150x100/201410/5442493ca5efc.jpeg
INFO: [ route_check ] --START--
INFO: CheckRoute Behavior ::run [ RunTime:0.024179s ]
INFO: [ route_check ] --END-- [ RunTime:0.024393s ]
ERR: 无法加载模块:Thumb

[ 2014-12-04T11:25:48+08:00 ] 0.0.0.0 /Tp_group/23
INFO: [ route_check ] --START--
INFO: CheckRoute Behavior ::run [ RunTime:0.001859s ]
INFO: [ route_check ] --END-- [ RunTime:0.002024s ]

[ 2014-12-04T11:25:49+08:00 ] 0.0.0.0 /Tp_group/Home/Show/click/id/23
INFO: [ route_check ] --START--
INFO: CheckRoute Behavior ::run [ RunTime:0.000830s ]
INFO: [ route_check ] --END-- [ RunTime:0.000939s ]

[ 2014-12-04T11:25:49+08:00 ] 0.0.0.0 /Tp_group/23
INFO: [ route_check ] --START--
INFO: CheckRoute Behavior ::run [ RunTime:0.001912s ]
INFO: [ route_check ] --END-- [ RunTime:0.002142s ]

[ 2014-12-04T11:26:12+08:00 ] 0.0.0.0 /Tp_group/Thumb/150x100/201410/5442493ca5efc.jpeg
INFO: [ route_check ] --START--
INFO: CheckRoute Behavior ::run [ RunTime:0.001572s ]
INFO: [ route_check ] --END-- [ RunTime:0.001763s ]
ERR: 无法加载模块:Thumb

[ 2014-12-04T11:26:34+08:00 ] 0.0.0.0 /Tp_group/23
INFO: [ route_check ] --START--
INFO: CheckRoute Behavior ::run [ RunTime:0.001028s ]
INFO: [ route_check ] --END-- [ RunTime:0.001171s ]

[ 2014-12-04T11:26:34+08:00 ] 0.0.0.0 /Tp_group/Home/Show/click/id/23
INFO: [ route_check ] --START--
INFO: CheckRoute Behavior ::run [ RunTime:0.001256s ]
INFO: [ route_check ] --END-- [ RunTime:0.001438s ]

[ 2014-12-04T11:26:34+08:00 ] 0.0.0.0 /Tp_group/23
INFO: [ route_check ] --START--
INFO: CheckRoute Behavior ::run [ RunTime:0.001092s ]
INFO: [ route_check ] --END-- [ RunTime:0.001241s ]

[ 2014-12-04T12:54:55+08:00 ] 0.0.0.0 /Tp_group/21
INFO: [ route_check ] --START--
INFO: CheckRoute Behavior ::run [ RunTime:0.017521s ]
INFO: [ route_check ] --END-- [ RunTime:0.032965s ]

[ 2014-12-04T12:54:56+08:00 ] 0.0.0.0 /Tp_group/Thumb/150x100/201410/5442493ca5efc.jpeg
INFO: [ route_check ] --START--
INFO: CheckRoute Behavior ::run [ RunTime:0.001499s ]
INFO: [ route_check ] --END-- [ RunTime:0.006275s ]
ERR: 无法加载模块:Thumb

[ 2014-12-04T12:54:57+08:00 ] 0.0.0.0 /Tp_group/Home/Show/click/id/21
INFO: [ route_check ] --START--
INFO: CheckRoute Behavior ::run [ RunTime:0.000861s ]
INFO: [ route_check ] --END-- [ RunTime:0.000967s ]

[ 2014-12-04T12:54:57+08:00 ] 0.0.0.0 /Tp_group/21
INFO: [ route_check ] --START--
INFO: CheckRoute Behavior ::run [ RunTime:0.065274s ]
INFO: [ route_check ] --END-- [ RunTime:0.065535s ]

[ 2014-12-04T12:55:22+08:00 ] 0.0.0.0 /Tp_group/Thumb/150x100/201410/5442493ca5efc.jpeg
INFO: [ route_check ] --START--
INFO: CheckRoute Behavior ::run [ RunTime:0.001425s ]
INFO: [ route_check ] --END-- [ RunTime:0.001638s ]
ERR: 无法加载模块:Thumb

[ 2014-12-04T12:55:30+08:00 ] 0.0.0.0 /Tp_group/s/14
INFO: [ route_check ] --START--
INFO: CheckRoute Behavior ::run [ RunTime:0.001883s ]
INFO: [ route_check ] --END-- [ RunTime:0.002100s ]

[ 2014-12-04T12:55:30+08:00 ] 0.0.0.0 /Tp_group/s/14
INFO: [ route_check ] --START--
INFO: CheckRoute Behavior ::run [ RunTime:0.041431s ]
INFO: [ route_check ] --END-- [ RunTime:0.041593s ]

[ 2014-12-04T12:55:34+08:00 ] 0.0.0.0 /Tp_group/v/5
INFO: [ route_check ] --START--
INFO: CheckRoute Behavior ::run [ RunTime:0.001148s ]
INFO: [ route_check ] --END-- [ RunTime:0.001294s ]

[ 2014-12-04T12:55:34+08:00 ] 0.0.0.0 /Tp_group/v/5
INFO: [ route_check ] --START--
INFO: CheckRoute Behavior ::run [ RunTime:0.001486s ]
INFO: [ route_check ] --END-- [ RunTime:0.001651s ]

[ 2014-12-04T13:13:40+08:00 ] 0.0.0.0 /Tp_group/Thumb/150x100/201410/5442493ca5efc.jpeg
INFO: [ route_check ] --START--
INFO: CheckRoute Behavior ::run [ RunTime:0.001707s ]
INFO: [ route_check ] --END-- [ RunTime:0.001888s ]
ERR: 无法加载模块:Thumb

[ 2014-12-04T16:11:54+08:00 ] 0.0.0.0 /Tp_group/Thumb/150x100/201410/5442493ca5efc.jpeg
INFO: [ route_check ] --START--
INFO: CheckRoute Behavior ::run [ RunTime:0.016693s ]
INFO: [ route_check ] --END-- [ RunTime:0.016825s ]
ERR: 无法加载模块:Thumb

[ 2014-12-04T16:12:18+08:00 ] 0.0.0.0 /Tp_group/s/1
INFO: [ route_check ] --START--
INFO: CheckRoute Behavior ::run [ RunTime:0.002178s ]
INFO: [ route_check ] --END-- [ RunTime:0.002320s ]

[ 2014-12-04T16:12:18+08:00 ] 0.0.0.0 /Tp_group/s/1
INFO: [ route_check ] --START--
INFO: CheckRoute Behavior ::run [ RunTime:0.001622s ]
INFO: [ route_check ] --END-- [ RunTime:0.001819s ]

[ 2014-12-04T16:12:23+08:00 ] 0.0.0.0 /Tp_group/Thumb/150x100/201410/5442493ca5efc.jpeg
INFO: [ route_check ] --START--
INFO: CheckRoute Behavior ::run [ RunTime:0.000793s ]
INFO: [ route_check ] --END-- [ RunTime:0.000909s ]
ERR: 无法加载模块:Thumb

[ 2014-12-04T16:12:26+08:00 ] 0.0.0.0 /Tp_group/s/4
INFO: [ route_check ] --START--
INFO: CheckRoute Behavior ::run [ RunTime:0.001308s ]
INFO: [ route_check ] --END-- [ RunTime:0.001467s ]

[ 2014-12-04T16:12:26+08:00 ] 0.0.0.0 /Tp_group/s/4
INFO: [ route_check ] --START--
INFO: CheckRoute Behavior ::run [ RunTime:0.001506s ]
INFO: [ route_check ] --END-- [ RunTime:0.001709s ]

[ 2014-12-04T16:12:40+08:00 ] 0.0.0.0 /Tp_group/Thumb/150x100/201410/5442493ca5efc.jpeg
INFO: [ route_check ] --START--
INFO: CheckRoute Behavior ::run [ RunTime:0.001596s ]
INFO: [ route_check ] --END-- [ RunTime:0.001808s ]
ERR: 无法加载模块:Thumb

