[ 2014-10-23T13:13:56+08:00 ] 0.0.0.0 /Tp_group/av/2
INFO: [ route_check ] --START--
INFO: CheckRoute Behavior ::run [ RunTime:0.021001s ]
INFO: [ route_check ] --END-- [ RunTime:0.023001s ]

[ 2014-10-23T17:45:50+08:00 ] 0.0.0.0 /Tp_group/Admin
INFO: [ route_check ] --START--
INFO: CheckRoute Behavior ::run [ RunTime:0.021001s ]
INFO: [ route_check ] --END-- [ RunTime:0.021001s ]

[ 2014-10-23T17:45:50+08:00 ] 0.0.0.0 /Tp_group/Admin/Login/index
INFO: [ route_check ] --START--
INFO: CheckRoute Behavior ::run [ RunTime:0.003000s ]
INFO: [ route_check ] --END-- [ RunTime:0.003000s ]

[ 2014-10-23T17:45:51+08:00 ] 0.0.0.0 /Tp_group/Admin/Login/imagecode
INFO: [ route_check ] --START--
INFO: CheckRoute Behavior ::run [ RunTime:0.003000s ]
INFO: [ route_check ] --END-- [ RunTime:0.003000s ]

[ 2014-10-23T17:46:03+08:00 ] 0.0.0.0 /Tp_group/Admin/Login/login
INFO: [ route_check ] --START--
INFO: CheckRoute Behavior ::run [ RunTime:0.003000s ]
INFO: [ route_check ] --END-- [ RunTime:0.003000s ]

[ 2014-10-23T17:46:03+08:00 ] 0.0.0.0 /Tp_group/Admin/Index/index
INFO: [ route_check ] --START--
INFO: CheckRoute Behavior ::run [ RunTime:0.002000s ]
INFO: [ route_check ] --END-- [ RunTime:0.002000s ]

[ 2014-10-23T17:46:06+08:00 ] 0.0.0.0 /Tp_group/Admin/Animate/index
INFO: [ route_check ] --START--
INFO: CheckRoute Behavior ::run [ RunTime:0.003000s ]
INFO: [ route_check ] --END-- [ RunTime:0.004000s ]

[ 2014-10-23T17:46:10+08:00 ] 0.0.0.0 /Tp_group/Admin/Animate/index/p/2
INFO: [ route_check ] --START--
INFO: CheckRoute Behavior ::run [ RunTime:0.003000s ]
INFO: [ route_check ] --END-- [ RunTime:0.003000s ]

[ 2014-10-23T17:46:13+08:00 ] 0.0.0.0 /Tp_group/Admin/Animate/edit/id/7
INFO: [ route_check ] --START--
INFO: CheckRoute Behavior ::run [ RunTime:0.002000s ]
INFO: [ route_check ] --END-- [ RunTime:0.003000s ]

[ 2014-10-23T17:46:16+08:00 ] 0.0.0.0 /Tp_group/Admin/Animate/edit/id/8
INFO: [ route_check ] --START--
INFO: CheckRoute Behavior ::run [ RunTime:0.002000s ]
INFO: [ route_check ] --END-- [ RunTime:0.003001s ]

[ 2014-10-23T17:46:21+08:00 ] 0.0.0.0 /Tp_group/Admin/Animate/handelEdit
INFO: [ route_check ] --START--
INFO: CheckRoute Behavior ::run [ RunTime:0.002000s ]
INFO: [ route_check ] --END-- [ RunTime:0.003000s ]

[ 2014-10-23T17:46:22+08:00 ] 0.0.0.0 /Tp_group/Admin/Animate/index
INFO: [ route_check ] --START--
INFO: CheckRoute Behavior ::run [ RunTime:0.002000s ]
INFO: [ route_check ] --END-- [ RunTime:0.004000s ]

[ 2014-10-23T17:46:25+08:00 ] 0.0.0.0 /Tp_group/Admin/Animate/index/p/2
INFO: [ route_check ] --START--
INFO: CheckRoute Behavior ::run [ RunTime:0.003000s ]
INFO: [ route_check ] --END-- [ RunTime:0.003000s ]

[ 2014-10-23T17:46:27+08:00 ] 0.0.0.0 /Tp_group/Admin/Animate/edit/id/8
INFO: [ route_check ] --START--
INFO: CheckRoute Behavior ::run [ RunTime:0.003001s ]
INFO: [ route_check ] --END-- [ RunTime:0.003001s ]

[ 2014-10-23T17:46:29+08:00 ] 0.0.0.0 /Tp_group/Admin/Animate/edit/id/8
INFO: [ route_check ] --START--
INFO: CheckRoute Behavior ::run [ RunTime:0.002000s ]
INFO: [ route_check ] --END-- [ RunTime:0.003000s ]

[ 2014-10-23T17:46:32+08:00 ] 0.0.0.0 /Tp_group/Admin/Animate/edit/id/9
INFO: [ route_check ] --START--
INFO: CheckRoute Behavior ::run [ RunTime:0.002000s ]
INFO: [ route_check ] --END-- [ RunTime:0.003000s ]

[ 2014-10-23T17:46:35+08:00 ] 0.0.0.0 /Tp_group/Admin/Animate/edit/id/10
INFO: [ route_check ] --START--
INFO: CheckRoute Behavior ::run [ RunTime:0.002000s ]
INFO: [ route_check ] --END-- [ RunTime:0.003000s ]

[ 2014-10-23T17:46:38+08:00 ] 0.0.0.0 /Tp_group/Admin/Animate/handelEdit
INFO: [ route_check ] --START--
INFO: CheckRoute Behavior ::run [ RunTime:0.003001s ]
INFO: [ route_check ] --END-- [ RunTime:0.003001s ]

[ 2014-10-23T17:46:39+08:00 ] 0.0.0.0 /Tp_group/Admin/Animate/index
INFO: [ route_check ] --START--
INFO: CheckRoute Behavior ::run [ RunTime:0.002000s ]
INFO: [ route_check ] --END-- [ RunTime:0.003000s ]

[ 2014-10-23T17:46:41+08:00 ] 0.0.0.0 /Tp_group/Admin/Animate/index/p/3
INFO: [ route_check ] --START--
INFO: CheckRoute Behavior ::run [ RunTime:0.003000s ]
INFO: [ route_check ] --END-- [ RunTime:0.003000s ]

[ 2014-10-23T17:46:48+08:00 ] 0.0.0.0 /Tp_group/Admin/Animate/edit/id/12
INFO: [ route_check ] --START--
INFO: CheckRoute Behavior ::run [ RunTime:0.002000s ]
INFO: [ route_check ] --END-- [ RunTime:0.002000s ]

[ 2014-10-23T17:46:51+08:00 ] 0.0.0.0 /Tp_group/Admin/Animate/handelEdit
INFO: [ route_check ] --START--
INFO: CheckRoute Behavior ::run [ RunTime:0.003000s ]
INFO: [ route_check ] --END-- [ RunTime:0.003000s ]

[ 2014-10-23T17:46:52+08:00 ] 0.0.0.0 /Tp_group/Admin/Animate/index
INFO: [ route_check ] --START--
INFO: CheckRoute Behavior ::run [ RunTime:0.002000s ]
INFO: [ route_check ] --END-- [ RunTime:0.003000s ]

[ 2014-10-23T17:46:54+08:00 ] 0.0.0.0 /Tp_group/Admin/Animate/index/p/3
INFO: [ route_check ] --START--
INFO: CheckRoute Behavior ::run [ RunTime:0.003001s ]
INFO: [ route_check ] --END-- [ RunTime:0.003001s ]

[ 2014-10-23T17:46:58+08:00 ] 0.0.0.0 /Tp_group/Admin/Animate/edit/id/14
INFO: [ route_check ] --START--
INFO: CheckRoute Behavior ::run [ RunTime:0.003000s ]
INFO: [ route_check ] --END-- [ RunTime:0.003000s ]

[ 2014-10-23T17:47:01+08:00 ] 0.0.0.0 /Tp_group/Admin/Animate/handelEdit
INFO: [ route_check ] --START--
INFO: CheckRoute Behavior ::run [ RunTime:0.002000s ]
INFO: [ route_check ] --END-- [ RunTime:0.003000s ]

[ 2014-10-23T17:47:02+08:00 ] 0.0.0.0 /Tp_group/Admin/Animate/index
INFO: [ route_check ] --START--
INFO: CheckRoute Behavior ::run [ RunTime:0.003000s ]
INFO: [ route_check ] --END-- [ RunTime:0.003000s ]

[ 2014-10-23T17:47:05+08:00 ] 0.0.0.0 /Tp_group/Admin/Animate/index/p/4
INFO: [ route_check ] --START--
INFO: CheckRoute Behavior ::run [ RunTime:0.003000s ]
INFO: [ route_check ] --END-- [ RunTime:0.003000s ]

[ 2014-10-23T17:47:08+08:00 ] 0.0.0.0 /Tp_group/Admin/Animate/index/p/3
INFO: [ route_check ] --START--
INFO: CheckRoute Behavior ::run [ RunTime:0.002000s ]
INFO: [ route_check ] --END-- [ RunTime:0.003000s ]

[ 2014-10-23T17:47:11+08:00 ] 0.0.0.0 /Tp_group/Admin/Animate/edit/id/13
INFO: [ route_check ] --START--
INFO: CheckRoute Behavior ::run [ RunTime:0.002000s ]
INFO: [ route_check ] --END-- [ RunTime:0.003001s ]

[ 2014-10-23T17:47:13+08:00 ] 0.0.0.0 /Tp_group/Admin/Animate/handelEdit
INFO: [ route_check ] --START--
INFO: CheckRoute Behavior ::run [ RunTime:0.002001s ]
INFO: [ route_check ] --END-- [ RunTime:0.003001s ]

[ 2014-10-23T17:47:14+08:00 ] 0.0.0.0 /Tp_group/Admin/Animate/index
INFO: [ route_check ] --START--
INFO: CheckRoute Behavior ::run [ RunTime:0.002000s ]
INFO: [ route_check ] --END-- [ RunTime:0.003000s ]

[ 2014-10-23T17:47:41+08:00 ] 0.0.0.0 /Tp_group/Admin/Animate/index
INFO: [ route_check ] --START--
INFO: CheckRoute Behavior ::run [ RunTime:0.002000s ]
INFO: [ route_check ] --END-- [ RunTime:0.004000s ]

[ 2014-10-23T17:47:43+08:00 ] 0.0.0.0 /Tp_group/Admin/Animate/index/p/4
INFO: [ route_check ] --START--
INFO: CheckRoute Behavior ::run [ RunTime:0.003001s ]
INFO: [ route_check ] --END-- [ RunTime:0.003001s ]

[ 2014-10-23T17:47:45+08:00 ] 0.0.0.0 /Tp_group/Admin/Animate/index/p/5
INFO: [ route_check ] --START--
INFO: CheckRoute Behavior ::run [ RunTime:0.003001s ]
INFO: [ route_check ] --END-- [ RunTime:0.003001s ]

[ 2014-10-23T17:47:47+08:00 ] 0.0.0.0 /Tp_group/Admin/Animate/index/p/1
INFO: [ route_check ] --START--
INFO: CheckRoute Behavior ::run [ RunTime:0.003000s ]
INFO: [ route_check ] --END-- [ RunTime:0.003000s ]

[ 2014-10-23T17:47:48+08:00 ] 0.0.0.0 /Tp_group/Admin/Animate/index/p/1
INFO: [ route_check ] --START--
INFO: CheckRoute Behavior ::run [ RunTime:0.002000s ]
INFO: [ route_check ] --END-- [ RunTime:0.003000s ]

[ 2014-10-23T17:47:51+08:00 ] 0.0.0.0 /Tp_group/Admin/Animate/index/p/2
INFO: [ route_check ] --START--
INFO: CheckRoute Behavior ::run [ RunTime:0.003001s ]
INFO: [ route_check ] --END-- [ RunTime:0.003001s ]

[ 2014-10-23T17:47:52+08:00 ] 0.0.0.0 /Tp_group/Admin/Animate/index/p/2
INFO: [ route_check ] --START--
INFO: CheckRoute Behavior ::run [ RunTime:0.003000s ]
INFO: [ route_check ] --END-- [ RunTime:0.003000s ]

[ 2014-10-23T17:47:54+08:00 ] 0.0.0.0 /Tp_group/Admin/Animate/index/p/3
INFO: [ route_check ] --START--
INFO: CheckRoute Behavior ::run [ RunTime:0.003000s ]
INFO: [ route_check ] --END-- [ RunTime:0.003000s ]

[ 2014-10-23T17:47:57+08:00 ] 0.0.0.0 /Tp_group/Admin/Animate/edit/id/13
INFO: [ route_check ] --START--
INFO: CheckRoute Behavior ::run [ RunTime:0.003000s ]
INFO: [ route_check ] --END-- [ RunTime:0.003000s ]

[ 2014-10-23T17:48:09+08:00 ] 0.0.0.0 /Tp_group/App/Modules/Admin/Tpl/Public/Js/jquery-1.10.2.min.map
INFO: [ route_check ] --START--
INFO: CheckRoute Behavior ::run [ RunTime:0.003001s ]
INFO: [ route_check ] --END-- [ RunTime:0.003001s ]
ERR: 无法加载模块:App

[ 2014-10-23T17:55:26+08:00 ] 0.0.0.0 /Tp_group/Admin/Animate/handelEdit
INFO: [ route_check ] --START--
INFO: CheckRoute Behavior ::run [ RunTime:0.003000s ]
INFO: [ route_check ] --END-- [ RunTime:0.003000s ]

[ 2014-10-23T17:59:06+08:00 ] 0.0.0.0 /Tp_group/Admin/Animate/handelEdit
INFO: [ route_check ] --START--
INFO: CheckRoute Behavior ::run [ RunTime:0.003001s ]
INFO: [ route_check ] --END-- [ RunTime:0.004001s ]

[ 2014-10-23T17:59:07+08:00 ] 0.0.0.0 /Tp_group/Admin/Animate/index
INFO: [ route_check ] --START--
INFO: CheckRoute Behavior ::run [ RunTime:0.002000s ]
INFO: [ route_check ] --END-- [ RunTime:0.004000s ]

[ 2014-10-23T17:59:22+08:00 ] 0.0.0.0 /Tp_group/Admin/Animate/index/p/3
INFO: [ route_check ] --START--
INFO: CheckRoute Behavior ::run [ RunTime:0.002000s ]
INFO: [ route_check ] --END-- [ RunTime:0.003000s ]

[ 2014-10-23T17:59:38+08:00 ] 0.0.0.0 /Tp_group/Admin/Animate/index/p/4
INFO: [ route_check ] --START--
INFO: CheckRoute Behavior ::run [ RunTime:0.003000s ]
INFO: [ route_check ] --END-- [ RunTime:0.003000s ]

[ 2014-10-23T17:59:41+08:00 ] 0.0.0.0 /Tp_group/Admin/Animate/edit/id/20
INFO: [ route_check ] --START--
INFO: CheckRoute Behavior ::run [ RunTime:0.003000s ]
INFO: [ route_check ] --END-- [ RunTime:0.003000s ]

[ 2014-10-23T17:59:46+08:00 ] 0.0.0.0 /Tp_group/Admin/Animate/handelEdit
INFO: [ route_check ] --START--
INFO: CheckRoute Behavior ::run [ RunTime:0.002000s ]
INFO: [ route_check ] --END-- [ RunTime:0.002000s ]

[ 2014-10-23T17:59:48+08:00 ] 0.0.0.0 /Tp_group/Admin/Animate/index
INFO: [ route_check ] --START--
INFO: CheckRoute Behavior ::run [ RunTime:0.002000s ]
INFO: [ route_check ] --END-- [ RunTime:0.003000s ]

[ 2014-10-23T17:59:50+08:00 ] 0.0.0.0 /Tp_group/Admin/Animate/index
INFO: [ route_check ] --START--
INFO: CheckRoute Behavior ::run [ RunTime:0.003000s ]
INFO: [ route_check ] --END-- [ RunTime:0.003000s ]

[ 2014-10-23T18:07:57+08:00 ] 0.0.0.0 /Tp_group/Admin/Animate/index/p/4
INFO: [ route_check ] --START--
INFO: CheckRoute Behavior ::run [ RunTime:0.003000s ]
INFO: [ route_check ] --END-- [ RunTime:0.004000s ]

[ 2014-10-23T18:08:03+08:00 ] 0.0.0.0 /Tp_group/Admin/Animate/index/p/2
INFO: [ route_check ] --START--
INFO: CheckRoute Behavior ::run [ RunTime:0.002000s ]
INFO: [ route_check ] --END-- [ RunTime:0.003001s ]

[ 2014-10-23T18:08:06+08:00 ] 0.0.0.0 /Tp_group/Admin/Animate/index/p/4
INFO: [ route_check ] --START--
INFO: CheckRoute Behavior ::run [ RunTime:0.002000s ]
INFO: [ route_check ] --END-- [ RunTime:0.003000s ]

[ 2014-10-23T18:08:07+08:00 ] 0.0.0.0 /Tp_group/Admin/Animate/edit/id/16
INFO: [ route_check ] --START--
INFO: CheckRoute Behavior ::run [ RunTime:0.002001s ]
INFO: [ route_check ] --END-- [ RunTime:0.002001s ]

[ 2014-10-23T18:08:12+08:00 ] 0.0.0.0 /Tp_group/Admin/Animate/index/p/2
INFO: [ route_check ] --START--
INFO: CheckRoute Behavior ::run [ RunTime:0.002000s ]
INFO: [ route_check ] --END-- [ RunTime:0.003000s ]

[ 2014-10-23T18:08:14+08:00 ] 0.0.0.0 /Tp_group/Admin/Animate/edit/id/6
INFO: [ route_check ] --START--
INFO: CheckRoute Behavior ::run [ RunTime:0.003000s ]
INFO: [ route_check ] --END-- [ RunTime:0.003000s ]

[ 2014-10-23T18:08:17+08:00 ] 0.0.0.0 /Tp_group/Admin/Animate/handelEdit
INFO: [ route_check ] --START--
INFO: CheckRoute Behavior ::run [ RunTime:0.002000s ]
INFO: [ route_check ] --END-- [ RunTime:0.003000s ]

[ 2014-10-23T18:08:18+08:00 ] 0.0.0.0 /Tp_group/Admin/Animate/index
INFO: [ route_check ] --START--
INFO: CheckRoute Behavior ::run [ RunTime:0.002000s ]
INFO: [ route_check ] --END-- [ RunTime:0.004000s ]

[ 2014-10-23T18:08:20+08:00 ] 0.0.0.0 /Tp_group/Admin/Animate/index/p/3
INFO: [ route_check ] --START--
INFO: CheckRoute Behavior ::run [ RunTime:0.002000s ]
INFO: [ route_check ] --END-- [ RunTime:0.002000s ]

[ 2014-10-23T18:08:23+08:00 ] 0.0.0.0 /Tp_group/Admin/Animate/index/p/2
INFO: [ route_check ] --START--
INFO: CheckRoute Behavior ::run [ RunTime:0.003000s ]
INFO: [ route_check ] --END-- [ RunTime:0.003000s ]

[ 2014-10-23T18:08:38+08:00 ] 0.0.0.0 /Tp_group/Admin/Animate/edit/id/7
INFO: [ route_check ] --START--
INFO: CheckRoute Behavior ::run [ RunTime:0.002001s ]
INFO: [ route_check ] --END-- [ RunTime:0.003001s ]

[ 2014-10-23T18:08:43+08:00 ] 0.0.0.0 /Tp_group/Admin/Animate/index/p/1
INFO: [ route_check ] --START--
INFO: CheckRoute Behavior ::run [ RunTime:0.003000s ]
INFO: [ route_check ] --END-- [ RunTime:0.003000s ]

[ 2014-10-23T18:08:46+08:00 ] 0.0.0.0 /Tp_group/Admin/Animate/edit/id/3
INFO: [ route_check ] --START--
INFO: CheckRoute Behavior ::run [ RunTime:0.003000s ]
INFO: [ route_check ] --END-- [ RunTime:0.003000s ]

[ 2014-10-23T18:08:49+08:00 ] 0.0.0.0 /Tp_group/Admin/Animate/edit/id/4
INFO: [ route_check ] --START--
INFO: CheckRoute Behavior ::run [ RunTime:0.003000s ]
INFO: [ route_check ] --END-- [ RunTime:0.003000s ]

[ 2014-10-23T18:08:52+08:00 ] 0.0.0.0 /Tp_group/Admin/Animate/edit/id/1
INFO: [ route_check ] --START--
INFO: CheckRoute Behavior ::run [ RunTime:0.003000s ]
INFO: [ route_check ] --END-- [ RunTime:0.003000s ]

[ 2014-10-23T18:08:56+08:00 ] 0.0.0.0 /Tp_group/Admin/Animate/index/p/3
INFO: [ route_check ] --START--
INFO: CheckRoute Behavior ::run [ RunTime:0.002000s ]
INFO: [ route_check ] --END-- [ RunTime:0.004001s ]

[ 2014-10-23T18:08:58+08:00 ] 0.0.0.0 /Tp_group/Admin/Animate/edit/id/11
INFO: [ route_check ] --START--
INFO: CheckRoute Behavior ::run [ RunTime:0.002001s ]
INFO: [ route_check ] --END-- [ RunTime:0.002001s ]

[ 2014-10-23T18:09:01+08:00 ] 0.0.0.0 /Tp_group/Admin/Animate/handelEdit
INFO: [ route_check ] --START--
INFO: CheckRoute Behavior ::run [ RunTime:0.003001s ]
INFO: [ route_check ] --END-- [ RunTime:0.003001s ]

[ 2014-10-23T18:09:03+08:00 ] 0.0.0.0 /Tp_group/Admin/Animate/index
INFO: [ route_check ] --START--
INFO: CheckRoute Behavior ::run [ RunTime:0.003000s ]
INFO: [ route_check ] --END-- [ RunTime:0.003000s ]

[ 2014-10-23T18:09:05+08:00 ] 0.0.0.0 /Tp_group/Admin/Animate/index/p/3
INFO: [ route_check ] --START--
INFO: CheckRoute Behavior ::run [ RunTime:0.003001s ]
INFO: [ route_check ] --END-- [ RunTime:0.003001s ]

[ 2014-10-23T18:23:48+08:00 ] 0.0.0.0 /Tp_group/Admin
INFO: [ route_check ] --START--
INFO: CheckRoute Behavior ::run [ RunTime:0.002000s ]
INFO: [ route_check ] --END-- [ RunTime:0.003000s ]

[ 2014-10-23T18:23:56+08:00 ] 0.0.0.0 /Tp_group/Admin/Member/index
INFO: [ route_check ] --START--
INFO: CheckRoute Behavior ::run [ RunTime:0.003001s ]
INFO: [ route_check ] --END-- [ RunTime:0.004001s ]

[ 2014-10-23T18:24:07+08:00 ] 0.0.0.0 /Tp_group/Admin/Member/uploadImg
INFO: [ route_check ] --START--
INFO: CheckRoute Behavior ::run [ RunTime:0.003000s ]
INFO: [ route_check ] --END-- [ RunTime:0.003000s ]

[ 2014-10-23T18:24:12+08:00 ] 0.0.0.0 /Tp_group/Admin/Member/cropImg
INFO: [ route_check ] --START--
INFO: CheckRoute Behavior ::run [ RunTime:0.002000s ]
INFO: [ route_check ] --END-- [ RunTime:0.003000s ]
NOTIC: 建议使用I方法替代_post

[ 2014-10-23T18:24:13+08:00 ] 0.0.0.0 /Tp_group/Admin/Member/index
INFO: [ route_check ] --START--
INFO: CheckRoute Behavior ::run [ RunTime:0.014001s ]
INFO: [ route_check ] --END-- [ RunTime:0.014001s ]

[ 2014-10-23T18:24:15+08:00 ] 0.0.0.0 /Tp_group/Admin/Member/index
INFO: [ route_check ] --START--
INFO: CheckRoute Behavior ::run [ RunTime:0.036003s ]
INFO: [ route_check ] --END-- [ RunTime:0.036003s ]

[ 2014-10-23T18:24:18+08:00 ] 0.0.0.0 /Tp_group/Admin/Member/index
INFO: [ route_check ] --START--
INFO: CheckRoute Behavior ::run [ RunTime:0.002000s ]
INFO: [ route_check ] --END-- [ RunTime:0.003000s ]

[ 2014-10-23T18:24:23+08:00 ] 0.0.0.0 /Tp_group/Admin/
INFO: [ route_check ] --START--
INFO: CheckRoute Behavior ::run [ RunTime:0.011001s ]
INFO: [ route_check ] --END-- [ RunTime:0.012001s ]

[ 2014-10-23T19:17:12+08:00 ] 0.0.0.0 /Tp_group/Admin/Tag/index
INFO: [ route_check ] --START--
INFO: CheckRoute Behavior ::run [ RunTime:0.003001s ]
INFO: [ route_check ] --END-- [ RunTime:0.003001s ]

[ 2014-10-23T19:17:14+08:00 ] 0.0.0.0 /Tp_group/Admin/
INFO: [ route_check ] --START--
INFO: CheckRoute Behavior ::run [ RunTime:0.003000s ]
INFO: [ route_check ] --END-- [ RunTime:0.003000s ]

[ 2014-10-23T19:17:16+08:00 ] 0.0.0.0 /Tp_group/Admin/Type/index
INFO: [ route_check ] --START--
INFO: CheckRoute Behavior ::run [ RunTime:0.002000s ]
INFO: [ route_check ] --END-- [ RunTime:0.003000s ]

[ 2014-10-23T19:18:15+08:00 ] 0.0.0.0 /Tp_group/Admin/Type/delType/id/8
INFO: [ route_check ] --START--
INFO: CheckRoute Behavior ::run [ RunTime:0.003000s ]
INFO: [ route_check ] --END-- [ RunTime:0.003000s ]

[ 2014-10-23T19:21:19+08:00 ] 0.0.0.0 /Tp_group/Admin/Type/delType/id/8
INFO: [ route_check ] --START--
INFO: CheckRoute Behavior ::run [ RunTime:0.002000s ]
INFO: [ route_check ] --END-- [ RunTime:0.003000s ]

[ 2014-10-23T19:21:20+08:00 ] 0.0.0.0 /Tp_group/Admin/Type/index
INFO: [ route_check ] --START--
INFO: CheckRoute Behavior ::run [ RunTime:0.003000s ]
INFO: [ route_check ] --END-- [ RunTime:0.003000s ]

[ 2014-10-23T19:21:30+08:00 ] 0.0.0.0 /Tp_group/Admin/Type/delType/id/7
INFO: [ route_check ] --START--
INFO: CheckRoute Behavior ::run [ RunTime:0.003000s ]
INFO: [ route_check ] --END-- [ RunTime:0.003000s ]

[ 2014-10-23T19:21:32+08:00 ] 0.0.0.0 /Tp_group/Admin/Type/index
INFO: [ route_check ] --START--
INFO: CheckRoute Behavior ::run [ RunTime:0.002000s ]
INFO: [ route_check ] --END-- [ RunTime:0.003000s ]

[ 2014-10-23T19:22:32+08:00 ] 0.0.0.0 /Tp_group/Admin/Type/editType/id/6
INFO: [ route_check ] --START--
INFO: CheckRoute Behavior ::run [ RunTime:0.002000s ]
INFO: [ route_check ] --END-- [ RunTime:0.003000s ]

[ 2014-10-23T19:22:38+08:00 ] 0.0.0.0 /Tp_group/Admin/Type/handelEdit
INFO: [ route_check ] --START--
INFO: CheckRoute Behavior ::run [ RunTime:0.002000s ]
INFO: [ route_check ] --END-- [ RunTime:0.002000s ]

[ 2014-10-23T19:22:40+08:00 ] 0.0.0.0 /Tp_group/Admin/Type/index
INFO: [ route_check ] --START--
INFO: CheckRoute Behavior ::run [ RunTime:0.003000s ]
INFO: [ route_check ] --END-- [ RunTime:0.004000s ]

[ 2014-10-23T19:22:55+08:00 ] 0.0.0.0 /Tp_group/Admin/Type/index
INFO: [ route_check ] --START--
INFO: CheckRoute Behavior ::run [ RunTime:0.003000s ]
INFO: [ route_check ] --END-- [ RunTime:0.003000s ]

[ 2014-10-23T19:23:12+08:00 ] 0.0.0.0 /Tp_group/Admin/Type/editType/id/1
INFO: [ route_check ] --START--
INFO: CheckRoute Behavior ::run [ RunTime:0.002001s ]
INFO: [ route_check ] --END-- [ RunTime:0.004001s ]

[ 2014-10-23T19:23:14+08:00 ] 0.0.0.0 /Tp_group/Admin/Type/handelEdit
INFO: [ route_check ] --START--
INFO: CheckRoute Behavior ::run [ RunTime:0.002000s ]
INFO: [ route_check ] --END-- [ RunTime:0.003000s ]

[ 2014-10-23T19:23:15+08:00 ] 0.0.0.0 /Tp_group/Admin/Type/index
INFO: [ route_check ] --START--
INFO: CheckRoute Behavior ::run [ RunTime:0.002001s ]
INFO: [ route_check ] --END-- [ RunTime:0.002001s ]

[ 2014-10-23T19:24:25+08:00 ] 0.0.0.0 /Tp_group/Admin/Type/editType/id/2
INFO: [ route_check ] --START--
INFO: CheckRoute Behavior ::run [ RunTime:0.002000s ]
INFO: [ route_check ] --END-- [ RunTime:0.003000s ]

[ 2014-10-23T19:24:27+08:00 ] 0.0.0.0 /Tp_group/Admin/Type/handelEdit
INFO: [ route_check ] --START--
INFO: CheckRoute Behavior ::run [ RunTime:0.002001s ]
INFO: [ route_check ] --END-- [ RunTime:0.003001s ]

[ 2014-10-23T19:24:28+08:00 ] 0.0.0.0 /Tp_group/Admin/Type/index
INFO: [ route_check ] --START--
INFO: CheckRoute Behavior ::run [ RunTime:0.002000s ]
INFO: [ route_check ] --END-- [ RunTime:0.003000s ]

[ 2014-10-23T19:27:11+08:00 ] 0.0.0.0 /Tp_group/Admin/Type/editType/id/3
INFO: [ route_check ] --START--
INFO: CheckRoute Behavior ::run [ RunTime:0.003000s ]
INFO: [ route_check ] --END-- [ RunTime:0.003000s ]

[ 2014-10-23T19:27:17+08:00 ] 0.0.0.0 /Tp_group/Admin/Type/handelEdit
INFO: [ route_check ] --START--
INFO: CheckRoute Behavior ::run [ RunTime:0.002000s ]
INFO: [ route_check ] --END-- [ RunTime:0.003000s ]

[ 2014-10-23T19:27:18+08:00 ] 0.0.0.0 /Tp_group/Admin/Type/index
INFO: [ route_check ] --START--
INFO: CheckRoute Behavior ::run [ RunTime:0.002001s ]
INFO: [ route_check ] --END-- [ RunTime:0.003001s ]

[ 2014-10-23T19:35:46+08:00 ] 0.0.0.0 /Tp_group/Admin/Type/editType/id/4
INFO: [ route_check ] --START--
INFO: CheckRoute Behavior ::run [ RunTime:0.003000s ]
INFO: [ route_check ] --END-- [ RunTime:0.004000s ]

[ 2014-10-23T19:35:48+08:00 ] 0.0.0.0 /Tp_group/Admin/Type/handelEdit
INFO: [ route_check ] --START--
INFO: CheckRoute Behavior ::run [ RunTime:0.002000s ]
INFO: [ route_check ] --END-- [ RunTime:0.002000s ]

[ 2014-10-23T19:35:49+08:00 ] 0.0.0.0 /Tp_group/Admin/Type/index
INFO: [ route_check ] --START--
INFO: CheckRoute Behavior ::run [ RunTime:0.002000s ]
INFO: [ route_check ] --END-- [ RunTime:0.003000s ]

[ 2014-10-23T19:36:16+08:00 ] 0.0.0.0 /Tp_group/Admin/Type/editType/id/5
INFO: [ route_check ] --START--
INFO: CheckRoute Behavior ::run [ RunTime:0.002000s ]
INFO: [ route_check ] --END-- [ RunTime:0.002000s ]

[ 2014-10-23T19:36:19+08:00 ] 0.0.0.0 /Tp_group/Admin/Type/handelEdit
INFO: [ route_check ] --START--
INFO: CheckRoute Behavior ::run [ RunTime:0.002000s ]
INFO: [ route_check ] --END-- [ RunTime:0.003000s ]

[ 2014-10-23T19:36:20+08:00 ] 0.0.0.0 /Tp_group/Admin/Type/index
INFO: [ route_check ] --START--
INFO: CheckRoute Behavior ::run [ RunTime:0.002000s ]
INFO: [ route_check ] --END-- [ RunTime:0.003000s ]

[ 2014-10-23T19:36:55+08:00 ] 0.0.0.0 /Tp_group/Admin
INFO: [ route_check ] --START--
INFO: CheckRoute Behavior ::run [ RunTime:0.003000s ]
INFO: [ route_check ] --END-- [ RunTime:0.003000s ]

[ 2014-10-23T19:37:55+08:00 ] 0.0.0.0 /Tp_group/Admin/Animate/addAnimate
INFO: [ route_check ] --START--
INFO: CheckRoute Behavior ::run [ RunTime:0.002000s ]
INFO: [ route_check ] --END-- [ RunTime:0.003000s ]

[ 2014-10-23T19:43:45+08:00 ] 0.0.0.0 /Tp_group/Admin/Animate/handelAddAnimate
INFO: [ route_check ] --START--
INFO: CheckRoute Behavior ::run [ RunTime:0.003000s ]
INFO: [ route_check ] --END-- [ RunTime:0.003000s ]

[ 2014-10-23T19:43:46+08:00 ] 0.0.0.0 /Tp_group/Admin/Animate/index
INFO: [ route_check ] --START--
INFO: CheckRoute Behavior ::run [ RunTime:0.002000s ]
INFO: [ route_check ] --END-- [ RunTime:0.003000s ]

[ 2014-10-23T19:43:48+08:00 ] 0.0.0.0 /Tp_group/Admin/Animate/index/p/5
INFO: [ route_check ] --START--
INFO: CheckRoute Behavior ::run [ RunTime:0.002000s ]
INFO: [ route_check ] --END-- [ RunTime:0.003000s ]

[ 2014-10-23T19:45:49+08:00 ] 0.0.0.0 /Tp_group/Admin/Animate/addAnimate
INFO: [ route_check ] --START--
INFO: CheckRoute Behavior ::run [ RunTime:0.003000s ]
INFO: [ route_check ] --END-- [ RunTime:0.003000s ]

[ 2014-10-23T19:46:41+08:00 ] 0.0.0.0 /Tp_group/Admin/Animate/handelAddAnimate
INFO: [ route_check ] --START--
INFO: CheckRoute Behavior ::run [ RunTime:0.002001s ]
INFO: [ route_check ] --END-- [ RunTime:0.003001s ]

[ 2014-10-23T19:48:11+08:00 ] 0.0.0.0 /Tp_group/Admin/Animate/handelAddAnimate
INFO: [ route_check ] --START--
INFO: CheckRoute Behavior ::run [ RunTime:0.002000s ]
INFO: [ route_check ] --END-- [ RunTime:0.004000s ]

[ 2014-10-23T19:48:11+08:00 ] 0.0.0.0 /Tp_group/Admin/Animate/addAnimate
INFO: [ route_check ] --START--
INFO: CheckRoute Behavior ::run [ RunTime:0.004000s ]
INFO: [ route_check ] --END-- [ RunTime:0.004000s ]

[ 2014-10-23T19:48:23+08:00 ] 0.0.0.0 /Tp_group/Admin/Animate/
INFO: [ route_check ] --START--
INFO: CheckRoute Behavior ::run [ RunTime:0.003000s ]
INFO: [ route_check ] --END-- [ RunTime:0.003000s ]

[ 2014-10-23T19:48:25+08:00 ] 0.0.0.0 /Tp_group/Admin/Animate/index/p/5
INFO: [ route_check ] --START--
INFO: CheckRoute Behavior ::run [ RunTime:0.003000s ]
INFO: [ route_check ] --END-- [ RunTime:0.004000s ]

[ 2014-10-23T19:48:28+08:00 ] 0.0.0.0 /Tp_group/Admin/Animate/index/p/5
INFO: [ route_check ] --START--
INFO: CheckRoute Behavior ::run [ RunTime:0.002000s ]
INFO: [ route_check ] --END-- [ RunTime:0.003000s ]

[ 2014-10-23T19:48:28+08:00 ] 0.0.0.0 /Tp_group/Admin/Animate/index/p/5
INFO: [ route_check ] --START--
INFO: CheckRoute Behavior ::run [ RunTime:0.003000s ]
INFO: [ route_check ] --END-- [ RunTime:0.003000s ]

[ 2014-10-23T19:48:42+08:00 ] 0.0.0.0 /Tp_group/Admin/Animate/index/p/10
INFO: [ route_check ] --START--
INFO: CheckRoute Behavior ::run [ RunTime:0.003001s ]
INFO: [ route_check ] --END-- [ RunTime:0.003001s ]

[ 2014-10-23T19:50:08+08:00 ] 0.0.0.0 /Tp_group/Admin/Animate/addAnimate
INFO: [ route_check ] --START--
INFO: CheckRoute Behavior ::run [ RunTime:0.002000s ]
INFO: [ route_check ] --END-- [ RunTime:0.004000s ]

[ 2014-10-23T19:51:36+08:00 ] 0.0.0.0 /Tp_group/Admin/Animate/handelAddAnimate
INFO: [ route_check ] --START--
INFO: CheckRoute Behavior ::run [ RunTime:0.003000s ]
INFO: [ route_check ] --END-- [ RunTime:0.004000s ]

[ 2014-10-23T19:51:37+08:00 ] 0.0.0.0 /Tp_group/Admin/Animate/index
INFO: [ route_check ] --START--
INFO: CheckRoute Behavior ::run [ RunTime:0.003001s ]
INFO: [ route_check ] --END-- [ RunTime:0.003001s ]

[ 2014-10-23T19:51:39+08:00 ] 0.0.0.0 /Tp_group/Admin/Animate/index/p/6
INFO: [ route_check ] --START--
INFO: CheckRoute Behavior ::run [ RunTime:0.003001s ]
INFO: [ route_check ] --END-- [ RunTime:0.004001s ]

[ 2014-10-23T19:52:05+08:00 ] 0.0.0.0 /Tp_group/Admin/Animate/addAnimate
INFO: [ route_check ] --START--
INFO: CheckRoute Behavior ::run [ RunTime:0.002000s ]
INFO: [ route_check ] --END-- [ RunTime:0.003000s ]

[ 2014-10-23T19:52:58+08:00 ] 0.0.0.0 /Tp_group/Admin/Animate/handelAddAnimate
INFO: [ route_check ] --START--
INFO: CheckRoute Behavior ::run [ RunTime:0.002000s ]
INFO: [ route_check ] --END-- [ RunTime:0.003000s ]

[ 2014-10-23T19:53:00+08:00 ] 0.0.0.0 /Tp_group/Admin/Animate/index
INFO: [ route_check ] --START--
INFO: CheckRoute Behavior ::run [ RunTime:0.003000s ]
INFO: [ route_check ] --END-- [ RunTime:0.003000s ]

[ 2014-10-23T19:53:07+08:00 ] 0.0.0.0 /Tp_group/Admin/Animate/index/p/6
INFO: [ route_check ] --START--
INFO: CheckRoute Behavior ::run [ RunTime:0.003000s ]
INFO: [ route_check ] --END-- [ RunTime:0.004000s ]

[ 2014-10-23T19:56:17+08:00 ] 0.0.0.0 /Tp_group/Admin/
INFO: [ route_check ] --START--
INFO: CheckRoute Behavior ::run [ RunTime:0.002001s ]
INFO: [ route_check ] --END-- [ RunTime:0.003001s ]

[ 2014-10-23T20:00:30+08:00 ] 0.0.0.0 /Tp_group/Admin/Animate/addAnimate
INFO: [ route_check ] --START--
INFO: CheckRoute Behavior ::run [ RunTime:0.003000s ]
INFO: [ route_check ] --END-- [ RunTime:0.004000s ]

[ 2014-10-23T20:02:38+08:00 ] 0.0.0.0 /Tp_group/Admin/Animate/handelAddAnimate
INFO: [ route_check ] --START--
INFO: CheckRoute Behavior ::run [ RunTime:0.003000s ]
INFO: [ route_check ] --END-- [ RunTime:0.003000s ]

[ 2014-10-23T20:02:39+08:00 ] 0.0.0.0 /Tp_group/Admin/Animate/index
INFO: [ route_check ] --START--
INFO: CheckRoute Behavior ::run [ RunTime:0.003000s ]
INFO: [ route_check ] --END-- [ RunTime:0.003000s ]

[ 2014-10-23T20:02:41+08:00 ] 0.0.0.0 /Tp_group/Admin/Animate/index/p/6
INFO: [ route_check ] --START--
INFO: CheckRoute Behavior ::run [ RunTime:0.003001s ]
INFO: [ route_check ] --END-- [ RunTime:0.003001s ]

[ 2014-10-23T20:04:08+08:00 ] 0.0.0.0 /Tp_group/Admin/Animate/addAnimate
INFO: [ route_check ] --START--
INFO: CheckRoute Behavior ::run [ RunTime:0.003000s ]
INFO: [ route_check ] --END-- [ RunTime:0.003000s ]

[ 2014-10-23T20:04:55+08:00 ] 0.0.0.0 /Tp_group/Admin/Animate/handelAddAnimate
INFO: [ route_check ] --START--
INFO: CheckRoute Behavior ::run [ RunTime:0.002000s ]
INFO: [ route_check ] --END-- [ RunTime:0.004000s ]

[ 2014-10-23T20:05:38+08:00 ] 0.0.0.0 /Tp_group/Admin/Animate/handelAddAnimate
INFO: [ route_check ] --START--
INFO: CheckRoute Behavior ::run [ RunTime:0.002000s ]
INFO: [ route_check ] --END-- [ RunTime:0.003000s ]

[ 2014-10-23T20:05:40+08:00 ] 0.0.0.0 /Tp_group/Admin/Animate/index
INFO: [ route_check ] --START--
INFO: CheckRoute Behavior ::run [ RunTime:0.003000s ]
INFO: [ route_check ] --END-- [ RunTime:0.004000s ]

[ 2014-10-23T20:05:42+08:00 ] 0.0.0.0 /Tp_group/Admin/Animate/addAnimate
INFO: [ route_check ] --START--
INFO: CheckRoute Behavior ::run [ RunTime:0.002001s ]
INFO: [ route_check ] --END-- [ RunTime:0.004001s ]

[ 2014-10-23T20:05:45+08:00 ] 0.0.0.0 /Tp_group/Admin/Animate/index/p/5
INFO: [ route_check ] --START--
INFO: CheckRoute Behavior ::run [ RunTime:0.003000s ]
INFO: [ route_check ] --END-- [ RunTime:0.003000s ]

[ 2014-10-23T20:05:48+08:00 ] 0.0.0.0 /Tp_group/Admin/Animate/index/p/10
INFO: [ route_check ] --START--
INFO: CheckRoute Behavior ::run [ RunTime:0.003001s ]
INFO: [ route_check ] --END-- [ RunTime:0.004001s ]

