[ 2014-10-31T15:20:58+08:00 ] 0.0.0.0 /Tp_group/Admin
INFO: [ route_check ] --START--
INFO: CheckRoute Behavior ::run [ RunTime:0.064004s ]
INFO: [ route_check ] --END-- [ RunTime:0.064004s ]

[ 2014-10-31T15:20:58+08:00 ] 0.0.0.0 /Tp_group/Admin/Login/index
INFO: [ route_check ] --START--
INFO: CheckRoute Behavior ::run [ RunTime:0.012001s ]
INFO: [ route_check ] --END-- [ RunTime:0.013001s ]

[ 2014-10-31T15:20:58+08:00 ] 0.0.0.0 /Tp_group/Admin/Login/imagecode
INFO: [ route_check ] --START--
INFO: CheckRoute Behavior ::run [ RunTime:0.003000s ]
INFO: [ route_check ] --END-- [ RunTime:0.004000s ]

[ 2014-10-31T15:21:07+08:00 ] 0.0.0.0 /Tp_group/Admin/Login/login
INFO: [ route_check ] --START--
INFO: CheckRoute Behavior ::run [ RunTime:0.003000s ]
INFO: [ route_check ] --END-- [ RunTime:0.003000s ]

[ 2014-10-31T15:21:07+08:00 ] 0.0.0.0 /Tp_group/Admin/Index/index
INFO: [ route_check ] --START--
INFO: CheckRoute Behavior ::run [ RunTime:0.003000s ]
INFO: [ route_check ] --END-- [ RunTime:0.003000s ]

[ 2014-10-31T15:21:15+08:00 ] 0.0.0.0 /Tp_group/Admin/ThinkImg/index
INFO: [ route_check ] --START--
INFO: CheckRoute Behavior ::run [ RunTime:0.002001s ]
INFO: [ route_check ] --END-- [ RunTime:0.004001s ]

[ 2014-10-31T15:21:58+08:00 ] 0.0.0.0 /Tp_group/Admin/ThinkImg/index
INFO: [ route_check ] --START--
INFO: CheckRoute Behavior ::run [ RunTime:0.003001s ]
INFO: [ route_check ] --END-- [ RunTime:0.003001s ]

[ 2014-10-31T15:23:35+08:00 ] 0.0.0.0 /Tp_group/Admin/ThinkImg/index
INFO: [ route_check ] --START--
INFO: CheckRoute Behavior ::run [ RunTime:0.003000s ]
INFO: [ route_check ] --END-- [ RunTime:0.004000s ]

[ 2014-10-31T15:30:02+08:00 ] 0.0.0.0 /Tp_group/Admin/ThinkImg/index
INFO: [ route_check ] --START--
INFO: CheckRoute Behavior ::run [ RunTime:0.003000s ]
INFO: [ route_check ] --END-- [ RunTime:0.003000s ]

[ 2014-10-31T15:30:07+08:00 ] 0.0.0.0 /Tp_group/Admin/ThinkImg/index
INFO: [ route_check ] --START--
INFO: CheckRoute Behavior ::run [ RunTime:0.002000s ]
INFO: [ route_check ] --END-- [ RunTime:0.003000s ]

[ 2014-10-31T15:32:46+08:00 ] 0.0.0.0 /Tp_group/Admin/ThinkImg/index
INFO: [ route_check ] --START--
INFO: CheckRoute Behavior ::run [ RunTime:0.003000s ]
INFO: [ route_check ] --END-- [ RunTime:0.003000s ]

[ 2014-10-31T15:32:53+08:00 ] 0.0.0.0 /Tp_group/Admin/ThinkImg/index
INFO: [ route_check ] --START--
INFO: CheckRoute Behavior ::run [ RunTime:0.002000s ]
INFO: [ route_check ] --END-- [ RunTime:0.003000s ]

[ 2014-10-31T15:35:01+08:00 ] 0.0.0.0 /Tp_group/Admin/ThinkImg/index
INFO: [ route_check ] --START--
INFO: CheckRoute Behavior ::run [ RunTime:0.003000s ]
INFO: [ route_check ] --END-- [ RunTime:0.003000s ]

[ 2014-10-31T15:35:21+08:00 ] 0.0.0.0 /Tp_group/Admin/ThinkImg/index
INFO: [ route_check ] --START--
INFO: CheckRoute Behavior ::run [ RunTime:0.003000s ]
INFO: [ route_check ] --END-- [ RunTime:0.003000s ]

[ 2014-10-31T15:37:32+08:00 ] 0.0.0.0 /Tp_group/Admin/ThinkImg/index
INFO: [ route_check ] --START--
INFO: CheckRoute Behavior ::run [ RunTime:0.003000s ]
INFO: [ route_check ] --END-- [ RunTime:0.003000s ]

[ 2014-10-31T15:38:07+08:00 ] 0.0.0.0 /Tp_group/Admin/ThinkImg/index
INFO: [ route_check ] --START--
INFO: CheckRoute Behavior ::run [ RunTime:0.002000s ]
INFO: [ route_check ] --END-- [ RunTime:0.004000s ]

[ 2014-10-31T15:41:43+08:00 ] 0.0.0.0 /Tp_group/Admin/ThinkImg/index
INFO: [ route_check ] --START--
INFO: CheckRoute Behavior ::run [ RunTime:0.004000s ]
INFO: [ route_check ] --END-- [ RunTime:0.004000s ]

[ 2014-10-31T15:41:57+08:00 ] 0.0.0.0 /Tp_group/Admin/ThinkImg/index
INFO: [ route_check ] --START--
INFO: CheckRoute Behavior ::run [ RunTime:0.003000s ]
INFO: [ route_check ] --END-- [ RunTime:0.003000s ]

[ 2014-10-31T15:42:07+08:00 ] 0.0.0.0 /Tp_group/Admin/ThinkImg/index
INFO: [ route_check ] --START--
INFO: CheckRoute Behavior ::run [ RunTime:0.011000s ]
INFO: [ route_check ] --END-- [ RunTime:0.012000s ]

[ 2014-10-31T15:49:53+08:00 ] 0.0.0.0 /Tp_group/Admin/ThinkImg/index
INFO: [ route_check ] --START--
INFO: CheckRoute Behavior ::run [ RunTime:0.003000s ]
INFO: [ route_check ] --END-- [ RunTime:0.003000s ]

[ 2014-10-31T15:52:22+08:00 ] 0.0.0.0 /Tp_group/Admin/ThinkImg/index
INFO: [ route_check ] --START--
INFO: CheckRoute Behavior ::run [ RunTime:0.003000s ]
INFO: [ route_check ] --END-- [ RunTime:0.005000s ]

[ 2014-10-31T15:57:04+08:00 ] 0.0.0.0 /Tp_group/Admin/ThinkImg/index
INFO: [ route_check ] --START--
INFO: CheckRoute Behavior ::run [ RunTime:0.003000s ]
INFO: [ route_check ] --END-- [ RunTime:0.004000s ]

[ 2014-10-31T15:58:47+08:00 ] 0.0.0.0 /Tp_group/Admin/ThinkImg/index
INFO: [ route_check ] --START--
INFO: CheckRoute Behavior ::run [ RunTime:0.002000s ]
INFO: [ route_check ] --END-- [ RunTime:0.003000s ]

[ 2014-10-31T16:17:37+08:00 ] 0.0.0.0 /Tp_group/Admin/ThinkImg/index
INFO: [ route_check ] --START--
INFO: CheckRoute Behavior ::run [ RunTime:0.004000s ]
INFO: [ route_check ] --END-- [ RunTime:0.004000s ]

[ 2014-10-31T16:19:55+08:00 ] 0.0.0.0 /Tp_group/Admin/ThinkImg/index
INFO: [ route_check ] --START--
INFO: CheckRoute Behavior ::run [ RunTime:0.002000s ]
INFO: [ route_check ] --END-- [ RunTime:0.003000s ]

[ 2014-10-31T16:20:25+08:00 ] 0.0.0.0 /Tp_group/Admin/ThinkImg/index
INFO: [ route_check ] --START--
INFO: CheckRoute Behavior ::run [ RunTime:0.002000s ]
INFO: [ route_check ] --END-- [ RunTime:0.005000s ]

[ 2014-10-31T16:21:43+08:00 ] 0.0.0.0 /Tp_group/Admin/ThinkImg/index
INFO: [ route_check ] --START--
INFO: CheckRoute Behavior ::run [ RunTime:0.002000s ]
INFO: [ route_check ] --END-- [ RunTime:0.003000s ]

[ 2014-10-31T16:22:05+08:00 ] 0.0.0.0 /Tp_group/Admin/ThinkImg/index
INFO: [ route_check ] --START--
INFO: CheckRoute Behavior ::run [ RunTime:0.003000s ]
INFO: [ route_check ] --END-- [ RunTime:0.003000s ]

[ 2014-10-31T16:31:10+08:00 ] 0.0.0.0 /Tp_group/Admin/ThinkImg/index
INFO: [ route_check ] --START--
INFO: CheckRoute Behavior ::run [ RunTime:0.003000s ]
INFO: [ route_check ] --END-- [ RunTime:0.004000s ]

[ 2014-10-31T16:37:24+08:00 ] 0.0.0.0 /Tp_group/Admin/ThinkImg/index
INFO: [ route_check ] --START--
INFO: CheckRoute Behavior ::run [ RunTime:0.003000s ]
INFO: [ route_check ] --END-- [ RunTime:0.004000s ]
NOTIC: 建议使用I方法替代_server

[ 2014-10-31T16:37:38+08:00 ] 0.0.0.0 /Tp_group/Admin/ThinkImg/index
INFO: [ route_check ] --START--
INFO: CheckRoute Behavior ::run [ RunTime:0.002000s ]
INFO: [ route_check ] --END-- [ RunTime:0.003000s ]
NOTIC: 建议使用I方法替代_server

[ 2014-10-31T16:39:06+08:00 ] 0.0.0.0 /Tp_group/Admin/ThinkImg/index
INFO: [ route_check ] --START--
INFO: CheckRoute Behavior ::run [ RunTime:0.003000s ]
INFO: [ route_check ] --END-- [ RunTime:0.003000s ]
NOTIC: 建议使用I方法替代_server

[ 2014-10-31T16:39:54+08:00 ] 0.0.0.0 /Tp_group/Admin/ThinkImg/index
INFO: [ route_check ] --START--
INFO: CheckRoute Behavior ::run [ RunTime:0.003000s ]
INFO: [ route_check ] --END-- [ RunTime:0.004000s ]

[ 2014-10-31T16:40:02+08:00 ] 0.0.0.0 /Tp_group/Admin/ThinkImg/index
INFO: [ route_check ] --START--
INFO: CheckRoute Behavior ::run [ RunTime:0.003000s ]
INFO: [ route_check ] --END-- [ RunTime:0.004000s ]
NOTIC: 建议使用I方法替代_server
NOTIC: 建议使用I方法替代_server
NOTIC: 建议使用I方法替代_server
NOTIC: 建议使用I方法替代_server
NOTIC: 建议使用I方法替代_server
NOTIC: 建议使用I方法替代_server
NOTIC: 建议使用I方法替代_server
NOTIC: 建议使用I方法替代_server
NOTIC: 建议使用I方法替代_server
NOTIC: 建议使用I方法替代_server
NOTIC: 建议使用I方法替代_server
NOTIC: 建议使用I方法替代_server
NOTIC: 建议使用I方法替代_server
NOTIC: 建议使用I方法替代_server
NOTIC: 建议使用I方法替代_server
NOTIC: 建议使用I方法替代_server
NOTIC: 建议使用I方法替代_server
NOTIC: 建议使用I方法替代_server
NOTIC: 建议使用I方法替代_server
NOTIC: 建议使用I方法替代_server
NOTIC: 建议使用I方法替代_server
NOTIC: 建议使用I方法替代_server
NOTIC: 建议使用I方法替代_server
NOTIC: 建议使用I方法替代_server
NOTIC: 建议使用I方法替代_server
NOTIC: 建议使用I方法替代_server
NOTIC: 建议使用I方法替代_server
NOTIC: 建议使用I方法替代_server
NOTIC: 建议使用I方法替代_server
NOTIC: 建议使用I方法替代_server

[ 2014-10-31T16:42:30+08:00 ] 0.0.0.0 /Tp_group/Admin/ThinkImg/index
INFO: [ route_check ] --START--
INFO: CheckRoute Behavior ::run [ RunTime:0.004000s ]
INFO: [ route_check ] --END-- [ RunTime:0.004000s ]
NOTIC: 建议使用I方法替代_server
NOTIC: 建议使用I方法替代_server
NOTIC: 建议使用I方法替代_server
NOTIC: 建议使用I方法替代_server
NOTIC: 建议使用I方法替代_server
NOTIC: 建议使用I方法替代_server
NOTIC: 建议使用I方法替代_server
NOTIC: 建议使用I方法替代_server
NOTIC: 建议使用I方法替代_server
NOTIC: 建议使用I方法替代_server
NOTIC: 建议使用I方法替代_server
NOTIC: 建议使用I方法替代_server
NOTIC: 建议使用I方法替代_server
NOTIC: 建议使用I方法替代_server
NOTIC: 建议使用I方法替代_server
NOTIC: 建议使用I方法替代_server
NOTIC: 建议使用I方法替代_server
NOTIC: 建议使用I方法替代_server
NOTIC: 建议使用I方法替代_server
NOTIC: 建议使用I方法替代_server
NOTIC: 建议使用I方法替代_server
NOTIC: 建议使用I方法替代_server
NOTIC: 建议使用I方法替代_server
NOTIC: 建议使用I方法替代_server
NOTIC: 建议使用I方法替代_server
NOTIC: 建议使用I方法替代_server
NOTIC: 建议使用I方法替代_server
NOTIC: 建议使用I方法替代_server
NOTIC: 建议使用I方法替代_server
NOTIC: 建议使用I方法替代_server

[ 2014-10-31T16:43:28+08:00 ] 0.0.0.0 /Tp_group/Admin/ThinkImg/index
INFO: [ route_check ] --START--
INFO: CheckRoute Behavior ::run [ RunTime:0.003000s ]
INFO: [ route_check ] --END-- [ RunTime:0.003000s ]
NOTIC: 建议使用I方法替代_server
NOTIC: 建议使用I方法替代_server
NOTIC: 建议使用I方法替代_server
NOTIC: 建议使用I方法替代_server
NOTIC: 建议使用I方法替代_server
NOTIC: 建议使用I方法替代_server
NOTIC: 建议使用I方法替代_server
NOTIC: 建议使用I方法替代_server
NOTIC: 建议使用I方法替代_server
NOTIC: 建议使用I方法替代_server
NOTIC: 建议使用I方法替代_server
NOTIC: 建议使用I方法替代_server
NOTIC: 建议使用I方法替代_server
NOTIC: 建议使用I方法替代_server
NOTIC: 建议使用I方法替代_server
NOTIC: 建议使用I方法替代_server
NOTIC: 建议使用I方法替代_server
NOTIC: 建议使用I方法替代_server
NOTIC: 建议使用I方法替代_server
NOTIC: 建议使用I方法替代_server
NOTIC: 建议使用I方法替代_server
NOTIC: 建议使用I方法替代_server
NOTIC: 建议使用I方法替代_server
NOTIC: 建议使用I方法替代_server
NOTIC: 建议使用I方法替代_server
NOTIC: 建议使用I方法替代_server
NOTIC: 建议使用I方法替代_server
NOTIC: 建议使用I方法替代_server
NOTIC: 建议使用I方法替代_server
NOTIC: 建议使用I方法替代_server

[ 2014-10-31T16:44:07+08:00 ] 0.0.0.0 /Tp_group/Admin/ThinkImg/index
INFO: [ route_check ] --START--
INFO: CheckRoute Behavior ::run [ RunTime:0.003000s ]
INFO: [ route_check ] --END-- [ RunTime:0.004000s ]
NOTIC: 建议使用I方法替代_server
NOTIC: 建议使用I方法替代_server
NOTIC: 建议使用I方法替代_server
NOTIC: 建议使用I方法替代_server
NOTIC: 建议使用I方法替代_server
NOTIC: 建议使用I方法替代_server
NOTIC: 建议使用I方法替代_server
NOTIC: 建议使用I方法替代_server
NOTIC: 建议使用I方法替代_server
NOTIC: 建议使用I方法替代_server
NOTIC: 建议使用I方法替代_server
NOTIC: 建议使用I方法替代_server
NOTIC: 建议使用I方法替代_server
NOTIC: 建议使用I方法替代_server
NOTIC: 建议使用I方法替代_server
NOTIC: 建议使用I方法替代_server
NOTIC: 建议使用I方法替代_server
NOTIC: 建议使用I方法替代_server
NOTIC: 建议使用I方法替代_server
NOTIC: 建议使用I方法替代_server
NOTIC: 建议使用I方法替代_server
NOTIC: 建议使用I方法替代_server
NOTIC: 建议使用I方法替代_server
NOTIC: 建议使用I方法替代_server
NOTIC: 建议使用I方法替代_server
NOTIC: 建议使用I方法替代_server
NOTIC: 建议使用I方法替代_server
NOTIC: 建议使用I方法替代_server
NOTIC: 建议使用I方法替代_server
NOTIC: 建议使用I方法替代_server

[ 2014-10-31T16:44:37+08:00 ] 0.0.0.0 /Tp_group/Admin/ThinkImg/index
INFO: [ route_check ] --START--
INFO: CheckRoute Behavior ::run [ RunTime:0.003000s ]
INFO: [ route_check ] --END-- [ RunTime:0.003000s ]
NOTIC: 建议使用I方法替代_server
NOTIC: 建议使用I方法替代_server
NOTIC: 建议使用I方法替代_server
NOTIC: 建议使用I方法替代_server
NOTIC: 建议使用I方法替代_server
NOTIC: 建议使用I方法替代_server
NOTIC: 建议使用I方法替代_server
NOTIC: 建议使用I方法替代_server
NOTIC: 建议使用I方法替代_server
NOTIC: 建议使用I方法替代_server
NOTIC: 建议使用I方法替代_server
NOTIC: 建议使用I方法替代_server
NOTIC: 建议使用I方法替代_server
NOTIC: 建议使用I方法替代_server
NOTIC: 建议使用I方法替代_server
NOTIC: 建议使用I方法替代_server
NOTIC: 建议使用I方法替代_server
NOTIC: 建议使用I方法替代_server
NOTIC: 建议使用I方法替代_server
NOTIC: 建议使用I方法替代_server
NOTIC: 建议使用I方法替代_server
NOTIC: 建议使用I方法替代_server
NOTIC: 建议使用I方法替代_server
NOTIC: 建议使用I方法替代_server
NOTIC: 建议使用I方法替代_server
NOTIC: 建议使用I方法替代_server
NOTIC: 建议使用I方法替代_server
NOTIC: 建议使用I方法替代_server
NOTIC: 建议使用I方法替代_server
NOTIC: 建议使用I方法替代_server

[ 2014-10-31T16:44:42+08:00 ] 0.0.0.0 /Tp_group/Admin/ThinkImg/index
INFO: [ route_check ] --START--
INFO: CheckRoute Behavior ::run [ RunTime:0.002000s ]
INFO: [ route_check ] --END-- [ RunTime:0.003000s ]
NOTIC: 建议使用I方法替代_server
NOTIC: 建议使用I方法替代_server
NOTIC: 建议使用I方法替代_server
NOTIC: 建议使用I方法替代_server
NOTIC: 建议使用I方法替代_server
NOTIC: 建议使用I方法替代_server
NOTIC: 建议使用I方法替代_server
NOTIC: 建议使用I方法替代_server
NOTIC: 建议使用I方法替代_server
NOTIC: 建议使用I方法替代_server
NOTIC: 建议使用I方法替代_server
NOTIC: 建议使用I方法替代_server
NOTIC: 建议使用I方法替代_server
NOTIC: 建议使用I方法替代_server
NOTIC: 建议使用I方法替代_server
NOTIC: 建议使用I方法替代_server
NOTIC: 建议使用I方法替代_server
NOTIC: 建议使用I方法替代_server
NOTIC: 建议使用I方法替代_server
NOTIC: 建议使用I方法替代_server
NOTIC: 建议使用I方法替代_server
NOTIC: 建议使用I方法替代_server
NOTIC: 建议使用I方法替代_server
NOTIC: 建议使用I方法替代_server
NOTIC: 建议使用I方法替代_server
NOTIC: 建议使用I方法替代_server
NOTIC: 建议使用I方法替代_server
NOTIC: 建议使用I方法替代_server
NOTIC: 建议使用I方法替代_server
NOTIC: 建议使用I方法替代_server

[ 2014-10-31T16:51:45+08:00 ] 0.0.0.0 /Tp_group/Admin/ThinkImg/index
INFO: [ route_check ] --START--
INFO: CheckRoute Behavior ::run [ RunTime:0.006000s ]
INFO: [ route_check ] --END-- [ RunTime:0.007000s ]
NOTIC: 建议使用I方法替代_server
NOTIC: 建议使用I方法替代_server
NOTIC: 建议使用I方法替代_server
NOTIC: 建议使用I方法替代_server
NOTIC: 建议使用I方法替代_server
NOTIC: 建议使用I方法替代_server
NOTIC: 建议使用I方法替代_server
NOTIC: 建议使用I方法替代_server
NOTIC: 建议使用I方法替代_server
NOTIC: 建议使用I方法替代_server
NOTIC: 建议使用I方法替代_server
NOTIC: 建议使用I方法替代_server
NOTIC: 建议使用I方法替代_server
NOTIC: 建议使用I方法替代_server
NOTIC: 建议使用I方法替代_server
NOTIC: 建议使用I方法替代_server
NOTIC: 建议使用I方法替代_server
NOTIC: 建议使用I方法替代_server
NOTIC: 建议使用I方法替代_server
NOTIC: 建议使用I方法替代_server
NOTIC: 建议使用I方法替代_server
NOTIC: 建议使用I方法替代_server
NOTIC: 建议使用I方法替代_server
NOTIC: 建议使用I方法替代_server
NOTIC: 建议使用I方法替代_server
NOTIC: 建议使用I方法替代_server
NOTIC: 建议使用I方法替代_server
NOTIC: 建议使用I方法替代_server
NOTIC: 建议使用I方法替代_server
NOTIC: 建议使用I方法替代_server

[ 2014-10-31T16:51:47+08:00 ] 0.0.0.0 /Tp_group/Admin/ThinkImg/crop
INFO: [ route_check ] --START--
INFO: CheckRoute Behavior ::run [ RunTime:0.003000s ]
INFO: [ route_check ] --END-- [ RunTime:0.004000s ]

[ 2014-10-31T16:52:20+08:00 ] 0.0.0.0 /Tp_group/Admin/ThinkImg/crop
INFO: [ route_check ] --START--
INFO: CheckRoute Behavior ::run [ RunTime:0.003000s ]
INFO: [ route_check ] --END-- [ RunTime:0.003000s ]

[ 2014-10-31T16:52:47+08:00 ] 0.0.0.0 /Tp_group/Admin/ThinkImg/index
INFO: [ route_check ] --START--
INFO: CheckRoute Behavior ::run [ RunTime:0.002000s ]
INFO: [ route_check ] --END-- [ RunTime:0.003000s ]
NOTIC: 建议使用I方法替代_server
NOTIC: 建议使用I方法替代_server
NOTIC: 建议使用I方法替代_server
NOTIC: 建议使用I方法替代_server
NOTIC: 建议使用I方法替代_server
NOTIC: 建议使用I方法替代_server
NOTIC: 建议使用I方法替代_server
NOTIC: 建议使用I方法替代_server
NOTIC: 建议使用I方法替代_server
NOTIC: 建议使用I方法替代_server
NOTIC: 建议使用I方法替代_server
NOTIC: 建议使用I方法替代_server
NOTIC: 建议使用I方法替代_server
NOTIC: 建议使用I方法替代_server
NOTIC: 建议使用I方法替代_server
NOTIC: 建议使用I方法替代_server
NOTIC: 建议使用I方法替代_server
NOTIC: 建议使用I方法替代_server
NOTIC: 建议使用I方法替代_server
NOTIC: 建议使用I方法替代_server
NOTIC: 建议使用I方法替代_server
NOTIC: 建议使用I方法替代_server
NOTIC: 建议使用I方法替代_server
NOTIC: 建议使用I方法替代_server
NOTIC: 建议使用I方法替代_server
NOTIC: 建议使用I方法替代_server
NOTIC: 建议使用I方法替代_server
NOTIC: 建议使用I方法替代_server
NOTIC: 建议使用I方法替代_server
NOTIC: 建议使用I方法替代_server

[ 2014-10-31T16:52:49+08:00 ] 0.0.0.0 /Tp_group/Admin/ThinkImg/crop/pic/Arraypic
INFO: [ route_check ] --START--
INFO: CheckRoute Behavior ::run [ RunTime:0.003000s ]
INFO: [ route_check ] --END-- [ RunTime:0.003000s ]

[ 2014-10-31T16:55:18+08:00 ] 0.0.0.0 /Tp_group/Admin/ThinkImg/crop/pic/Arraypic
INFO: [ route_check ] --START--
INFO: CheckRoute Behavior ::run [ RunTime:0.003000s ]
INFO: [ route_check ] --END-- [ RunTime:0.003000s ]

[ 2014-10-31T16:55:40+08:00 ] 0.0.0.0 /Tp_group/Admin/ThinkImg/index
INFO: [ route_check ] --START--
INFO: CheckRoute Behavior ::run [ RunTime:0.002000s ]
INFO: [ route_check ] --END-- [ RunTime:0.002000s ]
NOTIC: 建议使用I方法替代_server
NOTIC: 建议使用I方法替代_server
NOTIC: 建议使用I方法替代_server
NOTIC: 建议使用I方法替代_server
NOTIC: 建议使用I方法替代_server
NOTIC: 建议使用I方法替代_server
NOTIC: 建议使用I方法替代_server
NOTIC: 建议使用I方法替代_server
NOTIC: 建议使用I方法替代_server
NOTIC: 建议使用I方法替代_server
NOTIC: 建议使用I方法替代_server
NOTIC: 建议使用I方法替代_server
NOTIC: 建议使用I方法替代_server
NOTIC: 建议使用I方法替代_server
NOTIC: 建议使用I方法替代_server
NOTIC: 建议使用I方法替代_server
NOTIC: 建议使用I方法替代_server
NOTIC: 建议使用I方法替代_server
NOTIC: 建议使用I方法替代_server
NOTIC: 建议使用I方法替代_server
NOTIC: 建议使用I方法替代_server
NOTIC: 建议使用I方法替代_server
NOTIC: 建议使用I方法替代_server
NOTIC: 建议使用I方法替代_server
NOTIC: 建议使用I方法替代_server
NOTIC: 建议使用I方法替代_server
NOTIC: 建议使用I方法替代_server
NOTIC: 建议使用I方法替代_server
NOTIC: 建议使用I方法替代_server
NOTIC: 建议使用I方法替代_server

[ 2014-10-31T16:56:14+08:00 ] 0.0.0.0 /Tp_group/Admin/ThinkImg/index
INFO: [ route_check ] --START--
INFO: CheckRoute Behavior ::run [ RunTime:0.004000s ]
INFO: [ route_check ] --END-- [ RunTime:0.004000s ]
NOTIC: 建议使用I方法替代_server
NOTIC: 建议使用I方法替代_server
NOTIC: 建议使用I方法替代_server
NOTIC: 建议使用I方法替代_server
NOTIC: 建议使用I方法替代_server
NOTIC: 建议使用I方法替代_server
NOTIC: 建议使用I方法替代_server
NOTIC: 建议使用I方法替代_server
NOTIC: 建议使用I方法替代_server
NOTIC: 建议使用I方法替代_server
NOTIC: 建议使用I方法替代_server
NOTIC: 建议使用I方法替代_server
NOTIC: 建议使用I方法替代_server
NOTIC: 建议使用I方法替代_server
NOTIC: 建议使用I方法替代_server
NOTIC: 建议使用I方法替代_server
NOTIC: 建议使用I方法替代_server
NOTIC: 建议使用I方法替代_server
NOTIC: 建议使用I方法替代_server
NOTIC: 建议使用I方法替代_server
NOTIC: 建议使用I方法替代_server
NOTIC: 建议使用I方法替代_server
NOTIC: 建议使用I方法替代_server
NOTIC: 建议使用I方法替代_server
NOTIC: 建议使用I方法替代_server
NOTIC: 建议使用I方法替代_server
NOTIC: 建议使用I方法替代_server
NOTIC: 建议使用I方法替代_server
NOTIC: 建议使用I方法替代_server
NOTIC: 建议使用I方法替代_server

[ 2014-10-31T16:58:16+08:00 ] 0.0.0.0 /Tp_group/Admin/ThinkImg/index
INFO: [ route_check ] --START--
INFO: CheckRoute Behavior ::run [ RunTime:0.003000s ]
INFO: [ route_check ] --END-- [ RunTime:0.003000s ]
NOTIC: 建议使用I方法替代_server
NOTIC: 建议使用I方法替代_server
NOTIC: 建议使用I方法替代_server
NOTIC: 建议使用I方法替代_server
NOTIC: 建议使用I方法替代_server
NOTIC: 建议使用I方法替代_server
NOTIC: 建议使用I方法替代_server
NOTIC: 建议使用I方法替代_server
NOTIC: 建议使用I方法替代_server
NOTIC: 建议使用I方法替代_server
NOTIC: 建议使用I方法替代_server
NOTIC: 建议使用I方法替代_server
NOTIC: 建议使用I方法替代_server
NOTIC: 建议使用I方法替代_server
NOTIC: 建议使用I方法替代_server
NOTIC: 建议使用I方法替代_server
NOTIC: 建议使用I方法替代_server
NOTIC: 建议使用I方法替代_server
NOTIC: 建议使用I方法替代_server
NOTIC: 建议使用I方法替代_server
NOTIC: 建议使用I方法替代_server
NOTIC: 建议使用I方法替代_server
NOTIC: 建议使用I方法替代_server
NOTIC: 建议使用I方法替代_server
NOTIC: 建议使用I方法替代_server
NOTIC: 建议使用I方法替代_server
NOTIC: 建议使用I方法替代_server
NOTIC: 建议使用I方法替代_server
NOTIC: 建议使用I方法替代_server
NOTIC: 建议使用I方法替代_server

[ 2014-10-31T16:58:17+08:00 ] 0.0.0.0 /Tp_group/Admin/ThinkImg/crop/id/1
INFO: [ route_check ] --START--
INFO: CheckRoute Behavior ::run [ RunTime:0.003000s ]
INFO: [ route_check ] --END-- [ RunTime:0.006000s ]

[ 2014-10-31T16:59:10+08:00 ] 0.0.0.0 /Tp_group/Admin/ThinkImg/crop/id/1
INFO: [ route_check ] --START--
INFO: CheckRoute Behavior ::run [ RunTime:0.003000s ]
INFO: [ route_check ] --END-- [ RunTime:0.003000s ]

[ 2014-10-31T17:00:14+08:00 ] 0.0.0.0 /Tp_group/Admin/ThinkImg/crop/id/1
INFO: [ route_check ] --START--
INFO: CheckRoute Behavior ::run [ RunTime:0.002000s ]
INFO: [ route_check ] --END-- [ RunTime:0.003000s ]

[ 2014-10-31T17:05:06+08:00 ] 0.0.0.0 /Tp_group/Admin/ThinkImg/crop/id/1
INFO: [ route_check ] --START--
INFO: CheckRoute Behavior ::run [ RunTime:0.005000s ]
INFO: [ route_check ] --END-- [ RunTime:0.006000s ]

[ 2014-10-31T17:05:06+08:00 ] 0.0.0.0 /Tp_group/Admin/ThinkImg/crop/id/Array
INFO: [ route_check ] --START--
INFO: CheckRoute Behavior ::run [ RunTime:0.003000s ]
INFO: [ route_check ] --END-- [ RunTime:0.003000s ]

[ 2014-10-31T17:05:26+08:00 ] 0.0.0.0 /Tp_group/App/Modules/Admin/Tpl/Public/Js/jquery-1.10.2.min.map
INFO: [ route_check ] --START--
INFO: CheckRoute Behavior ::run [ RunTime:0.003000s ]
INFO: [ route_check ] --END-- [ RunTime:0.003000s ]
ERR: 无法加载模块:App

[ 2014-10-31T17:05:40+08:00 ] 0.0.0.0 /Tp_group/Admin/ThinkImg/crop/id/1
INFO: [ route_check ] --START--
INFO: CheckRoute Behavior ::run [ RunTime:0.002000s ]
INFO: [ route_check ] --END-- [ RunTime:0.003000s ]

[ 2014-10-31T17:05:41+08:00 ] 0.0.0.0 /Tp_group/App/Modules/Admin/Tpl/Public/Js/jquery-1.10.2.min.map
INFO: [ route_check ] --START--
INFO: CheckRoute Behavior ::run [ RunTime:0.003000s ]
INFO: [ route_check ] --END-- [ RunTime:0.003000s ]
ERR: 无法加载模块:App

[ 2014-10-31T17:06:53+08:00 ] 0.0.0.0 /Tp_group/Admin/ThinkImg/crop/id/1
INFO: [ route_check ] --START--
INFO: CheckRoute Behavior ::run [ RunTime:0.003000s ]
INFO: [ route_check ] --END-- [ RunTime:0.003000s ]

[ 2014-10-31T17:14:47+08:00 ] 0.0.0.0 /Tp_group/Admin/ThinkImg/crop/id/1
INFO: [ route_check ] --START--
INFO: CheckRoute Behavior ::run [ RunTime:0.003000s ]
INFO: [ route_check ] --END-- [ RunTime:0.003000s ]

[ 2014-10-31T17:15:04+08:00 ] 0.0.0.0 /Tp_group/Admin/ThinkImg/crop/id/1
INFO: [ route_check ] --START--
INFO: CheckRoute Behavior ::run [ RunTime:0.002000s ]
INFO: [ route_check ] --END-- [ RunTime:0.003001s ]

[ 2014-10-31T17:18:08+08:00 ] 0.0.0.0 /Tp_group/Admin/ThinkImg/crop/id/1
INFO: [ route_check ] --START--
INFO: CheckRoute Behavior ::run [ RunTime:0.002000s ]
INFO: [ route_check ] --END-- [ RunTime:0.003000s ]

[ 2014-10-31T17:19:45+08:00 ] 0.0.0.0 /Tp_group/Admin/ThinkImg/crop/id/1
INFO: [ route_check ] --START--
INFO: CheckRoute Behavior ::run [ RunTime:0.003000s ]
INFO: [ route_check ] --END-- [ RunTime:0.003000s ]

[ 2014-10-31T17:19:57+08:00 ] 0.0.0.0 /Tp_group/Admin/ThinkImg/crop/id/1
INFO: [ route_check ] --START--
INFO: CheckRoute Behavior ::run [ RunTime:0.003000s ]
INFO: [ route_check ] --END-- [ RunTime:0.004000s ]

[ 2014-10-31T17:20:38+08:00 ] 0.0.0.0 /Tp_group/Admin/ThinkImg/crop/id/1
INFO: [ route_check ] --START--
INFO: CheckRoute Behavior ::run [ RunTime:0.002001s ]
INFO: [ route_check ] --END-- [ RunTime:0.003001s ]

[ 2014-10-31T17:20:43+08:00 ] 0.0.0.0 /Tp_group/Admin/ThinkImg/crop/id/1
INFO: [ route_check ] --START--
INFO: CheckRoute Behavior ::run [ RunTime:0.002001s ]
INFO: [ route_check ] --END-- [ RunTime:0.004001s ]

[ 2014-10-31T17:28:31+08:00 ] 0.0.0.0 /Tp_group/Admin/ThinkImg/crop/id/1
INFO: [ route_check ] --START--
INFO: CheckRoute Behavior ::run [ RunTime:0.003000s ]
INFO: [ route_check ] --END-- [ RunTime:0.004000s ]

[ 2014-10-31T17:28:53+08:00 ] 0.0.0.0 /Tp_group/Admin/ThinkImg/crop/id/1
INFO: [ route_check ] --START--
INFO: CheckRoute Behavior ::run [ RunTime:0.003000s ]
INFO: [ route_check ] --END-- [ RunTime:0.003000s ]

[ 2014-10-31T17:28:57+08:00 ] 0.0.0.0 /Tp_group/App/Modules/Admin/Tpl/Public/Js/jquery-1.10.2.min.map
INFO: [ route_check ] --START--
INFO: CheckRoute Behavior ::run [ RunTime:0.003001s ]
INFO: [ route_check ] --END-- [ RunTime:0.003001s ]
ERR: 无法加载模块:App

[ 2014-10-31T17:30:35+08:00 ] 0.0.0.0 /Tp_group/Admin/ThinkImg/crop/id/1
INFO: [ route_check ] --START--
INFO: CheckRoute Behavior ::run [ RunTime:0.002000s ]
INFO: [ route_check ] --END-- [ RunTime:0.004000s ]

[ 2014-10-31T17:30:36+08:00 ] 0.0.0.0 /Tp_group/App/Modules/Admin/Tpl/Public/Js/jquery-1.10.2.min.map
INFO: [ route_check ] --START--
INFO: CheckRoute Behavior ::run [ RunTime:0.002000s ]
INFO: [ route_check ] --END-- [ RunTime:0.003000s ]
ERR: 无法加载模块:App

[ 2014-10-31T17:36:29+08:00 ] 0.0.0.0 /Tp_group/Admin/ThinkImg/crop/id/1
INFO: [ route_check ] --START--
INFO: CheckRoute Behavior ::run [ RunTime:0.002000s ]
INFO: [ route_check ] --END-- [ RunTime:0.004000s ]

[ 2014-10-31T17:36:29+08:00 ] 0.0.0.0 /Tp_group/App/Modules/Admin/Tpl/Public/Js/jquery-1.10.2.min.map
INFO: [ route_check ] --START--
INFO: CheckRoute Behavior ::run [ RunTime:0.011001s ]
INFO: [ route_check ] --END-- [ RunTime:0.011001s ]
ERR: 无法加载模块:App

[ 2014-10-31T17:37:16+08:00 ] 0.0.0.0 /Tp_group/Admin/ThinkImg/crop/id/1
INFO: [ route_check ] --START--
INFO: CheckRoute Behavior ::run [ RunTime:0.002000s ]
INFO: [ route_check ] --END-- [ RunTime:0.003001s ]

[ 2014-10-31T17:37:17+08:00 ] 0.0.0.0 /Tp_group/App/Modules/Admin/Tpl/Public/Js/jquery-1.10.2.min.map
INFO: [ route_check ] --START--
INFO: CheckRoute Behavior ::run [ RunTime:0.008001s ]
INFO: [ route_check ] --END-- [ RunTime:0.008001s ]
ERR: 无法加载模块:App

[ 2014-10-31T17:37:53+08:00 ] 0.0.0.0 /Tp_group/Admin/ThinkImg/crop/id/1
INFO: [ route_check ] --START--
INFO: CheckRoute Behavior ::run [ RunTime:0.003000s ]
INFO: [ route_check ] --END-- [ RunTime:0.003000s ]

[ 2014-10-31T17:37:53+08:00 ] 0.0.0.0 /Tp_group/App/Modules/Admin/Tpl/Public/Js/jquery-1.10.2.min.map
INFO: [ route_check ] --START--
INFO: CheckRoute Behavior ::run [ RunTime:0.003000s ]
INFO: [ route_check ] --END-- [ RunTime:0.003000s ]
ERR: 无法加载模块:App

[ 2014-10-31T17:38:38+08:00 ] 0.0.0.0 /Tp_group/Admin/ThinkImg/crop/id/1
INFO: [ route_check ] --START--
INFO: CheckRoute Behavior ::run [ RunTime:0.003000s ]
INFO: [ route_check ] --END-- [ RunTime:0.003000s ]

[ 2014-10-31T17:38:39+08:00 ] 0.0.0.0 /Tp_group/App/Modules/Admin/Tpl/Public/Js/jquery-1.10.2.min.map
INFO: [ route_check ] --START--
INFO: CheckRoute Behavior ::run [ RunTime:0.002000s ]
INFO: [ route_check ] --END-- [ RunTime:0.003000s ]
ERR: 无法加载模块:App

[ 2014-10-31T17:39:09+08:00 ] 0.0.0.0 /Tp_group/Admin/ThinkImg/crop/id/1
INFO: [ route_check ] --START--
INFO: CheckRoute Behavior ::run [ RunTime:0.002000s ]
INFO: [ route_check ] --END-- [ RunTime:0.002000s ]

[ 2014-10-31T17:39:09+08:00 ] 0.0.0.0 /Tp_group/App/Modules/Admin/Tpl/Public/Js/jquery-1.10.2.min.map
INFO: [ route_check ] --START--
INFO: CheckRoute Behavior ::run [ RunTime:0.007001s ]
INFO: [ route_check ] --END-- [ RunTime:0.009001s ]
ERR: 无法加载模块:App

[ 2014-10-31T17:39:32+08:00 ] 0.0.0.0 /Tp_group/Admin/ThinkImg/crop/id/1
INFO: [ route_check ] --START--
INFO: CheckRoute Behavior ::run [ RunTime:0.002000s ]
INFO: [ route_check ] --END-- [ RunTime:0.003000s ]

[ 2014-10-31T17:39:33+08:00 ] 0.0.0.0 /Tp_group/App/Modules/Admin/Tpl/Public/Js/jquery-1.10.2.min.map
INFO: [ route_check ] --START--
INFO: CheckRoute Behavior ::run [ RunTime:0.002001s ]
INFO: [ route_check ] --END-- [ RunTime:0.003001s ]
ERR: 无法加载模块:App

[ 2014-10-31T17:39:42+08:00 ] 0.0.0.0 /Tp_group/Admin/ThinkImg/crop/id/1
INFO: [ route_check ] --START--
INFO: CheckRoute Behavior ::run [ RunTime:0.002000s ]
INFO: [ route_check ] --END-- [ RunTime:0.002000s ]

[ 2014-10-31T17:39:42+08:00 ] 0.0.0.0 /Tp_group/App/Modules/Admin/Tpl/Public/Js/jquery-1.10.2.min.map
INFO: [ route_check ] --START--
INFO: CheckRoute Behavior ::run [ RunTime:0.018001s ]
INFO: [ route_check ] --END-- [ RunTime:0.018001s ]
ERR: 无法加载模块:App

[ 2014-10-31T17:45:20+08:00 ] 0.0.0.0 /Tp_group/Admin/ThinkImg/crop/id/1
INFO: [ route_check ] --START--
INFO: CheckRoute Behavior ::run [ RunTime:0.003000s ]
INFO: [ route_check ] --END-- [ RunTime:0.003000s ]

[ 2014-10-31T17:45:21+08:00 ] 0.0.0.0 /Tp_group/App/Modules/Admin/Tpl/Public/Js/jquery-1.10.2.min.map
INFO: [ route_check ] --START--
INFO: CheckRoute Behavior ::run [ RunTime:0.005000s ]
INFO: [ route_check ] --END-- [ RunTime:0.006000s ]
ERR: 无法加载模块:App

[ 2014-10-31T17:45:45+08:00 ] 0.0.0.0 /Tp_group/Admin/ThinkImg/crop/id/1
INFO: [ route_check ] --START--
INFO: CheckRoute Behavior ::run [ RunTime:0.002000s ]
INFO: [ route_check ] --END-- [ RunTime:0.003000s ]

[ 2014-10-31T17:45:46+08:00 ] 0.0.0.0 /Tp_group/App/Modules/Admin/Tpl/Public/Js/jquery-1.10.2.min.map
INFO: [ route_check ] --START--
INFO: CheckRoute Behavior ::run [ RunTime:0.003001s ]
INFO: [ route_check ] --END-- [ RunTime:0.003001s ]
ERR: 无法加载模块:App

[ 2014-10-31T17:46:48+08:00 ] 0.0.0.0 /Tp_group/Admin/ThinkImg/crop/id/1
INFO: [ route_check ] --START--
INFO: CheckRoute Behavior ::run [ RunTime:0.003000s ]
INFO: [ route_check ] --END-- [ RunTime:0.003000s ]

[ 2014-10-31T17:46:48+08:00 ] 0.0.0.0 /Tp_group/App/Modules/Admin/Tpl/Public/Js/jquery-1.10.2.min.map
INFO: [ route_check ] --START--
INFO: CheckRoute Behavior ::run [ RunTime:0.003001s ]
INFO: [ route_check ] --END-- [ RunTime:0.003001s ]
ERR: 无法加载模块:App

[ 2014-10-31T17:47:01+08:00 ] 0.0.0.0 /Tp_group/Admin/ThinkImg/crop/id/1
INFO: [ route_check ] --START--
INFO: CheckRoute Behavior ::run [ RunTime:0.002000s ]
INFO: [ route_check ] --END-- [ RunTime:0.003000s ]

[ 2014-10-31T17:47:01+08:00 ] 0.0.0.0 /Tp_group/App/Modules/Admin/Tpl/Public/Js/jquery-1.10.2.min.map
INFO: [ route_check ] --START--
INFO: CheckRoute Behavior ::run [ RunTime:0.002001s ]
INFO: [ route_check ] --END-- [ RunTime:0.003001s ]
ERR: 无法加载模块:App

[ 2014-10-31T17:58:45+08:00 ] 0.0.0.0 /Tp_group/Admin/ThinkImg/crop/id/1
INFO: [ route_check ] --START--
INFO: CheckRoute Behavior ::run [ RunTime:0.003000s ]
INFO: [ route_check ] --END-- [ RunTime:0.003000s ]

[ 2014-10-31T17:58:46+08:00 ] 0.0.0.0 /Tp_group/App/Modules/Admin/Tpl/Public/Js/jquery-1.10.2.min.map
INFO: [ route_check ] --START--
INFO: CheckRoute Behavior ::run [ RunTime:0.002000s ]
INFO: [ route_check ] --END-- [ RunTime:0.004000s ]
ERR: 无法加载模块:App

[ 2014-10-31T17:59:12+08:00 ] 0.0.0.0 /Tp_group/Admin/ThinkImg/crop/id/1
INFO: [ route_check ] --START--
INFO: CheckRoute Behavior ::run [ RunTime:0.005000s ]
INFO: [ route_check ] --END-- [ RunTime:0.006000s ]

[ 2014-10-31T17:59:12+08:00 ] 0.0.0.0 /Tp_group/App/Modules/Admin/Tpl/Public/Js/jquery-1.10.2.min.map
INFO: [ route_check ] --START--
INFO: CheckRoute Behavior ::run [ RunTime:0.003000s ]
INFO: [ route_check ] --END-- [ RunTime:0.003000s ]
ERR: 无法加载模块:App

[ 2014-10-31T18:00:22+08:00 ] 0.0.0.0 /Tp_group/Admin/ThinkImg/crop/id/1
INFO: [ route_check ] --START--
INFO: CheckRoute Behavior ::run [ RunTime:0.002000s ]
INFO: [ route_check ] --END-- [ RunTime:0.003000s ]

[ 2014-10-31T18:00:23+08:00 ] 0.0.0.0 /Tp_group/App/Modules/Admin/Tpl/Public/Js/jquery-1.10.2.min.map
INFO: [ route_check ] --START--
INFO: CheckRoute Behavior ::run [ RunTime:0.003000s ]
INFO: [ route_check ] --END-- [ RunTime:0.004000s ]
ERR: 无法加载模块:App

[ 2014-10-31T18:02:57+08:00 ] 0.0.0.0 /Tp_group/Admin/ThinkImg/crop/id/1
INFO: [ route_check ] --START--
INFO: CheckRoute Behavior ::run [ RunTime:0.002000s ]
INFO: [ route_check ] --END-- [ RunTime:0.003000s ]

[ 2014-10-31T18:02:57+08:00 ] 0.0.0.0 /Tp_group/App/Modules/Admin/Tpl/Public/Js/jquery-1.10.2.min.map
INFO: [ route_check ] --START--
INFO: CheckRoute Behavior ::run [ RunTime:0.003000s ]
INFO: [ route_check ] --END-- [ RunTime:0.003000s ]
ERR: 无法加载模块:App

[ 2014-10-31T18:07:06+08:00 ] 0.0.0.0 /Tp_group/Admin/ThinkImg/crop/id/1
INFO: [ route_check ] --START--
INFO: CheckRoute Behavior ::run [ RunTime:0.004000s ]
INFO: [ route_check ] --END-- [ RunTime:0.005001s ]

[ 2014-10-31T18:07:07+08:00 ] 0.0.0.0 /Tp_group/App/Modules/Admin/Tpl/Public/Js/jquery-1.10.2.min.map
INFO: [ route_check ] --START--
INFO: CheckRoute Behavior ::run [ RunTime:0.003000s ]
INFO: [ route_check ] --END-- [ RunTime:0.004000s ]
ERR: 无法加载模块:App

[ 2014-10-31T18:07:27+08:00 ] 0.0.0.0 /Tp_group/Admin/ThinkImg/crop/id/1
INFO: [ route_check ] --START--
INFO: CheckRoute Behavior ::run [ RunTime:0.003001s ]
INFO: [ route_check ] --END-- [ RunTime:0.003001s ]

[ 2014-10-31T18:07:28+08:00 ] 0.0.0.0 /Tp_group/App/Modules/Admin/Tpl/Public/Js/jquery-1.10.2.min.map
INFO: [ route_check ] --START--
INFO: CheckRoute Behavior ::run [ RunTime:0.002000s ]
INFO: [ route_check ] --END-- [ RunTime:0.003000s ]
ERR: 无法加载模块:App

[ 2014-10-31T18:08:26+08:00 ] 0.0.0.0 /Tp_group/Admin/ThinkImg/crop/id/1
INFO: [ route_check ] --START--
INFO: CheckRoute Behavior ::run [ RunTime:0.002000s ]
INFO: [ route_check ] --END-- [ RunTime:0.003000s ]

[ 2014-10-31T18:08:26+08:00 ] 0.0.0.0 /Tp_group/App/Modules/Admin/Tpl/Public/Js/jquery-1.10.2.min.map
INFO: [ route_check ] --START--
INFO: CheckRoute Behavior ::run [ RunTime:0.002001s ]
INFO: [ route_check ] --END-- [ RunTime:0.002001s ]
ERR: 无法加载模块:App

[ 2014-10-31T18:45:32+08:00 ] 0.0.0.0 /Tp_group/Admin/ThinkImg/crop/id/1
INFO: [ route_check ] --START--
INFO: CheckRoute Behavior ::run [ RunTime:0.002000s ]
INFO: [ route_check ] --END-- [ RunTime:0.003000s ]

[ 2014-10-31T18:46:52+08:00 ] 0.0.0.0 /Tp_group/Admin/ThinkImg/crop/id/1
INFO: [ route_check ] --START--
INFO: CheckRoute Behavior ::run [ RunTime:0.003000s ]
INFO: [ route_check ] --END-- [ RunTime:0.003000s ]

[ 2014-10-31T18:48:11+08:00 ] 0.0.0.0 /Tp_group/av/6
INFO: [ route_check ] --START--
INFO: CheckRoute Behavior ::run [ RunTime:0.003000s ]
INFO: [ route_check ] --END-- [ RunTime:0.003000s ]

[ 2014-10-31T18:49:21+08:00 ] 0.0.0.0 /Tp_group/Home/Detail/index/id/6
INFO: [ route_check ] --START--
INFO: CheckRoute Behavior ::run [ RunTime:0.005000s ]
INFO: [ route_check ] --END-- [ RunTime:0.006000s ]

[ 2014-10-31T18:52:35+08:00 ] 0.0.0.0 /Tp_group/Admin/ThinkImg/crop/id/1
INFO: [ route_check ] --START--
INFO: CheckRoute Behavior ::run [ RunTime:0.002000s ]
INFO: [ route_check ] --END-- [ RunTime:0.003000s ]

[ 2014-10-31T18:54:08+08:00 ] 0.0.0.0 /Tp_group/Admin/ThinkImg/crop/id/1
INFO: [ route_check ] --START--
INFO: CheckRoute Behavior ::run [ RunTime:0.003000s ]
INFO: [ route_check ] --END-- [ RunTime:0.003000s ]

[ 2014-10-31T18:54:59+08:00 ] 0.0.0.0 /Tp_group/Admin/ThinkImg/crop/id/1
INFO: [ route_check ] --START--
INFO: CheckRoute Behavior ::run [ RunTime:0.003000s ]
INFO: [ route_check ] --END-- [ RunTime:0.004000s ]

[ 2014-10-31T18:56:21+08:00 ] 0.0.0.0 /Tp_group/Admin/ThinkImg/crop/id/1
INFO: [ route_check ] --START--
INFO: CheckRoute Behavior ::run [ RunTime:0.003000s ]
INFO: [ route_check ] --END-- [ RunTime:0.003000s ]

[ 2014-10-31T18:56:27+08:00 ] 0.0.0.0 /Tp_group/App/Modules/Admin/Tpl/Public/Js/jquery-1.10.2.min.map
INFO: [ route_check ] --START--
INFO: CheckRoute Behavior ::run [ RunTime:0.003000s ]
INFO: [ route_check ] --END-- [ RunTime:0.003000s ]
ERR: 无法加载模块:App

[ 2014-10-31T18:58:00+08:00 ] 0.0.0.0 /Tp_group/Admin/ThinkImg/crop/id/1
INFO: [ route_check ] --START--
INFO: CheckRoute Behavior ::run [ RunTime:0.002000s ]
INFO: [ route_check ] --END-- [ RunTime:0.003000s ]

[ 2014-10-31T18:58:00+08:00 ] 0.0.0.0 /Tp_group/App/Modules/Admin/Tpl/Public/Js/jquery-1.10.2.min.map
INFO: [ route_check ] --START--
INFO: CheckRoute Behavior ::run [ RunTime:0.003000s ]
INFO: [ route_check ] --END-- [ RunTime:0.004000s ]
ERR: 无法加载模块:App

[ 2014-10-31T18:58:25+08:00 ] 0.0.0.0 /Tp_group/Admin/ThinkImg/crop/id/1
INFO: [ route_check ] --START--
INFO: CheckRoute Behavior ::run [ RunTime:0.003001s ]
INFO: [ route_check ] --END-- [ RunTime:0.003001s ]

[ 2014-10-31T18:58:26+08:00 ] 0.0.0.0 /Tp_group/App/Modules/Admin/Tpl/Public/Js/jquery-1.10.2.min.map
INFO: [ route_check ] --START--
INFO: CheckRoute Behavior ::run [ RunTime:0.003000s ]
INFO: [ route_check ] --END-- [ RunTime:0.004000s ]
ERR: 无法加载模块:App

[ 2014-10-31T18:58:39+08:00 ] 0.0.0.0 /Tp_group/Admin/ThinkImg/crop/id/1
INFO: [ route_check ] --START--
INFO: CheckRoute Behavior ::run [ RunTime:0.002000s ]
INFO: [ route_check ] --END-- [ RunTime:0.003000s ]

[ 2014-10-31T18:58:39+08:00 ] 0.0.0.0 /Tp_group/App/Modules/Admin/Tpl/Public/Js/jquery-1.10.2.min.map
INFO: [ route_check ] --START--
INFO: CheckRoute Behavior ::run [ RunTime:0.003000s ]
INFO: [ route_check ] --END-- [ RunTime:0.003000s ]
ERR: 无法加载模块:App

[ 2014-10-31T19:01:30+08:00 ] 0.0.0.0 /Tp_group/Admin/ThinkImg/crop/id/1
INFO: [ route_check ] --START--
INFO: CheckRoute Behavior ::run [ RunTime:0.003001s ]
INFO: [ route_check ] --END-- [ RunTime:0.003001s ]

[ 2014-10-31T19:02:50+08:00 ] 0.0.0.0 /Tp_group/Admin/ThinkImg/crop/id/1
INFO: [ route_check ] --START--
INFO: CheckRoute Behavior ::run [ RunTime:0.003000s ]
INFO: [ route_check ] --END-- [ RunTime:0.003000s ]

[ 2014-10-31T19:05:26+08:00 ] 0.0.0.0 /Tp_group/Admin/ThinkImg/crop/id/1
INFO: [ route_check ] --START--
INFO: CheckRoute Behavior ::run [ RunTime:0.003000s ]
INFO: [ route_check ] --END-- [ RunTime:0.003000s ]

[ 2014-10-31T19:19:38+08:00 ] 0.0.0.0 /Tp_group/Admin/ThinkImg/crop/id/1
INFO: [ route_check ] --START--
INFO: CheckRoute Behavior ::run [ RunTime:0.002000s ]
INFO: [ route_check ] --END-- [ RunTime:0.003000s ]

[ 2014-10-31T19:19:50+08:00 ] 0.0.0.0 /Tp_group/App/Modules/Admin/Tpl/Public/Js/jquery-1.10.2.min.map
INFO: [ route_check ] --START--
INFO: CheckRoute Behavior ::run [ RunTime:0.003000s ]
INFO: [ route_check ] --END-- [ RunTime:0.003000s ]
ERR: 无法加载模块:App

[ 2014-10-31T19:19:53+08:00 ] 0.0.0.0 /Tp_group/Admin/ThinkImg/crop/id/cropImage
INFO: [ route_check ] --START--
INFO: CheckRoute Behavior ::run [ RunTime:0.002000s ]
INFO: [ route_check ] --END-- [ RunTime:0.004000s ]
INFO: [ app_begin ] --START--
INFO: ReadHtmlCache Behavior ::run [ RunTime:0.002000s ]
INFO: [ app_begin ] --END-- [ RunTime:0.002000s ]
SQL: SHOW COLUMNS FROM `think_animate` [ RunTime:0.006001s ]
SQL: SELECT `id`,`name`,`pic` FROM `think_animate` WHERE ( `id` = 0 ) LIMIT 1   [ RunTime:0.001000s ]
INFO: [ view_parse ] --START--
INFO: ParseTemplate Behavior ::run [ RunTime:0.026002s ]
INFO: [ view_parse ] --END-- [ RunTime:0.027002s ]
INFO: [ view_filter ] --START--
INFO: ContentReplace Behavior ::run [ RunTime:0.002000s ]
INFO: TokenBuild Behavior ::run [ RunTime:0.001000s ]
INFO: WriteHtmlCache Behavior ::run [ RunTime:0.001000s ]
INFO: ShowRuntime Behavior ::run [ RunTime:0.001000s ]
INFO: [ view_filter ] --END-- [ RunTime:0.007000s ]
INFO: [ view_end ] --START--
INFO: ShowPageTrace Behavior ::run [ RunTime:0.002000s ]
INFO: [ view_end ] --END-- [ RunTime:0.002000s ]

[ 2014-10-31T19:23:41+08:00 ] 0.0.0.0 /Tp_group/Admin/ThinkImg/crop/id/1
INFO: [ route_check ] --START--
INFO: CheckRoute Behavior ::run [ RunTime:0.004000s ]
INFO: [ route_check ] --END-- [ RunTime:0.004000s ]

[ 2014-10-31T19:23:41+08:00 ] 0.0.0.0 /Tp_group/App/Modules/Admin/Tpl/Public/Js/jquery-1.10.2.min.map
INFO: [ route_check ] --START--
INFO: CheckRoute Behavior ::run [ RunTime:0.003000s ]
INFO: [ route_check ] --END-- [ RunTime:0.004000s ]
ERR: 无法加载模块:App

[ 2014-10-31T19:23:49+08:00 ] 0.0.0.0 /Tp_group/Admin/ThinkImg/cropImage
INFO: [ route_check ] --START--
INFO: CheckRoute Behavior ::run [ RunTime:0.002000s ]
INFO: [ route_check ] --END-- [ RunTime:0.003000s ]
INFO: [ app_begin ] --START--
INFO: ReadHtmlCache Behavior ::run [ RunTime:0.002000s ]
INFO: [ app_begin ] --END-- [ RunTime:0.002000s ]
NOTIC: 建议使用I方法替代_post

[ 2014-10-31T19:26:27+08:00 ] 0.0.0.0 /Tp_group/Admin/ThinkImg/crop/id/1
INFO: [ route_check ] --START--
INFO: CheckRoute Behavior ::run [ RunTime:0.003000s ]
INFO: [ route_check ] --END-- [ RunTime:0.003000s ]

[ 2014-10-31T19:26:27+08:00 ] 0.0.0.0 /Tp_group/App/Modules/Admin/Tpl/Public/Js/jquery-1.10.2.min.map
INFO: [ route_check ] --START--
INFO: CheckRoute Behavior ::run [ RunTime:0.003000s ]
INFO: [ route_check ] --END-- [ RunTime:0.003000s ]
ERR: 无法加载模块:App

[ 2014-10-31T19:26:30+08:00 ] 0.0.0.0 /Tp_group/Admin/ThinkImg/cropImage
INFO: [ route_check ] --START--
INFO: CheckRoute Behavior ::run [ RunTime:0.002000s ]
INFO: [ route_check ] --END-- [ RunTime:0.003000s ]
INFO: [ app_begin ] --START--
INFO: ReadHtmlCache Behavior ::run [ RunTime:0.002000s ]
INFO: [ app_begin ] --END-- [ RunTime:0.002000s ]
NOTIC: 建议使用I方法替代_post

[ 2014-10-31T19:32:32+08:00 ] 0.0.0.0 /Tp_group/Admin/ThinkImg/cropImage
INFO: [ route_check ] --START--
INFO: CheckRoute Behavior ::run [ RunTime:0.003000s ]
INFO: [ route_check ] --END-- [ RunTime:0.003000s ]
NOTIC: 建议使用I方法替代_post

[ 2014-10-31T19:32:48+08:00 ] 0.0.0.0 /Tp_group/Admin/ThinkImg/cropImage
INFO: [ route_check ] --START--
INFO: CheckRoute Behavior ::run [ RunTime:0.003000s ]
INFO: [ route_check ] --END-- [ RunTime:0.003000s ]
NOTIC: 建议使用I方法替代_post

[ 2014-10-31T19:32:57+08:00 ] 0.0.0.0 /Tp_group/Admin/ThinkImg/cropImage
INFO: [ route_check ] --START--
INFO: CheckRoute Behavior ::run [ RunTime:0.002000s ]
INFO: [ route_check ] --END-- [ RunTime:0.004000s ]
NOTIC: 建议使用I方法替代_post

[ 2014-10-31T19:34:27+08:00 ] 0.0.0.0 /Tp_group/Admin/ThinkImg/cropImage
INFO: [ route_check ] --START--
INFO: CheckRoute Behavior ::run [ RunTime:0.002000s ]
INFO: [ route_check ] --END-- [ RunTime:0.003000s ]
NOTIC: 建议使用I方法替代_post

[ 2014-10-31T19:36:35+08:00 ] 0.0.0.0 /Tp_group/Admin/ThinkImg/cropImage
INFO: [ route_check ] --START--
INFO: CheckRoute Behavior ::run [ RunTime:0.003000s ]
INFO: [ route_check ] --END-- [ RunTime:0.003000s ]
NOTIC: 建议使用I方法替代_post

[ 2014-10-31T19:36:47+08:00 ] 0.0.0.0 /Tp_group/Admin/ThinkImg/cropImage
INFO: [ route_check ] --START--
INFO: CheckRoute Behavior ::run [ RunTime:0.003001s ]
INFO: [ route_check ] --END-- [ RunTime:0.003001s ]
NOTIC: 建议使用I方法替代_post

[ 2014-10-31T19:36:58+08:00 ] 0.0.0.0 /Tp_group/Admin/ThinkImg/cropImage
INFO: [ route_check ] --START--
INFO: CheckRoute Behavior ::run [ RunTime:0.002000s ]
INFO: [ route_check ] --END-- [ RunTime:0.003000s ]
NOTIC: 建议使用I方法替代_post

[ 2014-10-31T19:40:14+08:00 ] 0.0.0.0 /Tp_group/Admin/ThinkImg/crop/id/1
INFO: [ route_check ] --START--
INFO: CheckRoute Behavior ::run [ RunTime:0.003000s ]
INFO: [ route_check ] --END-- [ RunTime:0.003000s ]

[ 2014-10-31T19:40:17+08:00 ] 0.0.0.0 /Tp_group/Admin/ThinkImg/cropImage
INFO: [ route_check ] --START--
INFO: CheckRoute Behavior ::run [ RunTime:0.002000s ]
INFO: [ route_check ] --END-- [ RunTime:0.003000s ]
INFO: [ app_begin ] --START--
INFO: ReadHtmlCache Behavior ::run [ RunTime:0.002000s ]
INFO: [ app_begin ] --END-- [ RunTime:0.002000s ]
NOTIC: 建议使用I方法替代_post
ERR: 不存在的图像文件

[ 2014-10-31T19:40:19+08:00 ] 0.0.0.0 /Tp_group/App/Modules/Admin/Tpl/Public/Js/jquery-1.10.2.min.map
INFO: [ route_check ] --START--
INFO: CheckRoute Behavior ::run [ RunTime:0.003000s ]
INFO: [ route_check ] --END-- [ RunTime:0.003000s ]
ERR: 无法加载模块:App

[ 2014-10-31T19:40:24+08:00 ] 0.0.0.0 /Tp_group/Admin/ThinkImg/cropImage
INFO: [ route_check ] --START--
INFO: CheckRoute Behavior ::run [ RunTime:0.002000s ]
INFO: [ route_check ] --END-- [ RunTime:0.003000s ]
INFO: [ app_begin ] --START--
INFO: ReadHtmlCache Behavior ::run [ RunTime:0.001000s ]
INFO: [ app_begin ] --END-- [ RunTime:0.002000s ]
NOTIC: 建议使用I方法替代_post
ERR: 不存在的图像文件

[ 2014-10-31T19:43:13+08:00 ] 0.0.0.0 /Tp_group/Admin/ThinkImg/cropImage
INFO: [ route_check ] --START--
INFO: CheckRoute Behavior ::run [ RunTime:0.003000s ]
INFO: [ route_check ] --END-- [ RunTime:0.003000s ]
NOTIC: 建议使用I方法替代_post

[ 2014-10-31T19:43:28+08:00 ] 0.0.0.0 /Tp_group/Admin/ThinkImg/cropImage
INFO: [ route_check ] --START--
INFO: CheckRoute Behavior ::run [ RunTime:0.003000s ]
INFO: [ route_check ] --END-- [ RunTime:0.003000s ]
NOTIC: 建议使用I方法替代_post

[ 2014-10-31T19:43:57+08:00 ] 0.0.0.0 /Tp_group/Admin/ThinkImg/cropImage
INFO: [ route_check ] --START--
INFO: CheckRoute Behavior ::run [ RunTime:0.003000s ]
INFO: [ route_check ] --END-- [ RunTime:0.003000s ]
NOTIC: 建议使用I方法替代_post

[ 2014-10-31T19:45:04+08:00 ] 0.0.0.0 /Tp_group/Admin/ThinkImg/cropImage
INFO: [ route_check ] --START--
INFO: CheckRoute Behavior ::run [ RunTime:0.003001s ]
INFO: [ route_check ] --END-- [ RunTime:0.003001s ]
NOTIC: 建议使用I方法替代_post

[ 2014-10-31T19:48:41+08:00 ] 0.0.0.0 /Tp_group/Admin/ThinkImg/cropImage
INFO: [ route_check ] --START--
INFO: CheckRoute Behavior ::run [ RunTime:0.003001s ]
INFO: [ route_check ] --END-- [ RunTime:0.003001s ]
NOTIC: 建议使用I方法替代_post

[ 2014-10-31T19:50:36+08:00 ] 0.0.0.0 /Tp_group/Admin/ThinkImg/cropImage
INFO: [ route_check ] --START--
INFO: CheckRoute Behavior ::run [ RunTime:0.002000s ]
INFO: [ route_check ] --END-- [ RunTime:0.003001s ]
NOTIC: 建议使用I方法替代_post
ERR: 没有可以被保存的图像资源

[ 2014-10-31T19:51:34+08:00 ] 0.0.0.0 /Tp_group/Admin/ThinkImg/crop/id/1
INFO: [ route_check ] --START--
INFO: CheckRoute Behavior ::run [ RunTime:0.002000s ]
INFO: [ route_check ] --END-- [ RunTime:0.004000s ]

[ 2014-10-31T19:51:35+08:00 ] 0.0.0.0 /Tp_group/Admin/ThinkImg/crop/id/1
INFO: [ route_check ] --START--
INFO: CheckRoute Behavior ::run [ RunTime:0.003000s ]
INFO: [ route_check ] --END-- [ RunTime:0.003000s ]

[ 2014-10-31T19:51:42+08:00 ] 0.0.0.0 /Tp_group/Admin/ThinkImg/cropImage
INFO: [ route_check ] --START--
INFO: CheckRoute Behavior ::run [ RunTime:0.002000s ]
INFO: [ route_check ] --END-- [ RunTime:0.002000s ]
INFO: [ app_begin ] --START--
INFO: ReadHtmlCache Behavior ::run [ RunTime:0.002000s ]
INFO: [ app_begin ] --END-- [ RunTime:0.002000s ]
NOTIC: 建议使用I方法替代_post
NOTIC: [2] imagejpeg(./Thumb/260x260//201410/54451474c3b31.jpg): failed to open stream: No such file or directory D:\wamp\www\Tp_group\ThinkPHP\Extend\Library\ORG\Util\Image\Driver\ImageGd.class.php 第 102 行.

[ 2014-10-31T19:52:00+08:00 ] 0.0.0.0 /Tp_group/App/Modules/Admin/Tpl/Public/Js/jquery-1.10.2.min.map
INFO: [ route_check ] --START--
INFO: CheckRoute Behavior ::run [ RunTime:0.002000s ]
INFO: [ route_check ] --END-- [ RunTime:0.003000s ]
ERR: 无法加载模块:App

[ 2014-10-31T19:52:06+08:00 ] 0.0.0.0 /Tp_group/Admin/ThinkImg/cropImage
INFO: [ route_check ] --START--
INFO: CheckRoute Behavior ::run [ RunTime:0.002000s ]
INFO: [ route_check ] --END-- [ RunTime:0.003000s ]
INFO: [ app_begin ] --START--
INFO: ReadHtmlCache Behavior ::run [ RunTime:0.002000s ]
INFO: [ app_begin ] --END-- [ RunTime:0.003000s ]
NOTIC: 建议使用I方法替代_post
NOTIC: [2] imagejpeg(./Thumb/260x260//201410/54451474c3b31.jpg): failed to open stream: No such file or directory D:\wamp\www\Tp_group\ThinkPHP\Extend\Library\ORG\Util\Image\Driver\ImageGd.class.php 第 102 行.

[ 2014-10-31T19:53:21+08:00 ] 0.0.0.0 /Tp_group/Admin/ThinkImg/cropImage
INFO: [ route_check ] --START--
INFO: CheckRoute Behavior ::run [ RunTime:0.002000s ]
INFO: [ route_check ] --END-- [ RunTime:0.003000s ]

[ 2014-10-31T19:54:44+08:00 ] 0.0.0.0 /Tp_group/Admin/ThinkImg/cropImage
INFO: [ route_check ] --START--
INFO: CheckRoute Behavior ::run [ RunTime:0.004001s ]
INFO: [ route_check ] --END-- [ RunTime:0.005001s ]

[ 2014-10-31T19:54:59+08:00 ] 0.0.0.0 /Tp_group/Admin/ThinkImg/cropImage
INFO: [ route_check ] --START--
INFO: CheckRoute Behavior ::run [ RunTime:0.003000s ]
INFO: [ route_check ] --END-- [ RunTime:0.003000s ]

[ 2014-10-31T19:55:23+08:00 ] 0.0.0.0 /Tp_group/Admin/ThinkImg/cropImage
INFO: [ route_check ] --START--
INFO: CheckRoute Behavior ::run [ RunTime:0.003000s ]
INFO: [ route_check ] --END-- [ RunTime:0.003000s ]

[ 2014-10-31T19:57:09+08:00 ] 0.0.0.0 /Tp_group/Admin/ThinkImg/cropImage
INFO: [ route_check ] --START--
INFO: CheckRoute Behavior ::run [ RunTime:0.003000s ]
INFO: [ route_check ] --END-- [ RunTime:0.003000s ]

[ 2014-10-31T19:57:34+08:00 ] 0.0.0.0 /Tp_group/Admin/ThinkImg/cropImage
INFO: [ route_check ] --START--
INFO: CheckRoute Behavior ::run [ RunTime:0.005000s ]
INFO: [ route_check ] --END-- [ RunTime:0.006001s ]

[ 2014-10-31T19:57:58+08:00 ] 0.0.0.0 /Tp_group/Admin/ThinkImg/cropImage
INFO: [ route_check ] --START--
INFO: CheckRoute Behavior ::run [ RunTime:0.002001s ]
INFO: [ route_check ] --END-- [ RunTime:0.003001s ]

[ 2014-10-31T19:58:10+08:00 ] 0.0.0.0 /Tp_group/Admin/ThinkImg/cropImage
INFO: [ route_check ] --START--
INFO: CheckRoute Behavior ::run [ RunTime:0.003000s ]
INFO: [ route_check ] --END-- [ RunTime:0.004000s ]

[ 2014-10-31T20:00:33+08:00 ] 0.0.0.0 /Tp_group/Admin/ThinkImg/cropImage
INFO: [ route_check ] --START--
INFO: CheckRoute Behavior ::run [ RunTime:0.003000s ]
INFO: [ route_check ] --END-- [ RunTime:0.003000s ]

[ 2014-10-31T20:01:11+08:00 ] 0.0.0.0 /Tp_group/Admin/ThinkImg/cropImage
INFO: [ route_check ] --START--
INFO: CheckRoute Behavior ::run [ RunTime:0.003000s ]
INFO: [ route_check ] --END-- [ RunTime:0.003000s ]
ERR: 不存在的图像文件

[ 2014-10-31T20:02:21+08:00 ] 0.0.0.0 /Tp_group/Admin/ThinkImg/cropImage
INFO: [ route_check ] --START--
INFO: CheckRoute Behavior ::run [ RunTime:0.002000s ]
INFO: [ route_check ] --END-- [ RunTime:0.002000s ]

[ 2014-10-31T20:03:08+08:00 ] 0.0.0.0 /Tp_group/Admin/ThinkImg/cropImage
INFO: [ route_check ] --START--
INFO: CheckRoute Behavior ::run [ RunTime:0.002000s ]
INFO: [ route_check ] --END-- [ RunTime:0.004000s ]

[ 2014-10-31T20:03:39+08:00 ] 0.0.0.0 /Tp_group/Admin/ThinkImg/cropImage
INFO: [ route_check ] --START--
INFO: CheckRoute Behavior ::run [ RunTime:0.003000s ]
INFO: [ route_check ] --END-- [ RunTime:0.003000s ]

[ 2014-10-31T20:04:42+08:00 ] 0.0.0.0 /Tp_group/Admin/ThinkImg/cropImage
INFO: [ route_check ] --START--
INFO: CheckRoute Behavior ::run [ RunTime:0.003000s ]
INFO: [ route_check ] --END-- [ RunTime:0.003000s ]

[ 2014-10-31T20:05:46+08:00 ] 0.0.0.0 /Tp_group/Admin/ThinkImg/cropImage
INFO: [ route_check ] --START--
INFO: CheckRoute Behavior ::run [ RunTime:0.003001s ]
INFO: [ route_check ] --END-- [ RunTime:0.003001s ]

[ 2014-10-31T20:06:26+08:00 ] 0.0.0.0 /Tp_group/Admin/ThinkImg/cropImage
INFO: [ route_check ] --START--
INFO: CheckRoute Behavior ::run [ RunTime:0.002000s ]
INFO: [ route_check ] --END-- [ RunTime:0.003000s ]

[ 2014-10-31T20:07:08+08:00 ] 0.0.0.0 /Tp_group/Admin/ThinkImg/cropImage
INFO: [ route_check ] --START--
INFO: CheckRoute Behavior ::run [ RunTime:0.002000s ]
INFO: [ route_check ] --END-- [ RunTime:0.003000s ]

[ 2014-10-31T20:07:16+08:00 ] 0.0.0.0 /Tp_group/Admin/ThinkImg/cropImage
INFO: [ route_check ] --START--
INFO: CheckRoute Behavior ::run [ RunTime:0.002000s ]
INFO: [ route_check ] --END-- [ RunTime:0.004000s ]

[ 2014-10-31T20:07:47+08:00 ] 0.0.0.0 /Tp_group/Admin/ThinkImg/cropImage
INFO: [ route_check ] --START--
INFO: CheckRoute Behavior ::run [ RunTime:0.003000s ]
INFO: [ route_check ] --END-- [ RunTime:0.004000s ]

[ 2014-10-31T20:07:59+08:00 ] 0.0.0.0 /Tp_group/Admin/ThinkImg/cropImage
INFO: [ route_check ] --START--
INFO: CheckRoute Behavior ::run [ RunTime:0.003000s ]
INFO: [ route_check ] --END-- [ RunTime:0.003000s ]

[ 2014-10-31T20:08:08+08:00 ] 0.0.0.0 /Tp_group/Admin/ThinkImg/cropImage
INFO: [ route_check ] --START--
INFO: CheckRoute Behavior ::run [ RunTime:0.002000s ]
INFO: [ route_check ] --END-- [ RunTime:0.003000s ]

[ 2014-10-31T20:09:50+08:00 ] 0.0.0.0 /Tp_group/Admin/ThinkImg/cropImage
INFO: [ route_check ] --START--
INFO: CheckRoute Behavior ::run [ RunTime:0.003000s ]
INFO: [ route_check ] --END-- [ RunTime:0.003000s ]

[ 2014-10-31T20:09:57+08:00 ] 0.0.0.0 /Tp_group/Admin/ThinkImg/cropImage
INFO: [ route_check ] --START--
INFO: CheckRoute Behavior ::run [ RunTime:0.003000s ]
INFO: [ route_check ] --END-- [ RunTime:0.003000s ]

[ 2014-10-31T20:10:27+08:00 ] 0.0.0.0 /Tp_group/Admin/ThinkImg/
INFO: [ route_check ] --START--
INFO: CheckRoute Behavior ::run [ RunTime:0.002000s ]
INFO: [ route_check ] --END-- [ RunTime:0.003000s ]
NOTIC: 建议使用I方法替代_server
NOTIC: 建议使用I方法替代_server
NOTIC: 建议使用I方法替代_server
NOTIC: 建议使用I方法替代_server
NOTIC: 建议使用I方法替代_server
NOTIC: 建议使用I方法替代_server
NOTIC: 建议使用I方法替代_server
NOTIC: 建议使用I方法替代_server
NOTIC: 建议使用I方法替代_server
NOTIC: 建议使用I方法替代_server
NOTIC: 建议使用I方法替代_server
NOTIC: 建议使用I方法替代_server
NOTIC: 建议使用I方法替代_server
NOTIC: 建议使用I方法替代_server
NOTIC: 建议使用I方法替代_server
NOTIC: 建议使用I方法替代_server
NOTIC: 建议使用I方法替代_server
NOTIC: 建议使用I方法替代_server
NOTIC: 建议使用I方法替代_server
NOTIC: 建议使用I方法替代_server
NOTIC: 建议使用I方法替代_server
NOTIC: 建议使用I方法替代_server
NOTIC: 建议使用I方法替代_server
NOTIC: 建议使用I方法替代_server
NOTIC: 建议使用I方法替代_server
NOTIC: 建议使用I方法替代_server
NOTIC: 建议使用I方法替代_server
NOTIC: 建议使用I方法替代_server
NOTIC: 建议使用I方法替代_server
NOTIC: 建议使用I方法替代_server

[ 2014-10-31T20:10:38+08:00 ] 0.0.0.0 /Tp_group/Admin/ThinkImg/cropImage
INFO: [ route_check ] --START--
INFO: CheckRoute Behavior ::run [ RunTime:0.002000s ]
INFO: [ route_check ] --END-- [ RunTime:0.003000s ]
INFO: [ app_begin ] --START--
INFO: ReadHtmlCache Behavior ::run [ RunTime:0.002000s ]
INFO: [ app_begin ] --END-- [ RunTime:0.002000s ]

[ 2014-10-31T20:10:40+08:00 ] 0.0.0.0 /Tp_group/App/Modules/Admin/Tpl/Public/Js/jquery-1.10.2.min.map
INFO: [ route_check ] --START--
INFO: CheckRoute Behavior ::run [ RunTime:0.003001s ]
INFO: [ route_check ] --END-- [ RunTime:0.003001s ]
ERR: 无法加载模块:App

[ 2014-10-31T20:11:20+08:00 ] 0.0.0.0 /Tp_group/Admin/ThinkImg/cropImage
INFO: [ route_check ] --START--
INFO: CheckRoute Behavior ::run [ RunTime:0.002001s ]
INFO: [ route_check ] --END-- [ RunTime:0.002001s ]
INFO: [ app_begin ] --START--
INFO: ReadHtmlCache Behavior ::run [ RunTime:0.002000s ]
INFO: [ app_begin ] --END-- [ RunTime:0.002000s ]

[ 2014-10-31T20:11:43+08:00 ] 0.0.0.0 /Tp_group/Admin/ThinkImg/crop/id/1
INFO: [ route_check ] --START--
INFO: CheckRoute Behavior ::run [ RunTime:0.002000s ]
INFO: [ route_check ] --END-- [ RunTime:0.004001s ]

[ 2014-10-31T20:11:43+08:00 ] 0.0.0.0 /Tp_group/App/Modules/Admin/Tpl/Public/Js/jquery-1.10.2.min.map
INFO: [ route_check ] --START--
INFO: CheckRoute Behavior ::run [ RunTime:0.003000s ]
INFO: [ route_check ] --END-- [ RunTime:0.003000s ]
ERR: 无法加载模块:App

[ 2014-10-31T20:12:59+08:00 ] 0.0.0.0 /Tp_group/Admin/ThinkImg/crop/id/1
INFO: [ route_check ] --START--
INFO: CheckRoute Behavior ::run [ RunTime:0.003000s ]
INFO: [ route_check ] --END-- [ RunTime:0.003000s ]

[ 2014-10-31T20:12:59+08:00 ] 0.0.0.0 /Tp_group/App/Modules/Admin/Tpl/Public/Js/jquery-1.10.2.min.map
INFO: [ route_check ] --START--
INFO: CheckRoute Behavior ::run [ RunTime:0.002000s ]
INFO: [ route_check ] --END-- [ RunTime:0.003000s ]
ERR: 无法加载模块:App

[ 2014-10-31T20:13:10+08:00 ] 0.0.0.0 /Tp_group/Admin/ThinkImg/cropImage
INFO: [ route_check ] --START--
INFO: CheckRoute Behavior ::run [ RunTime:0.002000s ]
INFO: [ route_check ] --END-- [ RunTime:0.003000s ]
INFO: [ app_begin ] --START--
INFO: ReadHtmlCache Behavior ::run [ RunTime:0.001000s ]
INFO: [ app_begin ] --END-- [ RunTime:0.002000s ]
NOTIC: 建议使用I方法替代_post

[ 2014-10-31T20:13:35+08:00 ] 0.0.0.0 /Tp_group/Admin/ThinkImg/cropImage
INFO: [ route_check ] --START--
INFO: CheckRoute Behavior ::run [ RunTime:0.002000s ]
INFO: [ route_check ] --END-- [ RunTime:0.002000s ]
INFO: [ app_begin ] --START--
INFO: ReadHtmlCache Behavior ::run [ RunTime:0.001000s ]
INFO: [ app_begin ] --END-- [ RunTime:0.002000s ]
NOTIC: 建议使用I方法替代_post

[ 2014-10-31T20:16:35+08:00 ] 0.0.0.0 /Tp_group/Admin/ThinkImg/crop/id/1
INFO: [ route_check ] --START--
INFO: CheckRoute Behavior ::run [ RunTime:0.003000s ]
INFO: [ route_check ] --END-- [ RunTime:0.005000s ]

[ 2014-10-31T20:16:36+08:00 ] 0.0.0.0 /Tp_group/App/Modules/Admin/Tpl/Public/Js/jquery-1.10.2.min.map
INFO: [ route_check ] --START--
INFO: CheckRoute Behavior ::run [ RunTime:0.003000s ]
INFO: [ route_check ] --END-- [ RunTime:0.003000s ]
ERR: 无法加载模块:App

[ 2014-10-31T20:16:45+08:00 ] 0.0.0.0 /Tp_group/Admin/ThinkImg/cropImage
INFO: [ route_check ] --START--
INFO: CheckRoute Behavior ::run [ RunTime:0.003001s ]
INFO: [ route_check ] --END-- [ RunTime:0.003001s ]
INFO: [ app_begin ] --START--
INFO: ReadHtmlCache Behavior ::run [ RunTime:0.001000s ]
INFO: [ app_begin ] --END-- [ RunTime:0.002000s ]
NOTIC: 建议使用I方法替代_post

[ 2014-10-31T20:17:10+08:00 ] 0.0.0.0 /Tp_group/Admin/ThinkImg/crop/id/1
INFO: [ route_check ] --START--
INFO: CheckRoute Behavior ::run [ RunTime:0.003001s ]
INFO: [ route_check ] --END-- [ RunTime:0.003001s ]

[ 2014-10-31T20:17:10+08:00 ] 0.0.0.0 /Tp_group/App/Modules/Admin/Tpl/Public/Js/jquery-1.10.2.min.map
INFO: [ route_check ] --START--
INFO: CheckRoute Behavior ::run [ RunTime:0.003000s ]
INFO: [ route_check ] --END-- [ RunTime:0.004000s ]
ERR: 无法加载模块:App

[ 2014-10-31T20:17:19+08:00 ] 0.0.0.0 /Tp_group/Admin/ThinkImg/cropImage
INFO: [ route_check ] --START--
INFO: CheckRoute Behavior ::run [ RunTime:0.003000s ]
INFO: [ route_check ] --END-- [ RunTime:0.003000s ]
INFO: [ app_begin ] --START--
INFO: ReadHtmlCache Behavior ::run [ RunTime:0.001000s ]
INFO: [ app_begin ] --END-- [ RunTime:0.003000s ]
NOTIC: 建议使用I方法替代_post
NOTIC: [8] Undefined variable: info D:\wamp\www\Tp_group\App\Modules\Admin\Action\ThinkImgAction.class.php 第 60 行.

[ 2014-10-31T20:18:01+08:00 ] 0.0.0.0 /Tp_group/Admin/ThinkImg/crop/id/1
INFO: [ route_check ] --START--
INFO: CheckRoute Behavior ::run [ RunTime:0.003000s ]
INFO: [ route_check ] --END-- [ RunTime:0.003000s ]

[ 2014-10-31T20:18:01+08:00 ] 0.0.0.0 /Tp_group/App/Modules/Admin/Tpl/Public/Js/jquery-1.10.2.min.map
INFO: [ route_check ] --START--
INFO: CheckRoute Behavior ::run [ RunTime:0.002000s ]
INFO: [ route_check ] --END-- [ RunTime:0.003000s ]
ERR: 无法加载模块:App

[ 2014-10-31T20:18:16+08:00 ] 0.0.0.0 /Tp_group/Admin/ThinkImg/crop/id/1
INFO: [ route_check ] --START--
INFO: CheckRoute Behavior ::run [ RunTime:0.003000s ]
INFO: [ route_check ] --END-- [ RunTime:0.003000s ]

[ 2014-10-31T20:18:16+08:00 ] 0.0.0.0 /Tp_group/App/Modules/Admin/Tpl/Public/Js/jquery-1.10.2.min.map
INFO: [ route_check ] --START--
INFO: CheckRoute Behavior ::run [ RunTime:0.002000s ]
INFO: [ route_check ] --END-- [ RunTime:0.004000s ]
ERR: 无法加载模块:App

[ 2014-10-31T20:18:24+08:00 ] 0.0.0.0 /Tp_group/Admin/ThinkImg/cropImage
INFO: [ route_check ] --START--
INFO: CheckRoute Behavior ::run [ RunTime:0.002000s ]
INFO: [ route_check ] --END-- [ RunTime:0.003000s ]
INFO: [ app_begin ] --START--
INFO: ReadHtmlCache Behavior ::run [ RunTime:0.002000s ]
INFO: [ app_begin ] --END-- [ RunTime:0.002000s ]
NOTIC: 建议使用I方法替代_post
NOTIC: [8] Undefined variable: info D:\wamp\www\Tp_group\App\Modules\Admin\Action\ThinkImgAction.class.php 第 60 行.

[ 2014-10-31T20:19:02+08:00 ] 0.0.0.0 /Tp_group/Admin/ThinkImg/crop/id/1
INFO: [ route_check ] --START--
INFO: CheckRoute Behavior ::run [ RunTime:0.003000s ]
INFO: [ route_check ] --END-- [ RunTime:0.003000s ]

[ 2014-10-31T20:19:03+08:00 ] 0.0.0.0 /Tp_group/App/Modules/Admin/Tpl/Public/Js/jquery-1.10.2.min.map
INFO: [ route_check ] --START--
INFO: CheckRoute Behavior ::run [ RunTime:0.003000s ]
INFO: [ route_check ] --END-- [ RunTime:0.003000s ]
ERR: 无法加载模块:App

[ 2014-10-31T20:19:07+08:00 ] 0.0.0.0 /Tp_group/Admin/ThinkImg/cropImage
INFO: [ route_check ] --START--
INFO: CheckRoute Behavior ::run [ RunTime:0.002000s ]
INFO: [ route_check ] --END-- [ RunTime:0.003000s ]
INFO: [ app_begin ] --START--
INFO: ReadHtmlCache Behavior ::run [ RunTime:0.002000s ]
INFO: [ app_begin ] --END-- [ RunTime:0.002000s ]
NOTIC: 建议使用I方法替代_post
NOTIC: [8] Undefined variable: info D:\wamp\www\Tp_group\App\Modules\Admin\Action\ThinkImgAction.class.php 第 60 行.

[ 2014-10-31T20:20:43+08:00 ] 0.0.0.0 /Tp_group/Admin/ThinkImg/crop/id/1
INFO: [ route_check ] --START--
INFO: CheckRoute Behavior ::run [ RunTime:0.003000s ]
INFO: [ route_check ] --END-- [ RunTime:0.003000s ]

[ 2014-10-31T20:20:44+08:00 ] 0.0.0.0 /Tp_group/App/Modules/Admin/Tpl/Public/Js/jquery-1.10.2.min.map
INFO: [ route_check ] --START--
INFO: CheckRoute Behavior ::run [ RunTime:0.003001s ]
INFO: [ route_check ] --END-- [ RunTime:0.003001s ]
ERR: 无法加载模块:App

[ 2014-10-31T20:20:49+08:00 ] 0.0.0.0 /Tp_group/Admin/ThinkImg/cropImage
INFO: [ route_check ] --START--
INFO: CheckRoute Behavior ::run [ RunTime:0.003000s ]
INFO: [ route_check ] --END-- [ RunTime:0.003000s ]
INFO: [ app_begin ] --START--
INFO: ReadHtmlCache Behavior ::run [ RunTime:0.002000s ]
INFO: [ app_begin ] --END-- [ RunTime:0.002000s ]
NOTIC: 建议使用I方法替代_post
NOTIC: [8] Undefined variable: info D:\wamp\www\Tp_group\App\Modules\Admin\Action\ThinkImgAction.class.php 第 60 行.

[ 2014-10-31T20:22:52+08:00 ] 0.0.0.0 /Tp_group/Admin/ThinkImg/crop/id/1
INFO: [ route_check ] --START--
INFO: CheckRoute Behavior ::run [ RunTime:0.003000s ]
INFO: [ route_check ] --END-- [ RunTime:0.004000s ]

[ 2014-10-31T20:22:53+08:00 ] 0.0.0.0 /Tp_group/App/Modules/Admin/Tpl/Public/Js/jquery-1.10.2.min.map
INFO: [ route_check ] --START--
INFO: CheckRoute Behavior ::run [ RunTime:0.002000s ]
INFO: [ route_check ] --END-- [ RunTime:0.004000s ]
ERR: 无法加载模块:App

[ 2014-10-31T20:22:58+08:00 ] 0.0.0.0 /Tp_group/Admin/ThinkImg/cropImage
INFO: [ route_check ] --START--
INFO: CheckRoute Behavior ::run [ RunTime:0.002000s ]
INFO: [ route_check ] --END-- [ RunTime:0.003000s ]
INFO: [ app_begin ] --START--
INFO: ReadHtmlCache Behavior ::run [ RunTime:0.001000s ]
INFO: [ app_begin ] --END-- [ RunTime:0.002000s ]
NOTIC: 建议使用I方法替代_post
NOTIC: [8] Undefined variable: info D:\wamp\www\Tp_group\App\Modules\Admin\Action\ThinkImgAction.class.php 第 60 行.

[ 2014-10-31T20:23:16+08:00 ] 0.0.0.0 /Tp_group/Admin/ThinkImg/crop/id/1
INFO: [ route_check ] --START--
INFO: CheckRoute Behavior ::run [ RunTime:0.003001s ]
INFO: [ route_check ] --END-- [ RunTime:0.003001s ]

[ 2014-10-31T20:23:19+08:00 ] 0.0.0.0 /Tp_group/Admin/ThinkImg/cropImage
INFO: [ route_check ] --START--
INFO: CheckRoute Behavior ::run [ RunTime:0.003000s ]
INFO: [ route_check ] --END-- [ RunTime:0.003000s ]
INFO: [ app_begin ] --START--
INFO: ReadHtmlCache Behavior ::run [ RunTime:0.002001s ]
INFO: [ app_begin ] --END-- [ RunTime:0.002001s ]
NOTIC: 建议使用I方法替代_post
NOTIC: [8] Undefined variable: info D:\wamp\www\Tp_group\App\Modules\Admin\Action\ThinkImgAction.class.php 第 60 行.

[ 2014-10-31T20:24:39+08:00 ] 0.0.0.0 /Tp_group/Admin/ThinkImg/crop/id/1
INFO: [ route_check ] --START--
INFO: CheckRoute Behavior ::run [ RunTime:0.002000s ]
INFO: [ route_check ] --END-- [ RunTime:0.003000s ]

[ 2014-10-31T20:24:47+08:00 ] 0.0.0.0 /Tp_group/Admin/ThinkImg/cropImage
INFO: [ route_check ] --START--
INFO: CheckRoute Behavior ::run [ RunTime:0.003000s ]
INFO: [ route_check ] --END-- [ RunTime:0.003000s ]
INFO: [ app_begin ] --START--
INFO: ReadHtmlCache Behavior ::run [ RunTime:0.001000s ]
INFO: [ app_begin ] --END-- [ RunTime:0.003001s ]
NOTIC: 建议使用I方法替代_post
NOTIC: [8] Undefined variable: info D:\wamp\www\Tp_group\App\Modules\Admin\Action\ThinkImgAction.class.php 第 60 行.

