[ 2014-11-26T10:09:23+08:00 ] 0.0.0.0 /Tp_group/Thumb/150x100/201410/5442493ca5efc.jpeg
INFO: [ route_check ] --START--
INFO: CheckRoute Behavior ::run [ RunTime:0.016001s ]
INFO: [ route_check ] --END-- [ RunTime:0.016001s ]
ERR: 无法加载模块:Thumb

[ 2014-11-26T10:12:09+08:00 ] 0.0.0.0 /Tp_group/Thumb/150x100/201410/5442493ca5efc.jpeg
INFO: [ route_check ] --START--
INFO: CheckRoute Behavior ::run [ RunTime:0.011000s ]
INFO: [ route_check ] --END-- [ RunTime:0.017000s ]
ERR: 无法加载模块:Thumb

[ 2014-11-26T10:12:35+08:00 ] 0.0.0.0 /Tp_group/Thumb/150x100/201410/5442493ca5efc.jpeg
INFO: [ route_check ] --START--
INFO: CheckRoute Behavior ::run [ RunTime:0.006001s ]
INFO: [ route_check ] --END-- [ RunTime:0.007001s ]
ERR: 无法加载模块:Thumb

[ 2014-11-26T10:13:06+08:00 ] 0.0.0.0 /Tp_group/Thumb/150x100/201410/5442493ca5efc.jpeg
INFO: [ route_check ] --START--
INFO: CheckRoute Behavior ::run [ RunTime:0.003000s ]
INFO: [ route_check ] --END-- [ RunTime:0.006000s ]
ERR: 无法加载模块:Thumb

[ 2014-11-26T10:13:22+08:00 ] 0.0.0.0 /Tp_group/Thumb/150x100/201410/5442493ca5efc.jpeg
INFO: [ route_check ] --START--
INFO: CheckRoute Behavior ::run [ RunTime:0.029002s ]
INFO: [ route_check ] --END-- [ RunTime:0.030002s ]
ERR: 无法加载模块:Thumb

[ 2014-11-26T10:14:02+08:00 ] 0.0.0.0 /Tp_group/Thumb/150x100/201410/5442493ca5efc.jpeg
INFO: [ route_check ] --START--
INFO: CheckRoute Behavior ::run [ RunTime:0.007001s ]
INFO: [ route_check ] --END-- [ RunTime:0.007001s ]
ERR: 无法加载模块:Thumb

[ 2014-11-26T10:15:59+08:00 ] 0.0.0.0 /Tp_group/Thumb/150x100/201410/5442493ca5efc.jpeg
INFO: [ route_check ] --START--
INFO: CheckRoute Behavior ::run [ RunTime:0.003000s ]
INFO: [ route_check ] --END-- [ RunTime:0.003000s ]
ERR: 无法加载模块:Thumb

[ 2014-11-26T10:16:48+08:00 ] 0.0.0.0 /Tp_group/Admin
INFO: [ route_check ] --START--
INFO: CheckRoute Behavior ::run [ RunTime:0.002001s ]
INFO: [ route_check ] --END-- [ RunTime:0.003001s ]

[ 2014-11-26T10:16:48+08:00 ] 0.0.0.0 /Tp_group/Admin/Login/index
INFO: [ route_check ] --START--
INFO: CheckRoute Behavior ::run [ RunTime:0.003000s ]
INFO: [ route_check ] --END-- [ RunTime:0.003000s ]

[ 2014-11-26T10:16:49+08:00 ] 0.0.0.0 /Tp_group/Admin/Login/imagecode
INFO: [ route_check ] --START--
INFO: CheckRoute Behavior ::run [ RunTime:0.002000s ]
INFO: [ route_check ] --END-- [ RunTime:0.004000s ]

[ 2014-11-26T10:16:59+08:00 ] 0.0.0.0 /Tp_group/Admin/Login/login
INFO: [ route_check ] --START--
INFO: CheckRoute Behavior ::run [ RunTime:0.003000s ]
INFO: [ route_check ] --END-- [ RunTime:0.003000s ]

[ 2014-11-26T10:16:59+08:00 ] 0.0.0.0 /Tp_group/Admin/Index/index
INFO: [ route_check ] --START--
INFO: CheckRoute Behavior ::run [ RunTime:0.002000s ]
INFO: [ route_check ] --END-- [ RunTime:0.002000s ]

[ 2014-11-26T10:17:27+08:00 ] 0.0.0.0 /Tp_group/Admin/Animate/index
INFO: [ route_check ] --START--
INFO: CheckRoute Behavior ::run [ RunTime:0.002000s ]
INFO: [ route_check ] --END-- [ RunTime:0.003000s ]

[ 2014-11-26T10:17:32+08:00 ] 0.0.0.0 /Tp_group/Admin/Animate/edit/id/2
INFO: [ route_check ] --START--
INFO: CheckRoute Behavior ::run [ RunTime:0.002000s ]
INFO: [ route_check ] --END-- [ RunTime:0.002000s ]

[ 2014-11-26T10:17:58+08:00 ] 0.0.0.0 /Tp_group/Admin/Type/index
INFO: [ route_check ] --START--
INFO: CheckRoute Behavior ::run [ RunTime:0.002000s ]
INFO: [ route_check ] --END-- [ RunTime:0.003000s ]

[ 2014-11-26T10:18:02+08:00 ] 0.0.0.0 /Tp_group/Admin/Type/editType/id/6
INFO: [ route_check ] --START--
INFO: CheckRoute Behavior ::run [ RunTime:0.002000s ]
INFO: [ route_check ] --END-- [ RunTime:0.003000s ]

[ 2014-11-26T10:18:24+08:00 ] 0.0.0.0 /Tp_group/Admin/Type/handelEdit
INFO: [ route_check ] --START--
INFO: CheckRoute Behavior ::run [ RunTime:0.003000s ]
INFO: [ route_check ] --END-- [ RunTime:0.003000s ]

[ 2014-11-26T10:18:25+08:00 ] 0.0.0.0 /Tp_group/Admin/Type/index
INFO: [ route_check ] --START--
INFO: CheckRoute Behavior ::run [ RunTime:0.002000s ]
INFO: [ route_check ] --END-- [ RunTime:0.002000s ]

[ 2014-11-26T10:18:34+08:00 ] 0.0.0.0 /Tp_group/Admin/Type/index
INFO: [ route_check ] --START--
INFO: CheckRoute Behavior ::run [ RunTime:0.002000s ]
INFO: [ route_check ] --END-- [ RunTime:0.002000s ]

[ 2014-11-26T10:18:42+08:00 ] 0.0.0.0 /Tp_group/Thumb/150x100/201410/5442493ca5efc.jpeg
INFO: [ route_check ] --START--
INFO: CheckRoute Behavior ::run [ RunTime:0.005001s ]
INFO: [ route_check ] --END-- [ RunTime:0.006001s ]
ERR: 无法加载模块:Thumb

[ 2014-11-26T10:19:05+08:00 ] 0.0.0.0 /Tp_group/Admin/Type/editType/id/1
INFO: [ route_check ] --START--
INFO: CheckRoute Behavior ::run [ RunTime:0.002000s ]
INFO: [ route_check ] --END-- [ RunTime:0.003001s ]

[ 2014-11-26T10:19:21+08:00 ] 0.0.0.0 /Tp_group/Admin/Type/handelEdit
INFO: [ route_check ] --START--
INFO: CheckRoute Behavior ::run [ RunTime:0.002000s ]
INFO: [ route_check ] --END-- [ RunTime:0.003000s ]

[ 2014-11-26T10:19:22+08:00 ] 0.0.0.0 /Tp_group/Admin/Type/index
INFO: [ route_check ] --START--
INFO: CheckRoute Behavior ::run [ RunTime:0.003000s ]
INFO: [ route_check ] --END-- [ RunTime:0.003000s ]

[ 2014-11-26T10:19:25+08:00 ] 0.0.0.0 /Tp_group/Thumb/150x100/201410/5442493ca5efc.jpeg
INFO: [ route_check ] --START--
INFO: CheckRoute Behavior ::run [ RunTime:0.003000s ]
INFO: [ route_check ] --END-- [ RunTime:0.004000s ]
ERR: 无法加载模块:Thumb

[ 2014-11-26T10:19:33+08:00 ] 0.0.0.0 /Tp_group/Admin/Type/index
INFO: [ route_check ] --START--
INFO: CheckRoute Behavior ::run [ RunTime:0.002000s ]
INFO: [ route_check ] --END-- [ RunTime:0.003000s ]

[ 2014-11-26T10:19:40+08:00 ] 0.0.0.0 /Tp_group/Admin
INFO: [ route_check ] --START--
INFO: CheckRoute Behavior ::run [ RunTime:0.002000s ]
INFO: [ route_check ] --END-- [ RunTime:0.002000s ]

[ 2014-11-26T10:19:45+08:00 ] 0.0.0.0 /Tp_group/Admin/Tag/index
INFO: [ route_check ] --START--
INFO: CheckRoute Behavior ::run [ RunTime:0.002000s ]
INFO: [ route_check ] --END-- [ RunTime:0.003000s ]

[ 2014-11-26T10:20:05+08:00 ] 0.0.0.0 /Tp_group/Admin/Animate/index
INFO: [ route_check ] --START--
INFO: CheckRoute Behavior ::run [ RunTime:0.003001s ]
INFO: [ route_check ] --END-- [ RunTime:0.003001s ]

[ 2014-11-26T10:20:13+08:00 ] 0.0.0.0 /Tp_group/Admin/Animate/index/p/2
INFO: [ route_check ] --START--
INFO: CheckRoute Behavior ::run [ RunTime:0.003000s ]
INFO: [ route_check ] --END-- [ RunTime:0.003000s ]

[ 2014-11-26T10:20:18+08:00 ] 0.0.0.0 /Tp_group/Admin/Animate/edit/id/8
INFO: [ route_check ] --START--
INFO: CheckRoute Behavior ::run [ RunTime:0.003000s ]
INFO: [ route_check ] --END-- [ RunTime:0.003000s ]

[ 2014-11-26T10:20:48+08:00 ] 0.0.0.0 /Tp_group/Thumb/150x100/201410/5442493ca5efc.jpeg
INFO: [ route_check ] --START--
INFO: CheckRoute Behavior ::run [ RunTime:0.003000s ]
INFO: [ route_check ] --END-- [ RunTime:0.004000s ]
ERR: 无法加载模块:Thumb

[ 2014-11-26T10:20:55+08:00 ] 0.0.0.0 /Tp_group/Admin/
INFO: [ route_check ] --START--
INFO: CheckRoute Behavior ::run [ RunTime:0.002000s ]
INFO: [ route_check ] --END-- [ RunTime:0.003000s ]

[ 2014-11-26T10:20:57+08:00 ] 0.0.0.0 /Tp_group/Admin/Type/index
INFO: [ route_check ] --START--
INFO: CheckRoute Behavior ::run [ RunTime:0.003000s ]
INFO: [ route_check ] --END-- [ RunTime:0.003000s ]

[ 2014-11-26T10:20:59+08:00 ] 0.0.0.0 /Tp_group/Admin/Type/editType/id/2
INFO: [ route_check ] --START--
INFO: CheckRoute Behavior ::run [ RunTime:0.003000s ]
INFO: [ route_check ] --END-- [ RunTime:0.003000s ]

[ 2014-11-26T10:21:05+08:00 ] 0.0.0.0 /Tp_group/Admin/Type/handelEdit
INFO: [ route_check ] --START--
INFO: CheckRoute Behavior ::run [ RunTime:0.002000s ]
INFO: [ route_check ] --END-- [ RunTime:0.003000s ]

[ 2014-11-26T10:21:07+08:00 ] 0.0.0.0 /Tp_group/Admin/Type/index
INFO: [ route_check ] --START--
INFO: CheckRoute Behavior ::run [ RunTime:0.002000s ]
INFO: [ route_check ] --END-- [ RunTime:0.003000s ]

[ 2014-11-26T10:21:10+08:00 ] 0.0.0.0 /Tp_group/Admin/Type/delType/id/3
INFO: [ route_check ] --START--
INFO: CheckRoute Behavior ::run [ RunTime:0.002000s ]
INFO: [ route_check ] --END-- [ RunTime:0.003000s ]

[ 2014-11-26T10:21:11+08:00 ] 0.0.0.0 /Tp_group/Admin/Type/index
INFO: [ route_check ] --START--
INFO: CheckRoute Behavior ::run [ RunTime:0.002000s ]
INFO: [ route_check ] --END-- [ RunTime:0.002000s ]

[ 2014-11-26T10:21:15+08:00 ] 0.0.0.0 /Tp_group/Admin/Type/delType/id/4
INFO: [ route_check ] --START--
INFO: CheckRoute Behavior ::run [ RunTime:0.002000s ]
INFO: [ route_check ] --END-- [ RunTime:0.003000s ]

[ 2014-11-26T10:21:16+08:00 ] 0.0.0.0 /Tp_group/Admin/Type/index
INFO: [ route_check ] --START--
INFO: CheckRoute Behavior ::run [ RunTime:0.002000s ]
INFO: [ route_check ] --END-- [ RunTime:0.003000s ]

[ 2014-11-26T10:21:17+08:00 ] 0.0.0.0 /Tp_group/Admin/Type/delType/id/5
INFO: [ route_check ] --START--
INFO: CheckRoute Behavior ::run [ RunTime:0.002000s ]
INFO: [ route_check ] --END-- [ RunTime:0.003000s ]

[ 2014-11-26T10:21:18+08:00 ] 0.0.0.0 /Tp_group/Admin/Type/index
INFO: [ route_check ] --START--
INFO: CheckRoute Behavior ::run [ RunTime:0.002000s ]
INFO: [ route_check ] --END-- [ RunTime:0.003000s ]

[ 2014-11-26T10:21:26+08:00 ] 0.0.0.0 /Tp_group/Admin/
INFO: [ route_check ] --START--
INFO: CheckRoute Behavior ::run [ RunTime:0.002000s ]
INFO: [ route_check ] --END-- [ RunTime:0.003000s ]

[ 2014-11-26T10:21:29+08:00 ] 0.0.0.0 /Tp_group/Admin/Animate/index
INFO: [ route_check ] --START--
INFO: CheckRoute Behavior ::run [ RunTime:0.002000s ]
INFO: [ route_check ] --END-- [ RunTime:0.003000s ]

[ 2014-11-26T10:21:34+08:00 ] 0.0.0.0 /Tp_group/Admin/Animate/edit/id/2
INFO: [ route_check ] --START--
INFO: CheckRoute Behavior ::run [ RunTime:0.002001s ]
INFO: [ route_check ] --END-- [ RunTime:0.003001s ]

[ 2014-11-26T10:21:40+08:00 ] 0.0.0.0 /Tp_group/Admin/Animate/handelEdit
INFO: [ route_check ] --START--
INFO: CheckRoute Behavior ::run [ RunTime:0.003001s ]
INFO: [ route_check ] --END-- [ RunTime:0.003001s ]

[ 2014-11-26T10:21:41+08:00 ] 0.0.0.0 /Tp_group/Admin/Animate/index
INFO: [ route_check ] --START--
INFO: CheckRoute Behavior ::run [ RunTime:0.002000s ]
INFO: [ route_check ] --END-- [ RunTime:0.002000s ]

[ 2014-11-26T10:21:44+08:00 ] 0.0.0.0 /Tp_group/Admin/Animate/edit/id/3
INFO: [ route_check ] --START--
INFO: CheckRoute Behavior ::run [ RunTime:0.002000s ]
INFO: [ route_check ] --END-- [ RunTime:0.003000s ]

[ 2014-11-26T10:21:47+08:00 ] 0.0.0.0 /Tp_group/Admin/Animate/handelEdit
INFO: [ route_check ] --START--
INFO: CheckRoute Behavior ::run [ RunTime:0.002000s ]
INFO: [ route_check ] --END-- [ RunTime:0.003000s ]

[ 2014-11-26T10:21:48+08:00 ] 0.0.0.0 /Tp_group/Admin/Animate/index
INFO: [ route_check ] --START--
INFO: CheckRoute Behavior ::run [ RunTime:0.003000s ]
INFO: [ route_check ] --END-- [ RunTime:0.003000s ]

[ 2014-11-26T10:21:50+08:00 ] 0.0.0.0 /Tp_group/Admin/Animate/index
INFO: [ route_check ] --START--
INFO: CheckRoute Behavior ::run [ RunTime:0.002000s ]
INFO: [ route_check ] --END-- [ RunTime:0.004000s ]

[ 2014-11-26T10:21:53+08:00 ] 0.0.0.0 /Tp_group/Admin/Animate/edit/id/4
INFO: [ route_check ] --START--
INFO: CheckRoute Behavior ::run [ RunTime:0.002000s ]
INFO: [ route_check ] --END-- [ RunTime:0.003000s ]

[ 2014-11-26T10:21:56+08:00 ] 0.0.0.0 /Tp_group/Admin/Animate/handelEdit
INFO: [ route_check ] --START--
INFO: CheckRoute Behavior ::run [ RunTime:0.002000s ]
INFO: [ route_check ] --END-- [ RunTime:0.003000s ]

[ 2014-11-26T10:21:57+08:00 ] 0.0.0.0 /Tp_group/Admin/Animate/index
INFO: [ route_check ] --START--
INFO: CheckRoute Behavior ::run [ RunTime:0.002000s ]
INFO: [ route_check ] --END-- [ RunTime:0.003000s ]

[ 2014-11-26T10:21:59+08:00 ] 0.0.0.0 /Tp_group/Admin/Animate/edit/id/5
INFO: [ route_check ] --START--
INFO: CheckRoute Behavior ::run [ RunTime:0.003000s ]
INFO: [ route_check ] --END-- [ RunTime:0.003000s ]

[ 2014-11-26T10:22:02+08:00 ] 0.0.0.0 /Tp_group/Admin/Animate/handelEdit
INFO: [ route_check ] --START--
INFO: CheckRoute Behavior ::run [ RunTime:0.003001s ]
INFO: [ route_check ] --END-- [ RunTime:0.003001s ]

[ 2014-11-26T10:22:03+08:00 ] 0.0.0.0 /Tp_group/Admin/Animate/index
INFO: [ route_check ] --START--
INFO: CheckRoute Behavior ::run [ RunTime:0.002001s ]
INFO: [ route_check ] --END-- [ RunTime:0.003001s ]

[ 2014-11-26T10:22:05+08:00 ] 0.0.0.0 /Tp_group/Admin/Animate/index/p/2
INFO: [ route_check ] --START--
INFO: CheckRoute Behavior ::run [ RunTime:0.003001s ]
INFO: [ route_check ] --END-- [ RunTime:0.003001s ]

[ 2014-11-26T10:22:07+08:00 ] 0.0.0.0 /Tp_group/Admin/Animate/edit/id/8
INFO: [ route_check ] --START--
INFO: CheckRoute Behavior ::run [ RunTime:0.002001s ]
INFO: [ route_check ] --END-- [ RunTime:0.003001s ]

[ 2014-11-26T10:22:10+08:00 ] 0.0.0.0 /Tp_group/Admin/Animate/handelEdit
INFO: [ route_check ] --START--
INFO: CheckRoute Behavior ::run [ RunTime:0.002000s ]
INFO: [ route_check ] --END-- [ RunTime:0.003000s ]

[ 2014-11-26T10:22:11+08:00 ] 0.0.0.0 /Tp_group/Admin/Animate/index
INFO: [ route_check ] --START--
INFO: CheckRoute Behavior ::run [ RunTime:0.002000s ]
INFO: [ route_check ] --END-- [ RunTime:0.003000s ]

[ 2014-11-26T10:22:13+08:00 ] 0.0.0.0 /Tp_group/Admin/Animate/index/p/2
INFO: [ route_check ] --START--
INFO: CheckRoute Behavior ::run [ RunTime:0.002000s ]
INFO: [ route_check ] --END-- [ RunTime:0.003000s ]

[ 2014-11-26T10:22:15+08:00 ] 0.0.0.0 /Tp_group/Admin/Animate/index/p/3
INFO: [ route_check ] --START--
INFO: CheckRoute Behavior ::run [ RunTime:0.002000s ]
INFO: [ route_check ] --END-- [ RunTime:0.003000s ]

[ 2014-11-26T10:22:18+08:00 ] 0.0.0.0 /Tp_group/Admin/Animate/index/p/4
INFO: [ route_check ] --START--
INFO: CheckRoute Behavior ::run [ RunTime:0.003000s ]
INFO: [ route_check ] --END-- [ RunTime:0.003000s ]

[ 2014-11-26T10:22:20+08:00 ] 0.0.0.0 /Tp_group/Admin/Animate/edit/id/18
INFO: [ route_check ] --START--
INFO: CheckRoute Behavior ::run [ RunTime:0.003001s ]
INFO: [ route_check ] --END-- [ RunTime:0.003001s ]

[ 2014-11-26T10:22:25+08:00 ] 0.0.0.0 /Tp_group/Admin/Animate/handelEdit
INFO: [ route_check ] --START--
INFO: CheckRoute Behavior ::run [ RunTime:0.002000s ]
INFO: [ route_check ] --END-- [ RunTime:0.003000s ]

[ 2014-11-26T10:22:26+08:00 ] 0.0.0.0 /Tp_group/Admin/Animate/index
INFO: [ route_check ] --START--
INFO: CheckRoute Behavior ::run [ RunTime:0.002001s ]
INFO: [ route_check ] --END-- [ RunTime:0.003001s ]

[ 2014-11-26T10:22:29+08:00 ] 0.0.0.0 /Tp_group/Admin/Animate/index/p/2
INFO: [ route_check ] --START--
INFO: CheckRoute Behavior ::run [ RunTime:0.002000s ]
INFO: [ route_check ] --END-- [ RunTime:0.002000s ]

[ 2014-11-26T10:22:31+08:00 ] 0.0.0.0 /Tp_group/Admin/Animate/index/p/3
INFO: [ route_check ] --START--
INFO: CheckRoute Behavior ::run [ RunTime:0.002000s ]
INFO: [ route_check ] --END-- [ RunTime:0.002000s ]

[ 2014-11-26T10:22:33+08:00 ] 0.0.0.0 /Tp_group/Admin/Animate/index/p/4
INFO: [ route_check ] --START--
INFO: CheckRoute Behavior ::run [ RunTime:0.002000s ]
INFO: [ route_check ] --END-- [ RunTime:0.003000s ]

[ 2014-11-26T10:22:35+08:00 ] 0.0.0.0 /Tp_group/Admin/Animate/index/p/5
INFO: [ route_check ] --START--
INFO: CheckRoute Behavior ::run [ RunTime:0.002000s ]
INFO: [ route_check ] --END-- [ RunTime:0.003000s ]

[ 2014-11-26T10:22:38+08:00 ] 0.0.0.0 /Tp_group/Admin/Animate/edit/id/21
INFO: [ route_check ] --START--
INFO: CheckRoute Behavior ::run [ RunTime:0.003000s ]
INFO: [ route_check ] --END-- [ RunTime:0.004000s ]

[ 2014-11-26T10:22:42+08:00 ] 0.0.0.0 /Tp_group/Admin/Animate/handelEdit
INFO: [ route_check ] --START--
INFO: CheckRoute Behavior ::run [ RunTime:0.003000s ]
INFO: [ route_check ] --END-- [ RunTime:0.003000s ]

[ 2014-11-26T10:22:43+08:00 ] 0.0.0.0 /Tp_group/Admin/Animate/index
INFO: [ route_check ] --START--
INFO: CheckRoute Behavior ::run [ RunTime:0.002000s ]
INFO: [ route_check ] --END-- [ RunTime:0.003000s ]

[ 2014-11-26T10:22:47+08:00 ] 0.0.0.0 /Tp_group/Admin/Animate/index/p/4
INFO: [ route_check ] --START--
INFO: CheckRoute Behavior ::run [ RunTime:0.002000s ]
INFO: [ route_check ] --END-- [ RunTime:0.003001s ]

[ 2014-11-26T10:22:51+08:00 ] 0.0.0.0 /Tp_group/Admin/Animate/index/p/5
INFO: [ route_check ] --START--
INFO: CheckRoute Behavior ::run [ RunTime:0.003000s ]
INFO: [ route_check ] --END-- [ RunTime:0.003000s ]

[ 2014-11-26T10:22:53+08:00 ] 0.0.0.0 /Tp_group/Admin/Animate/edit/id/24
INFO: [ route_check ] --START--
INFO: CheckRoute Behavior ::run [ RunTime:0.003000s ]
INFO: [ route_check ] --END-- [ RunTime:0.003000s ]

[ 2014-11-26T10:22:58+08:00 ] 0.0.0.0 /Tp_group/Admin/Animate/handelEdit
INFO: [ route_check ] --START--
INFO: CheckRoute Behavior ::run [ RunTime:0.002000s ]
INFO: [ route_check ] --END-- [ RunTime:0.003001s ]

[ 2014-11-26T10:22:59+08:00 ] 0.0.0.0 /Tp_group/Admin/Animate/index
INFO: [ route_check ] --START--
INFO: CheckRoute Behavior ::run [ RunTime:0.002000s ]
INFO: [ route_check ] --END-- [ RunTime:0.003001s ]

[ 2014-11-26T10:23:02+08:00 ] 0.0.0.0 /Tp_group/Admin/Animate/index/p/3
INFO: [ route_check ] --START--
INFO: CheckRoute Behavior ::run [ RunTime:0.003001s ]
INFO: [ route_check ] --END-- [ RunTime:0.003001s ]

[ 2014-11-26T10:23:06+08:00 ] 0.0.0.0 /Tp_group/Thumb/150x100/201410/5442493ca5efc.jpeg
INFO: [ route_check ] --START--
INFO: CheckRoute Behavior ::run [ RunTime:0.007000s ]
INFO: [ route_check ] --END-- [ RunTime:0.018001s ]
ERR: 无法加载模块:Thumb

[ 2014-11-26T10:25:40+08:00 ] 0.0.0.0 /Tp_group/Admin/
INFO: [ route_check ] --START--
INFO: CheckRoute Behavior ::run [ RunTime:0.003000s ]
INFO: [ route_check ] --END-- [ RunTime:0.003000s ]

[ 2014-11-26T10:25:44+08:00 ] 0.0.0.0 /Tp_group/Admin/Category/index
INFO: [ route_check ] --START--
INFO: CheckRoute Behavior ::run [ RunTime:0.003000s ]
INFO: [ route_check ] --END-- [ RunTime:0.003000s ]

[ 2014-11-26T10:25:49+08:00 ] 0.0.0.0 /Tp_group/Admin/System/verify
INFO: [ route_check ] --START--
INFO: CheckRoute Behavior ::run [ RunTime:0.002000s ]
INFO: [ route_check ] --END-- [ RunTime:0.002000s ]

[ 2014-11-26T10:25:53+08:00 ] 0.0.0.0 /Tp_group/Admin/Comment/index
INFO: [ route_check ] --START--
INFO: CheckRoute Behavior ::run [ RunTime:0.002000s ]
INFO: [ route_check ] --END-- [ RunTime:0.003000s ]

[ 2014-11-26T10:28:04+08:00 ] 0.0.0.0 /Tp_group/Thumb/150x100/201410/5442493ca5efc.jpeg
INFO: [ route_check ] --START--
INFO: CheckRoute Behavior ::run [ RunTime:0.030001s ]
INFO: [ route_check ] --END-- [ RunTime:0.032001s ]
ERR: 无法加载模块:Thumb

[ 2014-11-26T10:28:09+08:00 ] 0.0.0.0 /Tp_group/Thumb/150x100/201410/5442493ca5efc.jpeg
INFO: [ route_check ] --START--
INFO: CheckRoute Behavior ::run [ RunTime:0.020001s ]
INFO: [ route_check ] --END-- [ RunTime:0.021001s ]
ERR: 无法加载模块:Thumb

[ 2014-11-26T10:30:24+08:00 ] 0.0.0.0 /Tp_group/Thumb/150x100/201410/5442493ca5efc.jpeg
INFO: [ route_check ] --START--
INFO: CheckRoute Behavior ::run [ RunTime:0.008001s ]
INFO: [ route_check ] --END-- [ RunTime:0.009001s ]
ERR: 无法加载模块:Thumb

[ 2014-11-26T10:34:23+08:00 ] 0.0.0.0 /Tp_group/Thumb/150x100/201410/5442493ca5efc.jpeg
INFO: [ route_check ] --START--
INFO: CheckRoute Behavior ::run [ RunTime:0.003000s ]
INFO: [ route_check ] --END-- [ RunTime:0.003000s ]
ERR: 无法加载模块:Thumb

[ 2014-11-26T10:34:28+08:00 ] 0.0.0.0 /Tp_group/Admin/ThinkImg/index
INFO: [ route_check ] --START--
INFO: CheckRoute Behavior ::run [ RunTime:0.002000s ]
INFO: [ route_check ] --END-- [ RunTime:0.002000s ]
NOTIC: 建议使用I方法替代_server
NOTIC: 建议使用I方法替代_server
NOTIC: 建议使用I方法替代_server
NOTIC: 建议使用I方法替代_server
NOTIC: 建议使用I方法替代_server
NOTIC: 建议使用I方法替代_server
NOTIC: 建议使用I方法替代_server
NOTIC: 建议使用I方法替代_server
NOTIC: 建议使用I方法替代_server
NOTIC: 建议使用I方法替代_server
NOTIC: 建议使用I方法替代_server
NOTIC: 建议使用I方法替代_server
NOTIC: 建议使用I方法替代_server
NOTIC: 建议使用I方法替代_server
NOTIC: 建议使用I方法替代_server
NOTIC: 建议使用I方法替代_server
NOTIC: 建议使用I方法替代_server
NOTIC: 建议使用I方法替代_server
NOTIC: 建议使用I方法替代_server
NOTIC: 建议使用I方法替代_server
NOTIC: 建议使用I方法替代_server
NOTIC: 建议使用I方法替代_server
NOTIC: 建议使用I方法替代_server
NOTIC: 建议使用I方法替代_server
NOTIC: 建议使用I方法替代_server
NOTIC: 建议使用I方法替代_server
NOTIC: 建议使用I方法替代_server
NOTIC: 建议使用I方法替代_server
NOTIC: 建议使用I方法替代_server
NOTIC: 建议使用I方法替代_server

[ 2014-11-26T10:42:11+08:00 ] 0.0.0.0 /Tp_group/Thumb/150x100/201410/5442493ca5efc.jpeg
INFO: [ route_check ] --START--
INFO: CheckRoute Behavior ::run [ RunTime:0.011000s ]
INFO: [ route_check ] --END-- [ RunTime:0.013000s ]
ERR: 无法加载模块:Thumb

[ 2014-11-26T10:42:39+08:00 ] 0.0.0.0 /Tp_group/Thumb/150x100/201410/5442493ca5efc.jpeg
INFO: [ route_check ] --START--
INFO: CheckRoute Behavior ::run [ RunTime:0.005001s ]
INFO: [ route_check ] --END-- [ RunTime:0.007001s ]
ERR: 无法加载模块:Thumb

[ 2014-11-26T10:43:48+08:00 ] 0.0.0.0 /Tp_group/Thumb/150x100/201410/5442493ca5efc.jpeg
INFO: [ route_check ] --START--
INFO: CheckRoute Behavior ::run [ RunTime:0.086005s ]
INFO: [ route_check ] --END-- [ RunTime:0.106006s ]
ERR: 无法加载模块:Thumb

[ 2014-11-26T10:44:44+08:00 ] 0.0.0.0 /Tp_group/Thumb/150x100/201410/5442493ca5efc.jpeg
INFO: [ route_check ] --START--
INFO: CheckRoute Behavior ::run [ RunTime:0.010000s ]
INFO: [ route_check ] --END-- [ RunTime:0.019001s ]
ERR: 无法加载模块:Thumb

[ 2014-11-26T10:45:36+08:00 ] 0.0.0.0 /Tp_group/Thumb/150x100/201410/5442493ca5efc.jpeg
INFO: [ route_check ] --START--
INFO: CheckRoute Behavior ::run [ RunTime:0.008001s ]
INFO: [ route_check ] --END-- [ RunTime:0.009001s ]
ERR: 无法加载模块:Thumb

[ 2014-11-26T10:45:47+08:00 ] 0.0.0.0 /Tp_group/Thumb/150x100/201410/5442493ca5efc.jpeg
INFO: [ route_check ] --START--
INFO: CheckRoute Behavior ::run [ RunTime:0.014001s ]
INFO: [ route_check ] --END-- [ RunTime:0.023001s ]
ERR: 无法加载模块:Thumb

[ 2014-11-26T10:46:46+08:00 ] 0.0.0.0 /Tp_group/Thumb/150x100/201410/5442493ca5efc.jpeg
INFO: [ route_check ] --START--
INFO: CheckRoute Behavior ::run [ RunTime:0.004000s ]
INFO: [ route_check ] --END-- [ RunTime:0.008000s ]
ERR: 无法加载模块:Thumb

[ 2014-11-26T10:47:13+08:00 ] 0.0.0.0 /Tp_group/Thumb/150x100/201410/5442493ca5efc.jpeg
INFO: [ route_check ] --START--
INFO: CheckRoute Behavior ::run [ RunTime:0.044002s ]
INFO: [ route_check ] --END-- [ RunTime:0.067003s ]
ERR: 无法加载模块:Thumb

[ 2014-11-26T10:47:29+08:00 ] 0.0.0.0 /Tp_group/Thumb/150x100/201410/5442493ca5efc.jpeg
INFO: [ route_check ] --START--
INFO: CheckRoute Behavior ::run [ RunTime:0.006001s ]
INFO: [ route_check ] --END-- [ RunTime:0.007001s ]
ERR: 无法加载模块:Thumb

[ 2014-11-26T10:48:16+08:00 ] 0.0.0.0 /Tp_group/Thumb/150x100/201410/5442493ca5efc.jpeg
INFO: [ route_check ] --START--
INFO: CheckRoute Behavior ::run [ RunTime:0.003000s ]
INFO: [ route_check ] --END-- [ RunTime:0.003000s ]
ERR: 无法加载模块:Thumb

[ 2014-11-26T10:49:02+08:00 ] 0.0.0.0 /Tp_group/Thumb/150x100/201410/5442493ca5efc.jpeg
INFO: [ route_check ] --START--
INFO: CheckRoute Behavior ::run [ RunTime:0.020001s ]
INFO: [ route_check ] --END-- [ RunTime:0.020001s ]
ERR: 无法加载模块:Thumb

[ 2014-11-26T10:53:15+08:00 ] 0.0.0.0 /Tp_group/Thumb/150x100/201410/5442493ca5efc.jpeg
INFO: [ route_check ] --START--
INFO: CheckRoute Behavior ::run [ RunTime:0.003000s ]
INFO: [ route_check ] --END-- [ RunTime:0.003000s ]
ERR: 无法加载模块:Thumb

[ 2014-11-26T10:53:49+08:00 ] 0.0.0.0 /Tp_group/Thumb/150x100/201410/5442493ca5efc.jpeg
INFO: [ route_check ] --START--
INFO: CheckRoute Behavior ::run [ RunTime:0.006001s ]
INFO: [ route_check ] --END-- [ RunTime:0.007001s ]
ERR: 无法加载模块:Thumb

[ 2014-11-26T10:53:56+08:00 ] 0.0.0.0 /Tp_group/Thumb/150x100/201410/5442493ca5efc.jpeg
INFO: [ route_check ] --START--
INFO: CheckRoute Behavior ::run [ RunTime:0.036003s ]
INFO: [ route_check ] --END-- [ RunTime:0.044003s ]
ERR: 无法加载模块:Thumb

[ 2014-11-26T10:54:05+08:00 ] 0.0.0.0 /Tp_group/Thumb/150x100/201410/5442493ca5efc.jpeg
INFO: [ route_check ] --START--
INFO: CheckRoute Behavior ::run [ RunTime:0.016001s ]
INFO: [ route_check ] --END-- [ RunTime:0.020001s ]
ERR: 无法加载模块:Thumb

[ 2014-11-26T10:54:12+08:00 ] 0.0.0.0 /Tp_group/Thumb/150x100/201410/5442493ca5efc.jpeg
INFO: [ route_check ] --START--
INFO: CheckRoute Behavior ::run [ RunTime:0.019002s ]
INFO: [ route_check ] --END-- [ RunTime:0.031002s ]
ERR: 无法加载模块:Thumb

[ 2014-11-26T10:57:30+08:00 ] 0.0.0.0 /Tp_group/Thumb/150x100/201410/5442493ca5efc.jpeg
INFO: [ route_check ] --START--
INFO: CheckRoute Behavior ::run [ RunTime:0.006001s ]
INFO: [ route_check ] --END-- [ RunTime:0.027002s ]
ERR: 无法加载模块:Thumb

[ 2014-11-26T10:58:19+08:00 ] 0.0.0.0 /Tp_group/Thumb/150x100/201410/5442493ca5efc.jpeg
INFO: [ route_check ] --START--
INFO: CheckRoute Behavior ::run [ RunTime:0.003000s ]
INFO: [ route_check ] --END-- [ RunTime:0.003000s ]
ERR: 无法加载模块:Thumb

[ 2014-11-26T11:02:37+08:00 ] 0.0.0.0 /Tp_group/5
INFO: [ route_check ] --START--
INFO: CheckRoute Behavior ::run [ RunTime:0.004000s ]
INFO: [ route_check ] --END-- [ RunTime:0.005000s ]

[ 2014-11-26T11:02:37+08:00 ] 0.0.0.0 /Tp_group/Home/Show/click/id/5
INFO: [ route_check ] --START--
INFO: CheckRoute Behavior ::run [ RunTime:0.002000s ]
INFO: [ route_check ] --END-- [ RunTime:0.002000s ]

[ 2014-11-26T11:03:19+08:00 ] 0.0.0.0 /Tp_group/Thumb/150x100/201410/5442493ca5efc.jpeg
INFO: [ route_check ] --START--
INFO: CheckRoute Behavior ::run [ RunTime:0.015001s ]
INFO: [ route_check ] --END-- [ RunTime:0.017001s ]
ERR: 无法加载模块:Thumb

[ 2014-11-26T11:04:15+08:00 ] 0.0.0.0 /Tp_group/Admin/
INFO: [ route_check ] --START--
INFO: CheckRoute Behavior ::run [ RunTime:0.003001s ]
INFO: [ route_check ] --END-- [ RunTime:0.003001s ]

[ 2014-11-26T11:04:17+08:00 ] 0.0.0.0 /Tp_group/Admin/Blog/addBlog
INFO: [ route_check ] --START--
INFO: CheckRoute Behavior ::run [ RunTime:0.002000s ]
INFO: [ route_check ] --END-- [ RunTime:0.004000s ]

[ 2014-11-26T11:05:05+08:00 ] 0.0.0.0 /Tp_group/Thumb/150x100/201410/5442493ca5efc.jpeg
INFO: [ route_check ] --START--
INFO: CheckRoute Behavior ::run [ RunTime:0.046002s ]
INFO: [ route_check ] --END-- [ RunTime:0.062004s ]
ERR: 无法加载模块:Thumb

[ 2014-11-26T11:16:49+08:00 ] 0.0.0.0 /Tp_group/Thumb/150x100/201410/5442493ca5efc.jpeg
INFO: [ route_check ] --START--
INFO: CheckRoute Behavior ::run [ RunTime:0.004000s ]
INFO: [ route_check ] --END-- [ RunTime:0.005000s ]
ERR: 无法加载模块:Thumb

[ 2014-11-26T11:16:56+08:00 ] 0.0.0.0 /Tp_group/Thumb/150x100/201410/5442493ca5efc.jpeg
INFO: [ route_check ] --START--
INFO: CheckRoute Behavior ::run [ RunTime:0.003000s ]
INFO: [ route_check ] --END-- [ RunTime:0.011000s ]
ERR: 无法加载模块:Thumb

[ 2014-11-26T11:44:19+08:00 ] 0.0.0.0 /Tp_group/Admin/Blog/addBlog
INFO: [ route_check ] --START--
INFO: CheckRoute Behavior ::run [ RunTime:0.003000s ]
INFO: [ route_check ] --END-- [ RunTime:0.003000s ]

[ 2014-11-26T11:49:47+08:00 ] 0.0.0.0 /Tp_group/Admin/Blog/addBlog
INFO: [ route_check ] --START--
INFO: CheckRoute Behavior ::run [ RunTime:0.003000s ]
INFO: [ route_check ] --END-- [ RunTime:0.003000s ]

[ 2014-11-26T11:51:37+08:00 ] 0.0.0.0 /Tp_group/Admin/Blog/handelAddBlog
INFO: [ route_check ] --START--
INFO: CheckRoute Behavior ::run [ RunTime:0.003000s ]
INFO: [ route_check ] --END-- [ RunTime:0.004000s ]

[ 2014-11-26T11:53:15+08:00 ] 0.0.0.0 /Tp_group/Admin/Blog/handelAddBlog
INFO: [ route_check ] --START--
INFO: CheckRoute Behavior ::run [ RunTime:0.002001s ]
INFO: [ route_check ] --END-- [ RunTime:0.003001s ]

[ 2014-11-26T11:55:05+08:00 ] 0.0.0.0 /Tp_group/Admin/Blog/addBlog
INFO: [ route_check ] --START--
INFO: CheckRoute Behavior ::run [ RunTime:0.003000s ]
INFO: [ route_check ] --END-- [ RunTime:0.003000s ]

[ 2014-11-26T11:55:14+08:00 ] 0.0.0.0 /Tp_group/Admin/Blog/handelAddBlog
INFO: [ route_check ] --START--
INFO: CheckRoute Behavior ::run [ RunTime:0.002000s ]
INFO: [ route_check ] --END-- [ RunTime:0.003000s ]

[ 2014-11-26T11:58:21+08:00 ] 0.0.0.0 /Tp_group/Admin/Blog/addBlog
INFO: [ route_check ] --START--
INFO: CheckRoute Behavior ::run [ RunTime:0.003000s ]
INFO: [ route_check ] --END-- [ RunTime:0.003000s ]

[ 2014-11-26T11:58:25+08:00 ] 0.0.0.0 /Tp_group/Admin/Blog/handelAddBlog
INFO: [ route_check ] --START--
INFO: CheckRoute Behavior ::run [ RunTime:0.002000s ]
INFO: [ route_check ] --END-- [ RunTime:0.003001s ]

[ 2014-11-26T11:59:42+08:00 ] 0.0.0.0 /Tp_group/Admin/Blog/handelAddBlog
INFO: [ route_check ] --START--
INFO: CheckRoute Behavior ::run [ RunTime:0.002000s ]
INFO: [ route_check ] --END-- [ RunTime:0.003000s ]

[ 2014-11-26T12:00:01+08:00 ] 0.0.0.0 /Tp_group/Admin/Blog/handelAddBlog
INFO: [ route_check ] --START--
INFO: CheckRoute Behavior ::run [ RunTime:0.002000s ]
INFO: [ route_check ] --END-- [ RunTime:0.003000s ]

[ 2014-11-26T12:00:05+08:00 ] 0.0.0.0 /Tp_group/Admin/Blog/handelAddBlog
INFO: [ route_check ] --START--
INFO: CheckRoute Behavior ::run [ RunTime:0.003000s ]
INFO: [ route_check ] --END-- [ RunTime:0.004001s ]

[ 2014-11-26T12:00:15+08:00 ] 0.0.0.0 /Tp_group/Admin/Blog/handelAddBlog
INFO: [ route_check ] --START--
INFO: CheckRoute Behavior ::run [ RunTime:0.002000s ]
INFO: [ route_check ] --END-- [ RunTime:0.003000s ]

[ 2014-11-26T12:00:32+08:00 ] 0.0.0.0 /Tp_group/Admin/Blog/handelAddBlog
INFO: [ route_check ] --START--
INFO: CheckRoute Behavior ::run [ RunTime:0.002000s ]
INFO: [ route_check ] --END-- [ RunTime:0.003000s ]

[ 2014-11-26T12:00:33+08:00 ] 0.0.0.0 /Tp_group/Admin/Blog/handelAddBlog
INFO: [ route_check ] --START--
INFO: CheckRoute Behavior ::run [ RunTime:0.002000s ]
INFO: [ route_check ] --END-- [ RunTime:0.004000s ]

[ 2014-11-26T12:00:36+08:00 ] 0.0.0.0 /Tp_group/Admin/Blog/handelAddBlog
INFO: [ route_check ] --START--
INFO: CheckRoute Behavior ::run [ RunTime:0.002000s ]
INFO: [ route_check ] --END-- [ RunTime:0.003000s ]

[ 2014-11-26T12:00:46+08:00 ] 0.0.0.0 /Tp_group/Admin/Blog/handelAddBlog
INFO: [ route_check ] --START--
INFO: CheckRoute Behavior ::run [ RunTime:0.002000s ]
INFO: [ route_check ] --END-- [ RunTime:0.003000s ]

[ 2014-11-26T12:00:51+08:00 ] 0.0.0.0 /Tp_group/Admin/Blog/handelAddBlog
INFO: [ route_check ] --START--
INFO: CheckRoute Behavior ::run [ RunTime:0.002001s ]
INFO: [ route_check ] --END-- [ RunTime:0.003001s ]

[ 2014-11-26T12:01:00+08:00 ] 0.0.0.0 /Tp_group/Admin/Blog/handelAddBlog
INFO: [ route_check ] --START--
INFO: CheckRoute Behavior ::run [ RunTime:0.003000s ]
INFO: [ route_check ] --END-- [ RunTime:0.003000s ]

[ 2014-11-26T12:01:42+08:00 ] 0.0.0.0 /Tp_group/Admin/Blog/handelAddBlog
INFO: [ route_check ] --START--
INFO: CheckRoute Behavior ::run [ RunTime:0.003000s ]
INFO: [ route_check ] --END-- [ RunTime:0.003000s ]

[ 2014-11-26T12:01:50+08:00 ] 0.0.0.0 /Tp_group/Admin/Blog/handelAddBlog
INFO: [ route_check ] --START--
INFO: CheckRoute Behavior ::run [ RunTime:0.002000s ]
INFO: [ route_check ] --END-- [ RunTime:0.004000s ]

[ 2014-11-26T12:02:00+08:00 ] 0.0.0.0 /Tp_group/Admin/Blog/handelAddBlog
INFO: [ route_check ] --START--
INFO: CheckRoute Behavior ::run [ RunTime:0.002000s ]
INFO: [ route_check ] --END-- [ RunTime:0.002000s ]

[ 2014-11-26T12:02:03+08:00 ] 0.0.0.0 /Tp_group/Admin/Blog/addBlog
INFO: [ route_check ] --START--
INFO: CheckRoute Behavior ::run [ RunTime:0.003000s ]
INFO: [ route_check ] --END-- [ RunTime:0.003000s ]

[ 2014-11-26T12:02:06+08:00 ] 0.0.0.0 /Tp_group/Admin/Blog/handelAddBlog
INFO: [ route_check ] --START--
INFO: CheckRoute Behavior ::run [ RunTime:0.003000s ]
INFO: [ route_check ] --END-- [ RunTime:0.004000s ]

[ 2014-11-26T12:02:25+08:00 ] 0.0.0.0 /Tp_group/Admin/Blog/handelAddBlog
INFO: [ route_check ] --START--
INFO: CheckRoute Behavior ::run [ RunTime:0.003000s ]
INFO: [ route_check ] --END-- [ RunTime:0.003000s ]

[ 2014-11-26T12:02:26+08:00 ] 0.0.0.0 /Tp_group/Admin/Blog/index
INFO: [ route_check ] --START--
INFO: CheckRoute Behavior ::run [ RunTime:0.002001s ]
INFO: [ route_check ] --END-- [ RunTime:0.003001s ]

[ 2014-11-26T12:02:30+08:00 ] 0.0.0.0 /Tp_group/Admin/Blog/index
INFO: [ route_check ] --START--
INFO: CheckRoute Behavior ::run [ RunTime:0.003000s ]
INFO: [ route_check ] --END-- [ RunTime:0.003000s ]

[ 2014-11-26T12:02:32+08:00 ] 0.0.0.0 /Tp_group/Admin/Blog/index
INFO: [ route_check ] --START--
INFO: CheckRoute Behavior ::run [ RunTime:0.002000s ]
INFO: [ route_check ] --END-- [ RunTime:0.004000s ]

[ 2014-11-26T12:02:34+08:00 ] 0.0.0.0 /Tp_group/Admin/Blog/index
INFO: [ route_check ] --START--
INFO: CheckRoute Behavior ::run [ RunTime:0.002000s ]
INFO: [ route_check ] --END-- [ RunTime:0.003000s ]

[ 2014-11-26T12:03:50+08:00 ] 0.0.0.0 /Tp_group/Thumb/150x100/201410/5442493ca5efc.jpeg
INFO: [ route_check ] --START--
INFO: CheckRoute Behavior ::run [ RunTime:0.011001s ]
INFO: [ route_check ] --END-- [ RunTime:0.017001s ]
ERR: 无法加载模块:Thumb

[ 2014-11-26T12:07:09+08:00 ] 0.0.0.0 /Tp_group/Admin/Blog/index
INFO: [ route_check ] --START--
INFO: CheckRoute Behavior ::run [ RunTime:0.003000s ]
INFO: [ route_check ] --END-- [ RunTime:0.003000s ]

[ 2014-11-26T12:07:34+08:00 ] 0.0.0.0 /Tp_group/Admin/Blog/index
INFO: [ route_check ] --START--
INFO: CheckRoute Behavior ::run [ RunTime:0.002000s ]
INFO: [ route_check ] --END-- [ RunTime:0.003000s ]

[ 2014-11-26T12:07:42+08:00 ] 0.0.0.0 /Tp_group/Admin/Blog/index
INFO: [ route_check ] --START--
INFO: CheckRoute Behavior ::run [ RunTime:0.003000s ]
INFO: [ route_check ] --END-- [ RunTime:0.003000s ]

[ 2014-11-26T12:10:10+08:00 ] 0.0.0.0 /Tp_group/Admin/Blog/index
INFO: [ route_check ] --START--
INFO: CheckRoute Behavior ::run [ RunTime:0.003000s ]
INFO: [ route_check ] --END-- [ RunTime:0.003000s ]

[ 2014-11-26T12:10:11+08:00 ] 0.0.0.0 /Tp_group/Admin/Blog/edit/id/11
INFO: [ route_check ] --START--
INFO: CheckRoute Behavior ::run [ RunTime:0.003000s ]
INFO: [ route_check ] --END-- [ RunTime:0.003000s ]

[ 2014-11-26T12:10:15+08:00 ] 0.0.0.0 /Tp_group/Admin/Blog/edit/id/5
INFO: [ route_check ] --START--
INFO: CheckRoute Behavior ::run [ RunTime:0.003000s ]
INFO: [ route_check ] --END-- [ RunTime:0.003000s ]

[ 2014-11-26T12:13:12+08:00 ] 0.0.0.0 /Tp_group/Admin/Blog/index
INFO: [ route_check ] --START--
INFO: CheckRoute Behavior ::run [ RunTime:0.003000s ]
INFO: [ route_check ] --END-- [ RunTime:0.003000s ]

[ 2014-11-26T12:13:13+08:00 ] 0.0.0.0 /Tp_group/Admin/Blog/edit/id/11
INFO: [ route_check ] --START--
INFO: CheckRoute Behavior ::run [ RunTime:0.003001s ]
INFO: [ route_check ] --END-- [ RunTime:0.003001s ]

[ 2014-11-26T12:14:58+08:00 ] 0.0.0.0 /Tp_group/Admin/Blog/edit/id/11
INFO: [ route_check ] --START--
INFO: CheckRoute Behavior ::run [ RunTime:0.003000s ]
INFO: [ route_check ] --END-- [ RunTime:0.003000s ]

[ 2014-11-26T12:15:08+08:00 ] 0.0.0.0 /Tp_group/Admin/Blog/edit/id/11
INFO: [ route_check ] --START--
INFO: CheckRoute Behavior ::run [ RunTime:0.003000s ]
INFO: [ route_check ] --END-- [ RunTime:0.003000s ]

[ 2014-11-26T12:20:06+08:00 ] 0.0.0.0 /Tp_group/Admin/Blog/edit/id/11
INFO: [ route_check ] --START--
INFO: CheckRoute Behavior ::run [ RunTime:0.003001s ]
INFO: [ route_check ] --END-- [ RunTime:0.003001s ]
ERR: 非法操作:edit

[ 2014-11-26T12:20:09+08:00 ] 0.0.0.0 /Tp_group/Admin/Blog/index
INFO: [ route_check ] --START--
INFO: CheckRoute Behavior ::run [ RunTime:0.002001s ]
INFO: [ route_check ] --END-- [ RunTime:0.003001s ]

[ 2014-11-26T12:21:23+08:00 ] 0.0.0.0 /Tp_group/10
INFO: [ route_check ] --START--
INFO: CheckRoute Behavior ::run [ RunTime:0.003000s ]
INFO: [ route_check ] --END-- [ RunTime:0.004000s ]

[ 2014-11-26T12:21:23+08:00 ] 0.0.0.0 /Tp_group/Home/Show/click/id/10
INFO: [ route_check ] --START--
INFO: CheckRoute Behavior ::run [ RunTime:0.003000s ]
INFO: [ route_check ] --END-- [ RunTime:0.003000s ]

[ 2014-11-26T18:19:04+08:00 ] 0.0.0.0 /Tp_group/Thumb/150x100/201410/5442493ca5efc.jpeg
INFO: [ route_check ] --START--
INFO: CheckRoute Behavior ::run [ RunTime:0.009000s ]
INFO: [ route_check ] --END-- [ RunTime:0.010000s ]
ERR: 无法加载模块:Thumb

[ 2014-11-26T18:24:31+08:00 ] 0.0.0.0 /Tp_group/Thumb/150x100/201410/5442493ca5efc.jpeg
INFO: [ route_check ] --START--
INFO: CheckRoute Behavior ::run [ RunTime:0.009000s ]
INFO: [ route_check ] --END-- [ RunTime:0.009000s ]
ERR: 无法加载模块:Thumb

[ 2014-11-26T18:25:04+08:00 ] 0.0.0.0 /Tp_group/Thumb/150x100/201410/5442493ca5efc.jpeg
INFO: [ route_check ] --START--
INFO: CheckRoute Behavior ::run [ RunTime:0.005000s ]
INFO: [ route_check ] --END-- [ RunTime:0.006000s ]
ERR: 无法加载模块:Thumb

[ 2014-11-26T18:30:19+08:00 ] 0.0.0.0 /Tp_group/Home/Search/index?k=
INFO: [ route_check ] --START--
INFO: CheckRoute Behavior ::run [ RunTime:0.004000s ]
INFO: [ route_check ] --END-- [ RunTime:0.004000s ]
NOTIC: 建议使用I方法替代_get

[ 2014-11-26T18:30:21+08:00 ] 0.0.0.0 /Tp_group/Thumb/150x100/201410/5442493ca5efc.jpeg
INFO: [ route_check ] --START--
INFO: CheckRoute Behavior ::run [ RunTime:0.002000s ]
INFO: [ route_check ] --END-- [ RunTime:0.003000s ]
ERR: 无法加载模块:Thumb

[ 2014-11-26T18:30:31+08:00 ] 0.0.0.0 /Tp_group/av/2
INFO: [ route_check ] --START--
INFO: CheckRoute Behavior ::run [ RunTime:0.003000s ]
INFO: [ route_check ] --END-- [ RunTime:0.004001s ]

[ 2014-11-26T18:30:32+08:00 ] 0.0.0.0 /Tp_group/av/2
INFO: [ route_check ] --START--
INFO: CheckRoute Behavior ::run [ RunTime:0.004000s ]
INFO: [ route_check ] --END-- [ RunTime:0.004000s ]

[ 2014-11-26T18:30:36+08:00 ] 0.0.0.0 /Tp_group/AVList/index/id/2/p/2
INFO: [ route_check ] --START--
INFO: CheckRoute Behavior ::run [ RunTime:0.003000s ]
INFO: [ route_check ] --END-- [ RunTime:0.004000s ]

[ 2014-11-26T18:30:37+08:00 ] 0.0.0.0 /Tp_group/AVList/index/id/2/p/2
INFO: [ route_check ] --START--
INFO: CheckRoute Behavior ::run [ RunTime:0.002000s ]
INFO: [ route_check ] --END-- [ RunTime:0.003000s ]

[ 2014-11-26T18:30:42+08:00 ] 0.0.0.0 /Tp_group/Thumb/150x100/201410/5442493ca5efc.jpeg
INFO: [ route_check ] --START--
INFO: CheckRoute Behavior ::run [ RunTime:0.003000s ]
INFO: [ route_check ] --END-- [ RunTime:0.003000s ]
ERR: 无法加载模块:Thumb

[ 2014-11-26T18:31:03+08:00 ] 0.0.0.0 /Tp_group/av/6
INFO: [ route_check ] --START--
INFO: CheckRoute Behavior ::run [ RunTime:0.003000s ]
INFO: [ route_check ] --END-- [ RunTime:0.004000s ]

[ 2014-11-26T18:31:03+08:00 ] 0.0.0.0 /Tp_group/av/6
INFO: [ route_check ] --START--
INFO: CheckRoute Behavior ::run [ RunTime:0.004000s ]
INFO: [ route_check ] --END-- [ RunTime:0.005000s ]

[ 2014-11-26T18:31:06+08:00 ] 0.0.0.0 /Tp_group/AVList/index/id/6/p/2
INFO: [ route_check ] --START--
INFO: CheckRoute Behavior ::run [ RunTime:0.003000s ]
INFO: [ route_check ] --END-- [ RunTime:0.003000s ]

[ 2014-11-26T18:31:06+08:00 ] 0.0.0.0 /Tp_group/AVList/index/id/6/p/2
INFO: [ route_check ] --START--
INFO: CheckRoute Behavior ::run [ RunTime:0.003000s ]
INFO: [ route_check ] --END-- [ RunTime:0.003000s ]

[ 2014-11-26T18:31:10+08:00 ] 0.0.0.0 /Tp_group/Thumb/150x100/201410/5442493ca5efc.jpeg
INFO: [ route_check ] --START--
INFO: CheckRoute Behavior ::run [ RunTime:0.002000s ]
INFO: [ route_check ] --END-- [ RunTime:0.003000s ]
ERR: 无法加载模块:Thumb

[ 2014-11-26T18:31:13+08:00 ] 0.0.0.0 /Tp_group/av/1
INFO: [ route_check ] --START--
INFO: CheckRoute Behavior ::run [ RunTime:0.005000s ]
INFO: [ route_check ] --END-- [ RunTime:0.007000s ]

[ 2014-11-26T18:31:13+08:00 ] 0.0.0.0 /Tp_group/av/1
INFO: [ route_check ] --START--
INFO: CheckRoute Behavior ::run [ RunTime:0.002000s ]
INFO: [ route_check ] --END-- [ RunTime:0.003000s ]

[ 2014-11-26T18:31:15+08:00 ] 0.0.0.0 /Tp_group/AVList/index/id/1/p/2
INFO: [ route_check ] --START--
INFO: CheckRoute Behavior ::run [ RunTime:0.002000s ]
INFO: [ route_check ] --END-- [ RunTime:0.004000s ]

[ 2014-11-26T18:31:16+08:00 ] 0.0.0.0 /Tp_group/AVList/index/id/1/p/2
INFO: [ route_check ] --START--
INFO: CheckRoute Behavior ::run [ RunTime:0.003000s ]
INFO: [ route_check ] --END-- [ RunTime:0.003000s ]

[ 2014-11-26T18:31:17+08:00 ] 0.0.0.0 /Tp_group/AVList/index/id/1/p/1
INFO: [ route_check ] --START--
INFO: CheckRoute Behavior ::run [ RunTime:0.005000s ]
INFO: [ route_check ] --END-- [ RunTime:0.006000s ]

[ 2014-11-26T18:31:18+08:00 ] 0.0.0.0 /Tp_group/AVList/index/id/1/p/1
INFO: [ route_check ] --START--
INFO: CheckRoute Behavior ::run [ RunTime:0.004001s ]
INFO: [ route_check ] --END-- [ RunTime:0.004001s ]

[ 2014-11-26T18:31:27+08:00 ] 0.0.0.0 /Tp_group/Thumb/150x100/201410/5442493ca5efc.jpeg
INFO: [ route_check ] --START--
INFO: CheckRoute Behavior ::run [ RunTime:0.003000s ]
INFO: [ route_check ] --END-- [ RunTime:0.003000s ]
ERR: 无法加载模块:Thumb

[ 2014-11-26T18:31:32+08:00 ] 0.0.0.0 /Tp_group/av/2
INFO: [ route_check ] --START--
INFO: CheckRoute Behavior ::run [ RunTime:0.003000s ]
INFO: [ route_check ] --END-- [ RunTime:0.003000s ]

[ 2014-11-26T18:31:32+08:00 ] 0.0.0.0 /Tp_group/av/2
INFO: [ route_check ] --START--
INFO: CheckRoute Behavior ::run [ RunTime:0.003000s ]
INFO: [ route_check ] --END-- [ RunTime:0.003000s ]

[ 2014-11-26T18:31:46+08:00 ] 0.0.0.0 /Tp_group/av/2
INFO: [ route_check ] --START--
INFO: CheckRoute Behavior ::run [ RunTime:0.003000s ]
INFO: [ route_check ] --END-- [ RunTime:0.005000s ]

[ 2014-11-26T18:31:46+08:00 ] 0.0.0.0 /Tp_group/av/2
INFO: [ route_check ] --START--
INFO: CheckRoute Behavior ::run [ RunTime:0.003000s ]
INFO: [ route_check ] --END-- [ RunTime:0.003000s ]

[ 2014-11-26T18:31:49+08:00 ] 0.0.0.0 /Tp_group/Home/Detail/index/id/24
INFO: [ route_check ] --START--
INFO: CheckRoute Behavior ::run [ RunTime:0.003000s ]
INFO: [ route_check ] --END-- [ RunTime:0.003000s ]

[ 2014-11-26T18:31:49+08:00 ] 0.0.0.0 /Tp_group/Home/Detail/index/id/24
INFO: [ route_check ] --START--
INFO: CheckRoute Behavior ::run [ RunTime:0.003000s ]
INFO: [ route_check ] --END-- [ RunTime:0.003000s ]

[ 2014-11-26T18:32:12+08:00 ] 0.0.0.0 /Tp_group/Home/Detail/index/id/21
INFO: [ route_check ] --START--
INFO: CheckRoute Behavior ::run [ RunTime:0.003000s ]
INFO: [ route_check ] --END-- [ RunTime:0.003000s ]

[ 2014-11-26T18:32:12+08:00 ] 0.0.0.0 /Tp_group/Home/Detail/index/id/21
INFO: [ route_check ] --START--
INFO: CheckRoute Behavior ::run [ RunTime:0.002000s ]
INFO: [ route_check ] --END-- [ RunTime:0.003000s ]

[ 2014-11-26T18:32:17+08:00 ] 0.0.0.0 /Tp_group/av/2
INFO: [ route_check ] --START--
INFO: CheckRoute Behavior ::run [ RunTime:0.003000s ]
INFO: [ route_check ] --END-- [ RunTime:0.003000s ]

[ 2014-11-26T18:32:17+08:00 ] 0.0.0.0 /Tp_group/av/2
INFO: [ route_check ] --START--
INFO: CheckRoute Behavior ::run [ RunTime:0.003001s ]
INFO: [ route_check ] --END-- [ RunTime:0.004001s ]

[ 2014-11-26T18:32:21+08:00 ] 0.0.0.0 /Tp_group/AVList/index/id/2/p/2
INFO: [ route_check ] --START--
INFO: CheckRoute Behavior ::run [ RunTime:0.005000s ]
INFO: [ route_check ] --END-- [ RunTime:0.006000s ]

[ 2014-11-26T18:32:21+08:00 ] 0.0.0.0 /Tp_group/AVList/index/id/2/p/2
INFO: [ route_check ] --START--
INFO: CheckRoute Behavior ::run [ RunTime:0.002000s ]
INFO: [ route_check ] --END-- [ RunTime:0.003000s ]

[ 2014-11-26T18:32:24+08:00 ] 0.0.0.0 /Tp_group/Home/Detail/index/id/2
INFO: [ route_check ] --START--
INFO: CheckRoute Behavior ::run [ RunTime:0.002000s ]
INFO: [ route_check ] --END-- [ RunTime:0.004000s ]

[ 2014-11-26T18:32:24+08:00 ] 0.0.0.0 /Tp_group/Home/Detail/index/id/2
INFO: [ route_check ] --START--
INFO: CheckRoute Behavior ::run [ RunTime:0.002000s ]
INFO: [ route_check ] --END-- [ RunTime:0.003000s ]

[ 2014-11-26T18:32:29+08:00 ] 0.0.0.0 /Tp_group/AVList/index/id/2/p/2
INFO: [ route_check ] --START--
INFO: CheckRoute Behavior ::run [ RunTime:0.004000s ]
INFO: [ route_check ] --END-- [ RunTime:0.004000s ]

[ 2014-11-26T18:32:29+08:00 ] 0.0.0.0 /Tp_group/AVList/index/id/2/p/2
INFO: [ route_check ] --START--
INFO: CheckRoute Behavior ::run [ RunTime:0.008000s ]
INFO: [ route_check ] --END-- [ RunTime:0.010000s ]

[ 2014-11-26T18:32:31+08:00 ] 0.0.0.0 /Tp_group/AVList/index/id/2/p/2
INFO: [ route_check ] --START--
INFO: CheckRoute Behavior ::run [ RunTime:0.005000s ]
INFO: [ route_check ] --END-- [ RunTime:0.005000s ]

[ 2014-11-26T18:32:31+08:00 ] 0.0.0.0 /Tp_group/AVList/index/id/2/p/2
INFO: [ route_check ] --START--
INFO: CheckRoute Behavior ::run [ RunTime:0.004000s ]
INFO: [ route_check ] --END-- [ RunTime:0.004000s ]

[ 2014-11-26T18:32:36+08:00 ] 0.0.0.0 /Tp_group/Home/Detail/index/id/2
INFO: [ route_check ] --START--
INFO: CheckRoute Behavior ::run [ RunTime:0.004000s ]
INFO: [ route_check ] --END-- [ RunTime:0.004000s ]

[ 2014-11-26T18:32:36+08:00 ] 0.0.0.0 /Tp_group/Home/Detail/index/id/2
INFO: [ route_check ] --START--
INFO: CheckRoute Behavior ::run [ RunTime:0.002000s ]
INFO: [ route_check ] --END-- [ RunTime:0.003000s ]

[ 2014-11-26T18:32:38+08:00 ] 0.0.0.0 /Tp_group/v/12
INFO: [ route_check ] --START--
INFO: CheckRoute Behavior ::run [ RunTime:0.004000s ]
INFO: [ route_check ] --END-- [ RunTime:0.004000s ]

[ 2014-11-26T18:32:38+08:00 ] 0.0.0.0 /Tp_group/v/12
INFO: [ route_check ] --START--
INFO: CheckRoute Behavior ::run [ RunTime:0.003000s ]
INFO: [ route_check ] --END-- [ RunTime:0.004000s ]

[ 2014-11-26T18:32:46+08:00 ] 0.0.0.0 /Tp_group/v/15
INFO: [ route_check ] --START--
INFO: CheckRoute Behavior ::run [ RunTime:0.003001s ]
INFO: [ route_check ] --END-- [ RunTime:0.004001s ]

[ 2014-11-26T18:32:47+08:00 ] 0.0.0.0 /Tp_group/v/15
INFO: [ route_check ] --START--
INFO: CheckRoute Behavior ::run [ RunTime:0.003000s ]
INFO: [ route_check ] --END-- [ RunTime:0.003000s ]

[ 2014-11-26T18:33:11+08:00 ] 0.0.0.0 /Tp_group/Thumb/150x100/201410/5442493ca5efc.jpeg
INFO: [ route_check ] --START--
INFO: CheckRoute Behavior ::run [ RunTime:0.011001s ]
INFO: [ route_check ] --END-- [ RunTime:0.011001s ]
ERR: 无法加载模块:Thumb

[ 2014-11-26T18:42:44+08:00 ] 0.0.0.0 /Tp_group/Admin/
INFO: [ route_check ] --START--
INFO: CheckRoute Behavior ::run [ RunTime:0.004000s ]
INFO: [ route_check ] --END-- [ RunTime:0.004000s ]

[ 2014-11-26T18:42:44+08:00 ] 0.0.0.0 /Tp_group/Admin/Login/index
INFO: [ route_check ] --START--
INFO: CheckRoute Behavior ::run [ RunTime:0.003000s ]
INFO: [ route_check ] --END-- [ RunTime:0.004000s ]

[ 2014-11-26T18:42:44+08:00 ] 0.0.0.0 /Tp_group/Admin/Login/imagecode
INFO: [ route_check ] --START--
INFO: CheckRoute Behavior ::run [ RunTime:0.005001s ]
INFO: [ route_check ] --END-- [ RunTime:0.005001s ]

[ 2014-11-26T18:42:53+08:00 ] 0.0.0.0 /Tp_group/Admin/Login/login
INFO: [ route_check ] --START--
INFO: CheckRoute Behavior ::run [ RunTime:0.003000s ]
INFO: [ route_check ] --END-- [ RunTime:0.004001s ]

[ 2014-11-26T18:42:53+08:00 ] 0.0.0.0 /Tp_group/Admin/Index/index
INFO: [ route_check ] --START--
INFO: CheckRoute Behavior ::run [ RunTime:0.002000s ]
INFO: [ route_check ] --END-- [ RunTime:0.003000s ]

[ 2014-11-26T18:42:57+08:00 ] 0.0.0.0 /Tp_group/Admin/Animate/index
INFO: [ route_check ] --START--
INFO: CheckRoute Behavior ::run [ RunTime:0.003000s ]
INFO: [ route_check ] --END-- [ RunTime:0.003000s ]

[ 2014-11-26T18:43:02+08:00 ] 0.0.0.0 /Tp_group/Admin/Animate/addAnimate
INFO: [ route_check ] --START--
INFO: CheckRoute Behavior ::run [ RunTime:0.004000s ]
INFO: [ route_check ] --END-- [ RunTime:0.004000s ]

[ 2014-11-26T18:46:11+08:00 ] 0.0.0.0 /Tp_group/Admin/Animate/addAnimate
INFO: [ route_check ] --START--
INFO: CheckRoute Behavior ::run [ RunTime:0.003000s ]
INFO: [ route_check ] --END-- [ RunTime:0.003000s ]

[ 2014-11-26T18:50:55+08:00 ] 0.0.0.0 /Tp_group/Admin/Animate/addAnimate
INFO: [ route_check ] --START--
INFO: CheckRoute Behavior ::run [ RunTime:0.007000s ]
INFO: [ route_check ] --END-- [ RunTime:0.007000s ]

[ 2014-11-26T18:51:02+08:00 ] 0.0.0.0 /Tp_group/Admin/Animate/addAnimate
INFO: [ route_check ] --START--
INFO: CheckRoute Behavior ::run [ RunTime:0.005000s ]
INFO: [ route_check ] --END-- [ RunTime:0.005000s ]

[ 2014-11-26T18:51:08+08:00 ] 0.0.0.0 /Tp_group/Admin/Animate/handelAddAnimate
INFO: [ route_check ] --START--
INFO: CheckRoute Behavior ::run [ RunTime:0.004000s ]
INFO: [ route_check ] --END-- [ RunTime:0.004000s ]

[ 2014-11-26T18:57:46+08:00 ] 0.0.0.0 /Tp_group/Admin/Animate/handelAddAnimate
INFO: [ route_check ] --START--
INFO: CheckRoute Behavior ::run [ RunTime:0.003001s ]
INFO: [ route_check ] --END-- [ RunTime:0.004001s ]

[ 2014-11-26T18:58:40+08:00 ] 0.0.0.0 /Tp_group/Admin/Animate/handelAddAnimate
INFO: [ route_check ] --START--
INFO: CheckRoute Behavior ::run [ RunTime:0.003000s ]
INFO: [ route_check ] --END-- [ RunTime:0.004000s ]

[ 2014-11-26T18:58:58+08:00 ] 0.0.0.0 /Tp_group/Admin/Animate/handelAddAnimate
INFO: [ route_check ] --START--
INFO: CheckRoute Behavior ::run [ RunTime:0.003000s ]
INFO: [ route_check ] --END-- [ RunTime:0.003000s ]

[ 2014-11-26T18:58:59+08:00 ] 0.0.0.0 /Tp_group/Admin/Animate/index
INFO: [ route_check ] --START--
INFO: CheckRoute Behavior ::run [ RunTime:0.005000s ]
INFO: [ route_check ] --END-- [ RunTime:0.006000s ]

[ 2014-11-26T18:59:04+08:00 ] 0.0.0.0 /Tp_group/Admin/Animate/index/p/5
INFO: [ route_check ] --START--
INFO: CheckRoute Behavior ::run [ RunTime:0.003000s ]
INFO: [ route_check ] --END-- [ RunTime:0.004000s ]

[ 2014-11-26T18:59:06+08:00 ] 0.0.0.0 /Tp_group/Admin/Animate/index/p/10
INFO: [ route_check ] --START--
INFO: CheckRoute Behavior ::run [ RunTime:0.005000s ]
INFO: [ route_check ] --END-- [ RunTime:0.007000s ]

[ 2014-11-26T19:05:52+08:00 ] 0.0.0.0 /Tp_group/Admin/Animate/edit/id/31
INFO: [ route_check ] --START--
INFO: CheckRoute Behavior ::run [ RunTime:0.005000s ]
INFO: [ route_check ] --END-- [ RunTime:0.005000s ]

[ 2014-11-26T19:07:27+08:00 ] 0.0.0.0 /Tp_group/Admin/Animate/edit/id/31
INFO: [ route_check ] --START--
INFO: CheckRoute Behavior ::run [ RunTime:0.005001s ]
INFO: [ route_check ] --END-- [ RunTime:0.006001s ]

[ 2014-11-26T19:07:35+08:00 ] 0.0.0.0 /Tp_group/Admin/Animate/handelEdit
INFO: [ route_check ] --START--
INFO: CheckRoute Behavior ::run [ RunTime:0.002000s ]
INFO: [ route_check ] --END-- [ RunTime:0.004000s ]

[ 2014-11-26T19:07:36+08:00 ] 0.0.0.0 /Tp_group/Admin/Animate/index
INFO: [ route_check ] --START--
INFO: CheckRoute Behavior ::run [ RunTime:0.003000s ]
INFO: [ route_check ] --END-- [ RunTime:0.003000s ]

[ 2014-11-26T19:08:03+08:00 ] 0.0.0.0 /Tp_group/Admin/Animate/index/p/6
INFO: [ route_check ] --START--
INFO: CheckRoute Behavior ::run [ RunTime:0.004000s ]
INFO: [ route_check ] --END-- [ RunTime:0.004000s ]

[ 2014-11-26T19:08:06+08:00 ] 0.0.0.0 /Tp_group/Admin/Animate/index/p/7
INFO: [ route_check ] --START--
INFO: CheckRoute Behavior ::run [ RunTime:0.003000s ]
INFO: [ route_check ] --END-- [ RunTime:0.004000s ]

[ 2014-11-26T19:08:10+08:00 ] 0.0.0.0 /Tp_group/Admin/Animate/edit/id/31
INFO: [ route_check ] --START--
INFO: CheckRoute Behavior ::run [ RunTime:0.004000s ]
INFO: [ route_check ] --END-- [ RunTime:0.004000s ]

[ 2014-11-26T19:08:42+08:00 ] 0.0.0.0 /Tp_group/Admin/Animate/edit/id/31
INFO: [ route_check ] --START--
INFO: CheckRoute Behavior ::run [ RunTime:0.006000s ]
INFO: [ route_check ] --END-- [ RunTime:0.007000s ]

[ 2014-11-26T19:08:46+08:00 ] 0.0.0.0 /Tp_group/Admin/Animate/handelEdit
INFO: [ route_check ] --START--
INFO: CheckRoute Behavior ::run [ RunTime:0.003000s ]
INFO: [ route_check ] --END-- [ RunTime:0.003000s ]

[ 2014-11-26T19:10:52+08:00 ] 0.0.0.0 /Tp_group/Admin/Animate/handelEdit
INFO: [ route_check ] --START--
INFO: CheckRoute Behavior ::run [ RunTime:0.003000s ]
INFO: [ route_check ] --END-- [ RunTime:0.003000s ]

[ 2014-11-26T19:10:58+08:00 ] 0.0.0.0 /Tp_group/Admin/Animate/handelEdit
INFO: [ route_check ] --START--
INFO: CheckRoute Behavior ::run [ RunTime:0.006000s ]
INFO: [ route_check ] --END-- [ RunTime:0.007000s ]

[ 2014-11-26T19:11:00+08:00 ] 0.0.0.0 /Tp_group/Admin/Animate/index
INFO: [ route_check ] --START--
INFO: CheckRoute Behavior ::run [ RunTime:0.003000s ]
INFO: [ route_check ] --END-- [ RunTime:0.003000s ]

[ 2014-11-26T19:11:15+08:00 ] 0.0.0.0 /Tp_group/Admin/Animate/edit/id/2
INFO: [ route_check ] --START--
INFO: CheckRoute Behavior ::run [ RunTime:0.006000s ]
INFO: [ route_check ] --END-- [ RunTime:0.006000s ]

[ 2014-11-26T19:11:21+08:00 ] 0.0.0.0 /Tp_group/Admin/Animate/handelEdit
INFO: [ route_check ] --START--
INFO: CheckRoute Behavior ::run [ RunTime:0.003000s ]
INFO: [ route_check ] --END-- [ RunTime:0.004000s ]

[ 2014-11-26T19:11:22+08:00 ] 0.0.0.0 /Tp_group/Admin/Animate/index
INFO: [ route_check ] --START--
INFO: CheckRoute Behavior ::run [ RunTime:0.003001s ]
INFO: [ route_check ] --END-- [ RunTime:0.003001s ]

[ 2014-11-26T19:11:39+08:00 ] 0.0.0.0 /Tp_group/Admin/Animate/edit/id/2
INFO: [ route_check ] --START--
INFO: CheckRoute Behavior ::run [ RunTime:0.003000s ]
INFO: [ route_check ] --END-- [ RunTime:0.003000s ]

[ 2014-11-26T19:14:50+08:00 ] 0.0.0.0 /Tp_group/Admin/Animate/handelEdit
INFO: [ route_check ] --START--
INFO: CheckRoute Behavior ::run [ RunTime:0.003000s ]
INFO: [ route_check ] --END-- [ RunTime:0.004000s ]

[ 2014-11-26T19:14:52+08:00 ] 0.0.0.0 /Tp_group/Admin/Animate/index
INFO: [ route_check ] --START--
INFO: CheckRoute Behavior ::run [ RunTime:0.003000s ]
INFO: [ route_check ] --END-- [ RunTime:0.005000s ]

[ 2014-11-26T19:17:09+08:00 ] 0.0.0.0 /Tp_group/Thumb/150x100/201410/5442493ca5efc.jpeg
INFO: [ route_check ] --START--
INFO: CheckRoute Behavior ::run [ RunTime:0.004000s ]
INFO: [ route_check ] --END-- [ RunTime:0.004000s ]
ERR: 无法加载模块:Thumb

[ 2014-11-26T19:28:53+08:00 ] 0.0.0.0 /Tp_group/__PUBLIC__/Css/Head.css
INFO: [ route_check ] --START--
INFO: CheckRoute Behavior ::run [ RunTime:0.004000s ]
INFO: [ route_check ] --END-- [ RunTime:0.006001s ]
ERR: 无法加载模块:__PUBLIC__

[ 2014-11-26T19:28:53+08:00 ] 0.0.0.0 /Tp_group/__PUBLIC__/Css/default.css
INFO: [ route_check ] --START--
INFO: CheckRoute Behavior ::run [ RunTime:0.005000s ]
INFO: [ route_check ] --END-- [ RunTime:0.005000s ]
ERR: 无法加载模块:__PUBLIC__

[ 2014-11-26T19:28:53+08:00 ] 0.0.0.0 /Tp_group/__PUBLIC__/Css/font-awesome.min.css
INFO: [ route_check ] --START--
INFO: CheckRoute Behavior ::run [ RunTime:0.004001s ]
INFO: [ route_check ] --END-- [ RunTime:0.013001s ]
ERR: 无法加载模块:__PUBLIC__

[ 2014-11-26T19:28:53+08:00 ] 0.0.0.0 /Tp_group/__PUBLIC__/Css/Home-Index.css
INFO: [ route_check ] --START--
INFO: CheckRoute Behavior ::run [ RunTime:0.013001s ]
INFO: [ route_check ] --END-- [ RunTime:0.014001s ]
ERR: 无法加载模块:__PUBLIC__

[ 2014-11-26T19:33:20+08:00 ] 0.0.0.0 /Tp_group/__PUBLIC__/Css/default.css
INFO: [ route_check ] --START--
INFO: CheckRoute Behavior ::run [ RunTime:0.003000s ]
INFO: [ route_check ] --END-- [ RunTime:0.004000s ]
ERR: 无法加载模块:__PUBLIC__

[ 2014-11-26T19:33:20+08:00 ] 0.0.0.0 /Tp_group/__PUBLIC__/Css/font-awesome.min.css
INFO: [ route_check ] --START--
INFO: CheckRoute Behavior ::run [ RunTime:0.003000s ]
INFO: [ route_check ] --END-- [ RunTime:0.004000s ]
ERR: 无法加载模块:__PUBLIC__

[ 2014-11-26T19:33:20+08:00 ] 0.0.0.0 /Tp_group/__PUBLIC__/Css/Home-Index.css
INFO: [ route_check ] --START--
INFO: CheckRoute Behavior ::run [ RunTime:0.014001s ]
INFO: [ route_check ] --END-- [ RunTime:0.014001s ]
ERR: 无法加载模块:__PUBLIC__

[ 2014-11-26T19:33:20+08:00 ] 0.0.0.0 /Tp_group/__PUBLIC__/Css/Head.css
INFO: [ route_check ] --START--
INFO: CheckRoute Behavior ::run [ RunTime:0.005001s ]
INFO: [ route_check ] --END-- [ RunTime:0.006001s ]
ERR: 无法加载模块:__PUBLIC__

[ 2014-11-26T19:33:35+08:00 ] 0.0.0.0 /Tp_group/Admin/Animate/edit/id/3
INFO: [ route_check ] --START--
INFO: CheckRoute Behavior ::run [ RunTime:0.004000s ]
INFO: [ route_check ] --END-- [ RunTime:0.004000s ]

[ 2014-11-26T19:33:40+08:00 ] 0.0.0.0 /Tp_group/Admin/Animate/handelEdit
INFO: [ route_check ] --START--
INFO: CheckRoute Behavior ::run [ RunTime:0.003000s ]
INFO: [ route_check ] --END-- [ RunTime:0.004000s ]

[ 2014-11-26T19:33:41+08:00 ] 0.0.0.0 /Tp_group/Admin/Animate/index
INFO: [ route_check ] --START--
INFO: CheckRoute Behavior ::run [ RunTime:0.003001s ]
INFO: [ route_check ] --END-- [ RunTime:0.003001s ]

[ 2014-11-26T19:33:43+08:00 ] 0.0.0.0 /Tp_group/__PUBLIC__/Css/Head.css
INFO: [ route_check ] --START--
INFO: CheckRoute Behavior ::run [ RunTime:0.003000s ]
INFO: [ route_check ] --END-- [ RunTime:0.005001s ]
ERR: 无法加载模块:__PUBLIC__

[ 2014-11-26T19:33:43+08:00 ] 0.0.0.0 /Tp_group/__PUBLIC__/Css/default.css
INFO: [ route_check ] --START--
INFO: CheckRoute Behavior ::run [ RunTime:0.009001s ]
INFO: [ route_check ] --END-- [ RunTime:0.010001s ]
ERR: 无法加载模块:__PUBLIC__

[ 2014-11-26T19:33:43+08:00 ] 0.0.0.0 /Tp_group/__PUBLIC__/Css/font-awesome.min.css
INFO: [ route_check ] --START--
INFO: CheckRoute Behavior ::run [ RunTime:0.004000s ]
INFO: [ route_check ] --END-- [ RunTime:0.004000s ]
ERR: 无法加载模块:__PUBLIC__

[ 2014-11-26T19:33:43+08:00 ] 0.0.0.0 /Tp_group/__PUBLIC__/Css/Home-Index.css
INFO: [ route_check ] --START--
INFO: CheckRoute Behavior ::run [ RunTime:0.004000s ]
INFO: [ route_check ] --END-- [ RunTime:0.006000s ]
ERR: 无法加载模块:__PUBLIC__

[ 2014-11-26T19:33:48+08:00 ] 0.0.0.0 /Tp_group/Admin/Animate/edit/id/4
INFO: [ route_check ] --START--
INFO: CheckRoute Behavior ::run [ RunTime:0.003000s ]
INFO: [ route_check ] --END-- [ RunTime:0.004000s ]

[ 2014-11-26T19:33:51+08:00 ] 0.0.0.0 /Tp_group/Admin/Animate/handelEdit
INFO: [ route_check ] --START--
INFO: CheckRoute Behavior ::run [ RunTime:0.003000s ]
INFO: [ route_check ] --END-- [ RunTime:0.004000s ]

[ 2014-11-26T19:33:52+08:00 ] 0.0.0.0 /Tp_group/Admin/Animate/index
INFO: [ route_check ] --START--
INFO: CheckRoute Behavior ::run [ RunTime:0.004000s ]
INFO: [ route_check ] --END-- [ RunTime:0.004000s ]

[ 2014-11-26T19:33:55+08:00 ] 0.0.0.0 /Tp_group/Admin/Animate/edit/id/5
INFO: [ route_check ] --START--
INFO: CheckRoute Behavior ::run [ RunTime:0.003000s ]
INFO: [ route_check ] --END-- [ RunTime:0.004001s ]

[ 2014-11-26T19:34:00+08:00 ] 0.0.0.0 /Tp_group/Admin/Animate/handelEdit
INFO: [ route_check ] --START--
INFO: CheckRoute Behavior ::run [ RunTime:0.003001s ]
INFO: [ route_check ] --END-- [ RunTime:0.004001s ]

[ 2014-11-26T19:34:02+08:00 ] 0.0.0.0 /Tp_group/Admin/Animate/index
INFO: [ route_check ] --START--
INFO: CheckRoute Behavior ::run [ RunTime:0.003000s ]
INFO: [ route_check ] --END-- [ RunTime:0.004000s ]

[ 2014-11-26T19:34:03+08:00 ] 0.0.0.0 /Tp_group/__PUBLIC__/Css/font-awesome.min.css
INFO: [ route_check ] --START--
INFO: CheckRoute Behavior ::run [ RunTime:0.005000s ]
INFO: [ route_check ] --END-- [ RunTime:0.007000s ]
ERR: 无法加载模块:__PUBLIC__

[ 2014-11-26T19:34:03+08:00 ] 0.0.0.0 /Tp_group/__PUBLIC__/Css/default.css
INFO: [ route_check ] --START--
INFO: CheckRoute Behavior ::run [ RunTime:0.006000s ]
INFO: [ route_check ] --END-- [ RunTime:0.007000s ]
ERR: 无法加载模块:__PUBLIC__

[ 2014-11-26T19:34:03+08:00 ] 0.0.0.0 /Tp_group/__PUBLIC__/Css/Head.css
INFO: [ route_check ] --START--
INFO: CheckRoute Behavior ::run [ RunTime:0.004000s ]
INFO: [ route_check ] --END-- [ RunTime:0.005001s ]
ERR: 无法加载模块:__PUBLIC__

[ 2014-11-26T19:34:03+08:00 ] 0.0.0.0 /Tp_group/__PUBLIC__/Css/Home-Index.css
INFO: [ route_check ] --START--
INFO: CheckRoute Behavior ::run [ RunTime:0.003000s ]
INFO: [ route_check ] --END-- [ RunTime:0.004000s ]
ERR: 无法加载模块:__PUBLIC__

[ 2014-11-26T19:34:13+08:00 ] 0.0.0.0 /Tp_group/__PUBLIC__/Css/font-awesome.min.css
INFO: [ route_check ] --START--
INFO: CheckRoute Behavior ::run [ RunTime:0.005001s ]
INFO: [ route_check ] --END-- [ RunTime:0.005001s ]
ERR: 无法加载模块:__PUBLIC__

[ 2014-11-26T19:34:13+08:00 ] 0.0.0.0 /Tp_group/__PUBLIC__/Css/default.css
INFO: [ route_check ] --START--
INFO: CheckRoute Behavior ::run [ RunTime:0.005001s ]
INFO: [ route_check ] --END-- [ RunTime:0.011001s ]
ERR: 无法加载模块:__PUBLIC__

[ 2014-11-26T19:34:13+08:00 ] 0.0.0.0 /Tp_group/__PUBLIC__/Css/Head.css
INFO: [ route_check ] --START--
INFO: CheckRoute Behavior ::run [ RunTime:0.005001s ]
INFO: [ route_check ] --END-- [ RunTime:0.005001s ]
ERR: 无法加载模块:__PUBLIC__

[ 2014-11-26T19:34:13+08:00 ] 0.0.0.0 /Tp_group/__PUBLIC__/Css/Home-Index.css
INFO: [ route_check ] --START--
INFO: CheckRoute Behavior ::run [ RunTime:0.005000s ]
INFO: [ route_check ] --END-- [ RunTime:0.006000s ]
ERR: 无法加载模块:__PUBLIC__

[ 2014-11-26T19:34:40+08:00 ] 0.0.0.0 /Tp_group/Admin/Animate/index/p/2
INFO: [ route_check ] --START--
INFO: CheckRoute Behavior ::run [ RunTime:0.003000s ]
INFO: [ route_check ] --END-- [ RunTime:0.004000s ]

[ 2014-11-26T19:34:41+08:00 ] 0.0.0.0 /Tp_group/Admin/Animate/edit/id/6
INFO: [ route_check ] --START--
INFO: CheckRoute Behavior ::run [ RunTime:0.003001s ]
INFO: [ route_check ] --END-- [ RunTime:0.004001s ]

[ 2014-11-26T19:34:44+08:00 ] 0.0.0.0 /Tp_group/Admin/Animate/handelEdit
INFO: [ route_check ] --START--
INFO: CheckRoute Behavior ::run [ RunTime:0.003000s ]
INFO: [ route_check ] --END-- [ RunTime:0.004000s ]

[ 2014-11-26T19:34:46+08:00 ] 0.0.0.0 /Tp_group/Admin/Animate/index
INFO: [ route_check ] --START--
INFO: CheckRoute Behavior ::run [ RunTime:0.003000s ]
INFO: [ route_check ] --END-- [ RunTime:0.003000s ]

[ 2014-11-26T19:34:47+08:00 ] 0.0.0.0 /Tp_group/__PUBLIC__/Css/default.css
INFO: [ route_check ] --START--
INFO: CheckRoute Behavior ::run [ RunTime:0.012001s ]
INFO: [ route_check ] --END-- [ RunTime:0.012001s ]
ERR: 无法加载模块:__PUBLIC__

[ 2014-11-26T19:34:47+08:00 ] 0.0.0.0 /Tp_group/__PUBLIC__/Css/font-awesome.min.css
INFO: [ route_check ] --START--
INFO: CheckRoute Behavior ::run [ RunTime:0.004000s ]
INFO: [ route_check ] --END-- [ RunTime:0.004000s ]
ERR: 无法加载模块:__PUBLIC__

[ 2014-11-26T19:34:47+08:00 ] 0.0.0.0 /Tp_group/__PUBLIC__/Css/Home-Index.css
INFO: [ route_check ] --START--
INFO: CheckRoute Behavior ::run [ RunTime:0.004000s ]
INFO: [ route_check ] --END-- [ RunTime:0.007000s ]
ERR: 无法加载模块:__PUBLIC__

[ 2014-11-26T19:34:47+08:00 ] 0.0.0.0 /Tp_group/__PUBLIC__/Css/Head.css
INFO: [ route_check ] --START--
INFO: CheckRoute Behavior ::run [ RunTime:0.004000s ]
INFO: [ route_check ] --END-- [ RunTime:0.005000s ]
ERR: 无法加载模块:__PUBLIC__

[ 2014-11-26T19:35:09+08:00 ] 0.0.0.0 /Tp_group/Admin/Animate/index/p/3
INFO: [ route_check ] --START--
INFO: CheckRoute Behavior ::run [ RunTime:0.003001s ]
INFO: [ route_check ] --END-- [ RunTime:0.004001s ]

[ 2014-11-26T19:35:12+08:00 ] 0.0.0.0 /Tp_group/Admin/Animate/edit/id/12
INFO: [ route_check ] --START--
INFO: CheckRoute Behavior ::run [ RunTime:0.003000s ]
INFO: [ route_check ] --END-- [ RunTime:0.004000s ]

[ 2014-11-26T19:35:16+08:00 ] 0.0.0.0 /Tp_group/Admin/Animate/handelEdit
INFO: [ route_check ] --START--
INFO: CheckRoute Behavior ::run [ RunTime:0.003001s ]
INFO: [ route_check ] --END-- [ RunTime:0.003001s ]

[ 2014-11-26T19:35:17+08:00 ] 0.0.0.0 /Tp_group/Admin/Animate/index
INFO: [ route_check ] --START--
INFO: CheckRoute Behavior ::run [ RunTime:0.003000s ]
INFO: [ route_check ] --END-- [ RunTime:0.003000s ]

[ 2014-11-26T19:35:20+08:00 ] 0.0.0.0 /Tp_group/Admin/Animate/index/p/2
INFO: [ route_check ] --START--
INFO: CheckRoute Behavior ::run [ RunTime:0.003000s ]
INFO: [ route_check ] --END-- [ RunTime:0.004000s ]

[ 2014-11-26T19:35:23+08:00 ] 0.0.0.0 /Tp_group/Admin/Animate/edit/id/10
INFO: [ route_check ] --START--
INFO: CheckRoute Behavior ::run [ RunTime:0.005000s ]
INFO: [ route_check ] --END-- [ RunTime:0.006000s ]

[ 2014-11-26T19:35:26+08:00 ] 0.0.0.0 /Tp_group/Admin/Animate/handelEdit
INFO: [ route_check ] --START--
INFO: CheckRoute Behavior ::run [ RunTime:0.004001s ]
INFO: [ route_check ] --END-- [ RunTime:0.005001s ]

[ 2014-11-26T19:35:28+08:00 ] 0.0.0.0 /Tp_group/Admin/Animate/index
INFO: [ route_check ] --START--
INFO: CheckRoute Behavior ::run [ RunTime:0.003000s ]
INFO: [ route_check ] --END-- [ RunTime:0.004000s ]

[ 2014-11-26T19:35:30+08:00 ] 0.0.0.0 /Tp_group/Admin/Animate/index/p/2
INFO: [ route_check ] --START--
INFO: CheckRoute Behavior ::run [ RunTime:0.003001s ]
INFO: [ route_check ] --END-- [ RunTime:0.003001s ]

[ 2014-11-26T19:35:31+08:00 ] 0.0.0.0 /Tp_group/Admin/Animate/edit/id/8
INFO: [ route_check ] --START--
INFO: CheckRoute Behavior ::run [ RunTime:0.005001s ]
INFO: [ route_check ] --END-- [ RunTime:0.006001s ]

[ 2014-11-26T19:35:35+08:00 ] 0.0.0.0 /Tp_group/Admin/Animate/handelEdit
INFO: [ route_check ] --START--
INFO: CheckRoute Behavior ::run [ RunTime:0.003000s ]
INFO: [ route_check ] --END-- [ RunTime:0.003000s ]

[ 2014-11-26T19:35:37+08:00 ] 0.0.0.0 /Tp_group/Admin/Animate/index
INFO: [ route_check ] --START--
INFO: CheckRoute Behavior ::run [ RunTime:0.005000s ]
INFO: [ route_check ] --END-- [ RunTime:0.007001s ]

[ 2014-11-26T19:35:37+08:00 ] 0.0.0.0 /Tp_group/__PUBLIC__/Css/font-awesome.min.css
INFO: [ route_check ] --START--
INFO: CheckRoute Behavior ::run [ RunTime:0.003000s ]
INFO: [ route_check ] --END-- [ RunTime:0.004000s ]
ERR: 无法加载模块:__PUBLIC__

[ 2014-11-26T19:35:37+08:00 ] 0.0.0.0 /Tp_group/__PUBLIC__/Css/default.css
INFO: [ route_check ] --START--
INFO: CheckRoute Behavior ::run [ RunTime:0.003000s ]
INFO: [ route_check ] --END-- [ RunTime:0.004000s ]
ERR: 无法加载模块:__PUBLIC__

[ 2014-11-26T19:35:37+08:00 ] 0.0.0.0 /Tp_group/__PUBLIC__/Css/Head.css
INFO: [ route_check ] --START--
INFO: CheckRoute Behavior ::run [ RunTime:0.004000s ]
INFO: [ route_check ] --END-- [ RunTime:0.004000s ]
ERR: 无法加载模块:__PUBLIC__

[ 2014-11-26T19:35:37+08:00 ] 0.0.0.0 /Tp_group/__PUBLIC__/Css/Home-Index.css
INFO: [ route_check ] --START--
INFO: CheckRoute Behavior ::run [ RunTime:0.003001s ]
INFO: [ route_check ] --END-- [ RunTime:0.004001s ]
ERR: 无法加载模块:__PUBLIC__

[ 2014-11-26T19:35:43+08:00 ] 0.0.0.0 /Tp_group/Admin/Animate/index/p/3
INFO: [ route_check ] --START--
INFO: CheckRoute Behavior ::run [ RunTime:0.004001s ]
INFO: [ route_check ] --END-- [ RunTime:0.004001s ]

[ 2014-11-26T19:35:46+08:00 ] 0.0.0.0 /Tp_group/Admin/Animate/edit/id/15
INFO: [ route_check ] --START--
INFO: CheckRoute Behavior ::run [ RunTime:0.003000s ]
INFO: [ route_check ] --END-- [ RunTime:0.004000s ]

[ 2014-11-26T19:35:51+08:00 ] 0.0.0.0 /Tp_group/Admin/Animate/handelEdit
INFO: [ route_check ] --START--
INFO: CheckRoute Behavior ::run [ RunTime:0.003000s ]
INFO: [ route_check ] --END-- [ RunTime:0.003000s ]

[ 2014-11-26T19:35:53+08:00 ] 0.0.0.0 /Tp_group/Admin/Animate/index
INFO: [ route_check ] --START--
INFO: CheckRoute Behavior ::run [ RunTime:0.003000s ]
INFO: [ route_check ] --END-- [ RunTime:0.003000s ]

[ 2014-11-26T19:35:53+08:00 ] 0.0.0.0 /Tp_group/__PUBLIC__/Css/Home-Index.css
INFO: [ route_check ] --START--
INFO: CheckRoute Behavior ::run [ RunTime:0.005000s ]
INFO: [ route_check ] --END-- [ RunTime:0.005000s ]
ERR: 无法加载模块:__PUBLIC__

[ 2014-11-26T19:35:53+08:00 ] 0.0.0.0 /Tp_group/__PUBLIC__/Css/default.css
INFO: [ route_check ] --START--
INFO: CheckRoute Behavior ::run [ RunTime:0.006001s ]
INFO: [ route_check ] --END-- [ RunTime:0.011001s ]
ERR: 无法加载模块:__PUBLIC__

[ 2014-11-26T19:35:53+08:00 ] 0.0.0.0 /Tp_group/__PUBLIC__/Css/Head.css
INFO: [ route_check ] --START--
INFO: CheckRoute Behavior ::run [ RunTime:0.003000s ]
INFO: [ route_check ] --END-- [ RunTime:0.004000s ]
ERR: 无法加载模块:__PUBLIC__

[ 2014-11-26T19:35:53+08:00 ] 0.0.0.0 /Tp_group/__PUBLIC__/Css/font-awesome.min.css
INFO: [ route_check ] --START--
INFO: CheckRoute Behavior ::run [ RunTime:0.003000s ]
INFO: [ route_check ] --END-- [ RunTime:0.004000s ]
ERR: 无法加载模块:__PUBLIC__

[ 2014-11-26T19:40:56+08:00 ] 0.0.0.0 /Tp_group/Thumb/260x260/201410/5442493ca5efc.jpeg
INFO: [ route_check ] --START--
INFO: CheckRoute Behavior ::run [ RunTime:0.007001s ]
INFO: [ route_check ] --END-- [ RunTime:0.008001s ]
ERR: 无法加载模块:Thumb

[ 2014-11-26T19:40:56+08:00 ] 0.0.0.0 /Tp_group/Thumb/150x100/201410/5442493ca5efc.jpeg
INFO: [ route_check ] --START--
INFO: CheckRoute Behavior ::run [ RunTime:0.005001s ]
INFO: [ route_check ] --END-- [ RunTime:0.005001s ]
ERR: 无法加载模块:Thumb

[ 2014-11-26T19:41:47+08:00 ] 0.0.0.0 /Tp_group/Thumb/260x260/201410/5442493ca5efc.jpeg
INFO: [ route_check ] --START--
INFO: CheckRoute Behavior ::run [ RunTime:0.011000s ]
INFO: [ route_check ] --END-- [ RunTime:0.019001s ]
ERR: 无法加载模块:Thumb

[ 2014-11-26T19:41:47+08:00 ] 0.0.0.0 /Tp_group/Thumb/150x100/201410/5442493ca5efc.jpeg
INFO: [ route_check ] --START--
INFO: CheckRoute Behavior ::run [ RunTime:0.004000s ]
INFO: [ route_check ] --END-- [ RunTime:0.009001s ]
ERR: 无法加载模块:Thumb

[ 2014-11-26T19:44:42+08:00 ] 0.0.0.0 /Tp_group/Thumb/260x260/201410/5442493ca5efc.jpeg
INFO: [ route_check ] --START--
INFO: CheckRoute Behavior ::run [ RunTime:0.009000s ]
INFO: [ route_check ] --END-- [ RunTime:0.011000s ]
ERR: 无法加载模块:Thumb

[ 2014-11-26T19:44:42+08:00 ] 0.0.0.0 /Tp_group/Thumb/150x100/201410/5442493ca5efc.jpeg
INFO: [ route_check ] --START--
INFO: CheckRoute Behavior ::run [ RunTime:0.005001s ]
INFO: [ route_check ] --END-- [ RunTime:0.005001s ]
ERR: 无法加载模块:Thumb

[ 2014-11-26T19:45:41+08:00 ] 0.0.0.0 /Tp_group/Thumb/260x260/201410/5442493ca5efc.jpeg
INFO: [ route_check ] --START--
INFO: CheckRoute Behavior ::run [ RunTime:0.007001s ]
INFO: [ route_check ] --END-- [ RunTime:0.008001s ]
ERR: 无法加载模块:Thumb

[ 2014-11-26T19:45:41+08:00 ] 0.0.0.0 /Tp_group/Thumb/150x100/201410/5442493ca5efc.jpeg
INFO: [ route_check ] --START--
INFO: CheckRoute Behavior ::run [ RunTime:0.005001s ]
INFO: [ route_check ] --END-- [ RunTime:0.006001s ]
ERR: 无法加载模块:Thumb

[ 2014-11-26T19:46:05+08:00 ] 0.0.0.0 /Tp_group/Thumb/260x260/201410/5442493ca5efc.jpeg
INFO: [ route_check ] --START--
INFO: CheckRoute Behavior ::run [ RunTime:0.005000s ]
INFO: [ route_check ] --END-- [ RunTime:0.006000s ]
ERR: 无法加载模块:Thumb

[ 2014-11-26T19:46:06+08:00 ] 0.0.0.0 /Tp_group/Thumb/150x100/201410/5442493ca5efc.jpeg
INFO: [ route_check ] --START--
INFO: CheckRoute Behavior ::run [ RunTime:0.010000s ]
INFO: [ route_check ] --END-- [ RunTime:0.013001s ]
ERR: 无法加载模块:Thumb

[ 2014-11-26T19:46:41+08:00 ] 0.0.0.0 /Tp_group/Admin/Animate/index/p/3
INFO: [ route_check ] --START--
INFO: CheckRoute Behavior ::run [ RunTime:0.003000s ]
INFO: [ route_check ] --END-- [ RunTime:0.003000s ]

[ 2014-11-26T19:46:43+08:00 ] 0.0.0.0 /Tp_group/Admin/Animate/edit/id/11
INFO: [ route_check ] --START--
INFO: CheckRoute Behavior ::run [ RunTime:0.004001s ]
INFO: [ route_check ] --END-- [ RunTime:0.005001s ]

[ 2014-11-26T19:46:45+08:00 ] 0.0.0.0 /Tp_group/Admin/Animate/handelEdit
INFO: [ route_check ] --START--
INFO: CheckRoute Behavior ::run [ RunTime:0.003000s ]
INFO: [ route_check ] --END-- [ RunTime:0.003000s ]

[ 2014-11-26T19:46:47+08:00 ] 0.0.0.0 /Tp_group/Admin/Animate/index
INFO: [ route_check ] --START--
INFO: CheckRoute Behavior ::run [ RunTime:0.003000s ]
INFO: [ route_check ] --END-- [ RunTime:0.003000s ]

[ 2014-11-26T19:46:47+08:00 ] 0.0.0.0 /Tp_group/Thumb/260x260/201410/5442493ca5efc.jpeg
INFO: [ route_check ] --START--
INFO: CheckRoute Behavior ::run [ RunTime:0.003001s ]
INFO: [ route_check ] --END-- [ RunTime:0.003001s ]
ERR: 无法加载模块:Thumb

[ 2014-11-26T19:46:48+08:00 ] 0.0.0.0 /Tp_group/Thumb/150x100/201410/5442493ca5efc.jpeg
INFO: [ route_check ] --START--
INFO: CheckRoute Behavior ::run [ RunTime:0.004000s ]
INFO: [ route_check ] --END-- [ RunTime:0.005000s ]
ERR: 无法加载模块:Thumb

[ 2014-11-26T19:48:28+08:00 ] 0.0.0.0 /Tp_group/Thumb/260x260/201410/5442493ca5efc.jpeg
INFO: [ route_check ] --START--
INFO: CheckRoute Behavior ::run [ RunTime:0.002000s ]
INFO: [ route_check ] --END-- [ RunTime:0.004000s ]
ERR: 无法加载模块:Thumb

[ 2014-11-26T19:48:28+08:00 ] 0.0.0.0 /Tp_group/Thumb/150x100/201410/5442493ca5efc.jpeg
INFO: [ route_check ] --START--
INFO: CheckRoute Behavior ::run [ RunTime:0.003000s ]
INFO: [ route_check ] --END-- [ RunTime:0.003000s ]
ERR: 无法加载模块:Thumb

[ 2014-11-26T19:48:50+08:00 ] 0.0.0.0 /Tp_group/Thumb/260x260/201410/5442493ca5efc.jpeg
INFO: [ route_check ] --START--
INFO: CheckRoute Behavior ::run [ RunTime:0.003000s ]
INFO: [ route_check ] --END-- [ RunTime:0.004000s ]
ERR: 无法加载模块:Thumb

[ 2014-11-26T19:48:51+08:00 ] 0.0.0.0 /Tp_group/Thumb/150x100/201410/5442493ca5efc.jpeg
INFO: [ route_check ] --START--
INFO: CheckRoute Behavior ::run [ RunTime:0.006000s ]
INFO: [ route_check ] --END-- [ RunTime:0.008000s ]
ERR: 无法加载模块:Thumb

[ 2014-11-26T19:49:30+08:00 ] 0.0.0.0 /Tp_group/Thumb/260x260/201410/5442493ca5efc.jpeg
INFO: [ route_check ] --START--
INFO: CheckRoute Behavior ::run [ RunTime:0.008000s ]
INFO: [ route_check ] --END-- [ RunTime:0.008000s ]
ERR: 无法加载模块:Thumb

[ 2014-11-26T19:49:31+08:00 ] 0.0.0.0 /Tp_group/Thumb/150x100/201410/5442493ca5efc.jpeg
INFO: [ route_check ] --START--
INFO: CheckRoute Behavior ::run [ RunTime:0.003000s ]
INFO: [ route_check ] --END-- [ RunTime:0.003000s ]
ERR: 无法加载模块:Thumb

[ 2014-11-26T19:50:18+08:00 ] 0.0.0.0 /Tp_group/Thumb/260x260/201410/5442493ca5efc.jpeg
INFO: [ route_check ] --START--
INFO: CheckRoute Behavior ::run [ RunTime:0.024001s ]
INFO: [ route_check ] --END-- [ RunTime:0.029001s ]
ERR: 无法加载模块:Thumb

[ 2014-11-26T19:50:19+08:00 ] 0.0.0.0 /Tp_group/Thumb/150x100/201410/5442493ca5efc.jpeg
INFO: [ route_check ] --START--
INFO: CheckRoute Behavior ::run [ RunTime:0.005001s ]
INFO: [ route_check ] --END-- [ RunTime:0.006001s ]
ERR: 无法加载模块:Thumb

[ 2014-11-26T19:50:34+08:00 ] 0.0.0.0 /Tp_group/Thumb/260x260/201410/5442493ca5efc.jpeg
INFO: [ route_check ] --START--
INFO: CheckRoute Behavior ::run [ RunTime:0.007000s ]
INFO: [ route_check ] --END-- [ RunTime:0.008000s ]
ERR: 无法加载模块:Thumb

[ 2014-11-26T19:50:34+08:00 ] 0.0.0.0 /Tp_group/Thumb/150x100/201410/5442493ca5efc.jpeg
INFO: [ route_check ] --START--
INFO: CheckRoute Behavior ::run [ RunTime:0.002000s ]
INFO: [ route_check ] --END-- [ RunTime:0.003000s ]
ERR: 无法加载模块:Thumb

[ 2014-11-26T19:51:17+08:00 ] 0.0.0.0 /Tp_group/Thumb/260x260/201410/5442493ca5efc.jpeg
INFO: [ route_check ] --START--
INFO: CheckRoute Behavior ::run [ RunTime:0.006001s ]
INFO: [ route_check ] --END-- [ RunTime:0.011001s ]
ERR: 无法加载模块:Thumb

[ 2014-11-26T19:51:17+08:00 ] 0.0.0.0 /Tp_group/Thumb/150x100/201410/5442493ca5efc.jpeg
INFO: [ route_check ] --START--
INFO: CheckRoute Behavior ::run [ RunTime:0.003000s ]
INFO: [ route_check ] --END-- [ RunTime:0.004000s ]
ERR: 无法加载模块:Thumb

[ 2014-11-26T19:53:44+08:00 ] 0.0.0.0 /Tp_group/Thumb/260x260/201410/5442493ca5efc.jpeg
INFO: [ route_check ] --START--
INFO: CheckRoute Behavior ::run [ RunTime:0.002000s ]
INFO: [ route_check ] --END-- [ RunTime:0.003001s ]
ERR: 无法加载模块:Thumb

[ 2014-11-26T19:53:45+08:00 ] 0.0.0.0 /Tp_group/Thumb/150x100/201410/5442493ca5efc.jpeg
INFO: [ route_check ] --START--
INFO: CheckRoute Behavior ::run [ RunTime:0.003000s ]
INFO: [ route_check ] --END-- [ RunTime:0.003000s ]
ERR: 无法加载模块:Thumb

[ 2014-11-26T19:54:49+08:00 ] 0.0.0.0 /Tp_group/Thumb/260x260/201410/5442493ca5efc.jpeg
INFO: [ route_check ] --START--
INFO: CheckRoute Behavior ::run [ RunTime:0.005000s ]
INFO: [ route_check ] --END-- [ RunTime:0.006000s ]
ERR: 无法加载模块:Thumb

[ 2014-11-26T19:54:49+08:00 ] 0.0.0.0 /Tp_group/Thumb/150x100/201410/5442493ca5efc.jpeg
INFO: [ route_check ] --START--
INFO: CheckRoute Behavior ::run [ RunTime:0.003000s ]
INFO: [ route_check ] --END-- [ RunTime:0.006000s ]
ERR: 无法加载模块:Thumb

[ 2014-11-26T19:54:58+08:00 ] 0.0.0.0 /Tp_group/Thumb/260x260/201410/5442493ca5efc.jpeg
INFO: [ route_check ] --START--
INFO: CheckRoute Behavior ::run [ RunTime:0.004000s ]
INFO: [ route_check ] --END-- [ RunTime:0.004000s ]
ERR: 无法加载模块:Thumb

[ 2014-11-26T19:54:58+08:00 ] 0.0.0.0 /Tp_group/Thumb/150x100/201410/5442493ca5efc.jpeg
INFO: [ route_check ] --START--
INFO: CheckRoute Behavior ::run [ RunTime:0.028002s ]
INFO: [ route_check ] --END-- [ RunTime:0.030002s ]
ERR: 无法加载模块:Thumb

[ 2014-11-26T19:55:39+08:00 ] 0.0.0.0 /Tp_group/Thumb/260x260/201410/5442493ca5efc.jpeg
INFO: [ route_check ] --START--
INFO: CheckRoute Behavior ::run [ RunTime:0.006001s ]
INFO: [ route_check ] --END-- [ RunTime:0.007001s ]
ERR: 无法加载模块:Thumb

[ 2014-11-26T19:55:39+08:00 ] 0.0.0.0 /Tp_group/Thumb/150x100/201410/5442493ca5efc.jpeg
INFO: [ route_check ] --START--
INFO: CheckRoute Behavior ::run [ RunTime:0.009001s ]
INFO: [ route_check ] --END-- [ RunTime:0.009001s ]
ERR: 无法加载模块:Thumb

[ 2014-11-26T19:56:24+08:00 ] 0.0.0.0 /Tp_group/Thumb/260x260/201410/5442493ca5efc.jpeg
INFO: [ route_check ] --START--
INFO: CheckRoute Behavior ::run [ RunTime:0.004000s ]
INFO: [ route_check ] --END-- [ RunTime:0.010000s ]
ERR: 无法加载模块:Thumb

[ 2014-11-26T19:56:24+08:00 ] 0.0.0.0 /Tp_group/Thumb/150x100/201410/5442493ca5efc.jpeg
INFO: [ route_check ] --START--
INFO: CheckRoute Behavior ::run [ RunTime:0.007000s ]
INFO: [ route_check ] --END-- [ RunTime:0.008000s ]
ERR: 无法加载模块:Thumb

[ 2014-11-26T19:56:51+08:00 ] 0.0.0.0 /Tp_group/Thumb/260x260/201410/5442493ca5efc.jpeg
INFO: [ route_check ] --START--
INFO: CheckRoute Behavior ::run [ RunTime:0.004000s ]
INFO: [ route_check ] --END-- [ RunTime:0.005000s ]
ERR: 无法加载模块:Thumb

[ 2014-11-26T19:56:51+08:00 ] 0.0.0.0 /Tp_group/Thumb/150x100/201410/5442493ca5efc.jpeg
INFO: [ route_check ] --START--
INFO: CheckRoute Behavior ::run [ RunTime:0.011000s ]
INFO: [ route_check ] --END-- [ RunTime:0.016001s ]
ERR: 无法加载模块:Thumb

[ 2014-11-26T21:54:41+08:00 ] 0.0.0.0 /Tp_group/Thumb/260x260/201410/5442493ca5efc.jpeg
INFO: [ route_check ] --START--
INFO: CheckRoute Behavior ::run [ RunTime:0.048003s ]
INFO: [ route_check ] --END-- [ RunTime:0.049003s ]
ERR: 无法加载模块:Thumb

[ 2014-11-26T21:54:42+08:00 ] 0.0.0.0 /Tp_group/Thumb/150x100/201410/5442493ca5efc.jpeg
INFO: [ route_check ] --START--
INFO: CheckRoute Behavior ::run [ RunTime:0.006000s ]
INFO: [ route_check ] --END-- [ RunTime:0.007000s ]
ERR: 无法加载模块:Thumb

[ 2014-11-26T21:58:46+08:00 ] 0.0.0.0 /Tp_group/Thumb/260x260/201410/5442493ca5efc.jpeg
INFO: [ route_check ] --START--
INFO: CheckRoute Behavior ::run [ RunTime:0.004000s ]
INFO: [ route_check ] --END-- [ RunTime:0.005000s ]
ERR: 无法加载模块:Thumb

[ 2014-11-26T21:58:47+08:00 ] 0.0.0.0 /Tp_group/Thumb/150x100/201410/5442493ca5efc.jpeg
INFO: [ route_check ] --START--
INFO: CheckRoute Behavior ::run [ RunTime:0.003000s ]
INFO: [ route_check ] --END-- [ RunTime:0.003000s ]
ERR: 无法加载模块:Thumb

[ 2014-11-26T22:03:36+08:00 ] 0.0.0.0 /Tp_group/Thumb/260x260/201410/5442493ca5efc.jpeg
INFO: [ route_check ] --START--
INFO: CheckRoute Behavior ::run [ RunTime:0.025001s ]
INFO: [ route_check ] --END-- [ RunTime:0.027001s ]
ERR: 无法加载模块:Thumb

[ 2014-11-26T22:03:36+08:00 ] 0.0.0.0 /Tp_group/Thumb/150x100/201410/5442493ca5efc.jpeg
INFO: [ route_check ] --START--
INFO: CheckRoute Behavior ::run [ RunTime:0.007000s ]
INFO: [ route_check ] --END-- [ RunTime:0.007000s ]
ERR: 无法加载模块:Thumb

[ 2014-11-26T22:04:03+08:00 ] 0.0.0.0 /Tp_group/Thumb/150x100/201410/5442493ca5efc.jpeg
INFO: [ route_check ] --START--
INFO: CheckRoute Behavior ::run [ RunTime:0.018001s ]
INFO: [ route_check ] --END-- [ RunTime:0.020001s ]
ERR: 无法加载模块:Thumb

[ 2014-11-26T22:04:03+08:00 ] 0.0.0.0 /Tp_group/Thumb/260x260/201410/5442493ca5efc.jpeg
INFO: [ route_check ] --START--
INFO: CheckRoute Behavior ::run [ RunTime:0.027001s ]
INFO: [ route_check ] --END-- [ RunTime:0.027001s ]
ERR: 无法加载模块:Thumb

[ 2014-11-26T22:04:10+08:00 ] 0.0.0.0 /Tp_group/Thumb/260x260/201410/5442493ca5efc.jpeg
INFO: [ route_check ] --START--
INFO: CheckRoute Behavior ::run [ RunTime:0.003000s ]
INFO: [ route_check ] --END-- [ RunTime:0.003000s ]
ERR: 无法加载模块:Thumb

[ 2014-11-26T22:04:11+08:00 ] 0.0.0.0 /Tp_group/Thumb/150x100/201410/5442493ca5efc.jpeg
INFO: [ route_check ] --START--
INFO: CheckRoute Behavior ::run [ RunTime:0.003000s ]
INFO: [ route_check ] --END-- [ RunTime:0.003000s ]
ERR: 无法加载模块:Thumb

[ 2014-11-26T22:08:10+08:00 ] 0.0.0.0 /Tp_group/Thumb/260x260/201410/5442493ca5efc.jpeg
INFO: [ route_check ] --START--
INFO: CheckRoute Behavior ::run [ RunTime:0.006000s ]
INFO: [ route_check ] --END-- [ RunTime:0.008000s ]
ERR: 无法加载模块:Thumb

[ 2014-11-26T22:08:10+08:00 ] 0.0.0.0 /Tp_group/Thumb/150x100/201410/5442493ca5efc.jpeg
INFO: [ route_check ] --START--
INFO: CheckRoute Behavior ::run [ RunTime:0.013001s ]
INFO: [ route_check ] --END-- [ RunTime:0.014001s ]
ERR: 无法加载模块:Thumb

[ 2014-11-26T22:09:15+08:00 ] 0.0.0.0 /Tp_group/Thumb/260x260/201410/5442493ca5efc.jpeg
INFO: [ route_check ] --START--
INFO: CheckRoute Behavior ::run [ RunTime:0.028002s ]
INFO: [ route_check ] --END-- [ RunTime:0.037002s ]
ERR: 无法加载模块:Thumb

[ 2014-11-26T22:09:15+08:00 ] 0.0.0.0 /Tp_group/Thumb/150x100/201410/5442493ca5efc.jpeg
INFO: [ route_check ] --START--
INFO: CheckRoute Behavior ::run [ RunTime:0.004001s ]
INFO: [ route_check ] --END-- [ RunTime:0.006001s ]
ERR: 无法加载模块:Thumb

[ 2014-11-26T22:09:26+08:00 ] 0.0.0.0 /Tp_group/Thumb/260x260/201410/5442493ca5efc.jpeg
INFO: [ route_check ] --START--
INFO: CheckRoute Behavior ::run [ RunTime:0.003000s ]
INFO: [ route_check ] --END-- [ RunTime:0.004000s ]
ERR: 无法加载模块:Thumb

[ 2014-11-26T22:09:26+08:00 ] 0.0.0.0 /Tp_group/Thumb/150x100/201410/5442493ca5efc.jpeg
INFO: [ route_check ] --START--
INFO: CheckRoute Behavior ::run [ RunTime:0.015000s ]
INFO: [ route_check ] --END-- [ RunTime:0.017000s ]
ERR: 无法加载模块:Thumb

[ 2014-11-26T22:10:06+08:00 ] 0.0.0.0 /Tp_group/Thumb/260x260/201410/5442493ca5efc.jpeg
INFO: [ route_check ] --START--
INFO: CheckRoute Behavior ::run [ RunTime:0.003000s ]
INFO: [ route_check ] --END-- [ RunTime:0.003000s ]
ERR: 无法加载模块:Thumb

[ 2014-11-26T22:10:07+08:00 ] 0.0.0.0 /Tp_group/Thumb/150x100/201410/5442493ca5efc.jpeg
INFO: [ route_check ] --START--
INFO: CheckRoute Behavior ::run [ RunTime:0.009000s ]
INFO: [ route_check ] --END-- [ RunTime:0.011001s ]
ERR: 无法加载模块:Thumb

[ 2014-11-26T22:13:46+08:00 ] 0.0.0.0 /Tp_group/Thumb/260x260/201410/5442493ca5efc.jpeg
INFO: [ route_check ] --START--
INFO: CheckRoute Behavior ::run [ RunTime:0.003000s ]
INFO: [ route_check ] --END-- [ RunTime:0.004000s ]
ERR: 无法加载模块:Thumb

[ 2014-11-26T22:13:47+08:00 ] 0.0.0.0 /Tp_group/Thumb/150x100/201410/5442493ca5efc.jpeg
INFO: [ route_check ] --START--
INFO: CheckRoute Behavior ::run [ RunTime:0.045002s ]
INFO: [ route_check ] --END-- [ RunTime:0.046002s ]
ERR: 无法加载模块:Thumb

[ 2014-11-26T22:14:07+08:00 ] 0.0.0.0 /Tp_group/Thumb/260x260/201410/5442493ca5efc.jpeg
INFO: [ route_check ] --START--
INFO: CheckRoute Behavior ::run [ RunTime:0.003000s ]
INFO: [ route_check ] --END-- [ RunTime:0.003000s ]
ERR: 无法加载模块:Thumb

[ 2014-11-26T22:14:08+08:00 ] 0.0.0.0 /Tp_group/Thumb/150x100/201410/5442493ca5efc.jpeg
INFO: [ route_check ] --START--
INFO: CheckRoute Behavior ::run [ RunTime:0.006000s ]
INFO: [ route_check ] --END-- [ RunTime:0.006000s ]
ERR: 无法加载模块:Thumb

[ 2014-11-26T22:14:15+08:00 ] 0.0.0.0 /Tp_group/Thumb/260x260/201410/5442493ca5efc.jpeg
INFO: [ route_check ] --START--
INFO: CheckRoute Behavior ::run [ RunTime:0.008001s ]
INFO: [ route_check ] --END-- [ RunTime:0.008001s ]
ERR: 无法加载模块:Thumb

[ 2014-11-26T22:14:15+08:00 ] 0.0.0.0 /Tp_group/Thumb/150x100/201410/5442493ca5efc.jpeg
INFO: [ route_check ] --START--
INFO: CheckRoute Behavior ::run [ RunTime:0.020002s ]
INFO: [ route_check ] --END-- [ RunTime:0.021002s ]
ERR: 无法加载模块:Thumb

[ 2014-11-26T22:15:35+08:00 ] 0.0.0.0 /Tp_group/Thumb/260x260/201410/5442493ca5efc.jpeg
INFO: [ route_check ] --START--
INFO: CheckRoute Behavior ::run [ RunTime:0.003000s ]
INFO: [ route_check ] --END-- [ RunTime:0.003000s ]
ERR: 无法加载模块:Thumb

[ 2014-11-26T22:15:36+08:00 ] 0.0.0.0 /Tp_group/Thumb/150x100/201410/5442493ca5efc.jpeg
INFO: [ route_check ] --START--
INFO: CheckRoute Behavior ::run [ RunTime:0.003001s ]
INFO: [ route_check ] --END-- [ RunTime:0.004001s ]
ERR: 无法加载模块:Thumb

[ 2014-11-26T22:15:47+08:00 ] 0.0.0.0 /Tp_group/Thumb/260x260/201410/5442493ca5efc.jpeg
INFO: [ route_check ] --START--
INFO: CheckRoute Behavior ::run [ RunTime:0.019001s ]
INFO: [ route_check ] --END-- [ RunTime:0.019001s ]
ERR: 无法加载模块:Thumb

[ 2014-11-26T22:15:48+08:00 ] 0.0.0.0 /Tp_group/Thumb/150x100/201410/5442493ca5efc.jpeg
INFO: [ route_check ] --START--
INFO: CheckRoute Behavior ::run [ RunTime:0.002000s ]
INFO: [ route_check ] --END-- [ RunTime:0.003001s ]
ERR: 无法加载模块:Thumb

[ 2014-11-26T22:16:32+08:00 ] 0.0.0.0 /Tp_group/Thumb/260x260/201410/5442493ca5efc.jpeg
INFO: [ route_check ] --START--
INFO: CheckRoute Behavior ::run [ RunTime:0.005001s ]
INFO: [ route_check ] --END-- [ RunTime:0.005001s ]
ERR: 无法加载模块:Thumb

[ 2014-11-26T22:16:32+08:00 ] 0.0.0.0 /Tp_group/Thumb/150x100/201410/5442493ca5efc.jpeg
INFO: [ route_check ] --START--
INFO: CheckRoute Behavior ::run [ RunTime:0.007000s ]
INFO: [ route_check ] --END-- [ RunTime:0.008000s ]
ERR: 无法加载模块:Thumb

[ 2014-11-26T22:16:57+08:00 ] 0.0.0.0 /Tp_group/Thumb/260x260/201410/5442493ca5efc.jpeg
INFO: [ route_check ] --START--
INFO: CheckRoute Behavior ::run [ RunTime:0.002000s ]
INFO: [ route_check ] --END-- [ RunTime:0.003000s ]
ERR: 无法加载模块:Thumb

[ 2014-11-26T22:16:58+08:00 ] 0.0.0.0 /Tp_group/Thumb/150x100/201410/5442493ca5efc.jpeg
INFO: [ route_check ] --START--
INFO: CheckRoute Behavior ::run [ RunTime:0.016001s ]
INFO: [ route_check ] --END-- [ RunTime:0.017001s ]
ERR: 无法加载模块:Thumb

[ 2014-11-26T22:17:22+08:00 ] 0.0.0.0 /Tp_group/Thumb/260x260/201410/5442493ca5efc.jpeg
INFO: [ route_check ] --START--
INFO: CheckRoute Behavior ::run [ RunTime:0.003000s ]
INFO: [ route_check ] --END-- [ RunTime:0.003000s ]
ERR: 无法加载模块:Thumb

[ 2014-11-26T22:17:23+08:00 ] 0.0.0.0 /Tp_group/Thumb/150x100/201410/5442493ca5efc.jpeg
INFO: [ route_check ] --START--
INFO: CheckRoute Behavior ::run [ RunTime:0.007000s ]
INFO: [ route_check ] --END-- [ RunTime:0.007000s ]
ERR: 无法加载模块:Thumb

[ 2014-11-26T22:17:31+08:00 ] 0.0.0.0 /Tp_group/Thumb/260x260/201410/5442493ca5efc.jpeg
INFO: [ route_check ] --START--
INFO: CheckRoute Behavior ::run [ RunTime:0.006001s ]
INFO: [ route_check ] --END-- [ RunTime:0.006001s ]
ERR: 无法加载模块:Thumb

[ 2014-11-26T22:17:31+08:00 ] 0.0.0.0 /Tp_group/Thumb/150x100/201410/5442493ca5efc.jpeg
INFO: [ route_check ] --START--
INFO: CheckRoute Behavior ::run [ RunTime:0.003000s ]
INFO: [ route_check ] --END-- [ RunTime:0.004000s ]
ERR: 无法加载模块:Thumb

[ 2014-11-26T22:18:17+08:00 ] 0.0.0.0 /Tp_group/Thumb/260x260/201410/5442493ca5efc.jpeg
INFO: [ route_check ] --START--
INFO: CheckRoute Behavior ::run [ RunTime:0.006001s ]
INFO: [ route_check ] --END-- [ RunTime:0.006001s ]
ERR: 无法加载模块:Thumb

[ 2014-11-26T22:18:17+08:00 ] 0.0.0.0 /Tp_group/Thumb/150x100/201410/5442493ca5efc.jpeg
INFO: [ route_check ] --START--
INFO: CheckRoute Behavior ::run [ RunTime:0.004000s ]
INFO: [ route_check ] --END-- [ RunTime:0.005000s ]
ERR: 无法加载模块:Thumb

[ 2014-11-26T22:20:04+08:00 ] 0.0.0.0 /Tp_group/Thumb/260x260/201410/5442493ca5efc.jpeg
INFO: [ route_check ] --START--
INFO: CheckRoute Behavior ::run [ RunTime:0.003000s ]
INFO: [ route_check ] --END-- [ RunTime:0.004000s ]
ERR: 无法加载模块:Thumb

[ 2014-11-26T22:20:05+08:00 ] 0.0.0.0 /Tp_group/Thumb/150x100/201410/5442493ca5efc.jpeg
INFO: [ route_check ] --START--
INFO: CheckRoute Behavior ::run [ RunTime:0.020001s ]
INFO: [ route_check ] --END-- [ RunTime:0.033002s ]
ERR: 无法加载模块:Thumb

[ 2014-11-26T22:20:38+08:00 ] 0.0.0.0 /Tp_group/Thumb/260x260/201410/5442493ca5efc.jpeg
INFO: [ route_check ] --START--
INFO: CheckRoute Behavior ::run [ RunTime:0.004000s ]
INFO: [ route_check ] --END-- [ RunTime:0.005000s ]
ERR: 无法加载模块:Thumb

[ 2014-11-26T22:20:39+08:00 ] 0.0.0.0 /Tp_group/Thumb/150x100/201410/5442493ca5efc.jpeg
INFO: [ route_check ] --START--
INFO: CheckRoute Behavior ::run [ RunTime:0.006000s ]
INFO: [ route_check ] --END-- [ RunTime:0.006000s ]
ERR: 无法加载模块:Thumb

[ 2014-11-26T22:20:48+08:00 ] 0.0.0.0 /Tp_group/Thumb/260x260/201410/5442493ca5efc.jpeg
INFO: [ route_check ] --START--
INFO: CheckRoute Behavior ::run [ RunTime:0.003000s ]
INFO: [ route_check ] --END-- [ RunTime:0.004000s ]
ERR: 无法加载模块:Thumb

[ 2014-11-26T22:20:48+08:00 ] 0.0.0.0 /Tp_group/Thumb/150x100/201410/5442493ca5efc.jpeg
INFO: [ route_check ] --START--
INFO: CheckRoute Behavior ::run [ RunTime:0.008001s ]
INFO: [ route_check ] --END-- [ RunTime:0.009001s ]
ERR: 无法加载模块:Thumb

[ 2014-11-26T22:21:01+08:00 ] 0.0.0.0 /Tp_group/Thumb/260x260/201410/5442493ca5efc.jpeg
INFO: [ route_check ] --START--
INFO: CheckRoute Behavior ::run [ RunTime:0.016001s ]
INFO: [ route_check ] --END-- [ RunTime:0.019001s ]
ERR: 无法加载模块:Thumb

[ 2014-11-26T22:21:02+08:00 ] 0.0.0.0 /Tp_group/Thumb/150x100/201410/5442493ca5efc.jpeg
INFO: [ route_check ] --START--
INFO: CheckRoute Behavior ::run [ RunTime:0.004000s ]
INFO: [ route_check ] --END-- [ RunTime:0.004000s ]
ERR: 无法加载模块:Thumb

[ 2014-11-26T22:21:15+08:00 ] 0.0.0.0 /Tp_group/Thumb/260x260/201410/5442493ca5efc.jpeg
INFO: [ route_check ] --START--
INFO: CheckRoute Behavior ::run [ RunTime:0.002000s ]
INFO: [ route_check ] --END-- [ RunTime:0.003000s ]
ERR: 无法加载模块:Thumb

[ 2014-11-26T22:21:15+08:00 ] 0.0.0.0 /Tp_group/Thumb/150x100/201410/5442493ca5efc.jpeg
INFO: [ route_check ] --START--
INFO: CheckRoute Behavior ::run [ RunTime:0.003000s ]
INFO: [ route_check ] --END-- [ RunTime:0.006000s ]
ERR: 无法加载模块:Thumb

[ 2014-11-26T22:21:51+08:00 ] 0.0.0.0 /Tp_group/Thumb/260x260/201410/5442493ca5efc.jpeg
INFO: [ route_check ] --START--
INFO: CheckRoute Behavior ::run [ RunTime:0.003000s ]
INFO: [ route_check ] --END-- [ RunTime:0.003000s ]
ERR: 无法加载模块:Thumb

[ 2014-11-26T22:21:52+08:00 ] 0.0.0.0 /Tp_group/Thumb/150x100/201410/5442493ca5efc.jpeg
INFO: [ route_check ] --START--
INFO: CheckRoute Behavior ::run [ RunTime:0.021001s ]
INFO: [ route_check ] --END-- [ RunTime:0.021001s ]
ERR: 无法加载模块:Thumb

[ 2014-11-26T22:23:01+08:00 ] 0.0.0.0 /Tp_group/Thumb/260x260/201410/5442493ca5efc.jpeg
INFO: [ route_check ] --START--
INFO: CheckRoute Behavior ::run [ RunTime:0.003000s ]
INFO: [ route_check ] --END-- [ RunTime:0.004000s ]
ERR: 无法加载模块:Thumb

[ 2014-11-26T22:23:01+08:00 ] 0.0.0.0 /Tp_group/Thumb/150x100/201410/5442493ca5efc.jpeg
INFO: [ route_check ] --START--
INFO: CheckRoute Behavior ::run [ RunTime:0.005000s ]
INFO: [ route_check ] --END-- [ RunTime:0.005000s ]
ERR: 无法加载模块:Thumb

[ 2014-11-26T22:23:07+08:00 ] 0.0.0.0 /Tp_group/Thumb/260x260/201410/5442493ca5efc.jpeg
INFO: [ route_check ] --START--
INFO: CheckRoute Behavior ::run [ RunTime:0.007001s ]
INFO: [ route_check ] --END-- [ RunTime:0.008001s ]
ERR: 无法加载模块:Thumb

[ 2014-11-26T22:23:08+08:00 ] 0.0.0.0 /Tp_group/Thumb/150x100/201410/5442493ca5efc.jpeg
INFO: [ route_check ] --START--
INFO: CheckRoute Behavior ::run [ RunTime:0.011001s ]
INFO: [ route_check ] --END-- [ RunTime:0.011001s ]
ERR: 无法加载模块:Thumb

[ 2014-11-26T22:24:12+08:00 ] 0.0.0.0 /Tp_group/Thumb/260x260/201410/5442493ca5efc.jpeg
INFO: [ route_check ] --START--
INFO: CheckRoute Behavior ::run [ RunTime:0.004000s ]
INFO: [ route_check ] --END-- [ RunTime:0.007000s ]
ERR: 无法加载模块:Thumb

[ 2014-11-26T22:24:13+08:00 ] 0.0.0.0 /Tp_group/Thumb/150x100/201410/5442493ca5efc.jpeg
INFO: [ route_check ] --START--
INFO: CheckRoute Behavior ::run [ RunTime:0.005000s ]
INFO: [ route_check ] --END-- [ RunTime:0.006000s ]
ERR: 无法加载模块:Thumb

[ 2014-11-26T22:25:38+08:00 ] 0.0.0.0 /Tp_group/Thumb/260x260/201410/5442493ca5efc.jpeg
INFO: [ route_check ] --START--
INFO: CheckRoute Behavior ::run [ RunTime:0.003000s ]
INFO: [ route_check ] --END-- [ RunTime:0.004000s ]
ERR: 无法加载模块:Thumb

[ 2014-11-26T22:25:38+08:00 ] 0.0.0.0 /Tp_group/Thumb/150x100/201410/5442493ca5efc.jpeg
INFO: [ route_check ] --START--
INFO: CheckRoute Behavior ::run [ RunTime:0.006000s ]
INFO: [ route_check ] --END-- [ RunTime:0.006000s ]
ERR: 无法加载模块:Thumb

[ 2014-11-26T22:25:51+08:00 ] 0.0.0.0 /Tp_group/Thumb/260x260/201410/5442493ca5efc.jpeg
INFO: [ route_check ] --START--
INFO: CheckRoute Behavior ::run [ RunTime:0.005000s ]
INFO: [ route_check ] --END-- [ RunTime:0.008000s ]
ERR: 无法加载模块:Thumb

[ 2014-11-26T22:25:51+08:00 ] 0.0.0.0 /Tp_group/Thumb/150x100/201410/5442493ca5efc.jpeg
INFO: [ route_check ] --START--
INFO: CheckRoute Behavior ::run [ RunTime:0.014001s ]
INFO: [ route_check ] --END-- [ RunTime:0.023001s ]
ERR: 无法加载模块:Thumb

[ 2014-11-26T22:25:58+08:00 ] 0.0.0.0 /Tp_group/Thumb/260x260/201410/5442493ca5efc.jpeg
INFO: [ route_check ] --START--
INFO: CheckRoute Behavior ::run [ RunTime:0.010001s ]
INFO: [ route_check ] --END-- [ RunTime:0.011001s ]
ERR: 无法加载模块:Thumb

[ 2014-11-26T22:25:58+08:00 ] 0.0.0.0 /Tp_group/Thumb/150x100/201410/5442493ca5efc.jpeg
INFO: [ route_check ] --START--
INFO: CheckRoute Behavior ::run [ RunTime:0.003000s ]
INFO: [ route_check ] --END-- [ RunTime:0.004000s ]
ERR: 无法加载模块:Thumb

[ 2014-11-26T22:30:01+08:00 ] 0.0.0.0 /Tp_group/Thumb/260x260/201410/5442493ca5efc.jpeg
INFO: [ route_check ] --START--
INFO: CheckRoute Behavior ::run [ RunTime:0.004000s ]
INFO: [ route_check ] --END-- [ RunTime:0.007000s ]
ERR: 无法加载模块:Thumb

[ 2014-11-26T22:30:01+08:00 ] 0.0.0.0 /Tp_group/Thumb/150x100/201410/5442493ca5efc.jpeg
INFO: [ route_check ] --START--
INFO: CheckRoute Behavior ::run [ RunTime:0.015001s ]
INFO: [ route_check ] --END-- [ RunTime:0.016001s ]
ERR: 无法加载模块:Thumb

[ 2014-11-26T22:31:49+08:00 ] 0.0.0.0 /Tp_group/av/1
INFO: [ route_check ] --START--
INFO: CheckRoute Behavior ::run [ RunTime:0.002000s ]
INFO: [ route_check ] --END-- [ RunTime:0.003000s ]

[ 2014-11-26T22:31:50+08:00 ] 0.0.0.0 /Tp_group/av/1
INFO: [ route_check ] --START--
INFO: CheckRoute Behavior ::run [ RunTime:0.002000s ]
INFO: [ route_check ] --END-- [ RunTime:0.003000s ]

[ 2014-11-26T22:31:55+08:00 ] 0.0.0.0 /Tp_group/AVList/index/id/1/p/2
INFO: [ route_check ] --START--
INFO: CheckRoute Behavior ::run [ RunTime:0.002000s ]
INFO: [ route_check ] --END-- [ RunTime:0.003000s ]

[ 2014-11-26T22:31:55+08:00 ] 0.0.0.0 /Tp_group/AVList/index/id/1/p/2
INFO: [ route_check ] --START--
INFO: CheckRoute Behavior ::run [ RunTime:0.002000s ]
INFO: [ route_check ] --END-- [ RunTime:0.003000s ]

[ 2014-11-26T22:31:59+08:00 ] 0.0.0.0 /Tp_group/Thumb/260x260/201410/5442493ca5efc.jpeg
INFO: [ route_check ] --START--
INFO: CheckRoute Behavior ::run [ RunTime:0.003000s ]
INFO: [ route_check ] --END-- [ RunTime:0.004000s ]
ERR: 无法加载模块:Thumb

[ 2014-11-26T22:31:59+08:00 ] 0.0.0.0 /Tp_group/Thumb/150x100/201410/5442493ca5efc.jpeg
INFO: [ route_check ] --START--
INFO: CheckRoute Behavior ::run [ RunTime:0.002001s ]
INFO: [ route_check ] --END-- [ RunTime:0.004001s ]
ERR: 无法加载模块:Thumb

[ 2014-11-26T22:33:43+08:00 ] 0.0.0.0 /Tp_group/Thumb/260x260/201410/5442493ca5efc.jpeg
INFO: [ route_check ] --START--
INFO: CheckRoute Behavior ::run [ RunTime:0.013001s ]
INFO: [ route_check ] --END-- [ RunTime:0.035002s ]
ERR: 无法加载模块:Thumb

[ 2014-11-26T22:33:43+08:00 ] 0.0.0.0 /Tp_group/Thumb/150x100/201410/5442493ca5efc.jpeg
INFO: [ route_check ] --START--
INFO: CheckRoute Behavior ::run [ RunTime:0.007000s ]
INFO: [ route_check ] --END-- [ RunTime:0.008000s ]
ERR: 无法加载模块:Thumb

